TN:
SF:src\actions\ads.ts
FN:19,createAdAction
FN:154,updateAdAction
FN:210,(anonymous_11)
FN:279,deleteAdAction
FN:337,trackImpressionAction
FN:465,trackClickAction
FN:595,trackConversionAction
FN:689,getAdAnalyticsAction
FN:822,bulkAdOperationAction
FN:878,(anonymous_18)
FN:879,(anonymous_19)
FN:915,isValidUrl
FNF:12
FNH:0
FNDA:0,createAdAction
FNDA:0,updateAdAction
FNDA:0,(anonymous_11)
FNDA:0,deleteAdAction
FNDA:0,trackImpressionAction
FNDA:0,trackClickAction
FNDA:0,trackConversionAction
FNDA:0,getAdAnalyticsAction
FNDA:0,bulkAdOperationAction
FNDA:0,(anonymous_18)
FNDA:0,(anonymous_19)
FNDA:0,isValidUrl
DA:3,0
DA:4,0
DA:5,0
DA:16,0
DA:19,0
DA:23,0
DA:25,0
DA:26,0
DA:27,0
DA:34,0
DA:39,0
DA:40,0
DA:47,0
DA:51,0
DA:52,0
DA:59,0
DA:78,0
DA:81,0
DA:82,0
DA:84,0
DA:85,0
DA:92,0
DA:95,0
DA:96,0
DA:97,0
DA:98,0
DA:100,0
DA:104,0
DA:128,0
DA:129,0
DA:131,0
DA:137,0
DA:138,0
DA:145,0
DA:146,0
DA:154,0
DA:158,0
DA:160,0
DA:161,0
DA:162,0
DA:168,0
DA:169,0
DA:170,0
DA:177,0
DA:184,0
DA:185,0
DA:192,0
DA:206,0
DA:209,0
DA:211,0
DA:216,0
DA:217,0
DA:219,0
DA:220,0
DA:224,0
DA:232,0
DA:233,0
DA:234,0
DA:240,0
DA:241,0
DA:245,0
DA:253,0
DA:254,0
DA:256,0
DA:262,0
DA:263,0
DA:270,0
DA:271,0
DA:279,0
DA:283,0
DA:285,0
DA:293,0
DA:294,0
DA:301,0
DA:302,0
DA:309,0
DA:310,0
DA:317,0
DA:321,0
DA:323,0
DA:328,0
DA:329,0
DA:337,0
DA:341,0
DA:342,0
DA:352,0
DA:355,0
DA:367,0
DA:368,0
DA:375,0
DA:376,0
DA:377,0
DA:378,0
DA:379,0
DA:382,0
DA:392,0
DA:393,0
DA:400,0
DA:401,0
DA:402,0
DA:404,0
DA:409,0
DA:417,0
DA:429,0
DA:434,0
DA:435,0
DA:438,0
DA:443,0
DA:448,0
DA:449,0
DA:456,0
DA:457,0
DA:465,0
DA:469,0
DA:470,0
DA:480,0
DA:483,0
DA:495,0
DA:496,0
DA:503,0
DA:504,0
DA:505,0
DA:506,0
DA:507,0
DA:510,0
DA:511,0
DA:518,0
DA:519,0
DA:520,0
DA:523,0
DA:524,0
DA:529,0
DA:537,0
DA:550,0
DA:554,0
DA:555,0
DA:558,0
DA:564,0
DA:568,0
DA:578,0
DA:579,0
DA:586,0
DA:587,0
DA:595,0
DA:599,0
DA:600,0
DA:609,0
DA:612,0
DA:623,0
DA:624,0
DA:631,0
DA:642,0
DA:650,0
DA:651,0
DA:652,0
DA:657,0
DA:658,0
DA:662,0
DA:672,0
DA:673,0
DA:680,0
DA:681,0
DA:689,0
DA:698,0
DA:700,0
DA:719,0
DA:720,0
DA:727,0
DA:728,0
DA:729,0
DA:730,0
DA:731,0
DA:734,0
DA:735,0
DA:736,0
DA:737,0
DA:742,0
DA:752,0
DA:775,0
DA:813,0
DA:814,0
DA:822,0
DA:827,0
DA:828,0
DA:829,0
DA:835,0
DA:836,0
DA:843,0
DA:851,0
DA:852,0
DA:858,0
DA:859,0
DA:861,0
DA:863,0
DA:864,0
DA:865,0
DA:867,0
DA:868,0
DA:869,0
DA:871,0
DA:872,0
DA:873,0
DA:877,0
DA:878,0
DA:879,0
DA:881,0
DA:882,0
DA:889,0
DA:894,0
DA:896,0
DA:905,0
DA:906,0
DA:916,0
DA:917,0
DA:918,0
DA:920,0
LF:216
LH:0
BRDA:26,0,0,0
BRDA:39,1,0,0
BRDA:39,2,0,0
BRDA:39,2,1,0
BRDA:39,2,2,0
BRDA:51,3,0,0
BRDA:63,4,0,0
BRDA:63,4,1,0
BRDA:67,5,0,0
BRDA:67,5,1,0
BRDA:68,6,0,0
BRDA:68,6,1,0
BRDA:72,7,0,0
BRDA:72,7,1,0
BRDA:74,8,0,0
BRDA:74,8,1,0
BRDA:75,9,0,0
BRDA:75,9,1,0
BRDA:82,10,0,0
BRDA:82,10,1,0
BRDA:84,11,0,0
BRDA:84,12,0,0
BRDA:84,12,1,0
BRDA:95,13,0,0
BRDA:95,13,1,0
BRDA:97,14,0,0
BRDA:97,14,1,0
BRDA:97,15,0,0
BRDA:97,15,1,0
BRDA:108,16,0,0
BRDA:108,16,1,0
BRDA:109,17,0,0
BRDA:109,17,1,0
BRDA:118,18,0,0
BRDA:118,18,1,0
BRDA:124,19,0,0
BRDA:124,19,1,0
BRDA:137,20,0,0
BRDA:161,21,0,0
BRDA:169,22,0,0
BRDA:184,23,0,0
BRDA:194,24,0,0
BRDA:194,24,1,0
BRDA:195,25,0,0
BRDA:195,25,1,0
BRDA:196,26,0,0
BRDA:196,26,1,0
BRDA:197,27,0,0
BRDA:197,27,1,0
BRDA:198,28,0,0
BRDA:198,28,1,0
BRDA:199,29,0,0
BRDA:199,29,1,0
BRDA:200,30,0,0
BRDA:200,30,1,0
BRDA:201,31,0,0
BRDA:201,31,1,0
BRDA:202,32,0,0
BRDA:202,32,1,0
BRDA:203,33,0,0
BRDA:203,33,1,0
BRDA:211,34,0,0
BRDA:211,34,1,0
BRDA:216,35,0,0
BRDA:219,36,0,0
BRDA:233,37,0,0
BRDA:233,38,0,0
BRDA:233,38,1,0
BRDA:240,39,0,0
BRDA:262,40,0,0
BRDA:293,41,0,0
BRDA:301,42,0,0
BRDA:309,43,0,0
BRDA:344,44,0,0
BRDA:344,44,1,0
BRDA:345,45,0,0
BRDA:345,45,1,0
BRDA:346,46,0,0
BRDA:346,46,1,0
BRDA:347,47,0,0
BRDA:347,47,1,0
BRDA:348,48,0,0
BRDA:348,48,1,0
BRDA:367,49,0,0
BRDA:367,50,0,0
BRDA:367,50,1,0
BRDA:376,51,0,0
BRDA:376,51,1,0
BRDA:377,52,0,0
BRDA:377,52,1,0
BRDA:392,53,0,0
BRDA:400,54,0,0
BRDA:402,55,0,0
BRDA:402,56,0,0
BRDA:402,56,1,0
BRDA:420,57,0,0
BRDA:420,57,1,0
BRDA:421,58,0,0
BRDA:421,58,1,0
BRDA:422,59,0,0
BRDA:422,59,1,0
BRDA:423,60,0,0
BRDA:423,60,1,0
BRDA:424,61,0,0
BRDA:424,61,1,0
BRDA:434,62,0,0
BRDA:448,63,0,0
BRDA:472,64,0,0
BRDA:472,64,1,0
BRDA:473,65,0,0
BRDA:473,65,1,0
BRDA:475,66,0,0
BRDA:475,66,1,0
BRDA:476,67,0,0
BRDA:476,67,1,0
BRDA:495,68,0,0
BRDA:495,69,0,0
BRDA:495,69,1,0
BRDA:504,70,0,0
BRDA:504,70,1,0
BRDA:505,71,0,0
BRDA:505,71,1,0
BRDA:510,72,0,0
BRDA:510,73,0,0
BRDA:510,73,1,0
BRDA:519,74,0,0
BRDA:523,75,0,0
BRDA:523,76,0,0
BRDA:523,76,1,0
BRDA:540,77,0,0
BRDA:540,77,1,0
BRDA:541,78,0,0
BRDA:541,78,1,0
BRDA:542,79,0,0
BRDA:542,79,1,0
BRDA:543,80,0,0
BRDA:543,80,1,0
BRDA:544,81,0,0
BRDA:544,81,1,0
BRDA:554,82,0,0
BRDA:564,83,0,0
BRDA:564,83,1,0
BRDA:578,84,0,0
BRDA:602,85,0,0
BRDA:602,85,1,0
BRDA:604,86,0,0
BRDA:604,86,1,0
BRDA:605,87,0,0
BRDA:605,87,1,0
BRDA:623,88,0,0
BRDA:634,89,0,0
BRDA:634,89,1,0
BRDA:635,90,0,0
BRDA:635,90,1,0
BRDA:637,91,0,0
BRDA:637,91,1,0
BRDA:651,92,0,0
BRDA:657,93,0,0
BRDA:657,94,0,0
BRDA:657,94,1,0
BRDA:668,95,0,0
BRDA:668,95,1,0
BRDA:672,96,0,0
BRDA:719,97,0,0
BRDA:728,98,0,0
BRDA:728,98,1,0
BRDA:729,99,0,0
BRDA:729,99,1,0
BRDA:734,100,0,0
BRDA:734,100,1,0
BRDA:735,101,0,0
BRDA:735,101,1,0
BRDA:736,102,0,0
BRDA:736,102,1,0
BRDA:737,103,0,0
BRDA:737,103,1,0
BRDA:742,104,0,0
BRDA:742,104,1,0
BRDA:799,105,0,0
BRDA:799,105,1,0
BRDA:828,106,0,0
BRDA:835,107,0,0
BRDA:851,108,0,0
BRDA:861,109,0,0
BRDA:861,109,1,0
BRDA:861,109,2,0
BRDA:881,110,0,0
BRDA:898,111,0,0
BRDA:898,111,1,0
BRF:189
BRH:0
end_of_record
TN:
SF:src\actions\alerts.ts
FN:25,createAlertAction
FN:103,(anonymous_8)
FN:117,updateAlertAction
FN:169,(anonymous_10)
FN:197,(anonymous_11)
FN:211,deleteAlertAction
FN:252,toggleAlertStatusAction
FN:299,testAlertAction
FN:386,(anonymous_15)
FN:400,bulkAlertOperationAction
FN:478,generateNotificationPreview
FN:483,(anonymous_18)
FN:487,(anonymous_19)
FNF:13
FNH:0
FNDA:0,createAlertAction
FNDA:0,(anonymous_8)
FNDA:0,updateAlertAction
FNDA:0,(anonymous_10)
FNDA:0,(anonymous_11)
FNDA:0,deleteAlertAction
FNDA:0,toggleAlertStatusAction
FNDA:0,testAlertAction
FNDA:0,(anonymous_15)
FNDA:0,bulkAlertOperationAction
FNDA:0,generateNotificationPreview
FNDA:0,(anonymous_18)
FNDA:0,(anonymous_19)
DA:3,0
DA:4,0
DA:5,0
DA:14,0
DA:22,0
DA:25,0
DA:29,0
DA:31,0
DA:32,0
DA:33,0
DA:40,0
DA:45,0
DA:50,0
DA:52,0
DA:53,0
DA:60,0
DA:72,0
DA:75,0
DA:89,0
DA:90,0
DA:92,0
DA:98,0
DA:99,0
DA:103,0
DA:108,0
DA:109,0
DA:117,0
DA:121,0
DA:123,0
DA:124,0
DA:125,0
DA:131,0
DA:132,0
DA:133,0
DA:140,0
DA:147,0
DA:148,0
DA:155,0
DA:165,0
DA:168,0
DA:170,0
DA:175,0
DA:183,0
DA:184,0
DA:186,0
DA:192,0
DA:193,0
DA:197,0
DA:202,0
DA:203,0
DA:211,0
DA:215,0
DA:217,0
DA:224,0
DA:225,0
DA:232,0
DA:236,0
DA:238,0
DA:243,0
DA:244,0
DA:252,0
DA:256,0
DA:258,0
DA:266,0
DA:267,0
DA:274,0
DA:276,0
DA:281,0
DA:282,0
DA:284,0
DA:290,0
DA:291,0
DA:299,0
DA:303,0
DA:305,0
DA:306,0
DA:307,0
DA:313,0
DA:318,0
DA:321,0
DA:328,0
DA:329,0
DA:336,0
DA:344,0
DA:347,0
DA:350,0
DA:356,0
DA:357,0
DA:358,0
DA:361,0
DA:381,0
DA:382,0
DA:386,0
DA:391,0
DA:392,0
DA:400,0
DA:405,0
DA:406,0
DA:407,0
DA:413,0
DA:414,0
DA:421,0
DA:429,0
DA:430,0
DA:437,0
DA:439,0
DA:443,0
DA:445,0
DA:449,0
DA:451,0
DA:454,0
DA:457,0
DA:459,0
DA:465,0
DA:466,0
DA:479,0
DA:481,0
DA:483,0
DA:487,0
LF:119
LH:0
BRDA:32,0,0,0
BRDA:50,1,0,0
BRDA:50,1,1,0
BRDA:52,2,0,0
BRDA:62,3,0,0
BRDA:62,3,1,0
BRDA:63,4,0,0
BRDA:63,4,1,0
BRDA:64,5,0,0
BRDA:64,5,1,0
BRDA:66,6,0,0
BRDA:66,6,1,0
BRDA:67,7,0,0
BRDA:67,7,1,0
BRDA:98,8,0,0
BRDA:124,9,0,0
BRDA:132,10,0,0
BRDA:147,11,0,0
BRDA:157,12,0,0
BRDA:157,12,1,0
BRDA:158,13,0,0
BRDA:158,13,1,0
BRDA:159,14,0,0
BRDA:159,14,1,0
BRDA:160,15,0,0
BRDA:160,15,1,0
BRDA:161,16,0,0
BRDA:161,16,1,0
BRDA:162,17,0,0
BRDA:162,17,1,0
BRDA:170,18,0,0
BRDA:170,18,1,0
BRDA:192,19,0,0
BRDA:224,20,0,0
BRDA:266,21,0,0
BRDA:286,22,0,0
BRDA:286,22,1,0
BRDA:306,23,0,0
BRDA:328,24,0,0
BRDA:338,25,0,0
BRDA:338,25,1,0
BRDA:340,26,0,0
BRDA:340,26,1,0
BRDA:341,27,0,0
BRDA:341,27,1,0
BRDA:357,28,0,0
BRDA:357,29,0,0
BRDA:357,29,1,0
BRDA:381,30,0,0
BRDA:406,31,0,0
BRDA:413,32,0,0
BRDA:429,33,0,0
BRDA:437,34,0,0
BRDA:437,34,1,0
BRDA:437,34,2,0
BRDA:461,35,0,0
BRDA:461,35,1,0
BRDA:482,36,0,0
BRDA:482,36,1,0
BRDA:486,37,0,0
BRDA:486,37,1,0
BRDA:491,38,0,0
BRDA:491,38,1,0
BRDA:491,39,0,0
BRDA:491,39,1,0
BRDA:496,40,0,0
BRDA:496,40,1,0
BRF:67
BRH:0
end_of_record
TN:
SF:src\actions\auth.ts
FN:58,signUpAction
FN:119,(anonymous_12)
FN:133,signInAction
FN:223,(anonymous_14)
FN:237,signOutAction
FN:254,requestPasswordResetAction
FN:304,(anonymous_17)
FN:318,resetPasswordAction
FN:370,(anonymous_19)
FN:384,verifyEmailAction
FN:425,setup2FAAction
FN:474,(anonymous_22)
FN:488,verify2FAAction
FN:530,(anonymous_24)
FN:544,disable2FAAction
FNF:15
FNH:0
FNDA:0,signUpAction
FNDA:0,(anonymous_12)
FNDA:0,signInAction
FNDA:0,(anonymous_14)
FNDA:0,signOutAction
FNDA:0,requestPasswordResetAction
FNDA:0,(anonymous_17)
FNDA:0,resetPasswordAction
FNDA:0,(anonymous_19)
FNDA:0,verifyEmailAction
FNDA:0,setup2FAAction
FNDA:0,(anonymous_22)
FNDA:0,verify2FAAction
FNDA:0,(anonymous_24)
FNDA:0,disable2FAAction
DA:4,0
DA:5,0
DA:6,0
DA:7,0
DA:9,0
DA:10,0
DA:13,0
DA:22,0
DA:27,0
DA:31,0
DA:36,0
DA:41,0
DA:45,0
DA:58,0
DA:62,0
DA:64,0
DA:73,0
DA:76,0
DA:80,0
DA:81,0
DA:88,0
DA:91,0
DA:94,0
DA:108,0
DA:114,0
DA:115,0
DA:119,0
DA:124,0
DA:125,0
DA:133,0
DA:137,0
DA:138,0
DA:143,0
DA:146,0
DA:150,0
DA:151,0
DA:158,0
DA:163,0
DA:164,0
DA:171,0
DA:172,0
DA:179,0
DA:181,0
DA:182,0
DA:183,0
DA:199,0
DA:212,0
DA:218,0
DA:219,0
DA:223,0
DA:228,0
DA:229,0
DA:237,0
DA:238,0
DA:243,0
DA:244,0
DA:246,0
DA:248,0
DA:249,0
DA:254,0
DA:258,0
DA:259,0
DA:263,0
DA:266,0
DA:270,0
DA:272,0
DA:279,0
DA:280,0
DA:283,0
DA:294,0
DA:299,0
DA:300,0
DA:304,0
DA:309,0
DA:310,0
DA:318,0
DA:322,0
DA:323,0
DA:328,0
DA:331,0
DA:340,0
DA:341,0
DA:348,0
DA:351,0
DA:360,0
DA:365,0
DA:366,0
DA:370,0
DA:375,0
DA:376,0
DA:384,0
DA:387,0
DA:390,0
DA:396,0
DA:397,0
DA:404,0
DA:411,0
DA:416,0
DA:417,0
DA:425,0
DA:429,0
DA:431,0
DA:432,0
DA:433,0
DA:439,0
DA:444,0
DA:456,0
DA:464,0
DA:469,0
DA:470,0
DA:474,0
DA:479,0
DA:480,0
DA:488,0
DA:492,0
DA:493,0
DA:497,0
DA:500,0
DA:501,0
DA:502,0
DA:503,0
DA:511,0
DA:519,0
DA:525,0
DA:526,0
DA:530,0
DA:535,0
DA:536,0
DA:544,0
DA:545,0
DA:546,0
DA:554,0
DA:559,0
DA:560,0
LF:134
LH:0
BRDA:80,0,0,0
BRDA:114,1,0,0
BRDA:150,2,0,0
BRDA:150,3,0,0
BRDA:150,3,1,0
BRDA:163,4,0,0
BRDA:171,5,0,0
BRDA:179,6,0,0
BRDA:218,7,0,0
BRDA:270,8,0,0
BRDA:299,9,0,0
BRDA:340,10,0,0
BRDA:365,11,0,0
BRDA:396,12,0,0
BRDA:432,13,0,0
BRDA:469,14,0,0
BRDA:502,15,0,0
BRDA:525,16,0,0
BRF:18
BRH:0
end_of_record
TN:
SF:src\actions\jobs.ts
FN:59,createJobAction
FN:144,(anonymous_12)
FN:158,updateJobAction
FN:219,(anonymous_14)
FN:253,(anonymous_15)
FN:267,deleteJobAction
FN:285,(anonymous_17)
FN:315,applyToJobAction
FN:430,(anonymous_19)
FN:444,saveJobAction
FN:523,(anonymous_21)
FN:537,searchJobsAction
FN:650,toggleJobStatusAction
FNF:13
FNH:0
FNDA:0,createJobAction
FNDA:0,(anonymous_12)
FNDA:0,updateJobAction
FNDA:0,(anonymous_14)
FNDA:0,(anonymous_15)
FNDA:0,deleteJobAction
FNDA:0,(anonymous_17)
FNDA:0,applyToJobAction
FNDA:0,(anonymous_19)
FNDA:0,saveJobAction
FNDA:0,(anonymous_21)
FNDA:0,searchJobsAction
FNDA:0,toggleJobStatusAction
DA:3,0
DA:5,0
DA:6,0
DA:10,0
DA:28,0
DA:32,0
DA:41,0
DA:45,0
DA:59,0
DA:63,0
DA:65,0
DA:66,0
DA:67,0
DA:74,0
DA:79,0
DA:80,0
DA:87,0
DA:105,0
DA:108,0
DA:109,0
DA:116,0
DA:130,0
DA:131,0
DA:133,0
DA:139,0
DA:140,0
DA:144,0
DA:149,0
DA:150,0
DA:158,0
DA:162,0
DA:164,0
DA:165,0
DA:166,0
DA:172,0
DA:173,0
DA:174,0
DA:181,0
DA:188,0
DA:189,0
DA:196,0
DA:215,0
DA:218,0
DA:219,0
DA:223,0
DA:226,0
DA:227,0
DA:231,0
DA:239,0
DA:240,0
DA:242,0
DA:248,0
DA:249,0
DA:253,0
DA:258,0
DA:259,0
DA:267,0
DA:268,0
DA:270,0
DA:277,0
DA:278,0
DA:285,0
DA:286,0
DA:292,0
DA:293,0
DA:299,0
DA:301,0
DA:306,0
DA:307,0
DA:315,0
DA:319,0
DA:321,0
DA:322,0
DA:323,0
DA:330,0
DA:339,0
DA:342,0
DA:370,0
DA:371,0
DA:378,0
DA:379,0
DA:385,0
DA:386,0
DA:392,0
DA:393,0
DA:400,0
DA:401,0
DA:408,0
DA:416,0
DA:417,0
DA:419,0
DA:425,0
DA:426,0
DA:430,0
DA:435,0
DA:436,0
DA:444,0
DA:448,0
DA:450,0
DA:451,0
DA:452,0
DA:458,0
DA:462,0
DA:465,0
DA:480,0
DA:481,0
DA:487,0
DA:489,0
DA:493,0
DA:495,0
DA:502,0
DA:509,0
DA:511,0
DA:518,0
DA:519,0
DA:523,0
DA:528,0
DA:529,0
DA:537,0
DA:541,0
DA:543,0
DA:556,0
DA:559,0
DA:568,0
DA:569,0
DA:576,0
DA:577,0
DA:580,0
DA:581,0
DA:584,0
DA:585,0
DA:588,0
DA:589,0
DA:592,0
DA:593,0
DA:596,0
DA:597,0
DA:600,0
DA:601,0
DA:607,0
DA:610,0
DA:634,0
DA:640,0
DA:641,0
DA:650,0
DA:654,0
DA:656,0
DA:664,0
DA:665,0
DA:672,0
DA:674,0
DA:679,0
DA:680,0
DA:682,0
DA:688,0
DA:689,0
LF:156
LH:0
BRDA:66,0,0,0
BRDA:79,1,0,0
BRDA:79,2,0,0
BRDA:79,2,1,0
BRDA:95,3,0,0
BRDA:95,3,1,0
BRDA:96,4,0,0
BRDA:96,4,1,0
BRDA:98,5,0,0
BRDA:98,5,1,0
BRDA:100,6,0,0
BRDA:100,6,1,0
BRDA:101,7,0,0
BRDA:101,7,1,0
BRDA:102,8,0,0
BRDA:102,8,1,0
BRDA:108,9,0,0
BRDA:108,10,0,0
BRDA:108,10,1,0
BRDA:108,10,2,0
BRDA:120,11,0,0
BRDA:120,11,1,0
BRDA:121,12,0,0
BRDA:121,12,1,0
BRDA:125,13,0,0
BRDA:125,13,1,0
BRDA:139,14,0,0
BRDA:165,15,0,0
BRDA:173,16,0,0
BRDA:188,17,0,0
BRDA:198,18,0,0
BRDA:198,18,1,0
BRDA:199,19,0,0
BRDA:199,19,1,0
BRDA:200,20,0,0
BRDA:200,20,1,0
BRDA:201,21,0,0
BRDA:201,21,1,0
BRDA:202,22,0,0
BRDA:202,22,1,0
BRDA:203,23,0,0
BRDA:203,23,1,0
BRDA:204,24,0,0
BRDA:204,24,1,0
BRDA:205,25,0,0
BRDA:205,25,1,0
BRDA:206,26,0,0
BRDA:206,26,1,0
BRDA:207,27,0,0
BRDA:207,27,1,0
BRDA:208,28,0,0
BRDA:208,28,1,0
BRDA:209,29,0,0
BRDA:209,29,1,0
BRDA:210,30,0,0
BRDA:210,30,1,0
BRDA:211,31,0,0
BRDA:211,31,1,0
BRDA:212,32,0,0
BRDA:212,32,1,0
BRDA:226,33,0,0
BRDA:248,34,0,0
BRDA:277,35,0,0
BRDA:292,36,0,0
BRDA:295,37,0,0
BRDA:295,37,1,0
BRDA:322,38,0,0
BRDA:334,39,0,0
BRDA:334,39,1,0
BRDA:335,40,0,0
BRDA:335,40,1,0
BRDA:336,41,0,0
BRDA:336,41,1,0
BRDA:370,42,0,0
BRDA:370,43,0,0
BRDA:370,43,1,0
BRDA:378,44,0,0
BRDA:385,45,0,0
BRDA:392,46,0,0
BRDA:392,47,0,0
BRDA:392,47,1,0
BRDA:400,48,0,0
BRDA:425,49,0,0
BRDA:451,50,0,0
BRDA:480,51,0,0
BRDA:487,52,0,0
BRDA:487,52,1,0
BRDA:518,53,0,0
BRDA:544,54,0,0
BRDA:544,54,1,0
BRDA:545,55,0,0
BRDA:545,55,1,0
BRDA:546,56,0,0
BRDA:546,56,1,0
BRDA:547,57,0,0
BRDA:547,57,1,0
BRDA:548,58,0,0
BRDA:548,58,1,0
BRDA:549,59,0,0
BRDA:549,59,1,0
BRDA:550,60,0,0
BRDA:550,60,1,0
BRDA:551,61,0,0
BRDA:551,61,1,0
BRDA:552,62,0,0
BRDA:552,62,1,0
BRDA:553,63,0,0
BRDA:553,63,1,0
BRDA:568,64,0,0
BRDA:576,65,0,0
BRDA:580,66,0,0
BRDA:584,67,0,0
BRDA:588,68,0,0
BRDA:592,69,0,0
BRDA:596,70,0,0
BRDA:600,71,0,0
BRDA:600,72,0,0
BRDA:600,72,1,0
BRDA:664,73,0,0
BRDA:672,74,0,0
BRDA:672,74,1,0
BRDA:684,75,0,0
BRDA:684,75,1,0
BRF:123
BRH:0
end_of_record
TN:
SF:src\actions\users.ts
FN:61,(anonymous_12)
FN:79,updateProfileAction
FN:140,(anonymous_14)
FN:166,(anonymous_15)
FN:180,updateNotificationPreferencesAction
FN:231,(anonymous_17)
FN:245,updatePrivacySettingsAction
FN:294,(anonymous_19)
FN:308,changePasswordAction
FN:379,(anonymous_21)
FN:393,uploadResumeAction
FN:450,(anonymous_23)
FN:464,deleteAccountAction
FN:517,(anonymous_25)
FN:543,(anonymous_26)
FN:557,getUserProfileAction
FN:651,searchUsersAction
FNF:17
FNH:0
FNDA:0,(anonymous_12)
FNDA:0,updateProfileAction
FNDA:0,(anonymous_14)
FNDA:0,(anonymous_15)
FNDA:0,updateNotificationPreferencesAction
FNDA:0,(anonymous_17)
FNDA:0,updatePrivacySettingsAction
FNDA:0,(anonymous_19)
FNDA:0,changePasswordAction
FNDA:0,(anonymous_21)
FNDA:0,uploadResumeAction
FNDA:0,(anonymous_23)
FNDA:0,deleteAccountAction
FNDA:0,(anonymous_25)
FNDA:0,(anonymous_26)
FNDA:0,getUserProfileAction
FNDA:0,searchUsersAction
DA:3,0
DA:4,0
DA:5,0
DA:9,0
DA:35,0
DA:47,0
DA:57,0
DA:61,0
DA:66,0
DA:71,0
DA:79,0
DA:83,0
DA:85,0
DA:86,0
DA:87,0
DA:94,0
DA:99,0
DA:100,0
DA:107,0
DA:119,0
DA:120,0
DA:121,0
DA:122,0
DA:123,0
DA:124,0
DA:125,0
DA:126,0
DA:127,0
DA:128,0
DA:129,0
DA:130,0
DA:131,0
DA:132,0
DA:133,0
DA:136,0
DA:139,0
DA:140,0
DA:144,0
DA:152,0
DA:153,0
DA:155,0
DA:161,0
DA:162,0
DA:166,0
DA:171,0
DA:172,0
DA:180,0
DA:184,0
DA:186,0
DA:187,0
DA:188,0
DA:195,0
DA:207,0
DA:210,0
DA:219,0
DA:221,0
DA:226,0
DA:227,0
DA:231,0
DA:236,0
DA:237,0
DA:245,0
DA:249,0
DA:251,0
DA:252,0
DA:253,0
DA:260,0
DA:270,0
DA:273,0
DA:282,0
DA:284,0
DA:289,0
DA:290,0
DA:294,0
DA:299,0
DA:300,0
DA:308,0
DA:312,0
DA:314,0
DA:315,0
DA:316,0
DA:322,0
DA:328,0
DA:331,0
DA:336,0
DA:337,0
DA:344,0
DA:345,0
DA:350,0
DA:351,0
DA:358,0
DA:361,0
DA:369,0
DA:374,0
DA:375,0
DA:379,0
DA:384,0
DA:385,0
DA:393,0
DA:397,0
DA:399,0
DA:400,0
DA:401,0
DA:407,0
DA:414,0
DA:417,0
DA:436,0
DA:437,0
DA:439,0
DA:445,0
DA:446,0
DA:450,0
DA:455,0
DA:456,0
DA:464,0
DA:468,0
DA:470,0
DA:471,0
DA:472,0
DA:478,0
DA:483,0
DA:486,0
DA:491,0
DA:492,0
DA:499,0
DA:500,0
DA:507,0
DA:517,0
DA:518,0
DA:523,0
DA:524,0
DA:533,0
DA:538,0
DA:539,0
DA:543,0
DA:548,0
DA:549,0
DA:557,0
DA:565,0
DA:567,0
DA:595,0
DA:596,0
DA:603,0
DA:606,0
DA:610,0
DA:611,0
DA:614,0
DA:628,0
DA:631,0
DA:635,0
DA:641,0
DA:642,0
DA:651,0
DA:654,0
DA:655,0
DA:656,0
DA:657,0
DA:658,0
DA:659,0
DA:660,0
DA:661,0
DA:664,0
DA:678,0
DA:679,0
DA:686,0
DA:687,0
DA:694,0
DA:695,0
DA:698,0
DA:699,0
DA:705,0
DA:708,0
DA:725,0
DA:731,0
DA:732,0
LF:175
LH:0
BRDA:86,0,0,0
BRDA:99,1,0,0
BRDA:108,2,0,0
BRDA:108,2,1,0
BRDA:109,3,0,0
BRDA:109,3,1,0
BRDA:110,4,0,0
BRDA:110,4,1,0
BRDA:111,5,0,0
BRDA:111,5,1,0
BRDA:112,6,0,0
BRDA:112,6,1,0
BRDA:113,7,0,0
BRDA:113,7,1,0
BRDA:114,8,0,0
BRDA:114,8,1,0
BRDA:115,9,0,0
BRDA:115,9,1,0
BRDA:119,10,0,0
BRDA:119,10,1,0
BRDA:120,11,0,0
BRDA:120,11,1,0
BRDA:121,12,0,0
BRDA:121,12,1,0
BRDA:122,13,0,0
BRDA:122,13,1,0
BRDA:123,14,0,0
BRDA:123,14,1,0
BRDA:124,15,0,0
BRDA:125,16,0,0
BRDA:125,16,1,0
BRDA:126,17,0,0
BRDA:126,17,1,0
BRDA:127,18,0,0
BRDA:127,18,1,0
BRDA:128,19,0,0
BRDA:128,19,1,0
BRDA:129,20,0,0
BRDA:129,20,1,0
BRDA:130,21,0,0
BRDA:130,21,1,0
BRDA:131,22,0,0
BRDA:131,22,1,0
BRDA:132,23,0,0
BRDA:132,23,1,0
BRDA:133,24,0,0
BRDA:133,24,1,0
BRDA:161,25,0,0
BRDA:187,26,0,0
BRDA:226,27,0,0
BRDA:252,28,0,0
BRDA:289,29,0,0
BRDA:315,30,0,0
BRDA:336,31,0,0
BRDA:336,32,0,0
BRDA:336,32,1,0
BRDA:350,33,0,0
BRDA:374,34,0,0
BRDA:400,35,0,0
BRDA:445,36,0,0
BRDA:471,37,0,0
BRDA:480,38,0,0
BRDA:480,38,1,0
BRDA:491,39,0,0
BRDA:499,40,0,0
BRDA:507,41,0,0
BRDA:520,42,0,0
BRDA:520,42,1,0
BRDA:523,43,0,0
BRDA:526,44,0,0
BRDA:526,44,1,0
BRDA:538,45,0,0
BRDA:595,46,0,0
BRDA:610,47,0,0
BRDA:610,47,1,0
BRDA:628,48,0,0
BRDA:628,49,0,0
BRDA:628,49,1,0
BRDA:636,50,0,0
BRDA:636,50,1,0
BRDA:655,51,0,0
BRDA:655,51,1,0
BRDA:656,52,0,0
BRDA:656,52,1,0
BRDA:657,53,0,0
BRDA:657,53,1,0
BRDA:658,54,0,0
BRDA:658,54,1,0
BRDA:660,55,0,0
BRDA:660,55,1,0
BRDA:661,56,0,0
BRDA:661,56,1,0
BRDA:678,57,0,0
BRDA:686,58,0,0
BRDA:688,59,0,0
BRDA:688,59,1,0
BRDA:694,60,0,0
BRDA:698,61,0,0
BRF:98
BRH:0
end_of_record
TN:
SF:src\app\404.tsx
FN:3,NotFoundPage
FNF:1
FNH:0
FNDA:0,NotFoundPage
DA:1,0
DA:3,0
LF:2
LH:0
BRF:0
BRH:0
end_of_record
TN:
SF:src\app\JobsPikrDemo.tsx
FN:5,(anonymous_4)
FN:35,(anonymous_5)
FN:43,(anonymous_6)
FN:44,(anonymous_7)
FN:59,(anonymous_8)
FN:64,(anonymous_9)
FN:67,(anonymous_10)
FN:79,(anonymous_11)
FN:86,(anonymous_12)
FN:92,(anonymous_13)
FN:97,(anonymous_14)
FN:99,(anonymous_15)
FN:108,(anonymous_16)
FN:113,(anonymous_17)
FN:115,(anonymous_18)
FN:133,(anonymous_19)
FN:139,(anonymous_20)
FNF:17
FNH:0
FNDA:0,(anonymous_4)
FNDA:0,(anonymous_5)
FNDA:0,(anonymous_6)
FNDA:0,(anonymous_7)
FNDA:0,(anonymous_8)
FNDA:0,(anonymous_9)
FNDA:0,(anonymous_10)
FNDA:0,(anonymous_11)
FNDA:0,(anonymous_12)
FNDA:0,(anonymous_13)
FNDA:0,(anonymous_14)
FNDA:0,(anonymous_15)
FNDA:0,(anonymous_16)
FNDA:0,(anonymous_17)
FNDA:0,(anonymous_18)
FNDA:0,(anonymous_19)
FNDA:0,(anonymous_20)
DA:3,0
DA:5,0
DA:6,0
DA:7,0
DA:8,0
DA:9,0
DA:17,0
DA:26,0
DA:27,0
DA:28,0
DA:29,0
DA:30,0
DA:31,0
DA:32,0
DA:33,0
DA:35,0
DA:36,0
DA:37,0
DA:38,0
DA:39,0
DA:40,0
DA:41,0
DA:42,0
DA:43,0
DA:44,0
DA:45,0
DA:46,0
DA:47,0
DA:48,0
DA:50,0
DA:53,0
DA:55,0
DA:59,0
DA:60,0
DA:61,0
DA:62,0
DA:64,0
DA:67,0
DA:68,0
DA:69,0
DA:79,0
DA:86,0
DA:93,0
DA:98,0
DA:99,0
DA:109,0
DA:114,0
DA:115,0
DA:134,0
DA:139,0
DA:153,0
LF:51
LH:0
BRDA:41,0,0,0
BRDA:42,1,0,0
BRDA:47,2,0,0
BRDA:47,2,1,0
BRDA:50,3,0,0
BRDA:50,3,1,0
BRDA:53,4,0,0
BRDA:53,4,1,0
BRDA:60,5,0,0
BRDA:98,6,0,0
BRDA:98,6,1,0
BRDA:114,7,0,0
BRDA:114,7,1,0
BRDA:123,8,0,0
BRDA:123,8,1,0
BRDA:126,9,0,0
BRDA:127,10,0,0
BRDA:139,11,0,0
BRDA:139,11,1,0
BRDA:140,12,0,0
BRDA:140,12,1,0
BRDA:143,13,0,0
BRDA:143,13,1,0
BRDA:143,14,0,0
BRDA:143,14,1,0
BRDA:134,15,0,0
BRDA:134,15,1,0
BRDA:148,16,0,0
BRDA:148,16,1,0
BRDA:148,16,2,0
BRF:30
BRH:0
end_of_record
TN:
SF:src\app\global-error.tsx
FN:7,GlobalError
FN:14,(anonymous_2)
FN:54,(anonymous_3)
FNF:3
FNH:0
FNDA:0,GlobalError
FNDA:0,(anonymous_2)
FNDA:0,(anonymous_3)
DA:3,0
DA:4,0
DA:5,0
DA:7,0
DA:14,0
DA:16,0
DA:54,0
LF:7
LH:0
BRDA:63,0,0,0
BRDA:72,1,0,0
BRF:2
BRH:0
end_of_record
TN:
SF:src\app\page.tsx
FN:20,Home
FN:24,(anonymous_6)
FNF:2
FNH:0
FNDA:0,Home
FNDA:0,(anonymous_6)
DA:3,0
DA:4,0
DA:5,0
DA:7,0
DA:8,0
DA:10,0
DA:11,0
DA:12,0
DA:13,0
DA:14,0
DA:15,0
DA:16,0
DA:17,0
DA:18,0
DA:20,0
DA:21,0
DA:22,0
DA:24,0
DA:25,0
DA:28,0
DA:29,0
DA:33,0
LF:22
LH:0
BRDA:28,0,0,0
BRDA:28,1,0,0
BRDA:28,1,1,0
BRF:3
BRH:0
end_of_record
TN:
SF:src\app\robots.ts
FN:5,robots
FNF:1
FNH:0
FNDA:0,robots
DA:2,0
DA:3,0
DA:5,0
DA:6,0
DA:7,0
DA:8,0
DA:9,0
DA:11,0
LF:8
LH:0
BRDA:7,0,0,0
BRDA:7,0,1,0
BRF:2
BRH:0
end_of_record
TN:
SF:src\app\sitemap.ts
FN:8,sitemap
FN:86,(anonymous_2)
FN:88,(anonymous_3)
FN:94,(anonymous_4)
FNF:4
FNH:0
FNDA:0,sitemap
FNDA:0,(anonymous_2)
FNDA:0,(anonymous_3)
FNDA:0,(anonymous_4)
DA:2,0
DA:3,0
DA:4,0
DA:6,0
DA:8,0
DA:9,0
DA:10,0
DA:11,0
DA:12,0
DA:15,0
DA:66,0
DA:69,0
DA:86,0
DA:87,0
DA:88,0
DA:89,0
DA:94,0
DA:101,0
DA:103,0
DA:105,0
DA:107,0
LF:21
LH:0
BRDA:10,0,0,0
BRDA:10,0,1,0
BRDA:87,1,0,0
BRF:3
BRH:0
end_of_record
TN:
SF:src\app\about\page.tsx
FN:87,AboutPage
FN:121,(anonymous_3)
FN:221,(anonymous_4)
FN:264,(anonymous_5)
FNF:4
FNH:0
FNDA:0,AboutPage
FNDA:0,(anonymous_3)
FNDA:0,(anonymous_4)
FNDA:0,(anonymous_5)
DA:3,0
DA:20,0
DA:21,0
DA:22,0
DA:24,0
DA:31,0
DA:64,0
DA:87,0
DA:122,0
DA:123,0
DA:222,0
DA:223,0
DA:265,0
LF:13
LH:0
BRDA:267,0,0,0
BRDA:267,0,1,0
BRDA:270,1,0,0
BRDA:270,1,1,0
BRDA:273,2,0,0
BRDA:273,2,1,0
BRF:6
BRH:0
end_of_record
TN:
SF:src\app\admin\page.tsx
FN:28,AdminDashboard
FNF:1
FNH:0
FNDA:0,AdminDashboard
DA:2,0
DA:3,0
DA:4,0
DA:20,0
DA:21,0
DA:23,0
DA:28,0
LF:7
LH:0
BRF:0
BRH:0
end_of_record
TN:
SF:src\app\admin\ads\page.tsx
FN:26,AdManagementPage
FNF:1
FNH:0
FNDA:0,AdManagementPage
DA:1,0
DA:2,0
DA:3,0
DA:4,0
DA:5,0
DA:6,0
DA:7,0
DA:8,0
DA:9,0
DA:10,0
DA:11,0
DA:12,0
DA:26,0
DA:31,0
DA:34,0
DA:35,0
DA:38,0
DA:39,0
DA:40,0
DA:44,0
DA:47,0
DA:48,0
DA:49,0
DA:50,0
DA:51,0
DA:52,0
DA:53,0
DA:54,0
DA:55,0
DA:58,0
DA:60,0
DA:62,0
DA:63,0
DA:67,0
DA:68,0
DA:69,0
DA:70,0
DA:74,0
DA:75,0
DA:78,0
DA:79,0
DA:80,0
DA:81,0
DA:85,0
DA:96,0
DA:112,0
DA:115,0
DA:116,0
DA:117,0
LF:49
LH:0
BRDA:34,0,0,0
BRDA:39,1,0,0
BRDA:47,2,0,0
BRDA:47,2,1,0
BRDA:48,3,0,0
BRDA:48,3,1,0
BRDA:49,4,0,0
BRDA:49,4,1,0
BRDA:50,5,0,0
BRDA:50,5,1,0
BRDA:60,6,0,0
BRDA:62,7,0,0
BRDA:62,7,1,0
BRDA:67,8,0,0
BRDA:67,8,1,0
BRDA:69,9,0,0
BRDA:74,10,0,0
BRDA:78,11,0,0
BRDA:78,12,0,0
BRDA:78,12,1,0
BRDA:80,13,0,0
BRDA:81,14,0,0
BRF:22
BRH:0
end_of_record
TN:
SF:src\app\admin\ads\[id]\analytics\page.tsx
FN:13,AdAnalyticsPage
FNF:1
FNH:0
FNDA:0,AdAnalyticsPage
DA:1,0
DA:2,0
DA:3,0
DA:4,0
DA:5,0
DA:13,0
DA:14,0
DA:15,0
DA:18,0
DA:19,0
DA:22,0
DA:23,0
DA:24,0
LF:13
LH:0
BRDA:18,0,0,0
BRDA:23,1,0,0
BRF:2
BRH:0
end_of_record
TN:
SF:src\app\admin\ads\[id]\edit\page.tsx
FN:15,EditAdPage
FNF:1
FNH:0
FNDA:0,EditAdPage
DA:1,0
DA:2,0
DA:4,0
DA:5,0
DA:6,0
DA:7,0
DA:15,0
DA:16,0
DA:17,0
DA:20,0
DA:21,0
DA:24,0
DA:25,0
DA:26,0
DA:30,0
DA:37,0
DA:38,0
LF:17
LH:0
BRDA:20,0,0,0
BRDA:25,1,0,0
BRDA:33,2,0,0
BRDA:33,2,1,0
BRDA:37,3,0,0
BRF:5
BRH:0
end_of_record
TN:
SF:src\app\admin\ads\create\page.tsx
FN:11,CreateAdPage
FNF:1
FNH:0
FNDA:0,CreateAdPage
DA:1,0
DA:2,0
DA:3,0
DA:4,0
DA:5,0
DA:7,0
DA:8,0
DA:9,0
DA:11,0
DA:12,0
DA:15,0
DA:16,0
DA:19,0
DA:20,0
DA:21,0
LF:15
LH:0
BRDA:15,0,0,0
BRDA:20,1,0,0
BRF:2
BRH:0
end_of_record
TN:
SF:src\app\admin\analytics\page.tsx
FN:22,AnalyticsPage
FN:284,(anonymous_3)
FN:352,(anonymous_4)
FNF:3
FNH:0
FNDA:0,AnalyticsPage
FNDA:0,(anonymous_3)
FNDA:0,(anonymous_4)
DA:1,0
DA:2,0
DA:3,0
DA:4,0
DA:5,0
DA:6,0
DA:7,0
DA:8,0
DA:20,0
DA:22,0
DA:23,0
DA:26,0
DA:27,0
DA:28,0
DA:46,0
DA:121,0
DA:125,0
DA:129,0
DA:285,0
DA:353,0
LF:20
LH:0
BRDA:121,0,0,0
BRDA:121,0,1,0
BRDA:125,1,0,0
BRDA:125,1,1,0
BRDA:129,2,0,0
BRDA:129,2,1,0
BRDA:180,3,0,0
BRDA:184,4,0,0
BRDA:184,4,1,0
BRDA:201,5,0,0
BRDA:205,6,0,0
BRDA:205,6,1,0
BRDA:222,7,0,0
BRDA:226,8,0,0
BRDA:226,8,1,0
BRDA:360,9,0,0
BRDA:364,10,0,0
BRDA:364,10,1,0
BRDA:365,11,0,0
BRDA:365,11,1,0
BRF:20
BRH:0
end_of_record
TN:
SF:src\app\admin\audit\page.tsx
FN:7,AuditLogsPage
FNF:1
FNH:0
FNDA:0,AuditLogsPage
DA:1,0
DA:2,0
DA:3,0
DA:4,0
DA:5,0
DA:7,0
DA:8,0
DA:11,0
DA:12,0
DA:15,0
DA:16,0
DA:17,0
LF:12
LH:0
BRDA:11,0,0,0
BRDA:16,1,0,0
BRF:2
BRH:0
end_of_record
TN:
SF:src\app\admin\health\page.tsx
FN:7,SystemHealthPage
FNF:1
FNH:0
FNDA:0,SystemHealthPage
DA:1,0
DA:2,0
DA:3,0
DA:4,0
DA:5,0
DA:7,0
DA:8,0
DA:11,0
DA:12,0
DA:15,0
DA:16,0
DA:17,0
LF:12
LH:0
BRDA:11,0,0,0
BRDA:16,1,0,0
BRF:2
BRH:0
end_of_record
TN:
SF:src\app\admin\moderation\jobs\page.tsx
FN:18,JobModerationPage
FN:141,(anonymous_3)
FNF:2
FNH:0
FNDA:0,JobModerationPage
FNDA:0,(anonymous_3)
DA:1,0
DA:2,0
DA:3,0
DA:4,0
DA:5,0
DA:6,0
DA:7,0
DA:18,0
DA:23,0
DA:26,0
DA:27,0
DA:30,0
DA:31,0
DA:32,0
DA:36,0
DA:39,0
DA:40,0
DA:41,0
DA:44,0
DA:46,0
DA:49,0
DA:50,0
DA:56,0
DA:57,0
DA:64,0
DA:65,0
DA:66,0
DA:69,0
DA:96,0
DA:98,0
DA:141,0
LF:31
LH:0
BRDA:26,0,0,0
BRDA:31,1,0,0
BRDA:39,2,0,0
BRDA:39,2,1,0
BRDA:46,3,0,0
BRDA:46,4,0,0
BRDA:46,4,1,0
BRDA:49,5,0,0
BRDA:56,6,0,0
BRDA:64,7,0,0
BRDA:64,7,1,0
BRDA:65,8,0,0
BRDA:65,8,1,0
BRDA:143,9,0,0
BRDA:143,9,1,0
BRDA:145,10,0,0
BRDA:145,10,1,0
BRDA:146,11,0,0
BRDA:146,11,1,0
BRF:19
BRH:0
end_of_record
TN:
SF:src\app\admin\moderation\jobs\[id]\page.tsx
FN:16,JobModerationDetailPage
FN:87,JobModerationDetailClient
FN:88,(anonymous_4)
FNF:3
FNH:0
FNDA:0,JobModerationDetailPage
FNDA:0,JobModerationDetailClient
FNDA:0,(anonymous_4)
DA:1,0
DA:2,0
DA:3,0
DA:4,0
DA:5,0
DA:6,0
DA:7,0
DA:8,0
DA:16,0
DA:17,0
DA:18,0
DA:21,0
DA:22,0
DA:25,0
DA:26,0
DA:27,0
DA:31,0
DA:42,0
DA:88,0
DA:89,0
DA:90,0
DA:98,0
DA:100,0
DA:101,0
DA:103,0
DA:105,0
DA:108,0
DA:109,0
LF:28
LH:0
BRDA:21,0,0,0
BRDA:26,1,0,0
BRDA:42,2,0,0
BRDA:100,3,0,0
BRDA:100,3,1,0
BRDA:105,4,0,0
BRDA:105,4,1,0
BRF:7
BRH:0
end_of_record
TN:
SF:src\app\admin\reports\page.tsx
FN:7,ReportsPage
FNF:1
FNH:0
FNDA:0,ReportsPage
DA:1,0
DA:2,0
DA:3,0
DA:4,0
DA:5,0
DA:7,0
DA:8,0
DA:11,0
DA:12,0
DA:15,0
DA:16,0
DA:17,0
LF:12
LH:0
BRDA:11,0,0,0
BRDA:16,1,0,0
BRF:2
BRH:0
end_of_record
TN:
SF:src\app\admin\settings\page.tsx
FN:20,AdminSettingsPage
FN:98,(anonymous_3)
FNF:2
FNH:0
FNDA:0,AdminSettingsPage
FNDA:0,(anonymous_3)
DA:1,0
DA:2,0
DA:3,0
DA:4,0
DA:5,0
DA:6,0
DA:7,0
DA:8,0
DA:18,0
DA:20,0
DA:21,0
DA:24,0
DA:98,0
LF:13
LH:0
BRDA:100,0,0,0
BRDA:100,0,1,0
BRF:2
BRH:0
end_of_record
TN:
SF:src\app\admin\users\page.tsx
FN:23,UsersPage
FN:87,(anonymous_3)
FN:88,(anonymous_4)
FN:89,(anonymous_5)
FN:226,(anonymous_6)
FNF:5
FNH:0
FNDA:0,UsersPage
FNDA:0,(anonymous_3)
FNDA:0,(anonymous_4)
FNDA:0,(anonymous_5)
FNDA:0,(anonymous_6)
DA:1,0
DA:2,0
DA:3,0
DA:4,0
DA:5,0
DA:6,0
DA:7,0
DA:8,0
DA:9,0
DA:10,0
DA:11,0
DA:12,0
DA:23,0
DA:28,0
DA:31,0
DA:34,0
DA:35,0
DA:36,0
DA:39,0
DA:41,0
DA:42,0
DA:48,0
DA:49,0
DA:53,0
DA:54,0
DA:55,0
DA:58,0
DA:82,0
DA:85,0
DA:87,0
DA:88,0
DA:89,0
DA:227,0
LF:33
LH:0
BRDA:34,0,0,0
BRDA:34,0,1,0
BRDA:41,1,0,0
BRDA:48,2,0,0
BRDA:48,3,0,0
BRDA:48,3,1,0
BRDA:53,4,0,0
BRDA:53,4,1,0
BRDA:54,5,0,0
BRDA:54,5,1,0
BRDA:87,6,0,0
BRDA:87,6,1,0
BRDA:88,7,0,0
BRDA:88,7,1,0
BRDA:89,8,0,0
BRDA:89,8,1,0
BRDA:184,9,0,0
BRDA:184,9,1,0
BRDA:231,10,0,0
BRDA:231,10,1,0
BRDA:233,11,0,0
BRDA:233,11,1,0
BRDA:237,12,0,0
BRDA:237,12,1,0
BRDA:244,13,0,0
BRDA:244,13,1,0
BRDA:245,14,0,0
BRDA:245,14,1,0
BRF:28
BRH:0
end_of_record
TN:
SF:src\app\alerts\page.tsx
FN:82,AlertsPage
FN:103,(anonymous_2)
FN:109,(anonymous_3)
FN:130,(anonymous_4)
FN:173,(anonymous_5)
FN:199,(anonymous_6)
FN:225,(anonymous_7)
FN:229,(anonymous_8)
FN:243,(anonymous_9)
FN:245,(anonymous_10)
FN:252,(anonymous_11)
FN:253,(anonymous_12)
FN:255,(anonymous_13)
FN:274,(anonymous_14)
FN:290,(anonymous_15)
FN:313,(anonymous_16)
FN:313,(anonymous_17)
FN:320,(anonymous_18)
FN:320,(anonymous_19)
FN:326,(anonymous_20)
FN:347,(anonymous_21)
FN:349,(anonymous_22)
FN:356,(anonymous_23)
FN:373,(anonymous_24)
FN:373,(anonymous_25)
FN:384,(anonymous_26)
FN:389,(anonymous_27)
FN:391,(anonymous_28)
FN:396,(anonymous_29)
FN:398,(anonymous_30)
FN:418,(anonymous_31)
FN:418,(anonymous_32)
FN:431,(anonymous_33)
FN:431,(anonymous_34)
FN:444,(anonymous_35)
FN:520,(anonymous_36)
FN:527,(anonymous_37)
FN:537,(anonymous_38)
FN:543,(anonymous_39)
FN:545,(anonymous_40)
FN:548,(anonymous_41)
FN:561,(anonymous_42)
FN:579,(anonymous_43)
FN:581,(anonymous_44)
FNF:44
FNH:0
FNDA:0,AlertsPage
FNDA:0,(anonymous_2)
FNDA:0,(anonymous_3)
FNDA:0,(anonymous_4)
FNDA:0,(anonymous_5)
FNDA:0,(anonymous_6)
FNDA:0,(anonymous_7)
FNDA:0,(anonymous_8)
FNDA:0,(anonymous_9)
FNDA:0,(anonymous_10)
FNDA:0,(anonymous_11)
FNDA:0,(anonymous_12)
FNDA:0,(anonymous_13)
FNDA:0,(anonymous_14)
FNDA:0,(anonymous_15)
FNDA:0,(anonymous_16)
FNDA:0,(anonymous_17)
FNDA:0,(anonymous_18)
FNDA:0,(anonymous_19)
FNDA:0,(anonymous_20)
FNDA:0,(anonymous_21)
FNDA:0,(anonymous_22)
FNDA:0,(anonymous_23)
FNDA:0,(anonymous_24)
FNDA:0,(anonymous_25)
FNDA:0,(anonymous_26)
FNDA:0,(anonymous_27)
FNDA:0,(anonymous_28)
FNDA:0,(anonymous_29)
FNDA:0,(anonymous_30)
FNDA:0,(anonymous_31)
FNDA:0,(anonymous_32)
FNDA:0,(anonymous_33)
FNDA:0,(anonymous_34)
FNDA:0,(anonymous_35)
FNDA:0,(anonymous_36)
FNDA:0,(anonymous_37)
FNDA:0,(anonymous_38)
FNDA:0,(anonymous_39)
FNDA:0,(anonymous_40)
FNDA:0,(anonymous_41)
FNDA:0,(anonymous_42)
FNDA:0,(anonymous_43)
FNDA:0,(anonymous_44)
DA:3,0
DA:4,0
DA:5,0
DA:6,0
DA:7,0
DA:8,0
DA:9,0
DA:12,0
DA:13,0
DA:14,0
DA:16,0
DA:17,0
DA:18,0
DA:19,0
DA:52,0
DA:66,0
DA:75,0
DA:82,0
DA:83,0
DA:84,0
DA:85,0
DA:86,0
DA:87,0
DA:88,0
DA:89,0
DA:90,0
DA:103,0
DA:104,0
DA:105,0
DA:109,0
DA:110,0
DA:111,0
DA:112,0
DA:113,0
DA:115,0
DA:116,0
DA:117,0
DA:119,0
DA:120,0
DA:126,0
DA:130,0
DA:131,0
DA:133,0
DA:147,0
DA:153,0
DA:155,0
DA:160,0
DA:161,0
DA:162,0
DA:164,0
DA:165,0
DA:173,0
DA:174,0
DA:175,0
DA:181,0
DA:183,0
DA:188,0
DA:190,0
DA:191,0
DA:199,0
DA:200,0
DA:202,0
DA:203,0
DA:207,0
DA:209,0
DA:214,0
DA:216,0
DA:217,0
DA:225,0
DA:226,0
DA:229,0
DA:230,0
DA:243,0
DA:244,0
DA:245,0
DA:252,0
DA:253,0
DA:255,0
DA:259,0
DA:269,0
DA:274,0
DA:290,0
DA:313,0
DA:320,0
DA:327,0
DA:348,0
DA:349,0
DA:357,0
DA:358,0
DA:359,0
DA:360,0
DA:373,0
DA:385,0
DA:390,0
DA:391,0
DA:396,0
DA:398,0
DA:418,0
DA:431,0
DA:444,0
DA:520,0
DA:528,0
DA:537,0
DA:543,0
DA:545,0
DA:548,0
DA:562,0
DA:580,0
DA:581,0
LF:109
LH:0
BRDA:104,0,0,0
BRDA:113,1,0,0
BRDA:116,2,0,0
BRDA:116,2,1,0
BRDA:153,3,0,0
BRDA:181,4,0,0
BRDA:200,5,0,0
BRDA:207,6,0,0
BRDA:244,7,0,0
BRDA:244,8,0,0
BRDA:244,8,1,0
BRDA:259,9,0,0
BRDA:259,10,0,0
BRDA:259,10,1,0
BRDA:269,11,0,0
BRDA:357,12,0,0
BRDA:390,13,0,0
BRDA:390,13,1,0
BRDA:417,14,0,0
BRDA:417,14,1,0
BRDA:420,15,0,0
BRDA:420,15,1,0
BRDA:430,16,0,0
BRDA:430,16,1,0
BRDA:433,17,0,0
BRDA:433,17,1,0
BRDA:458,18,0,0
BRDA:488,19,0,0
BRDA:488,19,1,0
BRDA:500,20,0,0
BRDA:500,20,1,0
BRDA:501,21,0,0
BRDA:501,21,1,0
BRDA:512,22,0,0
BRDA:512,22,1,0
BRDA:532,23,0,0
BRDA:532,23,1,0
BRDA:533,24,0,0
BRDA:533,24,1,0
BRDA:534,25,0,0
BRDA:534,25,1,0
BRDA:561,26,0,0
BRDA:573,27,0,0
BRDA:573,27,1,0
BRDA:579,28,0,0
BRDA:581,29,0,0
BRDA:581,29,1,0
BRDA:591,30,0,0
BRDA:604,31,0,0
BRDA:604,31,1,0
BRF:50
BRH:0
end_of_record
TN:
SF:src\app\alerts\analytics\page.tsx
FN:69,AlertAnalytics
FN:83,(anonymous_2)
FN:89,(anonymous_3)
FN:111,(anonymous_4)
FN:128,(anonymous_5)
FN:196,(anonymous_6)
FN:237,(anonymous_7)
FN:375,(anonymous_8)
FN:380,(anonymous_9)
FN:398,(anonymous_10)
FN:429,(anonymous_11)
FN:475,(anonymous_12)
FNF:12
FNH:0
FNDA:0,AlertAnalytics
FNDA:0,(anonymous_2)
FNDA:0,(anonymous_3)
FNDA:0,(anonymous_4)
FNDA:0,(anonymous_5)
FNDA:0,(anonymous_6)
FNDA:0,(anonymous_7)
FNDA:0,(anonymous_8)
FNDA:0,(anonymous_9)
FNDA:0,(anonymous_10)
FNDA:0,(anonymous_11)
FNDA:0,(anonymous_12)
DA:3,0
DA:4,0
DA:8,0
DA:13,0
DA:14,0
DA:15,0
DA:16,0
DA:17,0
DA:18,0
DA:21,0
DA:22,0
DA:67,0
DA:69,0
DA:70,0
DA:71,0
DA:72,0
DA:73,0
DA:74,0
DA:77,0
DA:78,0
DA:79,0
DA:80,0
DA:81,0
DA:83,0
DA:84,0
DA:85,0
DA:89,0
DA:90,0
DA:91,0
DA:92,0
DA:93,0
DA:95,0
DA:97,0
DA:98,0
DA:99,0
DA:100,0
DA:101,0
DA:103,0
DA:105,0
DA:107,0
DA:111,0
DA:113,0
DA:128,0
DA:135,0
DA:138,0
DA:170,0
DA:171,0
DA:174,0
DA:196,0
DA:197,0
DA:198,0
DA:199,0
DA:200,0
DA:201,0
DA:202,0
DA:203,0
DA:204,0
DA:205,0
DA:206,0
DA:207,0
DA:209,0
DA:214,0
DA:222,0
DA:232,0
DA:237,0
DA:244,0
DA:375,0
DA:381,0
DA:399,0
DA:430,0
DA:476,0
LF:71
LH:0
BRDA:84,0,0,0
BRDA:93,1,0,0
BRDA:101,2,0,0
BRDA:101,2,1,0
BRDA:222,3,0,0
BRDA:222,4,0,0
BRDA:222,4,1,0
BRDA:232,5,0,0
BRDA:244,6,0,0
BRDA:244,6,1,0
BRDA:283,7,0,0
BRDA:434,8,0,0
BRDA:434,8,1,0
BRDA:435,9,0,0
BRDA:435,9,1,0
BRDA:493,10,0,0
BRDA:493,10,1,0
BRF:17
BRH:0
end_of_record
TN:
SF:src\app\api\admin\audit-logs\route.ts
FN:7,GET
FN:99,getAuditLogs
FN:243,(anonymous_4)
FN:252,(anonymous_5)
FN:256,(anonymous_6)
FN:260,(anonymous_7)
FN:264,(anonymous_8)
FN:269,(anonymous_9)
FN:272,(anonymous_10)
FN:281,(anonymous_11)
FN:290,getAuditLogsCount
FN:309,(anonymous_13)
FN:313,(anonymous_14)
FNF:13
FNH:0
FNDA:0,GET
FNDA:0,getAuditLogs
FNDA:0,(anonymous_4)
FNDA:0,(anonymous_5)
FNDA:0,(anonymous_6)
FNDA:0,(anonymous_7)
FNDA:0,(anonymous_8)
FNDA:0,(anonymous_9)
FNDA:0,(anonymous_10)
FNDA:0,(anonymous_11)
FNDA:0,getAuditLogsCount
FNDA:0,(anonymous_13)
FNDA:0,(anonymous_14)
DA:1,0
DA:2,0
DA:3,0
DA:4,0
DA:7,0
DA:8,0
DA:9,0
DA:11,0
DA:12,0
DA:15,0
DA:16,0
DA:17,0
DA:20,0
DA:23,0
DA:24,0
DA:25,0
DA:26,0
DA:27,0
DA:28,0
DA:29,0
DA:30,0
DA:31,0
DA:34,0
DA:36,0
DA:37,0
DA:45,0
DA:46,0
DA:49,0
DA:50,0
DA:53,0
DA:54,0
DA:57,0
DA:58,0
DA:61,0
DA:62,0
DA:63,0
DA:64,0
DA:66,0
DA:67,0
DA:72,0
DA:77,0
DA:79,0
DA:91,0
DA:92,0
DA:100,0
DA:107,0
DA:239,0
DA:241,0
DA:242,0
DA:243,0
DA:244,0
DA:251,0
DA:252,0
DA:255,0
DA:256,0
DA:259,0
DA:260,0
DA:263,0
DA:264,0
DA:267,0
DA:268,0
DA:269,0
DA:271,0
DA:272,0
DA:277,0
DA:278,0
DA:280,0
DA:281,0
DA:285,0
DA:286,0
DA:291,0
DA:295,0
DA:306,0
DA:308,0
DA:309,0
DA:312,0
DA:313,0
DA:316,0
DA:318,0
DA:319,0
LF:80
LH:0
BRDA:11,0,0,0
BRDA:16,1,0,0
BRDA:23,2,0,0
BRDA:23,2,1,0
BRDA:24,3,0,0
BRDA:24,3,1,0
BRDA:25,4,0,0
BRDA:25,4,1,0
BRDA:26,5,0,0
BRDA:26,5,1,0
BRDA:27,6,0,0
BRDA:27,6,1,0
BRDA:28,7,0,0
BRDA:28,7,1,0
BRDA:29,8,0,0
BRDA:29,8,1,0
BRDA:36,9,0,0
BRDA:45,10,0,0
BRDA:49,11,0,0
BRDA:53,12,0,0
BRDA:57,13,0,0
BRDA:61,14,0,0
BRDA:61,15,0,0
BRDA:61,15,1,0
BRDA:63,16,0,0
BRDA:66,17,0,0
BRDA:241,18,0,0
BRDA:244,19,0,0
BRDA:244,19,1,0
BRDA:244,19,2,0
BRDA:244,19,3,0
BRDA:251,20,0,0
BRDA:255,21,0,0
BRDA:259,22,0,0
BRDA:263,23,0,0
BRDA:267,24,0,0
BRDA:268,25,0,0
BRDA:271,26,0,0
BRDA:308,27,0,0
BRDA:312,28,0,0
BRF:40
BRH:0
end_of_record
TN:
SF:src\app\api\admin\data-integrity\route.ts
FN:16,GET
FN:131,POST
FNF:2
FNH:0
FNDA:0,GET
FNDA:0,POST
DA:8,0
DA:9,0
DA:10,0
DA:11,0
DA:13,0
DA:14,0
DA:16,0
DA:17,0
DA:19,0
DA:21,0
DA:22,0
DA:28,0
DA:29,0
DA:31,0
DA:32,0
DA:36,0
DA:38,0
DA:39,0
DA:42,0
DA:43,0
DA:46,0
DA:47,0
DA:49,0
DA:50,0
DA:56,0
DA:57,0
DA:60,0
DA:62,0
DA:63,0
DA:69,0
DA:70,0
DA:73,0
DA:75,0
DA:76,0
DA:82,0
DA:83,0
DA:86,0
DA:87,0
DA:89,0
DA:90,0
DA:96,0
DA:97,0
DA:100,0
DA:106,0
DA:108,0
DA:117,0
DA:119,0
DA:131,0
DA:132,0
DA:134,0
DA:136,0
DA:137,0
DA:143,0
DA:144,0
DA:146,0
DA:147,0
DA:151,0
DA:153,0
DA:155,0
DA:156,0
DA:162,0
DA:167,0
DA:170,0
DA:172,0
DA:173,0
DA:179,0
DA:184,0
DA:187,0
DA:189,0
DA:190,0
DA:196,0
DA:201,0
DA:204,0
DA:206,0
DA:207,0
DA:213,0
DA:217,0
DA:220,0
DA:222,0
DA:223,0
DA:226,0
DA:232,0
DA:234,0
DA:243,0
DA:245,0
LF:85
LH:0
BRDA:21,0,0,0
BRDA:21,1,0,0
BRDA:21,1,1,0
BRDA:29,2,0,0
BRDA:29,2,1,0
BRDA:36,3,0,0
BRDA:36,3,1,0
BRDA:36,3,2,0
BRDA:36,3,3,0
BRDA:36,3,4,0
BRDA:36,3,5,0
BRDA:36,3,6,0
BRDA:47,4,0,0
BRDA:47,4,1,0
BRDA:49,5,0,0
BRDA:62,6,0,0
BRDA:75,7,0,0
BRDA:87,8,0,0
BRDA:87,8,1,0
BRDA:89,9,0,0
BRDA:123,10,0,0
BRDA:123,10,1,0
BRDA:136,11,0,0
BRDA:136,12,0,0
BRDA:136,12,1,0
BRDA:151,13,0,0
BRDA:151,13,1,0
BRDA:151,13,2,0
BRDA:151,13,3,0
BRDA:151,13,4,0
BRDA:151,13,5,0
BRDA:155,14,0,0
BRDA:165,15,0,0
BRDA:165,15,1,0
BRDA:172,16,0,0
BRDA:182,17,0,0
BRDA:182,17,1,0
BRDA:189,18,0,0
BRDA:206,19,0,0
BRDA:220,20,0,0
BRDA:249,21,0,0
BRDA:249,21,1,0
BRF:42
BRH:0
end_of_record
TN:
SF:src\app\api\admin\database-performance\route.ts
FN:18,GET
FN:94,(anonymous_6)
FN:95,(anonymous_7)
FN:125,generateRecommendations
FN:140,(anonymous_9)
FN:143,(anonymous_10)
FN:155,(anonymous_11)
FN:161,(anonymous_12)
FN:174,POST
FN:189,(anonymous_14)
FNF:10
FNH:0
FNDA:0,GET
FNDA:0,(anonymous_6)
FNDA:0,(anonymous_7)
FNDA:0,generateRecommendations
FNDA:0,(anonymous_9)
FNDA:0,(anonymous_10)
FNDA:0,(anonymous_11)
FNDA:0,(anonymous_12)
FNDA:0,POST
FNDA:0,(anonymous_14)
DA:9,0
DA:10,0
DA:11,0
DA:12,0
DA:13,0
DA:15,0
DA:16,0
DA:18,0
DA:19,0
DA:21,0
DA:23,0
DA:24,0
DA:30,0
DA:31,0
DA:34,0
DA:41,0
DA:81,0
DA:84,0
DA:94,0
DA:95,0
DA:105,0
DA:108,0
DA:110,0
DA:130,0
DA:133,0
DA:134,0
DA:140,0
DA:141,0
DA:142,0
DA:143,0
DA:148,0
DA:149,0
DA:155,0
DA:156,0
DA:159,0
DA:160,0
DA:161,0
DA:166,0
DA:167,0
DA:170,0
DA:174,0
DA:175,0
DA:176,0
DA:178,0
DA:179,0
DA:186,0
DA:189,0
DA:192,0
DA:195,0
DA:197,0
LF:50
LH:0
BRDA:23,0,0,0
BRDA:23,1,0,0
BRDA:23,1,1,0
BRDA:114,2,0,0
BRDA:114,2,1,0
BRDA:133,3,0,0
BRDA:141,4,0,0
BRDA:148,5,0,0
BRDA:148,6,0,0
BRDA:148,6,1,0
BRDA:156,7,0,0
BRDA:156,7,1,0
BRDA:156,7,2,0
BRDA:156,7,3,0
BRDA:159,8,0,0
BRDA:166,9,0,0
BRDA:178,10,0,0
BRDA:178,11,0,0
BRDA:178,11,1,0
BRDA:201,12,0,0
BRDA:201,12,1,0
BRF:21
BRH:0
end_of_record
TN:
SF:src\app\api\admin\health\route.ts
FN:7,GET
FN:33,getSystemMetrics
FN:133,getDatabaseConnections
FNF:3
FNH:0
FNDA:0,GET
FNDA:0,getSystemMetrics
FNDA:0,getDatabaseConnections
DA:1,0
DA:2,0
DA:3,0
DA:4,0
DA:5,0
DA:7,0
DA:8,0
DA:9,0
DA:11,0
DA:12,0
DA:15,0
DA:16,0
DA:17,0
DA:21,0
DA:23,0
DA:25,0
DA:26,0
DA:34,0
DA:42,0
DA:53,0
DA:56,0
DA:59,0
DA:62,0
DA:63,0
DA:64,0
DA:66,0
DA:67,0
DA:70,0
DA:128,0
DA:129,0
DA:134,0
DA:138,0
DA:139,0
DA:141,0
DA:142,0
LF:35
LH:0
BRDA:11,0,0,0
BRDA:16,1,0,0
BRDA:63,2,0,0
BRDA:63,3,0,0
BRDA:63,3,1,0
BRDA:66,4,0,0
BRDA:66,5,0,0
BRDA:66,5,1,0
BRDA:121,6,0,0
BRDA:121,6,1,0
BRDA:139,7,0,0
BRDA:139,7,1,0
BRF:12
BRH:0
end_of_record
TN:
SF:src\app\api\admin\jobs\[id]\moderate\route.ts
FN:7,PATCH
FNF:1
FNH:0
FNDA:0,PATCH
DA:1,0
DA:2,0
DA:3,0
DA:4,0
DA:5,0
DA:7,0
DA:11,0
DA:12,0
DA:15,0
DA:16,0
DA:22,0
DA:23,0
DA:24,0
DA:30,0
DA:31,0
DA:34,0
DA:35,0
DA:36,0
DA:43,0
DA:47,0
DA:48,0
DA:57,0
DA:58,0
DA:60,0
DA:63,0
DA:64,0
DA:67,0
DA:68,0
DA:71,0
DA:72,0
DA:76,0
DA:78,0
DA:95,0
DA:109,0
DA:110,0
LF:35
LH:0
BRDA:15,0,0,0
BRDA:23,1,0,0
BRDA:35,2,0,0
BRDA:47,3,0,0
BRDA:60,4,0,0
BRDA:60,4,1,0
BRDA:60,4,2,0
BRF:7
BRH:0
end_of_record
TN:
SF:src\app\api\admin\jobs\bulk-moderate\route.ts
FN:7,PATCH
FN:99,(anonymous_3)
FNF:2
FNH:0
FNDA:0,PATCH
FNDA:0,(anonymous_3)
DA:1,0
DA:2,0
DA:3,0
DA:4,0
DA:5,0
DA:7,0
DA:8,0
DA:9,0
DA:12,0
DA:13,0
DA:19,0
DA:20,0
DA:21,0
DA:27,0
DA:30,0
DA:31,0
DA:37,0
DA:38,0
DA:39,0
DA:46,0
DA:52,0
DA:53,0
DA:60,0
DA:61,0
DA:63,0
DA:65,0
DA:66,0
DA:68,0
DA:69,0
DA:71,0
DA:72,0
DA:76,0
DA:79,0
DA:95,0
DA:99,0
DA:110,0
DA:111,0
LF:37
LH:0
BRDA:12,0,0,0
BRDA:20,1,0,0
BRDA:30,2,0,0
BRDA:30,3,0,0
BRDA:30,3,1,0
BRDA:38,4,0,0
BRDA:52,5,0,0
BRDA:63,6,0,0
BRDA:63,6,1,0
BRDA:63,6,2,0
BRF:10
BRH:0
end_of_record
TN:
SF:src\app\api\admin\reports\export\route.ts
FN:32,checkRateLimit
FN:50,sanitizeData
FN:51,(anonymous_4)
FN:76,generateCSV
FN:82,(anonymous_6)
FN:83,(anonymous_7)
FN:98,generateExcel
FN:106,generatePDF
FN:115,(anonymous_10)
FN:116,(anonymous_11)
FN:127,generateReportData
FN:269,POST
FNF:12
FNH:0
FNDA:0,checkRateLimit
FNDA:0,sanitizeData
FNDA:0,(anonymous_4)
FNDA:0,generateCSV
FNDA:0,(anonymous_6)
FNDA:0,(anonymous_7)
FNDA:0,generateExcel
FNDA:0,generatePDF
FNDA:0,(anonymous_10)
FNDA:0,(anonymous_11)
FNDA:0,generateReportData
FNDA:0,POST
DA:1,0
DA:2,0
DA:3,0
DA:4,0
DA:5,0
DA:6,0
DA:9,0
DA:11,0
DA:29,0
DA:30,0
DA:33,0
DA:34,0
DA:36,0
DA:37,0
DA:38,0
DA:41,0
DA:42,0
DA:45,0
DA:46,0
DA:51,0
DA:52,0
DA:53,0
DA:55,0
DA:56,0
DA:60,0
DA:61,0
DA:62,0
DA:63,0
DA:65,0
DA:68,0
DA:71,0
DA:77,0
DA:79,0
DA:80,0
DA:83,0
DA:84,0
DA:85,0
DA:86,0
DA:87,0
DA:89,0
DA:94,0
DA:101,0
DA:102,0
DA:109,0
DA:110,0
DA:116,0
DA:117,0
DA:124,0
DA:128,0
DA:133,0
DA:135,0
DA:151,0
DA:170,0
DA:187,0
DA:208,0
DA:222,0
DA:234,0
DA:253,0
DA:265,0
DA:269,0
DA:270,0
DA:271,0
DA:273,0
DA:274,0
DA:277,0
DA:278,0
DA:279,0
DA:283,0
DA:284,0
DA:285,0
DA:291,0
DA:292,0
DA:294,0
DA:297,0
DA:298,0
DA:301,0
DA:304,0
DA:311,0
DA:313,0
DA:314,0
DA:315,0
DA:316,0
DA:319,0
DA:320,0
DA:321,0
DA:322,0
DA:325,0
DA:326,0
DA:327,0
DA:328,0
DA:331,0
DA:335,0
DA:338,0
DA:340,0
DA:349,0
DA:351,0
DA:352,0
DA:358,0
LF:98
LH:0
BRDA:36,0,0,0
BRDA:36,1,0,0
BRDA:36,1,1,0
BRDA:41,2,0,0
BRDA:55,3,0,0
BRDA:60,4,0,0
BRDA:60,4,1,0
BRDA:60,5,0,0
BRDA:60,5,1,0
BRDA:62,6,0,0
BRDA:62,6,1,0
BRDA:62,7,0,0
BRDA:62,7,1,0
BRDA:77,8,0,0
BRDA:85,9,0,0
BRDA:85,10,0,0
BRDA:85,10,1,0
BRDA:86,11,0,0
BRDA:86,12,0,0
BRDA:86,12,1,0
BRDA:121,13,0,0
BRDA:121,13,1,0
BRDA:129,14,0,0
BRDA:129,14,1,0
BRDA:130,15,0,0
BRDA:130,15,1,0
BRDA:133,16,0,0
BRDA:133,16,1,0
BRDA:133,16,2,0
BRDA:133,16,3,0
BRDA:133,16,4,0
BRDA:133,16,5,0
BRDA:133,16,6,0
BRDA:133,16,7,0
BRDA:133,16,8,0
BRDA:172,17,0,0
BRDA:172,17,1,0
BRDA:173,18,0,0
BRDA:173,18,1,0
BRDA:273,19,0,0
BRDA:278,20,0,0
BRDA:284,21,0,0
BRDA:297,22,0,0
BRDA:297,22,1,0
BRDA:298,23,0,0
BRDA:298,23,1,0
BRDA:311,24,0,0
BRDA:311,24,1,0
BRDA:311,24,2,0
BRDA:311,24,3,0
BRDA:351,25,0,0
BRF:51
BRH:0
end_of_record
TN:
SF:src\app\api\ads\route.ts
FN:20,(anonymous_3)
FN:103,(anonymous_4)
FN:138,(anonymous_5)
FN:198,(anonymous_6)
FN:291,isAdCurrentlyActive
FN:307,determineInitialStatus
FN:318,calculateEstimatedReach
FN:339,getNextSteps
FNF:8
FNH:0
FNDA:0,(anonymous_3)
FNDA:0,(anonymous_4)
FNDA:0,(anonymous_5)
FNDA:0,(anonymous_6)
FNDA:0,isAdCurrentlyActive
FNDA:0,determineInitialStatus
FNDA:0,calculateEstimatedReach
FNDA:0,getNextSteps
DA:2,0
DA:3,0
DA:4,0
DA:5,0
DA:12,0
DA:16,0
DA:19,0
DA:21,0
DA:35,0
DA:38,0
DA:41,0
DA:43,0
DA:44,0
DA:46,0
DA:48,0
DA:50,0
DA:54,0
DA:55,0
DA:58,0
DA:59,0
DA:62,0
DA:63,0
DA:64,0
DA:65,0
DA:66,0
DA:74,0
DA:83,0
DA:84,0
DA:85,0
DA:86,0
DA:88,0
DA:89,0
DA:94,0
DA:101,0
DA:105,0
DA:106,0
DA:111,0
DA:112,0
DA:137,0
DA:140,0
DA:141,0
DA:142,0
DA:144,0
DA:145,0
DA:148,0
DA:149,0
DA:150,0
DA:151,0
DA:152,0
DA:153,0
DA:156,0
DA:172,0
DA:174,0
DA:185,0
DA:197,0
DA:199,0
DA:202,0
DA:203,0
DA:207,0
DA:208,0
DA:212,0
DA:213,0
DA:214,0
DA:220,0
DA:221,0
DA:224,0
DA:225,0
DA:227,0
DA:228,0
DA:232,0
DA:235,0
DA:236,0
DA:269,0
DA:272,0
DA:274,0
DA:292,0
DA:294,0
DA:296,0
DA:297,0
DA:298,0
DA:300,0
DA:301,0
DA:303,0
DA:310,0
DA:314,0
DA:320,0
DA:323,0
DA:324,0
DA:327,0
DA:328,0
DA:331,0
DA:332,0
DA:335,0
DA:340,0
DA:342,0
DA:348,0
DA:354,0
DA:360,0
LF:98
LH:0
BRDA:41,0,0,0
BRDA:41,0,1,0
BRDA:43,1,0,0
BRDA:46,2,0,0
BRDA:46,2,1,0
BRDA:54,3,0,0
BRDA:58,4,0,0
BRDA:62,5,0,0
BRDA:64,6,0,0
BRDA:64,6,1,0
BRDA:83,7,0,0
BRDA:83,8,0,0
BRDA:83,8,1,0
BRDA:85,9,0,0
BRDA:88,10,0,0
BRDA:96,11,0,0
BRDA:96,11,1,0
BRDA:114,12,0,0
BRDA:114,12,1,0
BRDA:114,13,0,0
BRDA:114,13,1,0
BRDA:115,14,0,0
BRDA:115,14,1,0
BRDA:115,15,0,0
BRDA:115,15,1,0
BRDA:116,16,0,0
BRDA:116,16,1,0
BRDA:144,17,0,0
BRDA:144,17,1,0
BRDA:145,18,0,0
BRDA:145,18,1,0
BRDA:150,19,0,0
BRDA:150,19,1,0
BRDA:151,20,0,0
BRDA:151,20,1,0
BRDA:152,21,0,0
BRDA:153,22,0,0
BRDA:153,22,1,0
BRDA:165,23,0,0
BRDA:165,23,1,0
BRDA:172,24,0,0
BRDA:172,24,1,0
BRDA:172,25,0,0
BRDA:172,25,1,0
BRDA:181,26,0,0
BRDA:181,26,1,0
BRDA:202,27,0,0
BRDA:213,28,0,0
BRDA:220,29,0,0
BRDA:225,30,0,0
BRDA:225,30,1,0
BRDA:227,31,0,0
BRDA:227,32,0,0
BRDA:227,32,1,0
BRDA:241,33,0,0
BRDA:241,33,1,0
BRDA:242,34,0,0
BRDA:242,34,1,0
BRDA:243,35,0,0
BRDA:243,35,1,0
BRDA:244,36,0,0
BRDA:244,36,1,0
BRDA:245,37,0,0
BRDA:245,37,1,0
BRDA:246,38,0,0
BRDA:246,38,1,0
BRDA:247,39,0,0
BRDA:247,39,1,0
BRDA:292,40,0,0
BRDA:294,41,0,0
BRDA:298,42,0,0
BRDA:298,42,1,0
BRDA:300,43,0,0
BRDA:301,44,0,0
BRDA:301,45,0,0
BRDA:301,45,1,0
BRDA:310,46,0,0
BRDA:310,46,1,0
BRDA:310,46,2,0
BRDA:314,47,0,0
BRDA:314,47,1,0
BRDA:323,48,0,0
BRDA:323,49,0,0
BRDA:323,49,1,0
BRDA:327,50,0,0
BRDA:327,51,0,0
BRDA:327,51,1,0
BRDA:331,52,0,0
BRDA:331,53,0,0
BRDA:331,53,1,0
BRDA:340,54,0,0
BRDA:340,54,1,0
BRDA:340,54,2,0
BRDA:340,54,3,0
BRF:94
BRH:0
end_of_record
TN:
SF:src\app\api\ads\[id]\route.ts
FN:17,(anonymous_5)
FN:40,(anonymous_6)
FN:179,(anonymous_7)
FN:238,(anonymous_8)
FN:328,(anonymous_9)
FN:387,isAdCurrentlyActive
FN:399,isValidStatusTransition
FN:413,calculateBudgetUtilization
FN:434,calculateTargetingEffectiveness
FN:453,(anonymous_14)
FN:465,generateTargetingRecommendations
FN:487,generateOptimizationRecommendations
FN:517,calculateEstimatedReach
FNF:13
FNH:0
FNDA:0,(anonymous_5)
FNDA:0,(anonymous_6)
FNDA:0,(anonymous_7)
FNDA:0,(anonymous_8)
FNDA:0,(anonymous_9)
FNDA:0,isAdCurrentlyActive
FNDA:0,isValidStatusTransition
FNDA:0,calculateBudgetUtilization
FNDA:0,calculateTargetingEffectiveness
FNDA:0,(anonymous_14)
FNDA:0,generateTargetingRecommendations
FNDA:0,generateOptimizationRecommendations
FNDA:0,calculateEstimatedReach
DA:2,0
DA:3,0
DA:4,0
DA:5,0
DA:6,0
DA:13,0
DA:16,0
DA:18,0
DA:19,0
DA:22,0
DA:24,0
DA:26,0
DA:31,0
DA:38,0
DA:42,0
DA:43,0
DA:64,0
DA:65,0
DA:69,0
DA:71,0
DA:72,0
DA:94,0
DA:95,0
DA:96,0
DA:98,0
DA:99,0
DA:102,0
DA:103,0
DA:104,0
DA:106,0
DA:107,0
DA:108,0
DA:109,0
DA:110,0
DA:112,0
DA:113,0
DA:114,0
DA:115,0
DA:119,0
DA:122,0
DA:128,0
DA:166,0
DA:178,0
DA:180,0
DA:181,0
DA:182,0
DA:184,0
DA:185,0
DA:189,0
DA:190,0
DA:197,0
DA:198,0
DA:202,0
DA:205,0
DA:206,0
DA:220,0
DA:222,0
DA:237,0
DA:239,0
DA:240,0
DA:243,0
DA:244,0
DA:251,0
DA:252,0
DA:256,0
DA:257,0
DA:263,0
DA:264,0
DA:265,0
DA:267,0
DA:268,0
DA:272,0
DA:273,0
DA:274,0
DA:279,0
DA:280,0
DA:304,0
DA:310,0
DA:327,0
DA:329,0
DA:330,0
DA:333,0
DA:334,0
DA:341,0
DA:342,0
DA:346,0
DA:347,0
DA:348,0
DA:352,0
DA:353,0
DA:360,0
DA:361,0
DA:366,0
DA:372,0
DA:388,0
DA:390,0
DA:392,0
DA:393,0
DA:394,0
DA:396,0
DA:400,0
DA:410,0
DA:414,0
DA:415,0
DA:417,0
DA:421,0
DA:422,0
DA:423,0
DA:426,0
DA:427,0
DA:428,0
DA:431,0
DA:436,0
DA:438,0
DA:441,0
DA:442,0
DA:443,0
DA:446,0
DA:453,0
DA:455,0
DA:456,0
DA:458,0
DA:466,0
DA:468,0
DA:469,0
DA:472,0
DA:473,0
DA:476,0
DA:477,0
DA:480,0
DA:481,0
DA:484,0
DA:488,0
DA:491,0
DA:492,0
DA:495,0
DA:496,0
DA:500,0
DA:501,0
DA:502,0
DA:506,0
DA:507,0
DA:508,0
DA:510,0
DA:511,0
DA:514,0
DA:519,0
DA:521,0
DA:522,0
DA:525,0
DA:526,0
DA:529,0
DA:530,0
DA:533,0
LF:154
LH:0
BRDA:24,0,0,0
BRDA:35,1,0,0
BRDA:35,1,1,0
BRDA:64,2,0,0
BRDA:98,3,0,0
BRDA:98,3,1,0
BRDA:99,4,0,0
BRDA:99,4,1,0
BRDA:106,5,0,0
BRDA:106,5,1,0
BRDA:107,6,0,0
BRDA:107,6,1,0
BRDA:108,7,0,0
BRDA:108,7,1,0
BRDA:109,8,0,0
BRDA:109,8,1,0
BRDA:110,9,0,0
BRDA:112,10,0,0
BRDA:112,10,1,0
BRDA:115,11,0,0
BRDA:115,11,1,0
BRDA:138,12,0,0
BRDA:138,12,1,0
BRDA:139,13,0,0
BRDA:139,13,1,0
BRDA:162,14,0,0
BRDA:162,14,1,0
BRDA:184,15,0,0
BRDA:184,16,0,0
BRDA:184,16,1,0
BRDA:193,17,0,0
BRDA:193,17,1,0
BRDA:197,18,0,0
BRDA:202,19,0,0
BRDA:202,19,1,0
BRDA:247,20,0,0
BRDA:247,20,1,0
BRDA:251,21,0,0
BRDA:256,22,0,0
BRDA:256,23,0,0
BRDA:256,23,1,0
BRDA:263,24,0,0
BRDA:265,25,0,0
BRDA:265,25,1,0
BRDA:267,26,0,0
BRDA:267,27,0,0
BRDA:267,27,1,0
BRDA:273,28,0,0
BRDA:273,29,0,0
BRDA:273,29,1,0
BRDA:273,29,2,0
BRDA:283,30,0,0
BRDA:283,30,1,0
BRDA:307,31,0,0
BRDA:307,31,1,0
BRDA:337,32,0,0
BRDA:337,32,1,0
BRDA:341,33,0,0
BRDA:346,34,0,0
BRDA:352,35,0,0
BRDA:369,36,0,0
BRDA:369,36,1,0
BRDA:388,37,0,0
BRDA:390,38,0,0
BRDA:394,39,0,0
BRDA:394,39,1,0
BRDA:396,40,0,0
BRDA:396,40,1,0
BRDA:396,40,2,0
BRDA:410,41,0,0
BRDA:410,41,1,0
BRDA:421,42,0,0
BRDA:426,43,0,0
BRDA:441,44,0,0
BRDA:442,45,0,0
BRDA:443,46,0,0
BRDA:447,47,0,0
BRDA:447,47,1,0
BRDA:448,48,0,0
BRDA:448,48,1,0
BRDA:449,49,0,0
BRDA:449,49,1,0
BRDA:450,50,0,0
BRDA:450,50,1,0
BRDA:455,51,0,0
BRDA:456,52,0,0
BRDA:460,53,0,0
BRDA:460,53,1,0
BRDA:460,54,0,0
BRDA:460,54,1,0
BRDA:460,55,0,0
BRDA:460,55,1,0
BRDA:468,56,0,0
BRDA:472,57,0,0
BRDA:476,58,0,0
BRDA:476,59,0,0
BRDA:476,59,1,0
BRDA:480,60,0,0
BRDA:480,61,0,0
BRDA:480,61,1,0
BRDA:491,62,0,0
BRDA:495,63,0,0
BRDA:501,64,0,0
BRDA:501,65,0,0
BRDA:501,65,1,0
BRDA:508,66,0,0
BRDA:508,66,1,0
BRDA:510,67,0,0
BRDA:510,68,0,0
BRDA:510,68,1,0
BRDA:521,69,0,0
BRDA:521,70,0,0
BRDA:521,70,1,0
BRDA:525,71,0,0
BRDA:525,72,0,0
BRDA:525,72,1,0
BRDA:529,73,0,0
BRDA:529,74,0,0
BRDA:529,74,1,0
BRF:119
BRH:0
end_of_record
TN:
SF:src\app\api\ads\[id]\analytics\route.ts
FN:8,(anonymous_1)
FN:142,getAdStatus
FN:154,generateDailyMetrics
FNF:3
FNH:0
FNDA:0,(anonymous_1)
FNDA:0,getAdStatus
FNDA:0,generateDailyMetrics
DA:2,0
DA:3,0
DA:4,0
DA:7,0
DA:9,0
DA:10,0
DA:11,0
DA:14,0
DA:21,0
DA:22,0
DA:26,0
DA:27,0
DA:29,0
DA:31,0
DA:32,0
DA:34,0
DA:35,0
DA:37,0
DA:38,0
DA:40,0
DA:41,0
DA:43,0
DA:47,0
DA:108,0
DA:112,0
DA:116,0
DA:120,0
DA:124,0
DA:128,0
DA:143,0
DA:145,0
DA:146,0
DA:147,0
DA:148,0
DA:150,0
DA:155,0
DA:156,0
DA:158,0
DA:159,0
DA:160,0
DA:161,0
DA:162,0
DA:164,0
DA:172,0
DA:175,0
LF:45
LH:0
BRDA:11,0,0,0
BRDA:11,0,1,0
BRDA:17,1,0,0
BRDA:17,1,1,0
BRDA:21,2,0,0
BRDA:29,3,0,0
BRDA:29,3,1,0
BRDA:29,3,2,0
BRDA:29,3,3,0
BRDA:29,3,4,0
BRDA:95,4,0,0
BRDA:95,4,1,0
BRDA:108,5,0,0
BRDA:108,5,1,0
BRDA:112,6,0,0
BRDA:112,6,1,0
BRDA:116,7,0,0
BRDA:116,7,1,0
BRDA:120,8,0,0
BRDA:120,8,1,0
BRDA:124,9,0,0
BRDA:124,9,1,0
BRDA:145,10,0,0
BRDA:145,10,1,0
BRDA:147,11,0,0
BRDA:147,11,1,0
BRF:26
BRH:0
end_of_record
TN:
SF:src\app\api\ads\[id]\analytics\export\route.ts
FN:8,(anonymous_1)
FN:62,(anonymous_2)
FN:83,(anonymous_3)
FN:102,generateDailyMetrics
FNF:4
FNH:0
FNDA:0,(anonymous_1)
FNDA:0,(anonymous_2)
FNDA:0,(anonymous_3)
FNDA:0,generateDailyMetrics
DA:1,0
DA:2,0
DA:3,0
DA:4,0
DA:7,0
DA:9,0
DA:10,0
DA:11,0
DA:14,0
DA:21,0
DA:22,0
DA:26,0
DA:27,0
DA:29,0
DA:31,0
DA:32,0
DA:34,0
DA:35,0
DA:37,0
DA:38,0
DA:40,0
DA:41,0
DA:43,0
DA:47,0
DA:50,0
DA:62,0
DA:63,0
DA:64,0
DA:65,0
DA:66,0
DA:68,0
DA:81,0
DA:83,0
DA:87,0
DA:103,0
DA:104,0
DA:106,0
DA:107,0
DA:108,0
DA:109,0
DA:110,0
DA:112,0
DA:120,0
DA:123,0
LF:44
LH:0
BRDA:11,0,0,0
BRDA:11,0,1,0
BRDA:17,1,0,0
BRDA:17,1,1,0
BRDA:21,2,0,0
BRDA:29,3,0,0
BRDA:29,3,1,0
BRDA:29,3,2,0
BRDA:29,3,3,0
BRDA:29,3,4,0
BRDA:63,4,0,0
BRDA:63,4,1,0
BRDA:64,5,0,0
BRDA:64,5,1,0
BRDA:65,6,0,0
BRDA:65,6,1,0
BRDA:66,7,0,0
BRDA:66,7,1,0
BRF:18
BRH:0
end_of_record
TN:
SF:src\app\api\ads\click\route.ts
FN:14,POST
FNF:1
FNH:0
FNDA:0,POST
DA:1,0
DA:2,0
DA:3,0
DA:5,0
DA:14,0
DA:15,0
DA:16,0
DA:19,0
DA:22,0
DA:33,0
DA:40,0
DA:42,0
DA:43,0
DA:53,0
LF:14
LH:0
BRDA:42,0,0,0
BRDA:57,1,0,0
BRDA:57,1,1,0
BRF:3
BRH:0
end_of_record
TN:
SF:src\app\api\ads\conversion\route.ts
FN:10,(anonymous_1)
FN:189,calculateConversionFunnel
FN:224,(anonymous_3)
FN:236,generateConversionTimeline
FN:239,(anonymous_5)
FN:252,(anonymous_6)
FN:257,(anonymous_7)
FNF:7
FNH:0
FNDA:0,(anonymous_1)
FNDA:0,calculateConversionFunnel
FNDA:0,(anonymous_3)
FNDA:0,generateConversionTimeline
FNDA:0,(anonymous_5)
FNDA:0,(anonymous_6)
FNDA:0,(anonymous_7)
DA:2,0
DA:3,0
DA:4,0
DA:5,0
DA:9,0
DA:11,0
DA:13,0
DA:14,0
DA:18,0
DA:19,0
DA:33,0
DA:34,0
DA:38,0
DA:39,0
DA:40,0
DA:41,0
DA:54,0
DA:55,0
DA:59,0
DA:60,0
DA:61,0
DA:62,0
DA:64,0
DA:66,0
DA:71,0
DA:72,0
DA:74,0
DA:88,0
DA:89,0
DA:97,0
DA:98,0
DA:116,0
DA:124,0
DA:130,0
DA:131,0
DA:134,0
DA:135,0
DA:137,0
DA:138,0
DA:139,0
DA:140,0
DA:141,0
DA:142,0
DA:145,0
DA:146,0
DA:151,0
DA:153,0
DA:191,0
DA:192,0
DA:204,0
DA:206,0
DA:207,0
DA:223,0
DA:224,0
DA:237,0
DA:239,0
DA:240,0
DA:242,0
DA:243,0
DA:246,0
DA:247,0
DA:251,0
DA:252,0
DA:257,0
LF:64
LH:0
BRDA:13,0,0,0
BRDA:33,1,0,0
BRDA:39,2,0,0
BRDA:54,3,0,0
BRDA:60,4,0,0
BRDA:60,4,1,0
BRDA:64,5,0,0
BRDA:78,6,0,0
BRDA:78,6,1,0
BRDA:88,7,0,0
BRDA:101,8,0,0
BRDA:101,8,1,0
BRDA:101,8,2,0
BRDA:102,9,0,0
BRDA:102,9,1,0
BRDA:104,10,0,0
BRDA:104,10,1,0
BRDA:105,11,0,0
BRDA:105,11,1,0
BRDA:130,12,0,0
BRDA:130,12,1,0
BRDA:131,13,0,0
BRDA:131,13,1,0
BRDA:135,14,0,0
BRDA:135,15,0,0
BRDA:135,15,1,0
BRDA:139,16,0,0
BRDA:139,16,1,0
BRDA:140,17,0,0
BRDA:140,17,1,0
BRDA:141,18,0,0
BRDA:142,19,0,0
BRDA:142,19,1,0
BRDA:145,20,0,0
BRDA:170,21,0,0
BRDA:170,21,1,0
BRDA:227,22,0,0
BRDA:227,22,1,0
BRDA:228,23,0,0
BRDA:228,23,1,0
BRDA:228,24,0,0
BRDA:228,24,1,0
BRDA:242,25,0,0
BRDA:247,26,0,0
BRDA:247,26,1,0
BRF:45
BRH:0
end_of_record
TN:
SF:src\app\api\ads\display\route.ts
FN:4,GET
FN:73,(anonymous_2)
FN:104,selectAdsWithRotation
FN:110,(anonymous_4)
FN:129,(anonymous_5)
FN:140,(anonymous_6)
FNF:6
FNH:0
FNDA:0,GET
FNDA:0,(anonymous_2)
FNDA:0,selectAdsWithRotation
FNDA:0,(anonymous_4)
FNDA:0,(anonymous_5)
FNDA:0,(anonymous_6)
DA:1,0
DA:2,0
DA:4,0
DA:5,0
DA:6,0
DA:7,0
DA:8,0
DA:9,0
DA:12,0
DA:13,0
DA:24,0
DA:25,0
DA:29,0
DA:30,0
DA:45,0
DA:61,0
DA:62,0
DA:70,0
DA:73,0
DA:84,0
DA:91,0
DA:92,0
DA:105,0
DA:106,0
DA:110,0
DA:111,0
DA:112,0
DA:113,0
DA:116,0
DA:120,0
DA:122,0
DA:129,0
DA:132,0
DA:135,0
DA:136,0
DA:138,0
DA:140,0
DA:141,0
DA:143,0
DA:144,0
DA:145,0
DA:146,0
DA:147,0
DA:148,0
DA:152,0
DA:153,0
DA:156,0
LF:47
LH:0
BRDA:7,0,0,0
BRDA:7,0,1,0
BRDA:8,1,0,0
BRDA:8,1,1,0
BRDA:24,2,0,0
BRDA:29,3,0,0
BRDA:61,4,0,0
BRDA:96,5,0,0
BRDA:96,5,1,0
BRDA:105,6,0,0
BRDA:111,7,0,0
BRDA:111,7,1,0
BRDA:112,8,0,0
BRDA:112,8,1,0
BRDA:113,9,0,0
BRDA:113,9,1,0
BRDA:116,10,0,0
BRDA:116,10,1,0
BRDA:138,11,0,0
BRDA:138,11,1,0
BRDA:146,12,0,0
BRF:21
BRH:0
end_of_record
TN:
SF:src\app\api\ads\email-click\route.ts
FN:4,GET
FNF:1
FNH:0
FNDA:0,GET
DA:1,0
DA:2,0
DA:4,0
DA:5,0
DA:6,0
DA:7,0
DA:8,0
DA:9,0
DA:10,0
DA:11,0
DA:12,0
DA:15,0
DA:16,0
DA:23,0
DA:24,0
DA:26,0
DA:33,0
DA:34,0
DA:42,0
DA:47,0
DA:50,0
DA:53,0
DA:54,0
DA:55,0
DA:56,0
DA:57,0
DA:63,0
LF:27
LH:0
BRDA:11,0,0,0
BRDA:11,0,1,0
BRDA:12,1,0,0
BRDA:12,1,1,0
BRDA:15,2,0,0
BRDA:15,3,0,0
BRDA:15,3,1,0
BRDA:35,4,0,0
BRDA:35,4,1,0
BRDA:36,5,0,0
BRDA:36,5,1,0
BRDA:38,6,0,0
BRDA:38,6,1,0
BRDA:54,7,0,0
BRF:14
BRH:0
end_of_record
TN:
SF:src\app\api\ads\email-impression\route.ts
FN:4,GET
FNF:1
FNH:0
FNDA:0,GET
DA:1,0
DA:2,0
DA:4,0
DA:5,0
DA:6,0
DA:7,0
DA:8,0
DA:9,0
DA:10,0
DA:11,0
DA:13,0
DA:15,0
DA:30,0
DA:31,0
DA:40,0
DA:45,0
DA:59,0
DA:62,0
LF:18
LH:0
BRDA:10,0,0,0
BRDA:10,0,1,0
BRDA:11,1,0,0
BRDA:11,1,1,0
BRDA:13,2,0,0
BRDA:32,3,0,0
BRDA:32,3,1,0
BRDA:33,4,0,0
BRDA:33,4,1,0
BRDA:34,5,0,0
BRDA:34,5,1,0
BRDA:36,6,0,0
BRDA:36,6,1,0
BRF:13
BRH:0
end_of_record
TN:
SF:src\app\api\ads\impression\route.ts
FN:15,POST
FNF:1
FNH:0
FNDA:0,POST
DA:1,0
DA:2,0
DA:3,0
DA:5,0
DA:15,0
DA:16,0
DA:17,0
DA:20,0
DA:23,0
DA:35,0
DA:42,0
DA:44,0
DA:45,0
DA:55,0
LF:14
LH:0
BRDA:44,0,0,0
BRDA:59,1,0,0
BRDA:59,1,1,0
BRF:3
BRH:0
end_of_record
TN:
SF:src\app\api\ads\stats\route.ts
FN:15,(anonymous_1)
FN:69,(anonymous_2)
FN:93,(anonymous_3)
FN:139,generateAnalyticsData
FN:201,groupAnalyticsData
FN:209,(anonymous_6)
FN:229,(anonymous_7)
FN:250,(anonymous_8)
FN:260,(anonymous_9)
FN:270,(anonymous_10)
FN:299,(anonymous_11)
FN:303,generateTrendData
FN:316,(anonymous_13)
FN:327,calculateSummaryMetrics
FN:330,(anonymous_15)
FN:331,(anonymous_16)
FN:332,(anonymous_17)
FN:333,(anonymous_18)
FN:334,(anonymous_19)
FN:345,(anonymous_20)
FN:370,generateInsights
FN:380,(anonymous_22)
FN:381,(anonymous_23)
FN:396,(anonymous_24)
FN:397,(anonymous_25)
FN:406,(anonymous_26)
FN:411,(anonymous_27)
FN:421,(anonymous_28)
FN:422,(anonymous_29)
FNF:29
FNH:0
FNDA:0,(anonymous_1)
FNDA:0,(anonymous_2)
FNDA:0,(anonymous_3)
FNDA:0,generateAnalyticsData
FNDA:0,groupAnalyticsData
FNDA:0,(anonymous_6)
FNDA:0,(anonymous_7)
FNDA:0,(anonymous_8)
FNDA:0,(anonymous_9)
FNDA:0,(anonymous_10)
FNDA:0,(anonymous_11)
FNDA:0,generateTrendData
FNDA:0,(anonymous_13)
FNDA:0,calculateSummaryMetrics
FNDA:0,(anonymous_15)
FNDA:0,(anonymous_16)
FNDA:0,(anonymous_17)
FNDA:0,(anonymous_18)
FNDA:0,(anonymous_19)
FNDA:0,(anonymous_20)
FNDA:0,generateInsights
FNDA:0,(anonymous_22)
FNDA:0,(anonymous_23)
FNDA:0,(anonymous_24)
FNDA:0,(anonymous_25)
FNDA:0,(anonymous_26)
FNDA:0,(anonymous_27)
FNDA:0,(anonymous_28)
FNDA:0,(anonymous_29)
DA:2,0
DA:3,0
DA:4,0
DA:5,0
DA:11,0
DA:14,0
DA:16,0
DA:26,0
DA:29,0
DA:31,0
DA:33,0
DA:34,0
DA:36,0
DA:38,0
DA:40,0
DA:44,0
DA:45,0
DA:49,0
DA:50,0
DA:51,0
DA:53,0
DA:54,0
DA:58,0
DA:67,0
DA:71,0
DA:72,0
DA:84,0
DA:85,0
DA:93,0
DA:96,0
DA:105,0
DA:108,0
DA:110,0
DA:146,0
DA:152,0
DA:153,0
DA:185,0
DA:192,0
DA:197,0
DA:206,0
DA:209,0
DA:210,0
DA:212,0
DA:214,0
DA:215,0
DA:216,0
DA:218,0
DA:220,0
DA:222,0
DA:224,0
DA:229,0
DA:230,0
DA:231,0
DA:232,0
DA:244,0
DA:245,0
DA:246,0
DA:250,0
DA:251,0
DA:252,0
DA:253,0
DA:254,0
DA:255,0
DA:260,0
DA:261,0
DA:262,0
DA:263,0
DA:264,0
DA:265,0
DA:270,0
DA:271,0
DA:272,0
DA:274,0
DA:275,0
DA:276,0
DA:277,0
DA:278,0
DA:281,0
DA:283,0
DA:284,0
DA:285,0
DA:286,0
DA:287,0
DA:288,0
DA:289,0
DA:290,0
DA:291,0
DA:292,0
DA:295,0
DA:296,0
DA:298,0
DA:299,0
DA:308,0
DA:310,0
DA:316,0
DA:328,0
DA:330,0
DA:331,0
DA:332,0
DA:333,0
DA:334,0
DA:336,0
DA:337,0
DA:338,0
DA:339,0
DA:342,0
DA:343,0
DA:345,0
DA:346,0
DA:348,0
DA:349,0
DA:354,0
DA:371,0
DA:372,0
DA:374,0
DA:375,0
DA:376,0
DA:380,0
DA:381,0
DA:383,0
DA:384,0
DA:385,0
DA:386,0
DA:389,0
DA:390,0
DA:391,0
DA:392,0
DA:396,0
DA:397,0
DA:399,0
DA:400,0
DA:401,0
DA:402,0
DA:406,0
DA:407,0
DA:408,0
DA:411,0
DA:412,0
DA:413,0
DA:417,0
DA:418,0
DA:419,0
DA:421,0
DA:422,0
DA:424,0
DA:425,0
DA:426,0
DA:427,0
DA:431,0
LF:149
LH:0
BRDA:31,0,0,0
BRDA:31,0,1,0
BRDA:33,1,0,0
BRDA:36,2,0,0
BRDA:36,2,1,0
BRDA:44,3,0,0
BRDA:44,4,0,0
BRDA:44,4,1,0
BRDA:50,5,0,0
BRDA:53,6,0,0
BRDA:62,7,0,0
BRDA:62,7,1,0
BRDA:62,8,0,0
BRDA:62,8,1,0
BRDA:63,9,0,0
BRDA:63,9,1,0
BRDA:64,10,0,0
BRDA:64,10,1,0
BRDA:84,11,0,0
BRDA:99,12,0,0
BRDA:99,12,1,0
BRDA:100,13,0,0
BRDA:100,13,1,0
BRDA:116,14,0,0
BRDA:116,14,1,0
BRDA:117,15,0,0
BRDA:117,15,1,0
BRDA:125,16,0,0
BRDA:125,16,1,0
BRDA:148,17,0,0
BRDA:148,17,1,0
BRDA:210,18,0,0
BRDA:210,18,1,0
BRDA:210,18,2,0
BRDA:210,18,3,0
BRDA:210,18,4,0
BRDA:210,18,5,0
BRDA:222,19,0,0
BRDA:222,19,1,0
BRDA:231,20,0,0
BRDA:245,21,0,0
BRDA:246,22,0,0
BRDA:252,23,0,0
BRDA:254,24,0,0
BRDA:255,25,0,0
BRDA:262,26,0,0
BRDA:264,27,0,0
BRDA:264,27,1,0
BRDA:265,28,0,0
BRDA:274,29,0,0
BRDA:274,29,1,0
BRDA:275,30,0,0
BRDA:275,30,1,0
BRDA:276,31,0,0
BRDA:276,31,1,0
BRDA:277,32,0,0
BRDA:277,32,1,0
BRDA:278,33,0,0
BRDA:278,33,1,0
BRDA:283,34,0,0
BRDA:284,35,0,0
BRDA:285,36,0,0
BRDA:286,37,0,0
BRDA:287,38,0,0
BRDA:288,39,0,0
BRDA:289,40,0,0
BRDA:290,41,0,0
BRDA:291,42,0,0
BRDA:292,43,0,0
BRDA:308,44,0,0
BRDA:308,44,1,0
BRDA:318,45,0,0
BRDA:318,45,1,0
BRDA:319,46,0,0
BRDA:319,46,1,0
BRDA:320,47,0,0
BRDA:320,47,1,0
BRDA:321,48,0,0
BRDA:321,48,1,0
BRDA:322,49,0,0
BRDA:322,49,1,0
BRDA:330,50,0,0
BRDA:330,50,1,0
BRDA:331,51,0,0
BRDA:331,51,1,0
BRDA:332,52,0,0
BRDA:332,52,1,0
BRDA:333,53,0,0
BRDA:333,53,1,0
BRDA:334,54,0,0
BRDA:334,54,1,0
BRDA:336,55,0,0
BRDA:336,55,1,0
BRDA:337,56,0,0
BRDA:337,56,1,0
BRDA:338,57,0,0
BRDA:338,57,1,0
BRDA:339,58,0,0
BRDA:339,58,1,0
BRDA:346,59,0,0
BRDA:374,60,0,0
BRDA:380,61,0,0
BRDA:380,61,1,0
BRDA:381,62,0,0
BRDA:381,62,1,0
BRDA:383,63,0,0
BRDA:383,63,1,0
BRDA:385,64,0,0
BRDA:389,65,0,0
BRDA:389,65,1,0
BRDA:391,66,0,0
BRDA:396,67,0,0
BRDA:396,67,1,0
BRDA:397,68,0,0
BRDA:397,68,1,0
BRDA:399,69,0,0
BRDA:399,69,1,0
BRDA:401,70,0,0
BRDA:407,71,0,0
BRDA:407,71,1,0
BRDA:412,72,0,0
BRDA:417,73,0,0
BRDA:421,74,0,0
BRDA:421,74,1,0
BRDA:422,75,0,0
BRDA:422,75,1,0
BRDA:424,76,0,0
BRDA:424,76,1,0
BRDA:426,77,0,0
BRF:129
BRH:0
end_of_record
TN:
SF:src\app\api\adzuna-jobs-test\route.ts
FN:4,GET
FNF:1
FNH:0
FNDA:0,GET
DA:1,0
DA:2,0
DA:4,0
DA:5,0
DA:6,0
DA:7,0
DA:9,0
LF:7
LH:0
BRDA:9,0,0,0
BRDA:9,0,1,0
BRF:2
BRH:0
end_of_record
TN:
SF:src\app\api\alerts\route.ts
FN:37,GET
FN:74,POST
FN:131,(anonymous_6)
FN:169,(anonymous_7)
FN:199,(anonymous_8)
FN:218,(anonymous_9)
FN:222,(anonymous_10)
FN:257,(anonymous_11)
FNF:8
FNH:0
FNDA:0,GET
FNDA:0,POST
FNDA:0,(anonymous_6)
FNDA:0,(anonymous_7)
FNDA:0,(anonymous_8)
FNDA:0,(anonymous_9)
FNDA:0,(anonymous_10)
FNDA:0,(anonymous_11)
DA:1,0
DA:2,0
DA:3,0
DA:4,0
DA:5,0
DA:6,0
DA:7,0
DA:8,0
DA:15,0
DA:19,0
DA:22,0
DA:37,0
DA:38,0
DA:39,0
DA:41,0
DA:42,0
DA:45,0
DA:49,0
DA:50,0
DA:53,0
DA:63,0
DA:65,0
DA:66,0
DA:74,0
DA:75,0
DA:76,0
DA:78,0
DA:79,0
DA:82,0
DA:86,0
DA:87,0
DA:90,0
DA:91,0
DA:94,0
DA:98,0
DA:99,0
DA:105,0
DA:112,0
DA:114,0
DA:115,0
DA:121,0
DA:122,0
DA:130,0
DA:132,0
DA:142,0
DA:145,0
DA:150,0
DA:151,0
DA:154,0
DA:155,0
DA:159,0
DA:167,0
DA:171,0
DA:172,0
DA:177,0
DA:178,0
DA:199,0
DA:202,0
DA:203,0
DA:217,0
DA:218,0
DA:222,0
DA:231,0
DA:233,0
DA:238,0
DA:256,0
DA:258,0
DA:261,0
DA:262,0
DA:266,0
DA:267,0
DA:268,0
DA:274,0
DA:275,0
DA:297,0
DA:301,0
DA:303,0
LF:77
LH:0
BRDA:41,0,0,0
BRDA:49,1,0,0
BRDA:78,2,0,0
BRDA:86,3,0,0
BRDA:98,4,0,0
BRDA:114,5,0,0
BRDA:150,6,0,0
BRDA:154,7,0,0
BRDA:164,8,0,0
BRDA:164,8,1,0
BRDA:164,9,0,0
BRDA:164,9,1,0
BRDA:164,10,0,0
BRDA:164,10,1,0
BRDA:164,11,0,0
BRDA:164,11,1,0
BRDA:180,12,0,0
BRDA:180,12,1,0
BRDA:180,13,0,0
BRDA:180,13,1,0
BRDA:181,14,0,0
BRDA:181,14,1,0
BRDA:181,15,0,0
BRDA:181,15,1,0
BRDA:182,16,0,0
BRDA:182,16,1,0
BRDA:226,17,0,0
BRDA:226,17,1,0
BRDA:231,18,0,0
BRDA:231,18,1,0
BRDA:231,19,0,0
BRDA:231,19,1,0
BRDA:266,20,0,0
BRDA:266,20,1,0
BRDA:267,21,0,0
BRDA:279,22,0,0
BRDA:279,22,1,0
BRF:37
BRH:0
end_of_record
TN:
SF:src\app\api\alerts\[id]\route.ts
FN:17,(anonymous_4)
FN:30,(anonymous_5)
FN:59,(anonymous_6)
FN:100,(anonymous_7)
FN:169,(anonymous_8)
FN:214,calculateNextRun
FNF:6
FNH:0
FNDA:0,(anonymous_4)
FNDA:0,(anonymous_5)
FNDA:0,(anonymous_6)
FNDA:0,(anonymous_7)
FNDA:0,(anonymous_8)
FNDA:0,calculateNextRun
DA:2,0
DA:3,0
DA:4,0
DA:5,0
DA:6,0
DA:13,0
DA:16,0
DA:18,0
DA:19,0
DA:22,0
DA:28,0
DA:32,0
DA:33,0
DA:53,0
DA:54,0
DA:59,0
DA:69,0
DA:77,0
DA:99,0
DA:101,0
DA:102,0
DA:105,0
DA:106,0
DA:113,0
DA:114,0
DA:118,0
DA:119,0
DA:142,0
DA:149,0
DA:151,0
DA:168,0
DA:170,0
DA:171,0
DA:174,0
DA:175,0
DA:182,0
DA:183,0
DA:187,0
DA:188,0
DA:193,0
DA:199,0
DA:215,0
DA:217,0
DA:218,0
DA:222,0
DA:224,0
DA:226,0
DA:227,0
DA:229,0
DA:230,0
DA:232,0
DA:233,0
DA:235,0
DA:238,0
DA:239,0
DA:242,0
LF:56
LH:0
BRDA:53,0,0,0
BRDA:113,1,0,0
BRDA:182,2,0,0
BRDA:215,3,0,0
BRDA:222,4,0,0
BRDA:222,4,1,0
BRDA:222,4,2,0
BRDA:222,4,3,0
BRDA:222,4,4,0
BRDA:238,5,0,0
BRF:10
BRH:0
end_of_record
TN:
SF:src\app\api\alerts\[id]\test\route.ts
FN:23,(anonymous_1)
FN:65,(anonymous_2)
FN:128,generateNotificationPreview
FN:133,(anonymous_4)
FN:137,(anonymous_5)
FNF:5
FNH:0
FNDA:0,(anonymous_1)
FNDA:0,(anonymous_2)
FNDA:0,generateNotificationPreview
FNDA:0,(anonymous_4)
FNDA:0,(anonymous_5)
DA:2,0
DA:3,0
DA:4,0
DA:5,0
DA:6,0
DA:13,0
DA:19,0
DA:22,0
DA:24,0
DA:25,0
DA:26,0
DA:29,0
DA:30,0
DA:46,0
DA:47,0
DA:51,0
DA:63,0
DA:67,0
DA:73,0
DA:76,0
DA:79,0
DA:80,0
DA:81,0
DA:92,0
DA:129,0
DA:131,0
DA:133,0
DA:137,0
LF:28
LH:0
BRDA:26,0,0,0
BRDA:26,0,1,0
BRDA:46,1,0,0
BRDA:69,2,0,0
BRDA:69,2,1,0
BRDA:70,3,0,0
BRDA:70,3,1,0
BRDA:71,4,0,0
BRDA:71,4,1,0
BRDA:80,5,0,0
BRDA:80,6,0,0
BRDA:80,6,1,0
BRDA:83,7,0,0
BRDA:83,7,1,0
BRDA:95,8,0,0
BRDA:95,8,1,0
BRDA:105,9,0,0
BRDA:105,9,1,0
BRDA:132,10,0,0
BRDA:132,10,1,0
BRDA:136,11,0,0
BRDA:136,11,1,0
BRDA:141,12,0,0
BRDA:141,12,1,0
BRDA:141,13,0,0
BRDA:141,13,1,0
BRDA:144,14,0,0
BRDA:144,14,1,0
BRDA:147,15,0,0
BRDA:147,15,1,0
BRF:30
BRH:0
end_of_record
TN:
SF:src\app\api\alerts\analytics\route.ts
FN:13,GET
FN:57,(anonymous_3)
FN:61,(anonymous_4)
FN:62,(anonymous_5)
FN:63,(anonymous_6)
FN:64,(anonymous_7)
FN:65,(anonymous_8)
FN:66,(anonymous_9)
FN:67,(anonymous_10)
FN:75,(anonymous_11)
FN:87,(anonymous_12)
FN:116,(anonymous_13)
FNF:12
FNH:0
FNDA:0,GET
FNDA:0,(anonymous_3)
FNDA:0,(anonymous_4)
FNDA:0,(anonymous_5)
FNDA:0,(anonymous_6)
FNDA:0,(anonymous_7)
FNDA:0,(anonymous_8)
FNDA:0,(anonymous_9)
FNDA:0,(anonymous_10)
FNDA:0,(anonymous_11)
FNDA:0,(anonymous_12)
FNDA:0,(anonymous_13)
DA:1,0
DA:2,0
DA:3,0
DA:4,0
DA:5,0
DA:7,0
DA:9,0
DA:13,0
DA:14,0
DA:15,0
DA:16,0
DA:17,0
DA:21,0
DA:25,0
DA:26,0
DA:29,0
DA:30,0
DA:34,0
DA:35,0
DA:36,0
DA:39,0
DA:56,0
DA:57,0
DA:60,0
DA:61,0
DA:62,0
DA:63,0
DA:64,0
DA:65,0
DA:66,0
DA:67,0
DA:75,0
DA:87,0
DA:88,0
DA:89,0
DA:91,0
DA:92,0
DA:102,0
DA:115,0
DA:116,0
DA:119,0
DA:135,0
DA:136,0
LF:43
LH:0
BRDA:16,0,0,0
BRDA:25,1,0,0
BRDA:77,2,0,0
BRDA:77,2,1,0
BRDA:83,3,0,0
BRDA:83,3,1,0
BRF:6
BRH:0
end_of_record
TN:
SF:src\app\api\analytics\funnel\route.ts
FN:4,GET
FN:28,POST
FN:66,generateFunnelAnalytics
FN:96,(anonymous_6)
FN:203,generateDropOffReasons
FN:250,generateOptimizationRecommendations
FN:258,(anonymous_9)
FN:260,(anonymous_10)
FNF:8
FNH:0
FNDA:0,GET
FNDA:0,POST
FNDA:0,generateFunnelAnalytics
FNDA:0,(anonymous_6)
FNDA:0,generateDropOffReasons
FNDA:0,generateOptimizationRecommendations
FNDA:0,(anonymous_9)
FNDA:0,(anonymous_10)
DA:2,0
DA:4,0
DA:5,0
DA:6,0
DA:7,0
DA:8,0
DA:9,0
DA:11,0
DA:15,0
DA:21,0
DA:23,0
DA:24,0
DA:28,0
DA:29,0
DA:30,0
DA:40,0
DA:44,0
DA:54,0
DA:60,0
DA:61,0
DA:71,0
DA:74,0
DA:93,0
DA:94,0
DA:96,0
DA:98,0
DA:100,0
DA:102,0
DA:103,0
DA:105,0
DA:106,0
DA:108,0
DA:109,0
DA:111,0
DA:112,0
DA:114,0
DA:115,0
DA:119,0
DA:120,0
DA:122,0
DA:123,0
DA:126,0
DA:128,0
DA:147,0
DA:148,0
DA:149,0
DA:150,0
DA:152,0
DA:153,0
DA:155,0
DA:156,0
DA:157,0
DA:158,0
DA:160,0
DA:162,0
DA:174,0
DA:178,0
DA:179,0
DA:181,0
DA:204,0
DA:207,0
DA:208,0
DA:209,0
DA:210,0
DA:211,0
DA:212,0
DA:213,0
DA:214,0
DA:215,0
DA:216,0
DA:217,0
DA:218,0
DA:219,0
DA:220,0
DA:221,0
DA:222,0
DA:226,0
DA:227,0
DA:228,0
DA:229,0
DA:230,0
DA:231,0
DA:232,0
DA:233,0
DA:234,0
DA:235,0
DA:236,0
DA:237,0
DA:241,0
DA:242,0
DA:243,0
DA:244,0
DA:247,0
DA:255,0
DA:258,0
DA:259,0
DA:260,0
DA:262,0
DA:263,0
DA:279,0
DA:280,0
DA:292,0
DA:305,0
LF:103
LH:0
BRDA:6,0,0,0
BRDA:6,0,1,0
BRDA:16,1,0,0
BRDA:16,1,1,0
BRDA:17,2,0,0
BRDA:17,2,1,0
BRDA:74,3,0,0
BRDA:74,3,1,0
BRDA:100,4,0,0
BRDA:100,4,1,0
BRDA:100,4,2,0
BRDA:100,4,3,0
BRDA:100,4,4,0
BRDA:122,5,0,0
BRDA:141,6,0,0
BRDA:141,6,1,0
BRDA:156,7,0,0
BRDA:156,7,1,0
BRDA:157,8,0,0
BRDA:157,8,1,0
BRDA:158,9,0,0
BRDA:167,10,0,0
BRDA:167,10,1,0
BRDA:174,11,0,0
BRDA:174,11,1,0
BRDA:183,12,0,0
BRDA:183,12,1,0
BRDA:207,13,0,0
BRDA:207,13,1,0
BRDA:207,14,0,0
BRDA:207,14,1,0
BRDA:211,15,0,0
BRDA:211,15,1,0
BRDA:211,16,0,0
BRDA:211,16,1,0
BRDA:215,17,0,0
BRDA:215,17,1,0
BRDA:215,18,0,0
BRDA:215,18,1,0
BRDA:219,19,0,0
BRDA:219,19,1,0
BRDA:219,20,0,0
BRDA:219,20,1,0
BRDA:226,21,0,0
BRDA:226,21,1,0
BRDA:226,22,0,0
BRDA:226,22,1,0
BRDA:230,23,0,0
BRDA:230,23,1,0
BRDA:230,24,0,0
BRDA:230,24,1,0
BRDA:234,25,0,0
BRDA:234,26,0,0
BRDA:234,26,1,0
BRDA:241,27,0,0
BRDA:259,28,0,0
BRDA:259,29,0,0
BRDA:259,29,1,0
BRDA:262,30,0,0
BRDA:266,31,0,0
BRDA:266,31,1,0
BRDA:279,32,0,0
BRDA:279,32,1,0
BRF:63
BRH:0
end_of_record
TN:
SF:src\app\api\analytics\performance\route.ts
FN:5,GET
FN:21,(anonymous_4)
FN:31,(anonymous_5)
FN:61,getRedisStats
FN:73,getWebVitalsSummary
FN:86,HEAD
FNF:6
FNH:0
FNDA:0,GET
FNDA:0,(anonymous_4)
FNDA:0,(anonymous_5)
FNDA:0,getRedisStats
FNDA:0,getWebVitalsSummary
FNDA:0,HEAD
DA:1,0
DA:2,0
DA:3,0
DA:5,0
DA:6,0
DA:7,0
DA:8,0
DA:10,0
DA:15,0
DA:16,0
DA:21,0
DA:27,0
DA:28,0
DA:31,0
DA:36,0
DA:37,0
DA:47,0
DA:48,0
DA:51,0
DA:53,0
DA:54,0
DA:64,0
DA:76,0
DA:86,0
DA:87,0
LF:25
LH:0
BRDA:8,0,0,0
BRDA:8,0,1,0
BRDA:15,1,0,0
BRDA:15,2,0,0
BRDA:15,2,1,0
BRDA:21,3,0,0
BRDA:21,3,1,0
BRDA:27,4,0,0
BRDA:27,5,0,0
BRDA:27,5,1,0
BRDA:36,6,0,0
BRDA:36,7,0,0
BRDA:36,7,1,0
BRDA:47,8,0,0
BRDA:47,9,0,0
BRDA:47,9,1,0
BRF:16
BRH:0
end_of_record
TN:
SF:src\app\api\analytics\web-vitals\route.ts
FN:7,POST
FN:50,GET
FN:59,(anonymous_5)
FN:64,(anonymous_6)
FNF:4
FNH:0
FNDA:0,POST
FNDA:0,GET
FNDA:0,(anonymous_5)
FNDA:0,(anonymous_6)
DA:1,0
DA:5,0
DA:7,0
DA:8,0
DA:9,0
DA:12,0
DA:13,0
DA:20,0
DA:28,0
DA:31,0
DA:32,0
DA:40,0
DA:42,0
DA:43,0
DA:50,0
DA:51,0
DA:52,0
DA:53,0
DA:54,0
DA:56,0
DA:58,0
DA:59,0
DA:62,0
DA:64,0
DA:66,0
DA:71,0
DA:72,0
LF:27
LH:0
BRDA:12,0,0,0
BRDA:12,1,0,0
BRDA:12,1,1,0
BRDA:23,2,0,0
BRDA:23,2,1,0
BRDA:24,3,0,0
BRDA:24,3,1,0
BRDA:31,4,0,0
BRDA:53,5,0,0
BRDA:53,5,1,0
BRDA:58,6,0,0
BRDA:64,7,0,0
BRDA:64,7,1,0
BRDA:64,8,0,0
BRDA:64,8,1,0
BRF:15
BRH:0
end_of_record
TN:
SF:src\app\api\auth\authOptions.ts
FN:39,(anonymous_2)
FN:121,(anonymous_3)
FN:128,(anonymous_4)
FNF:3
FNH:0
FNDA:0,(anonymous_2)
FNDA:0,(anonymous_3)
FNDA:0,(anonymous_4)
DA:1,0
DA:2,0
DA:3,0
DA:4,0
DA:12,0
DA:13,0
DA:14,0
DA:15,0
DA:16,0
DA:18,0
DA:20,0
DA:40,0
DA:41,0
DA:42,0
DA:43,0
DA:45,0
DA:46,0
DA:47,0
DA:48,0
DA:49,0
DA:52,0
DA:54,0
DA:55,0
DA:56,0
DA:60,0
DA:61,0
DA:62,0
DA:63,0
DA:64,0
DA:65,0
DA:66,0
DA:67,0
DA:68,0
DA:71,0
DA:72,0
DA:73,0
DA:76,0
DA:77,0
DA:78,0
DA:80,0
DA:81,0
DA:83,0
DA:84,0
DA:85,0
DA:88,0
DA:89,0
DA:90,0
DA:93,0
DA:94,0
DA:100,0
DA:101,0
DA:104,0
DA:105,0
DA:106,0
DA:107,0
DA:122,0
DA:123,0
DA:124,0
DA:126,0
DA:129,0
DA:130,0
DA:142,0
LF:62
LH:0
BRDA:27,0,0,0
BRDA:27,0,1,0
BRDA:45,1,0,0
BRDA:45,2,0,0
BRDA:45,2,1,0
BRDA:62,3,0,0
BRDA:71,4,0,0
BRDA:71,5,0,0
BRDA:71,5,1,0
BRDA:83,6,0,0
BRDA:88,7,0,0
BRDA:105,8,0,0
BRDA:105,8,1,0
BRDA:106,9,0,0
BRDA:106,9,1,0
BRDA:123,10,0,0
BRF:16
BRH:0
end_of_record
TN:
SF:src\app\api\auth\prisma.ts
FNF:0
FNH:0
DA:1,0
DA:3,0
DA:5,0
DA:6,0
DA:13,0
DA:14,0
DA:17,0
DA:18,0
LF:8
LH:0
BRDA:6,0,0,0
BRDA:6,0,1,0
BRDA:13,1,0,0
BRDA:17,2,0,0
BRF:4
BRH:0
end_of_record
TN:
SF:src\app\api\auth\requireAuth.ts
FN:10,requireAuth
FNF:1
FNH:0
FNDA:0,requireAuth
DA:1,0
DA:2,0
DA:3,0
DA:10,0
DA:11,0
DA:12,0
DA:13,0
DA:15,0
LF:8
LH:0
BRDA:12,0,0,0
BRF:1
BRH:0
end_of_record
TN:
SF:src\app\api\auth\requireRole.ts
FN:12,requireRole
FNF:1
FNH:0
FNDA:0,requireRole
DA:1,0
DA:2,0
DA:3,0
DA:12,0
DA:13,0
DA:14,0
DA:15,0
DA:17,0
DA:18,0
DA:19,0
DA:20,0
DA:22,0
LF:12
LH:0
BRDA:14,0,0,0
BRDA:14,1,0,0
BRDA:14,1,1,0
BRDA:18,2,0,0
BRDA:18,2,1,0
BRDA:19,3,0,0
BRDA:19,4,0,0
BRDA:19,4,1,0
BRF:8
BRH:0
end_of_record
TN:
SF:src\app\api\auth\2fa\disable\route.ts
FN:6,POST
FNF:1
FNH:0
FNDA:0,POST
DA:1,0
DA:2,0
DA:3,0
DA:4,0
DA:6,0
DA:7,0
DA:8,0
DA:9,0
DA:10,0
DA:13,0
DA:14,0
DA:16,0
DA:17,0
DA:23,0
DA:24,0
DA:29,0
DA:40,0
DA:41,0
DA:44,0
DA:45,0
DA:51,0
DA:58,0
DA:59,0
DA:65,0
DA:73,0
DA:79,0
DA:80,0
LF:27
LH:0
BRDA:9,0,0,0
BRDA:9,1,0,0
BRDA:9,1,1,0
BRDA:16,2,0,0
BRDA:16,3,0,0
BRDA:16,3,1,0
BRDA:23,4,0,0
BRDA:40,5,0,0
BRDA:44,6,0,0
BRDA:44,7,0,0
BRDA:44,7,1,0
BRDA:58,8,0,0
BRF:12
BRH:0
end_of_record
TN:
SF:src\app\api\auth\2fa\setup\route.ts
FN:7,POST
FNF:1
FNH:0
FNDA:0,POST
DA:1,0
DA:2,0
DA:3,0
DA:4,0
DA:5,0
DA:7,0
DA:8,0
DA:9,0
DA:10,0
DA:11,0
DA:15,0
DA:20,0
DA:21,0
DA:25,0
DA:26,0
DA:32,0
DA:33,0
DA:39,0
DA:45,0
DA:46,0
DA:52,0
DA:58,0
DA:59,0
DA:60,0
DA:65,0
DA:67,0
DA:74,0
DA:75,0
LF:28
LH:0
BRDA:10,0,0,0
BRDA:10,1,0,0
BRDA:10,1,1,0
BRDA:20,2,0,0
BRDA:25,3,0,0
BRDA:32,4,0,0
BRDA:45,5,0,0
BRDA:59,6,0,0
BRF:8
BRH:0
end_of_record
TN:
SF:src\app\api\auth\2fa\verify\route.ts
FN:6,POST
FNF:1
FNH:0
FNDA:0,POST
DA:1,0
DA:2,0
DA:3,0
DA:4,0
DA:6,0
DA:7,0
DA:8,0
DA:9,0
DA:10,0
DA:13,0
DA:14,0
DA:16,0
DA:17,0
DA:23,0
DA:24,0
DA:29,0
DA:40,0
DA:41,0
DA:44,0
DA:45,0
DA:51,0
DA:52,0
DA:58,0
DA:65,0
DA:67,0
DA:72,0
DA:77,0
DA:83,0
DA:84,0
LF:29
LH:0
BRDA:9,0,0,0
BRDA:9,1,0,0
BRDA:9,1,1,0
BRDA:16,2,0,0
BRDA:16,3,0,0
BRDA:16,3,1,0
BRDA:23,4,0,0
BRDA:40,5,0,0
BRDA:44,6,0,0
BRDA:51,7,0,0
BRDA:65,8,0,0
BRDA:65,8,1,0
BRF:12
BRH:0
end_of_record
TN:
SF:src\app\api\auth\[...nextauth]\route.ts
FN:9,(anonymous_4)
FN:21,(anonymous_5)
FNF:2
FNH:0
FNDA:0,(anonymous_4)
FNDA:0,(anonymous_5)
DA:1,0
DA:2,0
DA:4,0
DA:6,0
DA:9,0
DA:10,0
DA:11,0
DA:12,0
DA:13,0
DA:14,0
DA:16,0
DA:17,0
DA:21,0
DA:22,0
DA:23,0
DA:25,0
DA:26,0
DA:27,0
DA:28,0
DA:30,0
DA:33,0
DA:34,0
DA:35,0
DA:36,0
DA:38,0
DA:39,0
DA:40,0
DA:44,0
LF:28
LH:0
BRDA:39,0,0,0
BRDA:39,0,1,0
BRF:2
BRH:0
end_of_record
TN:
SF:src\app\api\auth\password-reset\route.ts
FN:7,POST
FN:73,PATCH
FN:96,(anonymous_9)
FNF:3
FNH:0
FNDA:0,POST
FNDA:0,PATCH
FNDA:0,(anonymous_9)
DA:1,0
DA:2,0
DA:3,0
DA:5,0
DA:7,0
DA:8,0
DA:10,0
DA:11,0
DA:14,0
DA:15,0
DA:17,0
DA:20,0
DA:21,0
DA:23,0
DA:28,0
DA:29,0
DA:32,0
DA:33,0
DA:34,0
DA:37,0
DA:47,0
DA:48,0
DA:66,0
DA:67,0
DA:70,0
DA:73,0
DA:74,0
DA:76,0
DA:77,0
DA:81,0
DA:82,0
DA:85,0
DA:92,0
DA:93,0
DA:96,0
DA:97,0
DA:99,0
DA:108,0
LF:38
LH:0
BRDA:10,0,0,0
BRDA:15,1,0,0
BRDA:28,2,0,0
BRDA:28,2,1,0
BRDA:32,3,0,0
BRDA:32,4,0,0
BRDA:32,4,1,0
BRDA:32,4,2,0
BRDA:39,5,0,0
BRDA:39,5,1,0
BRDA:50,6,0,0
BRDA:50,6,1,0
BRDA:67,7,0,0
BRDA:67,7,1,0
BRDA:76,8,0,0
BRDA:76,9,0,0
BRDA:76,9,1,0
BRDA:81,10,0,0
BRDA:92,11,0,0
BRF:19
BRH:0
end_of_record
TN:
SF:src\app\api\auth\register\route.ts
FN:7,POST
FNF:1
FNH:0
FNDA:0,POST
DA:1,0
DA:2,0
DA:3,0
DA:4,0
DA:5,0
DA:7,0
DA:8,0
DA:10,0
DA:11,0
DA:12,0
DA:14,0
DA:16,0
DA:17,0
DA:24,0
DA:25,0
DA:32,0
DA:33,0
DA:36,0
DA:45,0
DA:48,0
DA:49,0
DA:50,0
DA:51,0
DA:57,0
DA:60,0
DA:61,0
DA:63,0
DA:64,0
DA:69,0
DA:70,0
LF:30
LH:0
BRDA:16,0,0,0
BRDA:16,1,0,0
BRDA:16,1,1,0
BRDA:24,2,0,0
BRDA:32,3,0,0
BRDA:32,3,1,0
BRDA:49,4,0,0
BRF:7
BRH:0
end_of_record
TN:
SF:src\app\api\auth\verify\route.ts
FN:4,GET
FNF:1
FNH:0
FNDA:0,GET
DA:1,0
DA:2,0
DA:4,0
DA:5,0
DA:6,0
DA:8,0
DA:9,0
DA:12,0
DA:13,0
DA:14,0
DA:17,0
DA:18,0
DA:21,0
DA:30,0
LF:14
LH:0
BRDA:8,0,0,0
BRDA:13,1,0,0
BRDA:17,2,0,0
BRDA:17,3,0,0
BRDA:17,3,1,0
BRF:5
BRH:0
end_of_record
TN:
SF:src\app\api\auth\verify-email\route.ts
FN:4,GET
FN:57,POST
FN:89,(anonymous_8)
FNF:3
FNH:0
FNDA:0,GET
FNDA:0,POST
FNDA:0,(anonymous_8)
DA:1,0
DA:2,0
DA:4,0
DA:5,0
DA:6,0
DA:7,0
DA:9,0
DA:10,0
DA:17,0
DA:26,0
DA:27,0
DA:34,0
DA:44,0
DA:45,0
DA:47,0
DA:49,0
DA:50,0
DA:57,0
DA:58,0
DA:59,0
DA:60,0
DA:62,0
DA:63,0
DA:70,0
DA:74,0
DA:75,0
DA:81,0
DA:82,0
DA:89,0
DA:90,0
DA:91,0
DA:94,0
DA:105,0
DA:110,0
DA:111,0
LF:35
LH:0
BRDA:9,0,0,0
BRDA:26,1,0,0
BRDA:62,2,0,0
BRDA:74,3,0,0
BRDA:81,4,0,0
BRF:5
BRH:0
end_of_record
TN:
SF:src\app\api\company-profile\route.ts
FN:7,GET
FN:53,POST
FN:92,(anonymous_6)
FNF:3
FNH:0
FNDA:0,GET
FNDA:0,POST
FNDA:0,(anonymous_6)
DA:1,0
DA:2,0
DA:3,0
DA:4,0
DA:7,0
DA:8,0
DA:9,0
DA:10,0
DA:11,0
DA:17,0
DA:18,0
DA:19,0
DA:23,0
DA:30,0
DA:37,0
DA:38,0
DA:41,0
DA:42,0
DA:47,0
DA:48,0
DA:53,0
DA:54,0
DA:55,0
DA:57,0
DA:58,0
DA:61,0
DA:73,0
DA:76,0
DA:77,0
DA:83,0
DA:87,0
DA:88,0
DA:92,0
DA:93,0
DA:100,0
DA:103,0
DA:117,0
DA:118,0
DA:125,0
DA:127,0
DA:145,0
DA:165,0
DA:171,0
DA:176,0
DA:177,0
LF:45
LH:0
BRDA:17,0,0,0
BRDA:37,1,0,0
BRDA:37,2,0,0
BRDA:37,2,1,0
BRDA:37,2,2,0
BRDA:57,3,0,0
BRDA:76,4,0,0
BRDA:76,5,0,0
BRDA:76,5,1,0
BRDA:76,5,2,0
BRDA:87,6,0,0
BRDA:87,7,0,0
BRDA:87,7,1,0
BRDA:87,7,2,0
BRDA:117,8,0,0
BRDA:125,9,0,0
BRDA:125,9,1,0
BRDA:132,10,0,0
BRDA:132,10,1,0
BRDA:133,11,0,0
BRDA:133,11,1,0
BRDA:134,12,0,0
BRDA:134,12,1,0
BRDA:135,13,0,0
BRDA:135,13,1,0
BRDA:136,14,0,0
BRDA:136,14,1,0
BRDA:137,15,0,0
BRDA:137,15,1,0
BRDA:138,16,0,0
BRDA:138,16,1,0
BRDA:139,17,0,0
BRDA:139,17,1,0
BRDA:140,18,0,0
BRDA:140,18,1,0
BRDA:149,19,0,0
BRDA:149,19,1,0
BRDA:150,20,0,0
BRDA:150,20,1,0
BRDA:151,21,0,0
BRDA:151,21,1,0
BRDA:152,22,0,0
BRDA:152,22,1,0
BRDA:153,23,0,0
BRDA:153,23,1,0
BRDA:154,24,0,0
BRDA:154,24,1,0
BRDA:155,25,0,0
BRDA:155,25,1,0
BRDA:156,26,0,0
BRDA:156,26,1,0
BRDA:157,27,0,0
BRDA:157,27,1,0
BRF:53
BRH:0
end_of_record
TN:
SF:src\app\api\cron\cleanup-expired-tokens\route.ts
FN:5,verifyCronRequest
FN:24,POST
FN:132,GET
FNF:3
FNH:0
FNDA:0,verifyCronRequest
FNDA:0,POST
FNDA:0,GET
DA:1,0
DA:2,0
DA:6,0
DA:7,0
DA:10,0
DA:11,0
DA:15,0
DA:16,0
DA:17,0
DA:21,0
DA:24,0
DA:25,0
DA:27,0
DA:28,0
DA:34,0
DA:36,0
DA:37,0
DA:39,0
DA:46,0
DA:59,0
DA:60,0
DA:63,0
DA:76,0
DA:77,0
DA:80,0
DA:81,0
DA:88,0
DA:91,0
DA:92,0
DA:98,0
DA:100,0
DA:102,0
DA:104,0
DA:106,0
DA:120,0
DA:121,0
DA:132,0
DA:133,0
DA:134,0
DA:137,0
DA:146,0
DA:155,0
DA:156,0
DA:163,0
DA:175,0
LF:45
LH:0
BRDA:10,0,0,0
BRDA:10,1,0,0
BRDA:10,1,1,0
BRDA:16,2,0,0
BRDA:21,3,0,0
BRDA:21,3,1,0
BRDA:27,4,0,0
BRDA:124,5,0,0
BRDA:124,5,1,0
BRF:9
BRH:0
end_of_record
TN:
SF:src\app\api\cron\data-integrity-monitor\route.ts
FN:15,GET
FN:86,POST
FN:93,generateRecommendations
FNF:3
FNH:0
FNDA:0,GET
FNDA:0,POST
FNDA:0,generateRecommendations
DA:8,0
DA:9,0
DA:10,0
DA:12,0
DA:13,0
DA:15,0
DA:16,0
DA:18,0
DA:19,0
DA:21,0
DA:22,0
DA:23,0
DA:29,0
DA:30,0
DA:33,0
DA:35,0
DA:37,0
DA:38,0
DA:41,0
DA:42,0
DA:43,0
DA:44,0
DA:48,0
DA:59,0
DA:60,0
DA:65,0
DA:68,0
DA:71,0
DA:73,0
DA:86,0
DA:87,0
DA:94,0
DA:95,0
DA:98,0
DA:99,0
DA:105,0
DA:106,0
DA:112,0
DA:113,0
DA:119,0
DA:120,0
DA:126,0
DA:127,0
DA:132,0
DA:133,0
DA:138,0
LF:46
LH:0
BRDA:21,0,0,0
BRDA:42,1,0,0
BRDA:59,2,0,0
BRDA:59,2,1,0
BRDA:77,3,0,0
BRDA:77,3,1,0
BRDA:98,4,0,0
BRDA:105,5,0,0
BRDA:112,6,0,0
BRDA:119,7,0,0
BRDA:126,8,0,0
BRDA:132,9,0,0
BRF:12
BRH:0
end_of_record
TN:
SF:src\app\api\cron\refresh-job-stats\route.ts
FN:16,GET
FN:70,POST
FNF:2
FNH:0
FNDA:0,GET
FNDA:0,POST
DA:9,0
DA:10,0
DA:11,0
DA:13,0
DA:14,0
DA:16,0
DA:17,0
DA:19,0
DA:20,0
DA:22,0
DA:23,0
DA:24,0
DA:30,0
DA:31,0
DA:34,0
DA:36,0
DA:38,0
DA:41,0
DA:43,0
DA:55,0
DA:57,0
DA:70,0
DA:71,0
LF:23
LH:0
BRDA:22,0,0,0
BRDA:61,1,0,0
BRDA:61,1,1,0
BRF:3
BRH:0
end_of_record
TN:
SF:src\app\api\cron\send-email-alerts\route.ts
FN:16,verifyCronRequest
FN:35,POST
FN:45,(anonymous_5)
FN:149,GET
FN:179,getAlertsToProcess
FN:227,checkIfUserUnsubscribed
FN:238,findMatchingJobs
FN:254,(anonymous_10)
FNF:8
FNH:0
FNDA:0,verifyCronRequest
FNDA:0,POST
FNDA:0,(anonymous_5)
FNDA:0,GET
FNDA:0,getAlertsToProcess
FNDA:0,checkIfUserUnsubscribed
FNDA:0,findMatchingJobs
FNDA:0,(anonymous_10)
DA:1,0
DA:2,0
DA:3,0
DA:4,0
DA:5,0
DA:8,0
DA:17,0
DA:18,0
DA:21,0
DA:22,0
DA:26,0
DA:27,0
DA:28,0
DA:32,0
DA:35,0
DA:36,0
DA:38,0
DA:39,0
DA:45,0
DA:46,0
DA:51,0
DA:53,0
DA:54,0
DA:63,0
DA:64,0
DA:66,0
DA:67,0
DA:68,0
DA:71,0
DA:72,0
DA:73,0
DA:74,0
DA:75,0
DA:79,0
DA:81,0
DA:82,0
DA:83,0
DA:84,0
DA:88,0
DA:99,0
DA:110,0
DA:111,0
DA:114,0
DA:115,0
DA:116,0
DA:117,0
DA:121,0
DA:123,0
DA:125,0
DA:137,0
DA:138,0
DA:149,0
DA:150,0
DA:151,0
DA:153,0
DA:154,0
DA:162,0
DA:171,0
DA:180,0
DA:181,0
DA:183,0
DA:185,0
DA:186,0
DA:194,0
DA:195,0
DA:203,0
DA:228,0
DA:232,0
DA:234,0
DA:240,0
DA:252,0
DA:254,0
LF:72
LH:0
BRDA:21,0,0,0
BRDA:21,1,0,0
BRDA:21,1,1,0
BRDA:27,2,0,0
BRDA:32,3,0,0
BRDA:32,3,1,0
BRDA:38,4,0,0
BRDA:46,5,0,0
BRDA:72,6,0,0
BRDA:81,7,0,0
BRDA:88,8,0,0
BRDA:91,9,0,0
BRDA:91,9,1,0
BRDA:115,10,0,0
BRDA:115,10,1,0
BRDA:141,11,0,0
BRDA:141,11,1,0
BRDA:151,12,0,0
BRDA:151,12,1,0
BRDA:183,13,0,0
BRDA:183,13,1,0
BRDA:232,14,0,0
BRDA:234,15,0,0
BRDA:234,15,1,0
BRDA:241,16,0,0
BRDA:241,16,1,0
BRDA:246,17,0,0
BRDA:246,17,1,0
BRDA:247,18,0,0
BRDA:247,18,1,0
BRDA:248,19,0,0
BRDA:248,19,1,0
BRF:32
BRH:0
end_of_record
TN:
SF:src\app\api\cron\send-weekly-digests\route.ts
FN:15,verifyCronRequest
FN:34,POST
FN:44,(anonymous_5)
FN:142,GET
FN:173,getWeeklyDigestsToProcess
FN:206,checkIfUserUnsubscribed
FN:217,getJobsForDigest
FN:274,(anonymous_10)
FN:289,formatRelativeDate
FNF:9
FNH:0
FNDA:0,verifyCronRequest
FNDA:0,POST
FNDA:0,(anonymous_5)
FNDA:0,GET
FNDA:0,getWeeklyDigestsToProcess
FNDA:0,checkIfUserUnsubscribed
FNDA:0,getJobsForDigest
FNDA:0,(anonymous_10)
FNDA:0,formatRelativeDate
DA:1,0
DA:2,0
DA:3,0
DA:4,0
DA:7,0
DA:16,0
DA:17,0
DA:20,0
DA:21,0
DA:25,0
DA:26,0
DA:27,0
DA:31,0
DA:34,0
DA:35,0
DA:37,0
DA:38,0
DA:44,0
DA:45,0
DA:50,0
DA:52,0
DA:53,0
DA:62,0
DA:63,0
DA:65,0
DA:66,0
DA:67,0
DA:70,0
DA:71,0
DA:72,0
DA:73,0
DA:74,0
DA:78,0
DA:81,0
DA:82,0
DA:92,0
DA:103,0
DA:104,0
DA:107,0
DA:108,0
DA:109,0
DA:110,0
DA:114,0
DA:116,0
DA:118,0
DA:130,0
DA:131,0
DA:142,0
DA:143,0
DA:144,0
DA:145,0
DA:147,0
DA:148,0
DA:155,0
DA:165,0
DA:174,0
DA:175,0
DA:178,0
DA:180,0
DA:207,0
DA:211,0
DA:213,0
DA:218,0
DA:221,0
DA:228,0
DA:234,0
DA:235,0
DA:242,0
DA:243,0
DA:249,0
DA:250,0
DA:255,0
DA:274,0
DA:290,0
DA:291,0
DA:293,0
DA:294,0
DA:297,0
DA:298,0
DA:299,0
DA:302,0
LF:81
LH:0
BRDA:20,0,0,0
BRDA:20,1,0,0
BRDA:20,1,1,0
BRDA:26,2,0,0
BRDA:31,3,0,0
BRDA:31,3,1,0
BRDA:37,4,0,0
BRDA:71,5,0,0
BRDA:81,6,0,0
BRDA:84,7,0,0
BRDA:84,7,1,0
BRDA:86,8,0,0
BRDA:86,8,1,0
BRDA:108,9,0,0
BRDA:108,9,1,0
BRDA:134,10,0,0
BRDA:134,10,1,0
BRDA:175,11,0,0
BRDA:175,11,1,0
BRDA:211,12,0,0
BRDA:213,13,0,0
BRDA:213,13,1,0
BRDA:223,14,0,0
BRDA:223,14,1,0
BRDA:224,15,0,0
BRDA:224,15,1,0
BRDA:234,16,0,0
BRDA:242,17,0,0
BRDA:242,18,0,0
BRDA:242,18,1,0
BRDA:249,19,0,0
BRDA:249,20,0,0
BRDA:249,20,1,0
BRDA:279,21,0,0
BRDA:279,21,1,0
BRDA:279,22,0,0
BRDA:279,22,1,0
BRDA:282,23,0,0
BRDA:282,23,1,0
BRDA:293,24,0,0
BRDA:298,25,0,0
BRF:41
BRH:0
[...]
DA:99,0
DA:100,0
DA:101,0
DA:103,0
DA:104,0
DA:107,0
DA:109,0
DA:127,0
DA:128,0
DA:130,0
DA:131,0
DA:132,0
DA:133,0
DA:137,0
DA:138,0
DA:139,0
DA:140,0
DA:141,0
DA:143,0
DA:147,0
DA:148,0
DA:149,0
DA:150,0
DA:151,0
DA:152,0
DA:159,0
DA:162,0
DA:164,0
DA:165,0
DA:168,0
DA:169,0
DA:172,0
DA:173,0
DA:176,0
DA:177,0
DA:180,0
DA:181,0
DA:184,0
DA:185,0
DA:188,0
DA:205,0
DA:206,0
DA:207,0
DA:208,0
DA:209,0
DA:210,0
DA:211,0
DA:212,0
DA:214,0
DA:215,0
DA:216,0
DA:217,0
DA:226,0
DA:227,0
DA:229,0
DA:230,0
DA:237,0
DA:240,0
DA:241,0
DA:242,0
DA:246,0
DA:249,0
DA:252,0
DA:255,0
DA:256,0
DA:257,0
DA:259,0
DA:266,0
DA:267,0
DA:268,0
DA:270,0
DA:271,0
DA:272,0
DA:273,0
DA:275,0
DA:276,0
DA:279,0
DA:286,0
DA:287,0
DA:288,0
DA:293,0
DA:295,0
DA:298,0
DA:305,0
DA:306,0
DA:316,0
DA:317,0
DA:320,0
DA:321,0
DA:324,0
DA:325,0
DA:326,0
DA:335,0
DA:336,0
DA:339,0
DA:343,0
DA:344,0
DA:345,0
DA:346,0
DA:347,0
DA:348,0
DA:350,0
DA:353,0
DA:360,0
DA:361,0
DA:362,0
DA:365,0
DA:370,0
DA:371,0
DA:378,0
DA:379,0
DA:380,0
DA:383,0
DA:384,0
DA:385,0
DA:392,0
DA:394,0
DA:395,0
DA:396,0
DA:399,0
DA:400,0
DA:401,0
DA:404,0
DA:415,0
DA:416,0
DA:417,0
DA:427,0
DA:428,0
DA:429,0
DA:430,0
DA:432,0
DA:452,0
DA:453,0
DA:454,0
DA:455,0
DA:458,0
DA:459,0
DA:460,0
DA:461,0
DA:469,0
DA:470,0
DA:471,0
DA:472,0
DA:474,0
DA:475,0
DA:476,0
DA:477,0
DA:478,0
DA:479,0
DA:482,0
DA:484,0
DA:485,0
DA:487,0
DA:488,0
DA:489,0
DA:490,0
DA:494,0
DA:497,0
DA:498,0
DA:499,0
DA:503,0
DA:511,0
DA:514,0
DA:528,0
DA:529,0
DA:531,0
DA:532,0
DA:534,0
DA:535,0
DA:537,0
DA:538,0
DA:540,0
DA:541,0
DA:543,0
DA:544,0
DA:546,0
DA:547,0
DA:549,0
DA:550,0
DA:552,0
DA:553,0
DA:555,0
DA:571,0
DA:576,0
DA:579,0
DA:580,0
DA:584,0
DA:585,0
DA:586,0
DA:587,0
DA:591,0
LF:227
LH:0
BRDA:59,0,0,0
BRDA:59,1,0,0
BRDA:59,1,1,0
BRDA:69,2,0,0
BRDA:69,2,1,0
BRDA:69,3,0,0
BRDA:69,3,1,0
BRDA:78,4,0,0
BRDA:90,5,0,0
BRDA:90,5,1,0
BRDA:103,6,0,0
BRDA:109,7,0,0
BRDA:109,7,1,0
BRDA:133,8,0,0
BRDA:133,8,1,0
BRDA:140,9,0,0
BRDA:149,10,0,0
BRDA:151,11,0,0
BRDA:164,12,0,0
BRDA:168,13,0,0
BRDA:172,14,0,0
BRDA:176,15,0,0
BRDA:180,16,0,0
BRDA:184,17,0,0
BRDA:214,18,0,0
BRDA:240,19,0,0
BRDA:271,20,0,0
BRDA:287,21,0,0
BRDA:312,22,0,0
BRDA:312,22,1,0
BRDA:316,23,0,0
BRDA:316,24,0,0
BRDA:316,24,1,0
BRDA:320,25,0,0
BRDA:320,26,0,0
BRDA:320,26,1,0
BRDA:324,27,0,0
BRDA:324,28,0,0
BRDA:324,28,1,0
BRDA:331,29,0,0
BRDA:331,29,1,0
BRDA:335,30,0,0
BRDA:335,31,0,0
BRDA:335,31,1,0
BRDA:343,32,0,0
BRDA:344,33,0,0
BRDA:345,34,0,0
BRDA:346,35,0,0
BRDA:347,36,0,0
BRDA:348,37,0,0
BRDA:348,38,0,0
BRDA:348,38,1,0
BRDA:360,39,0,0
BRDA:378,40,0,0
BRDA:394,41,0,0
BRDA:399,42,0,0
BRDA:452,43,0,0
BRDA:475,44,0,0
BRDA:482,45,0,0
BRDA:488,46,0,0
BRDA:488,47,0,0
BRDA:488,47,1,0
BRDA:498,48,0,0
BRDA:529,49,0,0
BRDA:529,49,1,0
BRDA:529,49,2,0
BRDA:529,49,3,0
BRDA:529,49,4,0
BRDA:529,49,5,0
BRDA:529,49,6,0
BRDA:529,49,7,0
BRDA:529,49,8,0
BRDA:584,50,0,0
BRF:73
BRH:0
end_of_record
TN:
SF:src\scripts\seed-instagram-analytics.ts
FN:163,seedInstagramAnalytics
FN:277,main
FNF:2
FNH:0
FNDA:0,seedInstagramAnalytics
FNDA:0,main
DA:6,0
DA:8,0
DA:10,0
DA:164,0
DA:166,0
DA:168,0
DA:169,0
DA:170,0
DA:171,0
DA:173,0
DA:176,0
DA:190,0
DA:191,0
DA:192,0
DA:193,0
DA:196,0
DA:214,0
DA:215,0
DA:216,0
DA:219,0
DA:221,0
DA:241,0
DA:242,0
DA:243,0
DA:244,0
DA:245,0
DA:248,0
DA:249,0
DA:250,0
DA:252,0
DA:267,0
DA:268,0
DA:269,0
DA:272,0
DA:273,0
DA:278,0
DA:279,0
DA:281,0
DA:282,0
DA:284,0
DA:289,0
DA:290,0
DA:293,0
LF:43
LH:0
BRDA:192,0,0,0
BRDA:192,0,1,0
BRDA:193,1,0,0
BRDA:193,1,1,0
BRDA:214,2,0,0
BRDA:289,3,0,0
BRF:6
BRH:0
end_of_record
TN:
SF:src\scripts\setup-company-knowledge.ts
FN:21,setupCompanyKnowledge
FN:93,addSampleKnowledgeData
FNF:2
FNH:0
FNDA:0,setupCompanyKnowledge
FNDA:0,addSampleKnowledgeData
DA:10,0
DA:11,0
DA:12,0
DA:13,0
DA:15,0
DA:22,0
DA:24,0
DA:26,0
DA:27,0
DA:29,0
DA:30,0
DA:31,0
DA:32,0
DA:33,0
DA:34,0
DA:36,0
DA:44,0
DA:45,0
DA:47,0
DA:48,0
DA:51,0
DA:52,0
DA:56,0
DA:57,0
DA:58,0
DA:62,0
DA:63,0
DA:66,0
DA:67,0
DA:70,0
DA:75,0
DA:76,0
DA:77,0
DA:80,0
DA:81,0
DA:82,0
DA:83,0
DA:84,0
DA:87,0
DA:89,0
DA:94,0
DA:95,0
DA:97,0
DA:108,0
DA:119,0
DA:129,0
DA:130,0
DA:144,0
DA:145,0
DA:148,0
LF:50
LH:0
BRDA:32,0,0,0
BRDA:32,0,1,0
BRDA:34,1,0,0
BRDA:34,1,1,0
BRDA:57,2,0,0
BRDA:76,3,0,0
BRDA:101,4,0,0
BRDA:101,4,1,0
BRDA:129,5,0,0
BRDA:134,6,0,0
BRDA:134,6,1,0
BRDA:144,7,0,0
BRF:12
BRH:0
end_of_record
TN:
SF:src\scripts\start-cron-scheduler.ts
FN:48,(anonymous_0)
FN:61,(anonymous_1)
FN:70,(anonymous_2)
FN:83,(anonymous_3)
FN:87,(anonymous_4)
FN:92,(anonymous_5)
FN:95,(anonymous_6)
FN:102,(anonymous_7)
FN:107,(anonymous_8)
FN:112,(anonymous_9)
FN:117,(anonymous_10)
FN:129,(anonymous_11)
FN:135,(anonymous_12)
FN:137,(anonymous_13)
FN:138,(anonymous_14)
FN:139,(anonymous_15)
FN:142,(anonymous_16)
FN:147,(anonymous_17)
FN:153,(anonymous_18)
FN:158,(anonymous_19)
FN:168,(anonymous_20)
FN:198,(anonymous_21)
FN:209,(anonymous_22)
FN:210,(anonymous_23)
FN:217,(anonymous_24)
FN:238,(anonymous_25)
FN:268,(anonymous_26)
FN:274,(anonymous_27)
FN:294,(anonymous_28)
FN:299,(anonymous_29)
FN:317,(anonymous_30)
FN:328,(anonymous_31)
FN:333,(anonymous_32)
FN:370,(anonymous_33)
FN:377,(anonymous_34)
FN:401,(anonymous_35)
FN:413,(anonymous_36)
FN:427,(anonymous_37)
FN:437,(anonymous_38)
FN:448,(anonymous_39)
FN:453,(anonymous_40)
FN:479,main
FNF:42
FNH:0
FNDA:0,(anonymous_0)
FNDA:0,(anonymous_1)
FNDA:0,(anonymous_2)
FNDA:0,(anonymous_3)
FNDA:0,(anonymous_4)
FNDA:0,(anonymous_5)
FNDA:0,(anonymous_6)
FNDA:0,(anonymous_7)
FNDA:0,(anonymous_8)
FNDA:0,(anonymous_9)
FNDA:0,(anonymous_10)
FNDA:0,(anonymous_11)
FNDA:0,(anonymous_12)
FNDA:0,(anonymous_13)
FNDA:0,(anonymous_14)
FNDA:0,(anonymous_15)
FNDA:0,(anonymous_16)
FNDA:0,(anonymous_17)
FNDA:0,(anonymous_18)
FNDA:0,(anonymous_19)
FNDA:0,(anonymous_20)
FNDA:0,(anonymous_21)
FNDA:0,(anonymous_22)
FNDA:0,(anonymous_23)
FNDA:0,(anonymous_24)
FNDA:0,(anonymous_25)
FNDA:0,(anonymous_26)
FNDA:0,(anonymous_27)
FNDA:0,(anonymous_28)
FNDA:0,(anonymous_29)
FNDA:0,(anonymous_30)
FNDA:0,(anonymous_31)
FNDA:0,(anonymous_32)
FNDA:0,(anonymous_33)
FNDA:0,(anonymous_34)
FNDA:0,(anonymous_35)
FNDA:0,(anonymous_36)
FNDA:0,(anonymous_37)
FNDA:0,(anonymous_38)
FNDA:0,(anonymous_39)
FNDA:0,(anonymous_40)
FNDA:0,main
DA:27,0
DA:28,0
DA:29,0
DA:30,0
DA:33,0
DA:49,0
DA:62,0
DA:63,0
DA:64,0
DA:65,0
DA:67,0
DA:71,0
DA:72,0
DA:73,0
DA:74,0
DA:76,0
DA:84,0
DA:88,0
DA:89,0
DA:93,0
DA:94,0
DA:95,0
DA:96,0
DA:99,0
DA:103,0
DA:104,0
DA:108,0
DA:109,0
DA:113,0
DA:114,0
DA:118,0
DA:119,0
DA:126,0
DA:130,0
DA:131,0
DA:132,0
DA:137,0
DA:138,0
DA:139,0
DA:142,0
DA:143,0
DA:144,0
DA:147,0
DA:148,0
DA:149,0
DA:153,0
DA:154,0
DA:159,0
DA:160,0
DA:161,0
DA:163,0
DA:164,0
DA:169,0
DA:170,0
DA:171,0
DA:172,0
DA:175,0
DA:176,0
DA:177,0
DA:178,0
DA:181,0
DA:182,0
DA:185,0
DA:189,0
DA:190,0
DA:191,0
DA:193,0
DA:194,0
DA:199,0
DA:200,0
DA:201,0
DA:202,0
DA:205,0
DA:210,0
DA:211,0
DA:214,0
DA:218,0
DA:219,0
DA:221,0
DA:231,0
DA:232,0
DA:239,0
DA:240,0
DA:241,0
DA:244,0
DA:245,0
DA:248,0
DA:249,0
DA:250,0
DA:254,0
DA:255,0
DA:256,0
DA:258,0
DA:262,0
DA:264,0
DA:265,0
DA:269,0
DA:270,0
DA:271,0
DA:275,0
DA:277,0
DA:278,0
DA:279,0
DA:283,0
DA:285,0
DA:295,0
DA:296,0
DA:300,0
DA:307,0
DA:309,0
DA:311,0
DA:312,0
DA:313,0
DA:317,0
DA:318,0
DA:320,0
DA:322,0
DA:323,0
DA:324,0
DA:329,0
DA:330,0
DA:332,0
DA:333,0
DA:335,0
DA:344,0
DA:346,0
DA:347,0
DA:348,0
DA:349,0
DA:350,0
DA:352,0
DA:353,0
DA:354,0
DA:357,0
DA:358,0
DA:359,0
DA:371,0
DA:372,0
DA:373,0
DA:374,0
DA:378,0
DA:381,0
DA:382,0
DA:383,0
DA:387,0
DA:389,0
DA:391,0
DA:392,0
DA:395,0
DA:397,0
DA:401,0
DA:407,0
DA:408,0
DA:409,0
DA:414,0
DA:416,0
DA:417,0
DA:418,0
DA:420,0
DA:423,0
DA:424,0
DA:428,0
DA:430,0
DA:431,0
DA:433,0
DA:434,0
DA:436,0
DA:437,0
DA:438,0
DA:439,0
DA:443,0
DA:444,0
DA:449,0
DA:450,0
DA:454,0
DA:455,0
DA:456,0
DA:457,0
DA:458,0
DA:459,0
DA:460,0
DA:461,0
DA:462,0
DA:463,0
DA:464,0
DA:465,0
DA:466,0
DA:467,0
DA:468,0
DA:469,0
DA:470,0
DA:471,0
DA:472,0
DA:473,0
DA:474,0
DA:480,0
DA:481,0
DA:483,0
DA:484,0
DA:486,0
DA:487,0
DA:489,0
DA:490,0
DA:493,0
DA:494,0
DA:497,0
DA:498,0
DA:501,0
DA:502,0
DA:505,0
DA:506,0
DA:509,0
DA:510,0
DA:515,0
LF:214
LH:0
BRDA:50,0,0,0
BRDA:50,0,1,0
BRDA:51,1,0,0
BRDA:51,1,1,0
BRDA:52,2,0,0
BRDA:52,2,1,0
BRDA:53,3,0,0
BRDA:53,3,1,0
BRDA:54,4,0,0
BRDA:54,4,1,0
BRDA:55,5,0,0
BRDA:55,5,1,0
BRDA:56,6,0,0
BRDA:56,6,1,0
BRDA:57,7,0,0
BRDA:57,7,1,0
BRDA:63,8,0,0
BRDA:72,9,0,0
BRDA:72,10,0,0
BRDA:72,10,1,0
BRDA:72,10,2,0
BRDA:95,11,0,0
BRDA:95,11,1,0
BRDA:96,12,0,0
BRDA:96,12,1,0
BRDA:103,13,0,0
BRDA:108,14,0,0
BRDA:113,15,0,0
BRDA:118,16,0,0
BRDA:169,17,0,0
BRDA:200,18,0,0
BRDA:231,19,0,0
BRDA:239,20,0,0
BRDA:248,21,0,0
BRDA:277,22,0,0
BRDA:322,23,0,0
BRDA:346,24,0,0
BRDA:346,24,1,0
BRDA:348,25,0,0
BRDA:348,25,1,0
BRDA:357,26,0,0
BRDA:357,26,1,0
BRDA:381,27,0,0
BRDA:433,28,0,0
BRDA:433,28,1,0
BRDA:438,29,0,0
BRDA:438,29,1,0
BRDA:439,30,0,0
BRDA:439,30,1,0
BRDA:487,31,0,0
BRDA:487,31,1,0
BRDA:487,31,2,0
BRDA:487,31,3,0
BRDA:487,31,4,0
BRF:54
BRH:0
end_of_record
TN:
SF:src\scripts\test-chatbot.ts
FN:14,testChatbot
FNF:1
FNH:0
FNDA:0,testChatbot
DA:11,0
DA:12,0
DA:15,0
DA:17,0
DA:19,0
DA:20,0
DA:22,0
DA:23,0
DA:26,0
DA:34,0
DA:35,0
DA:37,0
DA:43,0
DA:44,0
DA:45,0
DA:47,0
DA:48,0
DA:53,0
DA:54,0
DA:56,0
DA:57,0
DA:58,0
DA:59,0
DA:62,0
DA:63,0
DA:65,0
DA:66,0
DA:67,0
DA:70,0
DA:71,0
DA:73,0
DA:74,0
DA:75,0
DA:77,0
DA:78,0
DA:81,0
DA:86,0
DA:89,0
DA:90,0
LF:39
LH:0
BRDA:47,0,0,0
BRDA:75,1,0,0
BRDA:75,1,1,0
BRDA:89,2,0,0
BRF:4
BRH:0
end_of_record
TN:
SF:src\scripts\test-email-queue.ts
FN:5,testEmailQueue
FNF:1
FNH:0
FNDA:0,testEmailQueue
DA:3,0
DA:6,0
DA:8,0
DA:10,0
DA:11,0
DA:12,0
DA:15,0
DA:16,0
DA:17,0
DA:18,0
DA:21,0
DA:22,0
DA:46,0
DA:47,0
DA:50,0
DA:51,0
DA:97,0
DA:98,0
DA:101,0
DA:102,0
DA:103,0
DA:104,0
DA:107,0
DA:110,0
DA:129,0
DA:132,0
DA:161,0
DA:162,0
DA:165,0
DA:166,0
DA:167,0
DA:168,0
DA:171,0
DA:173,0
DA:174,0
DA:176,0
DA:177,0
DA:179,0
DA:180,0
DA:182,0
DA:183,0
DA:184,0
DA:185,0
DA:186,0
DA:187,0
DA:188,0
DA:189,0
DA:190,0
DA:191,0
DA:194,0
DA:195,0
DA:198,0
DA:199,0
DA:200,0
DA:202,0
DA:208,0
DA:209,0
DA:212,0
LF:58
LH:0
BRDA:208,0,0,0
BRF:1
BRH:0
end_of_record
TN:
SF:src\scripts\test-instagram-automation.ts
FN:9,testInstagramAutomation
FN:149,(anonymous_6)
FNF:2
FNH:0
FNDA:0,testInstagramAutomation
FNDA:0,(anonymous_6)
DA:1,0
DA:2,0
DA:3,0
DA:4,0
DA:5,0
DA:7,0
DA:10,0
DA:12,0
DA:14,0
DA:15,0
DA:17,0
DA:27,0
DA:29,0
DA:30,0
DA:31,0
DA:34,0
DA:35,0
DA:36,0
DA:37,0
DA:41,0
DA:42,0
DA:47,0
DA:50,0
DA:53,0
DA:57,0
DA:58,0
DA:66,0
DA:68,0
DA:72,0
DA:85,0
DA:88,0
DA:98,0
DA:101,0
DA:103,0
DA:112,0
DA:115,0
DA:117,0
DA:133,0
DA:136,0
DA:138,0
DA:139,0
DA:140,0
DA:141,0
DA:142,0
DA:144,0
DA:147,0
DA:149,0
DA:151,0
DA:152,0
DA:153,0
DA:155,0
DA:156,0
DA:158,0
DA:159,0
DA:161,0
DA:162,0
DA:164,0
DA:165,0
DA:166,0
DA:167,0
DA:168,0
DA:169,0
DA:170,0
DA:171,0
DA:174,0
DA:175,0
DA:177,0
DA:182,0
DA:183,0
DA:186,0
LF:70
LH:0
BRDA:57,0,0,0
BRDA:57,0,1,0
BRDA:182,1,0,0
BRF:3
BRH:0
end_of_record
TN:
SF:src\scripts\test-phase2-chatbot.ts
FN:18,testPhase2Chatbot
FN:37,(anonymous_4)
FN:122,(anonymous_5)
FN:146,(anonymous_6)
FN:198,ensureTestData
FN:227,(anonymous_8)
FNF:6
FNH:0
FNDA:0,testPhase2Chatbot
FNDA:0,(anonymous_4)
FNDA:0,(anonymous_5)
FNDA:0,(anonymous_6)
FNDA:0,ensureTestData
FNDA:0,(anonymous_8)
DA:1,0
DA:13,0
DA:14,0
DA:15,0
DA:19,0
DA:21,0
DA:23,0
DA:24,0
DA:27,0
DA:28,0
DA:30,0
DA:31,0
DA:32,0
DA:34,0
DA:35,0
DA:36,0
DA:37,0
DA:38,0
DA:41,0
DA:46,0
DA:47,0
DA:49,0
DA:50,0
DA:53,0
DA:61,0
DA:62,0
DA:64,0
DA:65,0
DA:71,0
DA:72,0
DA:74,0
DA:75,0
DA:79,0
DA:84,0
DA:85,0
DA:87,0
DA:91,0
DA:92,0
DA:94,0
DA:100,0
DA:101,0
DA:103,0
DA:104,0
DA:106,0
DA:113,0
DA:114,0
DA:119,0
DA:120,0
DA:122,0
DA:123,0
DA:129,0
DA:130,0
DA:133,0
DA:134,0
DA:135,0
DA:137,0
DA:138,0
DA:140,0
DA:141,0
DA:142,0
DA:143,0
DA:144,0
DA:146,0
DA:147,0
DA:154,0
DA:155,0
DA:157,0
DA:158,0
DA:167,0
DA:168,0
DA:170,0
DA:176,0
DA:177,0
DA:179,0
DA:180,0
DA:184,0
DA:185,0
DA:186,0
DA:187,0
DA:188,0
DA:189,0
DA:190,0
DA:193,0
DA:199,0
DA:201,0
DA:203,0
DA:204,0
DA:206,0
DA:207,0
DA:208,0
DA:211,0
DA:212,0
DA:213,0
DA:216,0
DA:217,0
DA:220,0
DA:221,0
DA:226,0
DA:227,0
DA:228,0
DA:229,0
DA:231,0
DA:232,0
DA:237,0
LF:104
LH:0
BRDA:30,0,0,0
BRDA:35,1,0,0
BRDA:35,1,1,0
BRDA:74,2,0,0
BRDA:79,3,0,0
BRDA:79,3,1,0
BRDA:79,3,2,0
BRDA:79,3,3,0
BRDA:84,4,0,0
BRDA:84,4,1,0
BRDA:91,5,0,0
BRDA:91,5,1,0
BRDA:103,6,0,0
BRDA:119,7,0,0
BRDA:119,7,1,0
BRDA:133,8,0,0
BRDA:137,9,0,0
BRDA:140,10,0,0
BRDA:179,11,0,0
BRDA:206,12,0,0
BRDA:211,13,0,0
BRDA:211,14,0,0
BRDA:211,14,1,0
BRDA:226,15,0,0
BRDA:228,16,0,0
BRDA:228,16,1,0
BRF:26
BRH:0
end_of_record
TN:
SF:src\scripts\test-regional-assignment.ts
FN:8,testRegionalAssignment
FN:28,(anonymous_2)
FN:48,(anonymous_3)
FNF:3
FNH:0
FNDA:0,testRegionalAssignment
FNDA:0,(anonymous_2)
FNDA:0,(anonymous_3)
DA:6,0
DA:9,0
DA:12,0
DA:13,0
DA:28,0
DA:29,0
DA:30,0
DA:33,0
DA:34,0
DA:35,0
DA:36,0
DA:38,0
DA:41,0
DA:42,0
DA:43,0
DA:47,0
DA:48,0
DA:55,0
DA:58,0
DA:59,0
DA:60,0
DA:61,0
DA:68,0
DA:71,0
DA:72,0
DA:73,0
DA:78,0
DA:79,0
DA:80,0
DA:82,0
DA:85,0
DA:89,0
DA:90,0
DA:93,0
LF:34
LH:0
BRDA:30,0,0,0
BRDA:30,0,1,0
BRDA:89,1,0,0
BRF:3
BRH:0
end_of_record
TN:
SF:src\utils\accessibility.ts
FN:14,createDecorativeIconProps
FN:25,createInformativeIconProps
FN:36,createInteractiveIconProps
FN:45,generateAltText
FN:116,validateMultimediaAccessibility
FN:166,createFormIconProps
FNF:6
FNH:5
FNDA:3,createDecorativeIconProps
FNDA:59,createInformativeIconProps
FNDA:1,createInteractiveIconProps
FNDA:9,generateAltText
FNDA:10,validateMultimediaAccessibility
FNDA:0,createFormIconProps
DA:14,1
DA:15,3
DA:25,1
DA:26,59
DA:36,1
DA:37,1
DA:45,9
DA:50,9
DA:52,2
DA:54,4
DA:56,1
DA:58,2
DA:60,0
DA:67,4
DA:116,10
DA:127,10
DA:128,10
DA:130,10
DA:132,4
DA:133,2
DA:134,2
DA:136,4
DA:137,2
DA:139,4
DA:142,3
DA:143,1
DA:144,1
DA:146,3
DA:149,3
DA:150,1
DA:151,1
DA:153,3
DA:156,10
DA:166,0
DA:167,0
DA:169,0
DA:171,0
DA:173,0
DA:175,0
LF:39
LH:32
BRDA:50,0,0,2
BRDA:50,0,1,4
BRDA:50,0,2,1
BRDA:50,0,3,2
BRDA:50,0,4,0
BRDA:52,1,0,1
BRDA:52,1,1,1
BRDA:54,2,0,3
BRDA:54,2,1,1
BRDA:58,3,0,2
BRDA:58,3,1,1
BRDA:130,4,0,4
BRDA:130,4,1,3
BRDA:130,4,2,3
BRDA:132,5,0,2
BRDA:136,6,0,2
BRDA:142,7,0,1
BRDA:149,8,0,1
BRDA:167,9,0,0
BRDA:167,9,1,0
BRDA:167,9,2,0
BRDA:167,9,3,0
BRDA:169,10,0,0
BRDA:169,10,1,0
BRDA:171,11,0,0
BRDA:171,11,1,0
BRF:26
BRH:17
end_of_record
TN:
SF:src\utils\colorContrast.ts
FN:19,hexToRgb
FN:32,getLuminance
FN:35,(anonymous_12)
FN:46,getContrastRatio
FN:64,checkContrast
FN:187,getAccessibleTextColor
FN:198,validateColorCombination
FN:311,generateAccessibleCSSVars
FNF:8
FNH:0
FNDA:0,hexToRgb
FNDA:0,getLuminance
FNDA:0,(anonymous_12)
FNDA:0,getContrastRatio
FNDA:0,checkContrast
FNDA:0,getAccessibleTextColor
FNDA:0,validateColorCombination
FNDA:0,generateAccessibleCSSVars
DA:19,0
DA:20,0
DA:21,0
DA:32,0
DA:33,0
DA:35,0
DA:36,0
DA:37,0
DA:40,0
DA:46,0
DA:47,0
DA:48,0
DA:50,0
DA:52,0
DA:53,0
DA:55,0
DA:56,0
DA:58,0
DA:64,0
DA:69,0
DA:72,0
DA:73,0
DA:74,0
DA:75,0
DA:77,0
DA:78,0
DA:80,0
DA:81,0
DA:83,0
DA:84,0
DA:85,0
DA:87,0
DA:98,0
DA:187,0
DA:188,0
DA:189,0
DA:192,0
DA:198,0
DA:207,0
DA:208,0
DA:212,0
DA:213,0
DA:214,0
DA:215,0
DA:216,0
DA:218,0
DA:222,0
DA:232,0
DA:311,0
DA:312,0
LF:50
LH:0
BRDA:21,0,0,0
BRDA:21,0,1,0
BRDA:37,1,0,0
BRDA:37,1,1,0
BRDA:50,2,0,0
BRDA:50,3,0,0
BRDA:50,3,1,0
BRDA:67,4,0,0
BRDA:77,5,0,0
BRDA:77,5,1,0
BRDA:78,6,0,0
BRDA:78,6,1,0
BRDA:84,7,0,0
BRDA:84,7,1,0
BRDA:85,8,0,0
BRDA:192,9,0,0
BRDA:192,9,1,0
BRDA:201,10,0,0
BRDA:212,11,0,0
BRDA:213,12,0,0
BRDA:213,12,1,0
BRDA:215,13,0,0
BRDA:215,13,1,0
BRF:23
BRH:0
end_of_record
TN:
SF:src\utils\modal-accessibility.ts
FN:28,createDialogAriaProps
FN:60,getFocusableElements
FN:76,(anonymous_10)
FN:117,useModalAccessibility
FN:133,(anonymous_12)
FN:144,(anonymous_13)
FN:151,(anonymous_14)
FN:154,(anonymous_15)
FN:174,(anonymous_16)
FN:178,(anonymous_17)
FN:185,(anonymous_18)
FN:191,(anonymous_19)
FN:196,(anonymous_20)
FN:238,(anonymous_21)
FN:245,(anonymous_22)
FN:248,(anonymous_23)
FN:265,useTabNavigation
FN:266,(anonymous_25)
FN:287,(anonymous_26)
FN:290,(anonymous_27)
FN:298,useArrowKeyNavigation
FN:303,(anonymous_29)
FN:339,(anonymous_30)
FN:342,(anonymous_31)
FN:350,validateModalAccessibility
FN:397,createModalId
FNF:26
FNH:16
FNDA:16,createDialogAriaProps
FNDA:4,getFocusableElements
FNDA:8,(anonymous_10)
FNDA:15,useModalAccessibility
FNDA:14,(anonymous_12)
FNDA:14,(anonymous_13)
FNDA:14,(anonymous_14)
FNDA:1,(anonymous_15)
FNDA:14,(anonymous_16)
FNDA:14,(anonymous_17)
FNDA:0,(anonymous_18)
FNDA:0,(anonymous_19)
FNDA:1,(anonymous_20)
FNDA:3,(anonymous_21)
FNDA:15,(anonymous_22)
FNDA:15,(anonymous_23)
FNDA:0,useTabNavigation
FNDA:0,(anonymous_25)
FNDA:0,(anonymous_26)
FNDA:0,(anonymous_27)
FNDA:0,useArrowKeyNavigation
FNDA:0,(anonymous_29)
FNDA:0,(anonymous_30)
FNDA:0,(anonymous_31)
FNDA:2,validateModalAccessibility
FNDA:16,createModalId
DA:3,1
DA:28,16
DA:37,16
DA:42,16
DA:43,15
DA:46,16
DA:47,6
DA:50,16
DA:51,1
DA:54,16
DA:60,1
DA:61,4
DA:75,4
DA:78,8
DA:81,8
DA:82,0
DA:87,8
DA:88,8
DA:91,8
DA:92,0
DA:97,8
DA:98,0
DA:99,0
DA:105,0
DA:106,0
DA:110,8
DA:117,15
DA:128,15
DA:129,15
DA:130,15
DA:133,15
DA:134,14
DA:137,14
DA:140,14
DA:141,14
DA:142,14
DA:144,14
DA:145,14
DA:151,15
DA:152,14
DA:154,14
DA:155,1
DA:157,1
DA:158,0
DA:161,1
DA:162,1
DA:165,1
DA:166,1
DA:167,1
DA:172,14
DA:174,14
DA:178,15
DA:179,14
DA:181,0
DA:182,0
DA:185,0
DA:186,0
DA:187,0
DA:191,0
DA:196,15
DA:197,1
DA:200,1
DA:201,1
DA:202,1
DA:203,1
DA:207,0
DA:208,0
DA:210,0
DA:211,0
DA:212,0
DA:215,0
DA:216,0
DA:217,0
DA:219,0
DA:221,0
DA:222,0
DA:223,0
DA:224,0
DA:228,0
DA:229,0
DA:230,0
DA:231,0
DA:238,15
DA:239,3
DA:240,1
DA:245,15
DA:246,15
DA:247,15
DA:248,15
DA:252,15
DA:265,0
DA:266,0
DA:267,0
DA:269,0
DA:270,0
DA:272,0
DA:275,0
DA:277,0
DA:280,0
DA:283,0
DA:284,0
DA:287,0
DA:288,0
DA:289,0
DA:290,0
DA:298,0
DA:303,0
DA:304,0
DA:306,0
DA:307,0
DA:308,0
DA:310,0
DA:312,0
DA:313,0
DA:315,0
DA:318,0
DA:320,0
DA:321,0
DA:323,0
DA:324,0
DA:326,0
DA:327,0
DA:329,0
DA:330,0
DA:332,0
DA:335,0
DA:336,0
DA:339,0
DA:340,0
DA:341,0
DA:342,0
DA:350,2
DA:355,2
DA:356,2
DA:359,2
DA:360,1
DA:361,1
DA:364,2
DA:365,1
DA:366,1
DA:369,2
DA:370,1
DA:371,1
DA:375,2
DA:376,2
DA:377,1
DA:378,1
DA:382,2
DA:383,2
DA:384,2
DA:387,2
DA:397,16
DA:402,16
DA:403,16
DA:404,16
DA:406,16
LF:156
LH:85
BRDA:29,0,0,0
BRDA:30,1,0,0
BRDA:42,2,0,15
BRDA:46,3,0,6
BRDA:50,4,0,1
BRDA:81,5,0,0
BRDA:81,6,0,8
BRDA:81,6,1,0
BRDA:91,7,0,0
BRDA:91,8,0,8
BRDA:91,8,1,8
BRDA:97,9,0,0
BRDA:97,10,0,8
BRDA:97,10,1,8
BRDA:97,10,2,8
BRDA:98,11,0,0
BRDA:98,12,0,0
BRDA:98,12,1,0
BRDA:105,13,0,0
BRDA:105,14,0,0
BRDA:105,14,1,0
BRDA:122,15,0,0
BRDA:123,16,0,0
BRDA:124,17,0,0
BRDA:125,18,0,0
BRDA:126,19,0,0
BRDA:134,20,0,0
BRDA:140,21,0,14
BRDA:152,22,0,0
BRDA:152,23,0,14
BRDA:152,23,1,14
BRDA:157,24,0,0
BRDA:157,24,1,1
BRDA:162,25,0,1
BRDA:162,25,1,0
BRDA:165,26,0,1
BRDA:179,27,0,14
BRDA:181,28,0,0
BRDA:181,29,0,0
BRDA:181,29,1,0
BRDA:182,30,0,0
BRDA:182,30,1,0
BRDA:186,31,0,0
BRDA:186,32,0,0
BRDA:186,32,1,0
BRDA:197,33,0,0
BRDA:197,34,0,1
BRDA:197,34,1,1
BRDA:200,35,0,1
BRDA:200,36,0,1
BRDA:200,36,1,1
BRDA:207,37,0,0
BRDA:207,38,0,0
BRDA:207,38,1,0
BRDA:210,39,0,0
BRDA:219,40,0,0
BRDA:219,40,1,0
BRDA:221,41,0,0
BRDA:221,42,0,0
BRDA:221,42,1,0
BRDA:228,43,0,0
BRDA:228,44,0,0
BRDA:228,44,1,0
BRDA:239,45,0,1
BRDA:239,46,0,3
BRDA:239,46,1,1
BRDA:246,47,0,15
BRDA:265,48,0,0
BRDA:267,49,0,0
BRDA:267,50,0,0
BRDA:267,50,1,0
BRDA:267,50,2,0
BRDA:270,51,0,0
BRDA:275,52,0,0
BRDA:275,52,1,0
BRDA:277,53,0,0
BRDA:277,53,1,0
BRDA:280,54,0,0
BRDA:280,54,1,0
BRDA:288,55,0,0
BRDA:300,56,0,0
BRDA:301,57,0,0
BRDA:304,58,0,0
BRDA:304,59,0,0
BRDA:304,59,1,0
BRDA:307,60,0,0
BRDA:307,60,1,0
BRDA:308,61,0,0
BRDA:308,61,1,0
BRDA:310,62,0,0
BRDA:313,63,0,0
BRDA:318,64,0,0
BRDA:318,64,1,0
BRDA:318,64,2,0
BRDA:318,64,3,0
BRDA:318,64,4,0
BRDA:320,65,0,0
BRDA:320,65,1,0
BRDA:323,66,0,0
BRDA:323,66,1,0
BRDA:340,67,0,0
BRDA:359,68,0,1
BRDA:364,69,0,1
BRDA:369,70,0,1
BRDA:369,71,0,2
BRDA:369,71,1,1
BRDA:376,72,0,1
BRDA:383,73,0,2
BRDA:397,74,0,0
BRF:109
BRH:32
end_of_record
