<testsuites id="" name="" tests="65" failures="0" skipped="65" errors="0" time="0.10678399999999988">
<testsuite name="auth.spec.ts" timestamp="2025-05-25T04:28:35.977Z" hostname="chromium" tests="5" failures="0" skipped="5" time="0" errors="0">
<testcase name="Authentication › should display sign in page" classname="auth.spec.ts" time="0">
<skipped>
</skipped>
</testcase>
<testcase name="Authentication › should display sign up page" classname="auth.spec.ts" time="0">
<skipped>
</skipped>
</testcase>
<testcase name="Authentication › should show validation errors for invalid sign in" classname="auth.spec.ts" time="0">
<skipped>
</skipped>
</testcase>
<testcase name="Authentication › should navigate between sign in and sign up pages" classname="auth.spec.ts" time="0">
<skipped>
</skipped>
</testcase>
<testcase name="Authentication › should handle password reset flow" classname="auth.spec.ts" time="0">
<skipped>
</skipped>
</testcase>
</testsuite>
<testsuite name="homepage.spec.ts" timestamp="2025-05-25T04:28:35.977Z" hostname="chromium" tests="4" failures="0" skipped="4" time="0" errors="0">
<testcase name="Homepage › should load the homepage successfully" classname="homepage.spec.ts" time="0">
<skipped>
</skipped>
</testcase>
<testcase name="Homepage › should display job search functionality" classname="homepage.spec.ts" time="0">
<skipped>
</skipped>
</testcase>
<testcase name="Homepage › should be responsive on mobile" classname="homepage.spec.ts" time="0">
<skipped>
</skipped>
</testcase>
<testcase name="Homepage › should have proper accessibility landmarks" classname="homepage.spec.ts" time="0">
<skipped>
</skipped>
</testcase>
</testsuite>
<testsuite name="job-search.spec.ts" timestamp="2025-05-25T04:28:35.977Z" hostname="chromium" tests="4" failures="0" skipped="4" time="0" errors="0">
<testcase name="Job Search › should perform a basic job search" classname="job-search.spec.ts" time="0">
<skipped>
</skipped>
</testcase>
<testcase name="Job Search › should display job listings" classname="job-search.spec.ts" time="0">
<skipped>
</skipped>
</testcase>
<testcase name="Job Search › should open job details when clicking on a job" classname="job-search.spec.ts" time="0">
<skipped>
</skipped>
</testcase>
<testcase name="Job Search › should handle empty search results gracefully" classname="job-search.spec.ts" time="0">
<skipped>
</skipped>
</testcase>
</testsuite>
<testsuite name="auth.spec.ts" timestamp="2025-05-25T04:28:35.977Z" hostname="firefox" tests="5" failures="0" skipped="5" time="0" errors="0">
<testcase name="Authentication › should display sign in page" classname="auth.spec.ts" time="0">
<skipped>
</skipped>
</testcase>
<testcase name="Authentication › should display sign up page" classname="auth.spec.ts" time="0">
<skipped>
</skipped>
</testcase>
<testcase name="Authentication › should show validation errors for invalid sign in" classname="auth.spec.ts" time="0">
<skipped>
</skipped>
</testcase>
<testcase name="Authentication › should navigate between sign in and sign up pages" classname="auth.spec.ts" time="0">
<skipped>
</skipped>
</testcase>
<testcase name="Authentication › should handle password reset flow" classname="auth.spec.ts" time="0">
<skipped>
</skipped>
</testcase>
</testsuite>
<testsuite name="homepage.spec.ts" timestamp="2025-05-25T04:28:35.977Z" hostname="firefox" tests="4" failures="0" skipped="4" time="0" errors="0">
<testcase name="Homepage › should load the homepage successfully" classname="homepage.spec.ts" time="0">
<skipped>
</skipped>
</testcase>
<testcase name="Homepage › should display job search functionality" classname="homepage.spec.ts" time="0">
<skipped>
</skipped>
</testcase>
<testcase name="Homepage › should be responsive on mobile" classname="homepage.spec.ts" time="0">
<skipped>
</skipped>
</testcase>
<testcase name="Homepage › should have proper accessibility landmarks" classname="homepage.spec.ts" time="0">
<skipped>
</skipped>
</testcase>
</testsuite>
<testsuite name="job-search.spec.ts" timestamp="2025-05-25T04:28:35.977Z" hostname="firefox" tests="4" failures="0" skipped="4" time="0" errors="0">
<testcase name="Job Search › should perform a basic job search" classname="job-search.spec.ts" time="0">
<skipped>
</skipped>
</testcase>
<testcase name="Job Search › should display job listings" classname="job-search.spec.ts" time="0">
<skipped>
</skipped>
</testcase>
<testcase name="Job Search › should open job details when clicking on a job" classname="job-search.spec.ts" time="0">
<skipped>
</skipped>
</testcase>
<testcase name="Job Search › should handle empty search results gracefully" classname="job-search.spec.ts" time="0">
<skipped>
</skipped>
</testcase>
</testsuite>
<testsuite name="auth.spec.ts" timestamp="2025-05-25T04:28:35.977Z" hostname="webkit" tests="5" failures="0" skipped="5" time="0" errors="0">
<testcase name="Authentication › should display sign in page" classname="auth.spec.ts" time="0">
<skipped>
</skipped>
</testcase>
<testcase name="Authentication › should display sign up page" classname="auth.spec.ts" time="0">
<skipped>
</skipped>
</testcase>
<testcase name="Authentication › should show validation errors for invalid sign in" classname="auth.spec.ts" time="0">
<skipped>
</skipped>
</testcase>
<testcase name="Authentication › should navigate between sign in and sign up pages" classname="auth.spec.ts" time="0">
<skipped>
</skipped>
</testcase>
<testcase name="Authentication › should handle password reset flow" classname="auth.spec.ts" time="0">
<skipped>
</skipped>
</testcase>
</testsuite>
<testsuite name="homepage.spec.ts" timestamp="2025-05-25T04:28:35.977Z" hostname="webkit" tests="4" failures="0" skipped="4" time="0" errors="0">
<testcase name="Homepage › should load the homepage successfully" classname="homepage.spec.ts" time="0">
<skipped>
</skipped>
</testcase>
<testcase name="Homepage › should display job search functionality" classname="homepage.spec.ts" time="0">
<skipped>
</skipped>
</testcase>
<testcase name="Homepage › should be responsive on mobile" classname="homepage.spec.ts" time="0">
<skipped>
</skipped>
</testcase>
<testcase name="Homepage › should have proper accessibility landmarks" classname="homepage.spec.ts" time="0">
<skipped>
</skipped>
</testcase>
</testsuite>
<testsuite name="job-search.spec.ts" timestamp="2025-05-25T04:28:35.977Z" hostname="webkit" tests="4" failures="0" skipped="4" time="0" errors="0">
<testcase name="Job Search › should perform a basic job search" classname="job-search.spec.ts" time="0">
<skipped>
</skipped>
</testcase>
<testcase name="Job Search › should display job listings" classname="job-search.spec.ts" time="0">
<skipped>
</skipped>
</testcase>
<testcase name="Job Search › should open job details when clicking on a job" classname="job-search.spec.ts" time="0">
<skipped>
</skipped>
</testcase>
<testcase name="Job Search › should handle empty search results gracefully" classname="job-search.spec.ts" time="0">
<skipped>
</skipped>
</testcase>
</testsuite>
<testsuite name="auth.spec.ts" timestamp="2025-05-25T04:28:35.977Z" hostname="Mobile Chrome" tests="5" failures="0" skipped="5" time="0" errors="0">
<testcase name="Authentication › should display sign in page" classname="auth.spec.ts" time="0">
<skipped>
</skipped>
</testcase>
<testcase name="Authentication › should display sign up page" classname="auth.spec.ts" time="0">
<skipped>
</skipped>
</testcase>
<testcase name="Authentication › should show validation errors for invalid sign in" classname="auth.spec.ts" time="0">
<skipped>
</skipped>
</testcase>
<testcase name="Authentication › should navigate between sign in and sign up pages" classname="auth.spec.ts" time="0">
<skipped>
</skipped>
</testcase>
<testcase name="Authentication › should handle password reset flow" classname="auth.spec.ts" time="0">
<skipped>
</skipped>
</testcase>
</testsuite>
<testsuite name="homepage.spec.ts" timestamp="2025-05-25T04:28:35.977Z" hostname="Mobile Chrome" tests="4" failures="0" skipped="4" time="0" errors="0">
<testcase name="Homepage › should load the homepage successfully" classname="homepage.spec.ts" time="0">
<skipped>
</skipped>
</testcase>
<testcase name="Homepage › should display job search functionality" classname="homepage.spec.ts" time="0">
<skipped>
</skipped>
</testcase>
<testcase name="Homepage › should be responsive on mobile" classname="homepage.spec.ts" time="0">
<skipped>
</skipped>
</testcase>
<testcase name="Homepage › should have proper accessibility landmarks" classname="homepage.spec.ts" time="0">
<skipped>
</skipped>
</testcase>
</testsuite>
<testsuite name="job-search.spec.ts" timestamp="2025-05-25T04:28:35.977Z" hostname="Mobile Chrome" tests="4" failures="0" skipped="4" time="0" errors="0">
<testcase name="Job Search › should perform a basic job search" classname="job-search.spec.ts" time="0">
<skipped>
</skipped>
</testcase>
<testcase name="Job Search › should display job listings" classname="job-search.spec.ts" time="0">
<skipped>
</skipped>
</testcase>
<testcase name="Job Search › should open job details when clicking on a job" classname="job-search.spec.ts" time="0">
<skipped>
</skipped>
</testcase>
<testcase name="Job Search › should handle empty search results gracefully" classname="job-search.spec.ts" time="0">
<skipped>
</skipped>
</testcase>
</testsuite>
<testsuite name="auth.spec.ts" timestamp="2025-05-25T04:28:35.977Z" hostname="Mobile Safari" tests="5" failures="0" skipped="5" time="0" errors="0">
<testcase name="Authentication › should display sign in page" classname="auth.spec.ts" time="0">
<skipped>
</skipped>
</testcase>
<testcase name="Authentication › should display sign up page" classname="auth.spec.ts" time="0">
<skipped>
</skipped>
</testcase>
<testcase name="Authentication › should show validation errors for invalid sign in" classname="auth.spec.ts" time="0">
<skipped>
</skipped>
</testcase>
<testcase name="Authentication › should navigate between sign in and sign up pages" classname="auth.spec.ts" time="0">
<skipped>
</skipped>
</testcase>
<testcase name="Authentication › should handle password reset flow" classname="auth.spec.ts" time="0">
<skipped>
</skipped>
</testcase>
</testsuite>
<testsuite name="homepage.spec.ts" timestamp="2025-05-25T04:28:35.977Z" hostname="Mobile Safari" tests="4" failures="0" skipped="4" time="0" errors="0">
<testcase name="Homepage › should load the homepage successfully" classname="homepage.spec.ts" time="0">
<skipped>
</skipped>
</testcase>
<testcase name="Homepage › should display job search functionality" classname="homepage.spec.ts" time="0">
<skipped>
</skipped>
</testcase>
<testcase name="Homepage › should be responsive on mobile" classname="homepage.spec.ts" time="0">
<skipped>
</skipped>
</testcase>
<testcase name="Homepage › should have proper accessibility landmarks" classname="homepage.spec.ts" time="0">
<skipped>
</skipped>
</testcase>
</testsuite>
<testsuite name="job-search.spec.ts" timestamp="2025-05-25T04:28:35.977Z" hostname="Mobile Safari" tests="4" failures="0" skipped="4" time="0" errors="0">
<testcase name="Job Search › should perform a basic job search" classname="job-search.spec.ts" time="0">
<skipped>
</skipped>
</testcase>
<testcase name="Job Search › should display job listings" classname="job-search.spec.ts" time="0">
<skipped>
</skipped>
</testcase>
<testcase name="Job Search › should open job details when clicking on a job" classname="job-search.spec.ts" time="0">
<skipped>
</skipped>
</testcase>
<testcase name="Job Search › should handle empty search results gracefully" classname="job-search.spec.ts" time="0">
<skipped>
</skipped>
</testcase>
</testsuite>
</testsuites>