.next/types/app/admin/ads/[id]/analytics/page.ts(34,29): error TS2344: Type 'PageProps' does not satisfy the constraint 'import("C:/Users/pbail/100devs/209jobs/.next/types/app/admin/ads/[id]/analytics/page").PageProps'.
  Types of property 'params' are incompatible.
    Type '{ id: string; }' is missing the following properties from type 'Promise<any>': then, catch, finally, [Symbol.toStringTag]
.next/types/app/admin/ads/[id]/edit/page.ts(34,29): error TS2344: Type 'PageProps' does not satisfy the constraint 'import("C:/Users/pbail/100devs/209jobs/.next/types/app/admin/ads/[id]/edit/page").PageProps'.
  Types of property 'params' are incompatible.
    Type '{ id: string; }' is missing the following properties from type 'Promise<any>': then, catch, finally, [Symbol.toStringTag]
.next/types/app/admin/ads/page.ts(34,29): error TS2344: Type '{ searchParams: SearchParams; }' does not satisfy the constraint 'PageProps'.
  Types of property 'searchParams' are incompatible.
    Type 'SearchParams' is missing the following properties from type 'Promise<any>': then, catch, finally, [Symbol.toStringTag]
.next/types/app/admin/moderation/jobs/[id]/page.ts(34,29): error TS2344: Type 'PageProps' does not satisfy the constraint 'import("C:/Users/pbail/100devs/209jobs/.next/types/app/admin/moderation/jobs/[id]/page").PageProps'.
  Types of property 'params' are incompatible.
    Type '{ id: string; }' is missing the following properties from type 'Promise<any>': then, catch, finally, [Symbol.toStringTag]
.next/types/app/admin/moderation/jobs/page.ts(34,29): error TS2344: Type '{ searchParams: SearchParams; }' does not satisfy the constraint 'PageProps'.
  Types of property 'searchParams' are incompatible.
    Type 'SearchParams' is missing the following properties from type 'Promise<any>': then, catch, finally, [Symbol.toStringTag]
.next/types/app/admin/users/page.ts(34,29): error TS2344: Type '{ searchParams: SearchParams; }' does not satisfy the constraint 'PageProps'.
  Types of property 'searchParams' are incompatible.
    Type 'SearchParams' is missing the following properties from type 'Promise<any>': then, catch, finally, [Symbol.toStringTag]
.next/types/app/api/admin/jobs/[id]/moderate/route.ts(283,7): error TS2344: Type '{ __tag__: "PATCH"; __param_position__: "second"; __param_type__: { params: { id: string; }; }; }' does not satisfy the constraint 'ParamCheck<RouteContext>'.
  The types of '__param_type__.params' are incompatible between these types.
    Type '{ id: string; }' is missing the following properties from type 'Promise<any>': then, catch, finally, [Symbol.toStringTag]
.next/types/app/api/alerts/route.ts(12,13): error TS2344: Type 'OmitWithTag<typeof import("C:/Users/pbail/100devs/209jobs/src/app/api/alerts/route"), "POST" | "PUT" | "PATCH" | "GET" | "DELETE" | "OPTIONS" | "HEAD" | "config" | "generateStaticParams" | ... 6 more ... | "maxDuration", "">' does not satisfy the constraint '{ [x: string]: never; }'.
  Property 'GET_API' is incompatible with index signature.
    Type '(req: NextRequest, routeParams: { params: any; }) => Promise<any>' is not assignable to type 'never'.
.next/types/app/api/email-alerts/[id]/route.ts(49,7): error TS2344: Type '{ __tag__: "GET"; __param_position__: "second"; __param_type__: { params: { id: string; }; }; }' does not satisfy the constraint 'ParamCheck<RouteContext>'.
  The types of '__param_type__.params' are incompatible between these types.
    Type '{ id: string; }' is missing the following properties from type 'Promise<any>': then, catch, finally, [Symbol.toStringTag]
.next/types/app/api/email-alerts/[id]/route.ts(244,7): error TS2344: Type '{ __tag__: "DELETE"; __param_position__: "second"; __param_type__: { params: { id: string; }; }; }' does not satisfy the constraint 'ParamCheck<RouteContext>'.
  The types of '__param_type__.params' are incompatible between these types.
    Type '{ id: string; }' is missing the following properties from type 'Promise<any>': then, catch, finally, [Symbol.toStringTag]
.next/types/app/api/email-alerts/[id]/route.ts(283,7): error TS2344: Type '{ __tag__: "PATCH"; __param_position__: "second"; __param_type__: { params: { id: string; }; }; }' does not satisfy the constraint 'ParamCheck<RouteContext>'.
  The types of '__param_type__.params' are incompatible between these types.
    Type '{ id: string; }' is missing the following properties from type 'Promise<any>': then, catch, finally, [Symbol.toStringTag]
.next/types/app/api/example-secure-endpoints/route.ts(12,13): error TS2344: Type 'OmitWithTag<typeof import("C:/Users/pbail/100devs/209jobs/src/app/api/example-secure-endpoints/route"), "POST" | "PUT" | "PATCH" | "GET" | "DELETE" | "OPTIONS" | "HEAD" | "config" | "generateStaticParams" | ... 6 more ... | "maxDuration", "">' does not satisfy the constraint '{ [x: string]: never; }'.
  Property 'generateCSRFToken' is incompatible with index signature.
    Type '(req: NextRequest) => Promise<NextResponse<{ csrfToken: string; expiresIn: number; }>>' is not assignable to type 'never'.
.next/types/app/api/instagram/posts/[id]/route.ts(49,7): error TS2344: Type '{ __tag__: "GET"; __param_position__: "second"; __param_type__: { params: { id: string; }; }; }' does not satisfy the constraint 'ParamCheck<RouteContext>'.
  The types of '__param_type__.params' are incompatible between these types.
    Type '{ id: string; }' is missing the following properties from type 'Promise<any>': then, catch, finally, [Symbol.toStringTag]
.next/types/app/api/instagram/posts/[id]/route.ts(205,7): error TS2344: Type '{ __tag__: "PUT"; __param_position__: "second"; __param_type__: { params: { id: string; }; }; }' does not satisfy the constraint 'ParamCheck<RouteContext>'.
  The types of '__param_type__.params' are incompatible between these types.
    Type '{ id: string; }' is missing the following properties from type 'Promise<any>': then, catch, finally, [Symbol.toStringTag]
.next/types/app/api/instagram/posts/[id]/route.ts(244,7): error TS2344: Type '{ __tag__: "DELETE"; __param_position__: "second"; __param_type__: { params: { id: string; }; }; }' does not satisfy the constraint 'ParamCheck<RouteContext>'.
  The types of '__param_type__.params' are incompatible between these types.
    Type '{ id: string; }' is missing the following properties from type 'Promise<any>': then, catch, finally, [Symbol.toStringTag]
.next/types/app/api/jobs/[id]/route.ts(49,7): error TS2344: Type '{ __tag__: "GET"; __param_position__: "second"; __param_type__: { params: { id: string; }; }; }' does not satisfy the constraint 'ParamCheck<RouteContext>'.
  The types of '__param_type__.params' are incompatible between these types.
    Type '{ id: string; }' is missing the following properties from type 'Promise<any>': then, catch, finally, [Symbol.toStringTag]
.next/types/app/api/jobs/[id]/route.ts(205,7): error TS2344: Type '{ __tag__: "PUT"; __param_position__: "second"; __param_type__: { params: { id: string; }; }; }' does not satisfy the constraint 'ParamCheck<RouteContext>'.
  The types of '__param_type__.params' are incompatible between these types.
    Type '{ id: string; }' is missing the following properties from type 'Promise<any>': then, catch, finally, [Symbol.toStringTag]
.next/types/app/api/jobs/[id]/route.ts(244,7): error TS2344: Type '{ __tag__: "DELETE"; __param_position__: "second"; __param_type__: { params: { id: string; }; }; }' does not satisfy the constraint 'ParamCheck<RouteContext>'.
  The types of '__param_type__.params' are incompatible between these types.
    Type '{ id: string; }' is missing the following properties from type 'Promise<any>': then, catch, finally, [Symbol.toStringTag]
.next/types/app/jobs/[id]/page.ts(34,29): error TS2344: Type 'JobDetailPageProps' does not satisfy the constraint 'PageProps'.
  Types of property 'params' are incompatible.
    Type '{ id: string; }' is missing the following properties from type 'Promise<any>': then, catch, finally, [Symbol.toStringTag]
.next/types/app/jobs/[id]/page.ts(38,31): error TS2344: Type 'JobDetailPageProps' does not satisfy the constraint 'PageProps'.
  Types of property 'params' are incompatible.
    Type '{ id: string; }' is missing the following properties from type 'Promise<any>': then, catch, finally, [Symbol.toStringTag]
middleware.ts(144,100): error TS2339: Property 'ip' does not exist on type 'NextRequest'.
next.config.ts(37,9): error TS2322: Type '() => Promise<({ source: string; has: { type: string; value: string; }[]; destination: string; permanent: boolean; } | { source: string; has: { type: string; key: string; value: string; }[]; destination: string; permanent: boolean; })[]>' is not assignable to type '() => Promise<Redirect[]>'.
  Type 'Promise<({ source: string; has: { type: string; value: string; }[]; destination: string; permanent: boolean; } | { source: string; has: { type: string; key: string; value: string; }[]; destination: string; permanent: boolean; })[]>' is not assignable to type 'Promise<Redirect[]>'.
    Type '({ source: string; has: { type: string; value: string; }[]; destination: string; permanent: boolean; } | { source: string; has: { type: string; key: string; value: string; }[]; destination: string; permanent: boolean; })[]' is not assignable to type 'Redirect[]'.
      Type '{ source: string; has: { type: string; value: string; }[]; destination: string; permanent: boolean; } | { source: string; has: { type: string; key: string; value: string; }[]; destination: string; permanent: boolean; }' is not assignable to type 'Redirect'.
        Type '{ source: string; has: { type: string; value: string; }[]; destination: string; permanent: boolean; }' is not assignable to type 'Redirect'.
          Type '{ source: string; has: { type: string; value: string; }[]; destination: string; permanent: boolean; }' is not assignable to type '{ source: string; destination: string; basePath?: false | undefined; locale?: false | undefined; has?: RouteHas[] | undefined; missing?: RouteHas[] | undefined; } & { ...; }'.
            Type '{ source: string; has: { type: string; value: string; }[]; destination: string; permanent: boolean; }' is not assignable to type '{ source: string; destination: string; basePath?: false | undefined; locale?: false | undefined; has?: RouteHas[] | undefined; missing?: RouteHas[] | undefined; }'.
              Types of property 'has' are incompatible.
                Type '{ type: string; value: string; }[]' is not assignable to type 'RouteHas[]'.
                  Type '{ type: string; value: string; }' is not assignable to type 'RouteHas'.
                    Property 'key' is missing in type '{ type: string; value: string; }' but required in type '{ type: string; key: string; value?: string | undefined; }'.
scripts/migrate-addon-users.ts(19,7): error TS2561: Object literal may only specify known properties, but 'userAddOns' does not exist in type 'UserWhereInput'. Did you mean to write 'UserAddOn'?
scripts/migrate-addon-users.ts(30,7): error TS2561: Object literal may only specify known properties, but 'userAddOns' does not exist in type 'UserInclude<DefaultArgs>'. Did you mean to write 'UserAddOn'?
scripts/migrate-addon-users.ts(42,29): error TS2339: Property 'userAddOns' does not exist on type '{ id: string; email: string; name: string | null; passwordHash: string; createdAt: Date; isEmailVerified: boolean; magicLinkExpires: Date | null; magicLinkToken: string | null; ... 21 more ...; trialEndsAt: Date | null; }'.
scripts/migrate-addon-users.ts(42,44): error TS7006: Parameter 'ua' implicitly has an 'any' type.
scripts/migrate-addon-users.ts(43,34): error TS2339: Property 'userAddOns' does not exist on type '{ id: string; email: string; name: string | null; passwordHash: string; createdAt: Date; isEmailVerified: boolean; magicLinkExpires: Date | null; magicLinkToken: string | null; ... 21 more ...; trialEndsAt: Date | null; }'.
scripts/migrate-addon-users.ts(43,53): error TS7006: Parameter 'sum' implicitly has an 'any' type.
scripts/migrate-addon-users.ts(43,58): error TS7006: Parameter 'ua' implicitly has an 'any' type.
scripts/migrate-addon-users.ts(50,25): error TS7006: Parameter 'slug' implicitly has an 'any' type.
scripts/migrate-addon-users.ts(54,19): error TS2339: Property 'userAddOns' does not exist on type '{ id: string; email: string; name: string | null; passwordHash: string; createdAt: Date; isEmailVerified: boolean; magicLinkExpires: Date | null; magicLinkToken: string | null; ... 21 more ...; trialEndsAt: Date | null; }'.
scripts/migrate-addon-users.ts(54,60): error TS7006: Parameter 'slug' implicitly has an 'any' type.
scripts/migrate-addon-users.ts(61,21): error TS2339: Property 'userAddOns' does not exist on type '{ id: string; email: string; name: string | null; passwordHash: string; createdAt: Date; isEmailVerified: boolean; magicLinkExpires: Date | null; magicLinkToken: string | null; ... 21 more ...; trialEndsAt: Date | null; }'.
sentry.client.config.ts(16,3): error TS2353: Object literal may only specify known properties, and 'captureUnhandledRejections' does not exist in type 'Options<BaseTransportOptions> | BrowserOptions | NodeOptions | VercelEdgeOptions'.
sentry.client.config.ts(42,21): error TS7006: Parameter 'event' implicitly has an 'any' type.
sentry.client.config.ts(54,16): error TS2339: Property 'BrowserTracing' does not exist on type 'typeof import("C:/Users/pbail/100devs/209jobs/node_modules/@sentry/nextjs/build/types/index.types")'.
sentry.server.config.ts(36,3): error TS2561: Object literal may only specify known properties, but 'beforeTransaction' does not exist in type 'Options<BaseTransportOptions> | BrowserOptions | NodeOptions | VercelEdgeOptions'. Did you mean to write 'beforeSendTransaction'?
sentry.server.config.ts(36,21): error TS7006: Parameter 'event' implicitly has an 'any' type.
sentry.server.config.ts(53,16): error TS2551: Property 'Integrations' does not exist on type 'typeof import("C:/Users/pbail/100devs/209jobs/node_modules/@sentry/nextjs/build/types/index.types")'. Did you mean 'fsIntegration'?
sentry.server.config.ts(56,16): error TS2551: Property 'Integrations' does not exist on type 'typeof import("C:/Users/pbail/100devs/209jobs/node_modules/@sentry/nextjs/build/types/index.types")'. Did you mean 'fsIntegration'?
src/__tests__/job-matching.test.ts(20,41): error TS2345: Argument of type 'null' is not assignable to parameter of type 'never'.
src/__tests__/job-matching.test.ts(21,41): error TS2345: Argument of type 'true' is not assignable to parameter of type 'never'.
src/__tests__/job-matching.test.ts(186,17): error TS2339: Property 'salaryScore' does not exist on type 'JobMatchResult'.
src/__tests__/job-matching.test.ts(186,36): error TS2339: Property 'salaryScore' does not exist on type 'JobMatchResult'.
src/__tests__/job-matching.test.ts(205,13): error TS2339: Property 'experienceLevel' does not exist on type 'JobMatchResult'.
src/__tests__/job-matching.test.ts(266,55): error TS2345: Argument of type '{ relevanceScore: number; matchedFields: string[]; }[]' is not assignable to parameter of type 'JobMatchResult[]'.
  Type '{ relevanceScore: number; matchedFields: string[]; }' is missing the following properties from type 'JobMatchResult': id, title, company, location, and 3 more.
src/__tests__/job-matching.test.ts(282,55): error TS2345: Argument of type '{ relevanceScore: number; matchedFields: string[]; }[]' is not assignable to parameter of type 'JobMatchResult[]'.
  Type '{ relevanceScore: number; matchedFields: string[]; }' is missing the following properties from type 'JobMatchResult': id, title, company, location, and 3 more.
src/__tests__/job-matching.test.ts(299,55): error TS2345: Argument of type '{ relevanceScore: number; matchedFields: string[]; }[]' is not assignable to parameter of type 'JobMatchResult[]'.
  Type '{ relevanceScore: number; matchedFields: string[]; }' is missing the following properties from type 'JobMatchResult': id, title, company, location, and 3 more.
src/__tests__/job-matching.test.ts(317,55): error TS2345: Argument of type '{ relevanceScore: number; matchedFields: string[]; }[]' is not assignable to parameter of type 'JobMatchResult[]'.
  Type '{ relevanceScore: number; matchedFields: string[]; }' is missing the following properties from type 'JobMatchResult': id, title, company, location, and 3 more.
src/__tests__/job-matching.test.ts(350,77): error TS2345: Argument of type '{ id: string; relevanceScore: number; matchedFields: string[]; }[]' is not assignable to parameter of type 'JobMatchResult[]'.
  Type '{ id: string; relevanceScore: number; matchedFields: string[]; }' is missing the following properties from type 'JobMatchResult': title, company, location, jobType, and 2 more.
src/__tests__/job-matching.test.ts(365,77): error TS2345: Argument of type '{ relevanceScore: number; matchedFields: string[]; }[]' is not assignable to parameter of type 'JobMatchResult[]'.
  Type '{ relevanceScore: number; matchedFields: string[]; }' is missing the following properties from type 'JobMatchResult': id, title, company, location, and 3 more.
src/__tests__/job-matching.test.ts(379,77): error TS2345: Argument of type '{ relevanceScore: number; matchedFields: string[]; }[]' is not assignable to parameter of type 'JobMatchResult[]'.
  Type '{ relevanceScore: number; matchedFields: string[]; }' is missing the following properties from type 'JobMatchResult': id, title, company, location, and 3 more.
src/__tests__/job-matching.test.ts(393,77): error TS2345: Argument of type '{ relevanceScore: number; matchedFields: string[]; isRemote: boolean; }[]' is not assignable to parameter of type 'JobMatchResult[]'.
  Type '{ relevanceScore: number; matchedFields: string[]; isRemote: boolean; }' is missing the following properties from type 'JobMatchResult': id, title, company, location, and 3 more.
src/__tests__/memory-leak-detection.test.tsx(68,22): error TS2554: Expected 1 arguments, but got 0.
src/__tests__/memory-leak-detection.test.tsx(69,23): error TS2554: Expected 1 arguments, but got 0.
src/__tests__/utils/api-mocks.ts(10,32): error TS2345: Argument of type '(url: string, options?: RequestInit) => Promise<{ ok: boolean; status: number; json: () => Promise<any>; text: () => Promise<string>; }>' is not assignable to parameter of type 'UnknownFunction'.
  Types of parameters 'url' and 'args' are incompatible.
    Type 'unknown' is not assignable to type 'string'.
src/__tests__/utils/api-mocks.ts(85,34): error TS2345: Argument of type '(url: string) => Promise<{ ok: boolean; status: number; json: () => Promise<{}>; }>' is not assignable to parameter of type 'UnknownFunction'.
  Types of parameters 'url' and 'args' are incompatible.
    Type 'unknown' is not assignable to type 'string'.
src/__tests__/utils/api-mocks.ts(96,33): error TS2345: Argument of type 'Error' is not assignable to parameter of type 'never'.
src/__tests__/utils/api-mocks.ts(102,32): error TS2345: Argument of type '(url: string) => Promise<unknown>' is not assignable to parameter of type 'UnknownFunction'.
  Types of parameters 'url' and 'args' are incompatible.
    Type 'unknown' is not assignable to type 'string'.
src/__tests__/utils/custom-matchers.ts(133,22): error TS2339: Property 'toBeValidJobType' does not exist on type 'Matchers<void, any> & SnapshotMatchers<void, any> & Inverse<JestMatchers<void, any>> & PromiseMatchers<any>'.
src/__tests__/utils/custom-matchers.ts(137,21): error TS2339: Property 'toBeValidUrl' does not exist on type 'Matchers<void, any> & SnapshotMatchers<void, any> & Inverse<JestMatchers<void, any>> & PromiseMatchers<any>'.
src/__tests__/utils/custom-matchers.ts(141,17): error TS2339: Property 'toHaveValidSalaryRange' does not exist on type 'Matchers<void, any> & SnapshotMatchers<void, any> & Inverse<JestMatchers<void, any>> & PromiseMatchers<any>'.
src/__tests__/utils/custom-matchers.ts(152,24): error TS2339: Property 'toBeValidEmail' does not exist on type 'Matchers<void, any> & SnapshotMatchers<void, any> & Inverse<JestMatchers<void, any>> & PromiseMatchers<any>'.
src/__tests__/utils/test-utils.tsx(9,5): error TS2353: Object literal may only specify known properties, and 'id' does not exist in type '{ name?: string | null | undefined; email?: string | null | undefined; image?: string | null | undefined; }'.
src/__tests__/utils/test-utils.tsx(20,5): error TS2353: Object literal may only specify known properties, and 'id' does not exist in type '{ name?: string | null | undefined; email?: string | null | undefined; image?: string | null | undefined; }'.
src/actions/ads.ts(12,3): error TS2305: Module '"@/lib/validations/ads"' has no exported member 'adTrackingSchema'.
src/actions/ads.ts(46,16): error TS2353: Object literal may only specify known properties, and 'employerId' does not exist in type 'AdvertisementWhereInput'.
src/actions/ads.ts(74,46): error TS2339: Property 'startDate' does not exist on type '{ name: string; type: "banner" | "sidebar" | "featured_job" | "sponsored_search" | "native" | "video" | "popup"; content: { title: string; description: string; ctaUrl: string; location?: string | undefined; ... 6 more ...; salaryRange?: string | undefined; }; ... 4 more ...; notes?: string | undefined; }'.
src/actions/ads.ts(75,35): error TS2339: Property 'endDate' does not exist on type '{ name: string; type: "banner" | "sidebar" | "featured_job" | "sponsored_search" | "native" | "video" | "popup"; content: { title: string; description: string; ctaUrl: string; location?: string | undefined; ... 6 more ...; salaryRange?: string | undefined; }; ... 4 more ...; notes?: string | undefined; }'.
src/actions/ads.ts(75,68): error TS2339: Property 'endDate' does not exist on type '{ name: string; type: "banner" | "sidebar" | "featured_job" | "sponsored_search" | "native" | "video" | "popup"; content: { title: string; description: string; ctaUrl: string; location?: string | undefined; ... 6 more ...; salaryRange?: string | undefined; }; ... 4 more ...; notes?: string | undefined; }'.
src/actions/ads.ts(102,9): error TS2322: Type 'Date | null' is not assignable to type 'string | Date'.
  Type 'null' is not assignable to type 'string | Date'.
src/actions/ads.ts(124,9): error TS2322: Type '{ [x: string]: string[] | undefined; [x: number]: string[] | undefined; [x: symbol]: string[] | undefined; }' is not assignable to type 'Record<string, string[]>'.
  'string' index signatures are incompatible.
    Type 'string[] | undefined' is not assignable to type 'string[]'.
      Type 'undefined' is not assignable to type 'string[]'.
src/actions/ads.ts(163,9): error TS2353: Object literal may only specify known properties, and 'employerId' does not exist in type 'AdvertisementWhereInput'.
src/actions/ads.ts(200,7): error TS2322: Type 'Date' is not assignable to type 'string | number | { title: string; description: string; ctaUrl: string; location?: string | undefined; jobType?: string | undefined; imageUrl?: string | undefined; videoUrl?: string | undefined; ctaText?: string | undefined; altText?: string | undefined; companyLogo?: string | undefined; salaryRange?: string | undef...'.
src/actions/ads.ts(200,39): error TS2769: No overload matches this call.
  Overload 1 of 4, '(value: string | number | Date): Date', gave the following error.
    Argument of type 'string | number | { title: string; description: string; ctaUrl: string; location?: string | undefined; jobType?: string | undefined; imageUrl?: string | undefined; videoUrl?: string | undefined; ctaText?: string | undefined; altText?: string | undefined; companyLogo?: string | undefined; salaryRange?: string | undef...' is not assignable to parameter of type 'string | number | Date'.
      Type '{ title: string; description: string; ctaUrl: string; location?: string | undefined; jobType?: string | undefined; imageUrl?: string | undefined; videoUrl?: string | undefined; ctaText?: string | undefined; altText?: string | undefined; companyLogo?: string | undefined; salaryRange?: string | undefined; }' is not assignable to type 'string | number | Date'.
  Overload 2 of 4, '(value: string | number): Date', gave the following error.
    Argument of type 'string | number | { title: string; description: string; ctaUrl: string; location?: string | undefined; jobType?: string | undefined; imageUrl?: string | undefined; videoUrl?: string | undefined; ctaText?: string | undefined; altText?: string | undefined; companyLogo?: string | undefined; salaryRange?: string | undef...' is not assignable to parameter of type 'string | number'.
      Type '{ title: string; description: string; ctaUrl: string; location?: string | undefined; jobType?: string | undefined; imageUrl?: string | undefined; videoUrl?: string | undefined; ctaText?: string | undefined; altText?: string | undefined; companyLogo?: string | undefined; salaryRange?: string | undefined; }' is not assignable to type 'string | number'.
src/actions/ads.ts(203,7): error TS2322: Type 'Date' is not assignable to type 'string | number | { title: string; description: string; ctaUrl: string; location?: string | undefined; jobType?: string | undefined; imageUrl?: string | undefined; videoUrl?: string | undefined; ctaText?: string | undefined; altText?: string | undefined; companyLogo?: string | undefined; salaryRange?: string | undef...'.
src/actions/ads.ts(203,37): error TS2769: No overload matches this call.
  Overload 1 of 4, '(value: string | number | Date): Date', gave the following error.
    Argument of type 'string | number | { title: string; description: string; ctaUrl: string; location?: string | undefined; jobType?: string | undefined; imageUrl?: string | undefined; videoUrl?: string | undefined; ctaText?: string | undefined; altText?: string | undefined; companyLogo?: string | undefined; salaryRange?: string | undef...' is not assignable to parameter of type 'string | number | Date'.
      Type '{ title: string; description: string; ctaUrl: string; location?: string | undefined; jobType?: string | undefined; imageUrl?: string | undefined; videoUrl?: string | undefined; ctaText?: string | undefined; altText?: string | undefined; companyLogo?: string | undefined; salaryRange?: string | undefined; }' is not assignable to type 'string | number | Date'.
  Overload 2 of 4, '(value: string | number): Date', gave the following error.
    Argument of type 'string | number | { title: string; description: string; ctaUrl: string; location?: string | undefined; jobType?: string | undefined; imageUrl?: string | undefined; videoUrl?: string | undefined; ctaText?: string | undefined; altText?: string | undefined; companyLogo?: string | undefined; salaryRange?: string | undef...' is not assignable to parameter of type 'string | number'.
      Type '{ title: string; description: string; ctaUrl: string; location?: string | undefined; jobType?: string | undefined; imageUrl?: string | undefined; videoUrl?: string | undefined; ctaText?: string | undefined; altText?: string | undefined; companyLogo?: string | undefined; salaryRange?: string | undefined; }' is not assignable to type 'string | number'.
src/actions/ads.ts(216,23): error TS7053: Element implicitly has an 'any' type because expression of type 'any' can't be used to index type '{ draft: string[]; scheduled: string[]; active: string[]; paused: string[]; completed: never[]; }'.
src/actions/ads.ts(216,53): error TS2339: Property 'status' does not exist on type '{ id: string; createdAt: Date; updatedAt: Date; isActive: boolean; clickCount: number; startDate: Date; endDate: Date; title: string; businessName: string; imageUrl: string; targetUrl: string; zipCodes: string; }'.
src/actions/ads.ts(219,58): error TS2339: Property 'status' does not exist on type '{ id: string; createdAt: Date; updatedAt: Date; isActive: boolean; clickCount: number; startDate: Date; endDate: Date; title: string; businessName: string; imageUrl: string; targetUrl: string; zipCodes: string; }'.
src/actions/ads.ts(249,9): error TS2322: Type '{ [x: string]: string[] | undefined; [x: number]: string[] | undefined; [x: symbol]: string[] | undefined; }' is not assignable to type 'Record<string, string[]>'.
  'string' index signatures are incompatible.
    Type 'string[] | undefined' is not assignable to type 'string[]'.
      Type 'undefined' is not assignable to type 'string[]'.
src/actions/ads.ts(271,9): error TS2353: Object literal may only specify known properties, and 'employerId' does not exist in type 'AdvertisementWhereInput'.
src/actions/ads.ts(273,27): error TS2353: Object literal may only specify known properties, and 'status' does not exist in type 'AdvertisementSelect<DefaultArgs>'.
src/actions/ads.ts(284,20): error TS2339: Property 'currentSpend' does not exist on type '{ id: string; createdAt: Date; updatedAt: Date; isActive: boolean; clickCount: number; startDate: Date; endDate: Date; title: string; businessName: string; imageUrl: string; targetUrl: string; zipCodes: string; }'.
src/actions/ads.ts(292,66): error TS2339: Property 'status' does not exist on type '{ id: string; createdAt: Date; updatedAt: Date; isActive: boolean; clickCount: number; startDate: Date; endDate: Date; title: string; businessName: string; imageUrl: string; targetUrl: string; zipCodes: string; }'.
src/actions/ads.ts(341,9): error TS2353: Object literal may only specify known properties, and 'status' does not exist in type 'AdvertisementSelect<DefaultArgs>'.
src/actions/ads.ts(350,19): error TS2339: Property 'status' does not exist on type '{ id: string; createdAt: Date; updatedAt: Date; isActive: boolean; clickCount: number; startDate: Date; endDate: Date; title: string; businessName: string; imageUrl: string; targetUrl: string; zipCodes: string; }'.
src/actions/ads.ts(358,43): error TS2339: Property 'adImpression' does not exist on type 'PrismaClient<PrismaClientOptions, never, DefaultArgs>'.
src/actions/ads.ts(376,12): error TS2339: Property 'biddingModel' does not exist on type '{ id: string; createdAt: Date; updatedAt: Date; isActive: boolean; clickCount: number; startDate: Date; endDate: Date; title: string; businessName: string; imageUrl: string; targetUrl: string; zipCodes: string; }'.
src/actions/ads.ts(377,23): error TS2339: Property 'bidAmount' does not exist on type '{ id: string; createdAt: Date; updatedAt: Date; isActive: boolean; clickCount: number; startDate: Date; endDate: Date; title: string; businessName: string; imageUrl: string; targetUrl: string; zipCodes: string; }'.
src/actions/ads.ts(378,14): error TS2339: Property 'totalBudget' does not exist on type '{ id: string; createdAt: Date; updatedAt: Date; isActive: boolean; clickCount: number; startDate: Date; endDate: Date; title: string; businessName: string; imageUrl: string; targetUrl: string; zipCodes: string; }'.
src/actions/ads.ts(378,33): error TS2339: Property 'currentSpend' does not exist on type '{ id: string; createdAt: Date; updatedAt: Date; isActive: boolean; clickCount: number; startDate: Date; endDate: Date; title: string; businessName: string; imageUrl: string; targetUrl: string; zipCodes: string; }'.
src/actions/ads.ts(378,59): error TS2339: Property 'totalBudget' does not exist on type '{ id: string; createdAt: Date; updatedAt: Date; isActive: boolean; clickCount: number; startDate: Date; endDate: Date; title: string; businessName: string; imageUrl: string; targetUrl: string; zipCodes: string; }'.
src/actions/ads.ts(382,19): error TS2353: Object literal may only specify known properties, and 'status' does not exist in type '(Without<AdvertisementUpdateInput, AdvertisementUncheckedUpdateInput> & AdvertisementUncheckedUpdateInput) | (Without<...> & AdvertisementUpdateInput)'.
src/actions/ads.ts(393,18): error TS2339: Property 'adImpression' does not exist on type 'PrismaClient<PrismaClientOptions, never, DefaultArgs>'.
src/actions/ads.ts(410,12): error TS2339: Property 'biddingModel' does not exist on type '{ id: string; createdAt: Date; updatedAt: Date; isActive: boolean; clickCount: number; startDate: Date; endDate: Date; title: string; businessName: string; imageUrl: string; targetUrl: string; zipCodes: string; }'.
src/actions/ads.ts(411,49): error TS2339: Property 'bidAmount' does not exist on type '{ id: string; createdAt: Date; updatedAt: Date; isActive: boolean; clickCount: number; startDate: Date; endDate: Date; title: string; businessName: string; imageUrl: string; targetUrl: string; zipCodes: string; }'.
src/actions/ads.ts(428,9): error TS2322: Type '{ [x: string]: string[] | undefined; [x: number]: string[] | undefined; [x: symbol]: string[] | undefined; }' is not assignable to type 'Record<string, string[]>'.
  'string' index signatures are incompatible.
    Type 'string[] | undefined' is not assignable to type 'string[]'.
      Type 'undefined' is not assignable to type 'string[]'.
src/actions/ads.ts(463,9): error TS2353: Object literal may only specify known properties, and 'status' does not exist in type 'AdvertisementSelect<DefaultArgs>'.
src/actions/ads.ts(474,19): error TS2339: Property 'status' does not exist on type '{ id: string; createdAt: Date; updatedAt: Date; isActive: boolean; clickCount: number; startDate: Date; endDate: Date; title: string; businessName: string; imageUrl: string; targetUrl: string; zipCodes: string; }'.
src/actions/ads.ts(491,12): error TS2339: Property 'biddingModel' does not exist on type '{ id: string; createdAt: Date; updatedAt: Date; isActive: boolean; clickCount: number; startDate: Date; endDate: Date; title: string; businessName: string; imageUrl: string; targetUrl: string; zipCodes: string; }'.
src/actions/ads.ts(492,17): error TS2339: Property 'bidAmount' does not exist on type '{ id: string; createdAt: Date; updatedAt: Date; isActive: boolean; clickCount: number; startDate: Date; endDate: Date; title: string; businessName: string; imageUrl: string; targetUrl: string; zipCodes: string; }'.
src/actions/ads.ts(495,14): error TS2339: Property 'totalBudget' does not exist on type '{ id: string; createdAt: Date; updatedAt: Date; isActive: boolean; clickCount: number; startDate: Date; endDate: Date; title: string; businessName: string; imageUrl: string; targetUrl: string; zipCodes: string; }'.
src/actions/ads.ts(495,33): error TS2339: Property 'currentSpend' does not exist on type '{ id: string; createdAt: Date; updatedAt: Date; isActive: boolean; clickCount: number; startDate: Date; endDate: Date; title: string; businessName: string; imageUrl: string; targetUrl: string; zipCodes: string; }'.
src/actions/ads.ts(495,59): error TS2339: Property 'totalBudget' does not exist on type '{ id: string; createdAt: Date; updatedAt: Date; isActive: boolean; clickCount: number; startDate: Date; endDate: Date; title: string; businessName: string; imageUrl: string; targetUrl: string; zipCodes: string; }'.
src/actions/ads.ts(498,19): error TS2353: Object literal may only specify known properties, and 'status' does not exist in type '(Without<AdvertisementUpdateInput, AdvertisementUncheckedUpdateInput> & AdvertisementUncheckedUpdateInput) | (Without<...> & AdvertisementUpdateInput)'.
src/actions/ads.ts(509,18): error TS2339: Property 'adClick' does not exist on type 'PrismaClient<PrismaClientOptions, never, DefaultArgs>'.
src/actions/ads.ts(537,27): error TS2339: Property 'impressions' does not exist on type '{ id: string; createdAt: Date; updatedAt: Date; isActive: boolean; clickCount: number; startDate: Date; endDate: Date; title: string; businessName: string; imageUrl: string; targetUrl: string; zipCodes: string; }'.
src/actions/ads.ts(538,20): error TS2339: Property 'clicks' does not exist on type '{ id: string; createdAt: Date; updatedAt: Date; isActive: boolean; clickCount: number; startDate: Date; endDate: Date; title: string; businessName: string; imageUrl: string; targetUrl: string; zipCodes: string; }'.
src/actions/ads.ts(538,39): error TS2339: Property 'impressions' does not exist on type '{ id: string; createdAt: Date; updatedAt: Date; isActive: boolean; clickCount: number; startDate: Date; endDate: Date; title: string; businessName: string; imageUrl: string; targetUrl: string; zipCodes: string; }'.
src/actions/ads.ts(547,31): error TS2339: Property 'currentSpend' does not exist on type '{ id: string; createdAt: Date; updatedAt: Date; isActive: boolean; clickCount: number; startDate: Date; endDate: Date; title: string; businessName: string; imageUrl: string; targetUrl: string; zipCodes: string; }'.
src/actions/ads.ts(555,9): error TS2322: Type '{ [x: string]: string[] | undefined; [x: number]: string[] | undefined; [x: symbol]: string[] | undefined; }' is not assignable to type 'Record<string, string[]>'.
  'string' index signatures are incompatible.
    Type 'string[] | undefined' is not assignable to type 'string[]'.
      Type 'undefined' is not assignable to type 'string[]'.
src/actions/ads.ts(592,45): error TS2339: Property 'adConversion' does not exist on type 'PrismaClient<PrismaClientOptions, never, DefaultArgs>'.
src/actions/ads.ts(611,18): error TS2339: Property 'adConversion' does not exist on type 'PrismaClient<PrismaClientOptions, never, DefaultArgs>'.
src/actions/ads.ts(626,9): error TS2353: Object literal may only specify known properties, and 'conversions' does not exist in type '(Without<AdvertisementUpdateInput, AdvertisementUncheckedUpdateInput> & AdvertisementUncheckedUpdateInput) | (Without<...> & AdvertisementUpdateInput)'.
src/actions/ads.ts(635,19): error TS2353: Object literal may only specify known properties, and 'currentSpend' does not exist in type 'AdvertisementSelect<DefaultArgs>'.
src/actions/ads.ts(638,20): error TS2339: Property 'currentSpend' does not exist on type '{ id: string; createdAt: Date; updatedAt: Date; isActive: boolean; clickCount: number; startDate: Date; endDate: Date; title: string; businessName: string; imageUrl: string; targetUrl: string; zipCodes: string; }'.
src/actions/ads.ts(639,52): error TS2339: Property 'currentSpend' does not exist on type '{ id: string; createdAt: Date; updatedAt: Date; isActive: boolean; clickCount: number; startDate: Date; endDate: Date; title: string; businessName: string; imageUrl: string; targetUrl: string; zipCodes: string; }'.
src/actions/ads.ts(639,71): error TS2339: Property 'currentSpend' does not exist on type '{ id: string; createdAt: Date; updatedAt: Date; isActive: boolean; clickCount: number; startDate: Date; endDate: Date; title: string; businessName: string; imageUrl: string; targetUrl: string; zipCodes: string; }'.
src/actions/ads.ts(657,9): error TS2322: Type '{ [x: string]: string[] | undefined; [x: number]: string[] | undefined; [x: symbol]: string[] | undefined; }' is not assignable to type 'Record<string, string[]>'.
  'string' index signatures are incompatible.
    Type 'string[] | undefined' is not assignable to type 'string[]'.
      Type 'undefined' is not assignable to type 'string[]'.
src/actions/ads.ts(684,9): error TS2353: Object literal may only specify known properties, and 'employerId' does not exist in type 'AdvertisementWhereInput'.
src/actions/ads.ts(689,9): error TS2353: Object literal may only specify known properties, and 'type' does not exist in type 'AdvertisementSelect<DefaultArgs>'.
src/actions/ads.ts(711,20): error TS2339: Property 'impressions' does not exist on type '{ id: string; createdAt: Date; updatedAt: Date; isActive: boolean; clickCount: number; startDate: Date; endDate: Date; title: string; businessName: string; imageUrl: string; targetUrl: string; zipCodes: string; }'.
src/actions/ads.ts(711,42): error TS2339: Property 'clicks' does not exist on type '{ id: string; createdAt: Date; updatedAt: Date; isActive: boolean; clickCount: number; startDate: Date; endDate: Date; title: string; businessName: string; imageUrl: string; targetUrl: string; zipCodes: string; }'.
src/actions/ads.ts(711,54): error TS2339: Property 'impressions' does not exist on type '{ id: string; createdAt: Date; updatedAt: Date; isActive: boolean; clickCount: number; startDate: Date; endDate: Date; title: string; businessName: string; imageUrl: string; targetUrl: string; zipCodes: string; }'.
src/actions/ads.ts(712,31): error TS2339: Property 'clicks' does not exist on type '{ id: string; createdAt: Date; updatedAt: Date; isActive: boolean; clickCount: number; startDate: Date; endDate: Date; title: string; businessName: string; imageUrl: string; targetUrl: string; zipCodes: string; }'.
src/actions/ads.ts(712,48): error TS2339: Property 'conversions' does not exist on type '{ id: string; createdAt: Date; updatedAt: Date; isActive: boolean; clickCount: number; startDate: Date; endDate: Date; title: string; businessName: string; imageUrl: string; targetUrl: string; zipCodes: string; }'.
src/actions/ads.ts(712,65): error TS2339: Property 'clicks' does not exist on type '{ id: string; createdAt: Date; updatedAt: Date; isActive: boolean; clickCount: number; startDate: Date; endDate: Date; title: string; businessName: string; imageUrl: string; targetUrl: string; zipCodes: string; }'.
src/actions/ads.ts(713,24): error TS2339: Property 'clicks' does not exist on type '{ id: string; createdAt: Date; updatedAt: Date; isActive: boolean; clickCount: number; startDate: Date; endDate: Date; title: string; businessName: string; imageUrl: string; targetUrl: string; zipCodes: string; }'.
src/actions/ads.ts(713,40): error TS2339: Property 'currentSpend' does not exist on type '{ id: string; createdAt: Date; updatedAt: Date; isActive: boolean; clickCount: number; startDate: Date; endDate: Date; title: string; businessName: string; imageUrl: string; targetUrl: string; zipCodes: string; }'.
src/actions/ads.ts(713,58): error TS2339: Property 'clicks' does not exist on type '{ id: string; createdAt: Date; updatedAt: Date; isActive: boolean; clickCount: number; startDate: Date; endDate: Date; title: string; businessName: string; imageUrl: string; targetUrl: string; zipCodes: string; }'.
src/actions/ads.ts(714,34): error TS2339: Property 'totalBudget' does not exist on type '{ id: string; createdAt: Date; updatedAt: Date; isActive: boolean; clickCount: number; startDate: Date; endDate: Date; title: string; businessName: string; imageUrl: string; targetUrl: string; zipCodes: string; }'.
src/actions/ads.ts(715,13): error TS2339: Property 'currentSpend' does not exist on type '{ id: string; createdAt: Date; updatedAt: Date; isActive: boolean; clickCount: number; startDate: Date; endDate: Date; title: string; businessName: string; imageUrl: string; targetUrl: string; zipCodes: string; }'.
src/actions/ads.ts(715,31): error TS2339: Property 'totalBudget' does not exist on type '{ id: string; createdAt: Date; updatedAt: Date; isActive: boolean; clickCount: number; startDate: Date; endDate: Date; title: string; businessName: string; imageUrl: string; targetUrl: string; zipCodes: string; }'.
src/actions/ads.ts(730,14): error TS2339: Property 'adImpression' does not exist on type 'PrismaClient<PrismaClientOptions, never, DefaultArgs>'.
src/actions/ads.ts(736,14): error TS2339: Property 'adClick' does not exist on type 'PrismaClient<PrismaClientOptions, never, DefaultArgs>'.
src/actions/ads.ts(743,14): error TS2339: Property 'adConversion' does not exist on type 'PrismaClient<PrismaClientOptions, never, DefaultArgs>'.
src/actions/ads.ts(758,20): error TS2339: Property 'type' does not exist on type '{ id: string; createdAt: Date; updatedAt: Date; isActive: boolean; clickCount: number; startDate: Date; endDate: Date; title: string; businessName: string; imageUrl: string; targetUrl: string; zipCodes: string; }'.
src/actions/ads.ts(759,22): error TS2339: Property 'status' does not exist on type '{ id: string; createdAt: Date; updatedAt: Date; isActive: boolean; clickCount: number; startDate: Date; endDate: Date; title: string; businessName: string; imageUrl: string; targetUrl: string; zipCodes: string; }'.
src/actions/ads.ts(763,27): error TS2339: Property 'impressions' does not exist on type '{ id: string; createdAt: Date; updatedAt: Date; isActive: boolean; clickCount: number; startDate: Date; endDate: Date; title: string; businessName: string; imageUrl: string; targetUrl: string; zipCodes: string; }'.
src/actions/ads.ts(764,22): error TS2339: Property 'clicks' does not exist on type '{ id: string; createdAt: Date; updatedAt: Date; isActive: boolean; clickCount: number; startDate: Date; endDate: Date; title: string; businessName: string; imageUrl: string; targetUrl: string; zipCodes: string; }'.
src/actions/ads.ts(765,27): error TS2339: Property 'conversions' does not exist on type '{ id: string; createdAt: Date; updatedAt: Date; isActive: boolean; clickCount: number; startDate: Date; endDate: Date; title: string; businessName: string; imageUrl: string; targetUrl: string; zipCodes: string; }'.
src/actions/ads.ts(768,28): error TS2339: Property 'currentSpend' does not exist on type '{ id: string; createdAt: Date; updatedAt: Date; isActive: boolean; clickCount: number; startDate: Date; endDate: Date; title: string; businessName: string; imageUrl: string; targetUrl: string; zipCodes: string; }'.
src/actions/ads.ts(773,21): error TS2339: Property 'dailyBudget' does not exist on type '{ id: string; createdAt: Date; updatedAt: Date; isActive: boolean; clickCount: number; startDate: Date; endDate: Date; title: string; businessName: string; imageUrl: string; targetUrl: string; zipCodes: string; }'.
src/actions/ads.ts(774,21): error TS2339: Property 'totalBudget' does not exist on type '{ id: string; createdAt: Date; updatedAt: Date; isActive: boolean; clickCount: number; startDate: Date; endDate: Date; title: string; businessName: string; imageUrl: string; targetUrl: string; zipCodes: string; }'.
src/actions/ads.ts(775,21): error TS2339: Property 'currentSpend' does not exist on type '{ id: string; createdAt: Date; updatedAt: Date; isActive: boolean; clickCount: number; startDate: Date; endDate: Date; title: string; businessName: string; imageUrl: string; targetUrl: string; zipCodes: string; }'.
src/actions/ads.ts(776,25): error TS2339: Property 'totalBudget' does not exist on type '{ id: string; createdAt: Date; updatedAt: Date; isActive: boolean; clickCount: number; startDate: Date; endDate: Date; title: string; businessName: string; imageUrl: string; targetUrl: string; zipCodes: string; }'.
src/actions/ads.ts(776,42): error TS2339: Property 'totalBudget' does not exist on type '{ id: string; createdAt: Date; updatedAt: Date; isActive: boolean; clickCount: number; startDate: Date; endDate: Date; title: string; businessName: string; imageUrl: string; targetUrl: string; zipCodes: string; }'.
src/actions/ads.ts(776,59): error TS2339: Property 'currentSpend' does not exist on type '{ id: string; createdAt: Date; updatedAt: Date; isActive: boolean; clickCount: number; startDate: Date; endDate: Date; title: string; businessName: string; imageUrl: string; targetUrl: string; zipCodes: string; }'.
src/actions/ads.ts(779,21): error TS2339: Property 'biddingModel' does not exist on type '{ id: string; createdAt: Date; updatedAt: Date; isActive: boolean; clickCount: number; startDate: Date; endDate: Date; title: string; businessName: string; imageUrl: string; targetUrl: string; zipCodes: string; }'.
src/actions/ads.ts(780,22): error TS2339: Property 'bidAmount' does not exist on type '{ id: string; createdAt: Date; updatedAt: Date; isActive: boolean; clickCount: number; startDate: Date; endDate: Date; title: string; businessName: string; imageUrl: string; targetUrl: string; zipCodes: string; }'.
src/actions/ads.ts(823,9): error TS2353: Object literal may only specify known properties, and 'employerId' does not exist in type 'AdvertisementWhereInput'.
src/actions/ads.ts(825,27): error TS2353: Object literal may only specify known properties, and 'status' does not exist in type 'AdvertisementSelect<DefaultArgs>'.
src/actions/ads.ts(855,46): error TS2339: Property 'status' does not exist on type '{ id: string; createdAt: Date; updatedAt: Date; isActive: boolean; clickCount: number; startDate: Date; endDate: Date; title: string; businessName: string; imageUrl: string; targetUrl: string; zipCodes: string; }'.
src/actions/alerts.ts(40,37): error TS2339: Property 'jobAlert' does not exist on type 'PrismaClient<PrismaClientOptions, never, DefaultArgs>'.
src/actions/alerts.ts(72,32): error TS2339: Property 'jobAlert' does not exist on type 'PrismaClient<PrismaClientOptions, never, DefaultArgs>'.
src/actions/alerts.ts(93,9): error TS2322: Type '{ [x: string]: string[] | undefined; [x: number]: string[] | undefined; [x: symbol]: string[] | undefined; }' is not assignable to type 'Record<string, string[]>'.
  'string' index signatures are incompatible.
    Type 'string[] | undefined' is not assignable to type 'string[]'.
      Type 'undefined' is not assignable to type 'string[]'.
src/actions/alerts.ts(129,40): error TS2339: Property 'jobAlert' does not exist on type 'PrismaClient<PrismaClientOptions, never, DefaultArgs>'.
src/actions/alerts.ts(164,39): error TS2339: Property 'jobAlert' does not exist on type 'PrismaClient<PrismaClientOptions, never, DefaultArgs>'.
src/actions/alerts.ts(185,9): error TS2322: Type '{ [x: string]: string[] | undefined; [x: number]: string[] | undefined; [x: symbol]: string[] | undefined; }' is not assignable to type 'Record<string, string[]>'.
  'string' index signatures are incompatible.
    Type 'string[] | undefined' is not assignable to type 'string[]'.
      Type 'undefined' is not assignable to type 'string[]'.
src/actions/alerts.ts(204,40): error TS2339: Property 'jobAlert' does not exist on type 'PrismaClient<PrismaClientOptions, never, DefaultArgs>'.
src/actions/alerts.ts(219,18): error TS2339: Property 'jobAlert' does not exist on type 'PrismaClient<PrismaClientOptions, never, DefaultArgs>'.
src/actions/alerts.ts(245,40): error TS2339: Property 'jobAlert' does not exist on type 'PrismaClient<PrismaClientOptions, never, DefaultArgs>'.
src/actions/alerts.ts(263,18): error TS2339: Property 'jobAlert' does not exist on type 'PrismaClient<PrismaClientOptions, never, DefaultArgs>'.
src/actions/alerts.ts(308,32): error TS2339: Property 'jobAlert' does not exist on type 'PrismaClient<PrismaClientOptions, never, DefaultArgs>'.
src/actions/alerts.ts(340,20): error TS2339: Property 'jobAlert' does not exist on type 'PrismaClient<PrismaClientOptions, never, DefaultArgs>'.
src/actions/alerts.ts(370,9): error TS2322: Type '{ [x: string]: string[] | undefined; [x: number]: string[] | undefined; [x: symbol]: string[] | undefined; }' is not assignable to type 'Record<string, string[]>'.
  'string' index signatures are incompatible.
    Type 'string[] | undefined' is not assignable to type 'string[]'.
      Type 'undefined' is not assignable to type 'string[]'.
src/actions/alerts.ts(404,37): error TS2339: Property 'jobAlert' does not exist on type 'PrismaClient<PrismaClientOptions, never, DefaultArgs>'.
src/actions/alerts.ts(422,31): error TS2339: Property 'jobAlert' does not exist on type 'PrismaClient<PrismaClientOptions, never, DefaultArgs>'.
src/actions/alerts.ts(428,31): error TS2339: Property 'jobAlert' does not exist on type 'PrismaClient<PrismaClientOptions, never, DefaultArgs>'.
src/actions/alerts.ts(434,31): error TS2339: Property 'jobAlert' does not exist on type 'PrismaClient<PrismaClientOptions, never, DefaultArgs>'.
src/actions/auth.ts(9,10): error TS2614: Module '"next-auth"' has no exported member 'AuthError'. Did you mean to use 'import AuthError from "next-auth"' instead?
src/actions/auth.ts(101,9): error TS2353: Object literal may only specify known properties, and 'companyName' does not exist in type '(Without<UserCreateInput, UserUncheckedCreateInput> & UserUncheckedCreateInput) | (Without<...> & UserCreateInput)'.
src/actions/auth.ts(121,9): error TS2322: Type '{ [x: string]: string[] | undefined; [x: number]: string[] | undefined; [x: symbol]: string[] | undefined; }' is not assignable to type 'Record<string, string[]>'.
  'string' index signatures are incompatible.
    Type 'string[] | undefined' is not assignable to type 'string[]'.
      Type 'undefined' is not assignable to type 'string[]'.
src/actions/auth.ts(172,15): error TS2551: Property 'emailVerified' does not exist on type '{ id: string; email: string; name: string | null; passwordHash: string; createdAt: Date; isEmailVerified: boolean; magicLinkExpires: Date | null; magicLinkToken: string | null; ... 21 more ...; trialEndsAt: Date | null; }'. Did you mean 'isEmailVerified'?
src/actions/auth.ts(183,17): error TS2339: Property 'set' does not exist on type 'Promise<ReadonlyRequestCookies>'.
src/actions/auth.ts(190,20): error TS2339: Property 'twoFactorSession' does not exist on type 'PrismaClient<PrismaClientOptions, never, DefaultArgs>'.
src/actions/auth.ts(221,9): error TS2322: Type '{ [x: string]: string[] | undefined; [x: number]: string[] | undefined; [x: symbol]: string[] | undefined; }' is not assignable to type 'Record<string, string[]>'.
  'string' index signatures are incompatible.
    Type 'string[] | undefined' is not assignable to type 'string[]'.
      Type 'undefined' is not assignable to type 'string[]'.
src/actions/auth.ts(240,15): error TS2339: Property 'delete' does not exist on type 'Promise<ReadonlyRequestCookies>'.
src/actions/auth.ts(299,9): error TS2322: Type '{ [x: string]: string[] | undefined; [x: number]: string[] | undefined; [x: symbol]: string[] | undefined; }' is not assignable to type 'Record<string, string[]>'.
  'string' index signatures are incompatible.
    Type 'string[] | undefined' is not assignable to type 'string[]'.
      Type 'undefined' is not assignable to type 'string[]'.
src/actions/auth.ts(363,9): error TS2322: Type '{ [x: string]: string[] | undefined; [x: number]: string[] | undefined; [x: symbol]: string[] | undefined; }' is not assignable to type 'Record<string, string[]>'.
  'string' index signatures are incompatible.
    Type 'string[] | undefined' is not assignable to type 'string[]'.
      Type 'undefined' is not assignable to type 'string[]'.
src/actions/auth.ts(385,9): error TS2353: Object literal may only specify known properties, and 'emailVerificationToken' does not exist in type 'UserWhereInput'.
src/actions/auth.ts(400,9): error TS2561: Object literal may only specify known properties, but 'emailVerified' does not exist in type '(Without<UserUpdateInput, UserUncheckedUpdateInput> & UserUncheckedUpdateInput) | (Without<...> & UserUpdateInput)'. Did you mean to write 'isEmailVerified'?
src/actions/auth.ts(467,9): error TS2322: Type '{ [x: string]: string[] | undefined; [x: number]: string[] | undefined; [x: symbol]: string[] | undefined; }' is not assignable to type 'Record<string, string[]>'.
  'string' index signatures are incompatible.
    Type 'string[] | undefined' is not assignable to type 'string[]'.
      Type 'undefined' is not assignable to type 'string[]'.
src/actions/auth.ts(492,36): error TS2339: Property 'get' does not exist on type 'Promise<ReadonlyRequestCookies>'.
src/actions/auth.ts(501,34): error TS2339: Property 'twoFactorSession' does not exist on type 'PrismaClient<PrismaClientOptions, never, DefaultArgs>'.
src/actions/auth.ts(530,18): error TS2339: Property 'twoFactorSession' does not exist on type 'PrismaClient<PrismaClientOptions, never, DefaultArgs>'.
src/actions/auth.ts(533,15): error TS2339: Property 'delete' does not exist on type 'Promise<ReadonlyRequestCookies>'.
src/actions/auth.ts(551,9): error TS2322: Type '{ [x: string]: string[] | undefined; [x: number]: string[] | undefined; [x: symbol]: string[] | undefined; }' is not assignable to type 'Record<string, string[]>'.
  'string' index signatures are incompatible.
    Type 'string[] | undefined' is not assignable to type 'string[]'.
      Type 'undefined' is not assignable to type 'string[]'.
src/actions/jobs.ts(116,34): error TS2339: Property 'create' does not exist on type 'JobDelegate<DefaultArgs, PrismaClientOptions>'.
src/actions/jobs.ts(139,9): error TS2322: Type '{ [x: string]: string[] | undefined; [x: number]: string[] | undefined; [x: symbol]: string[] | undefined; }' is not assignable to type 'Record<string, string[]>'.
  'string' index signatures are incompatible.
    Type 'string[] | undefined' is not assignable to type 'string[]'.
      Type 'undefined' is not assignable to type 'string[]'.
src/actions/jobs.ts(178,9): error TS2353: Object literal may only specify known properties, and 'employerId' does not exist in type 'JobWhereInput'.
src/actions/jobs.ts(221,7): error TS2322: Type 'Date' is not assignable to type 'string | number | boolean | string[]'.
  Type 'Date' is missing the following properties from type 'string[]': length, pop, push, concat, and 35 more.
src/actions/jobs.ts(221,39): error TS2769: No overload matches this call.
  Overload 1 of 4, '(value: string | number | Date): Date', gave the following error.
    Argument of type 'string | number | true | string[]' is not assignable to parameter of type 'string | number | Date'.
      Type 'boolean' is not assignable to type 'string | number | Date'.
  Overload 2 of 4, '(value: string | number): Date', gave the following error.
    Argument of type 'string | number | true | string[]' is not assignable to parameter of type 'string | number'.
      Type 'boolean' is not assignable to type 'string | number'.
src/actions/jobs.ts(246,9): error TS2322: Type '{ [x: string]: string[] | undefined; [x: number]: string[] | undefined; [x: symbol]: string[] | undefined; }' is not assignable to type 'Record<string, string[]>'.
  'string' index signatures are incompatible.
    Type 'string[] | undefined' is not assignable to type 'string[]'.
      Type 'undefined' is not assignable to type 'string[]'.
src/actions/jobs.ts(265,9): error TS2353: Object literal may only specify known properties, and 'employerId' does not exist in type 'JobWhereInput'.
src/actions/jobs.ts(349,11): error TS2353: Object literal may only specify known properties, and 'employerId' does not exist in type 'JobSelect<DefaultArgs>'.
src/actions/jobs.ts(356,11): error TS2353: Object literal may only specify known properties, and 'applicantId' does not exist in type 'JobApplicationWhereInput'.
src/actions/jobs.ts(403,9): error TS2353: Object literal may only specify known properties, and 'applicantId' does not exist in type 'Without<JobApplicationCreateInput, JobApplicationUncheckedCreateInput> & JobApplicationUncheckedCreateInput'.
src/actions/jobs.ts(421,9): error TS2322: Type '{ [x: string]: string[] | undefined; [x: number]: string[] | undefined; [x: symbol]: string[] | undefined; }' is not assignable to type 'Record<string, string[]>'.
  'string' index signatures are incompatible.
    Type 'string[] | undefined' is not assignable to type 'string[]'.
      Type 'undefined' is not assignable to type 'string[]'.
src/actions/jobs.ts(462,14): error TS2339: Property 'savedJob' does not exist on type 'PrismaClient<PrismaClientOptions, never, DefaultArgs>'.
src/actions/jobs.ts(479,20): error TS2339: Property 'savedJob' does not exist on type 'PrismaClient<PrismaClientOptions, never, DefaultArgs>'.
src/actions/jobs.ts(492,20): error TS2339: Property 'savedJob' does not exist on type 'PrismaClient<PrismaClientOptions, never, DefaultArgs>'.
src/actions/jobs.ts(512,9): error TS2322: Type '{ [x: string]: string[] | undefined; [x: number]: string[] | undefined; [x: symbol]: string[] | undefined; }' is not assignable to type 'Record<string, string[]>'.
  'string' index signatures are incompatible.
    Type 'string[] | undefined' is not assignable to type 'string[]'.
      Type 'undefined' is not assignable to type 'string[]'.
src/actions/jobs.ts(618,13): error TS2561: Object literal may only specify known properties, but 'applications' does not exist in type 'JobCountOutputTypeSelect<DefaultArgs>'. Did you mean to write 'jobApplications'?
src/actions/jobs.ts(649,9): error TS2353: Object literal may only specify known properties, and 'employerId' does not exist in type 'JobWhereInput'.
src/actions/users.ts(165,9): error TS2322: Type '{ [x: string]: string[] | undefined; [x: number]: string[] | undefined; [x: symbol]: string[] | undefined; }' is not assignable to type 'Record<string, string[]>'.
  'string' index signatures are incompatible.
    Type 'string[] | undefined' is not assignable to type 'string[]'.
      Type 'undefined' is not assignable to type 'string[]'.
src/actions/users.ts(211,9): error TS2353: Object literal may only specify known properties, and 'notificationPreferences' does not exist in type '(Without<UserUpdateInput, UserUncheckedUpdateInput> & UserUncheckedUpdateInput) | (Without<...> & UserUpdateInput)'.
src/actions/users.ts(227,9): error TS2322: Type '{ [x: string]: string[] | undefined; [x: number]: string[] | undefined; [x: symbol]: string[] | undefined; }' is not assignable to type 'Record<string, string[]>'.
  'string' index signatures are incompatible.
    Type 'string[] | undefined' is not assignable to type 'string[]'.
      Type 'undefined' is not assignable to type 'string[]'.
src/actions/users.ts(271,9): error TS2353: Object literal may only specify known properties, and 'privacySettings' does not exist in type '(Without<UserUpdateInput, UserUncheckedUpdateInput> & UserUncheckedUpdateInput) | (Without<...> & UserUpdateInput)'.
src/actions/users.ts(287,9): error TS2322: Type '{ [x: string]: string[] | undefined; [x: number]: string[] | undefined; [x: symbol]: string[] | undefined; }' is not assignable to type 'Record<string, string[]>'.
  'string' index signatures are incompatible.
    Type 'string[] | undefined' is not assignable to type 'string[]'.
      Type 'undefined' is not assignable to type 'string[]'.
src/actions/users.ts(370,9): error TS2322: Type '{ [x: string]: string[] | undefined; [x: number]: string[] | undefined; [x: symbol]: string[] | undefined; }' is not assignable to type 'Record<string, string[]>'.
  'string' index signatures are incompatible.
    Type 'string[] | undefined' is not assignable to type 'string[]'.
      Type 'undefined' is not assignable to type 'string[]'.
src/actions/users.ts(439,9): error TS2322: Type '{ [x: string]: string[] | undefined; [x: number]: string[] | undefined; [x: symbol]: string[] | undefined; }' is not assignable to type 'Record<string, string[]>'.
  'string' index signatures are incompatible.
    Type 'string[] | undefined' is not assignable to type 'string[]'.
      Type 'undefined' is not assignable to type 'string[]'.
src/actions/users.ts(530,9): error TS2322: Type '{ [x: string]: string[] | undefined; [x: number]: string[] | undefined; [x: symbol]: string[] | undefined; }' is not assignable to type 'Record<string, string[]>'.
  'string' index signatures are incompatible.
    Type 'string[] | undefined' is not assignable to type 'string[]'.
      Type 'undefined' is not assignable to type 'string[]'.
src/actions/users.ts(585,13): error TS2353: Object literal may only specify known properties, and 'jobsPosted' does not exist in type 'UserCountOutputTypeSelect<DefaultArgs>'.
src/actions/users.ts(604,41): error TS2339: Property 'privacySettings' does not exist on type '{ id: string; email: string; name: string | null; passwordHash: string; createdAt: Date; isEmailVerified: boolean; magicLinkExpires: Date | null; magicLinkToken: string | null; ... 21 more ...; trialEndsAt: Date | null; }'.
src/actions/users.ts(706,9): error TS2353: Object literal may only specify known properties, and 'bio' does not exist in type 'UserSelect<DefaultArgs>'.
src/app/admin/analytics/page.tsx(78,16): error TS2353: Object literal may only specify known properties, and 'createdAt' does not exist in type 'JobApplicationWhereInput'.
src/app/admin/analytics/page.tsx(82,9): error TS2353: Object literal may only specify known properties, and 'createdAt' does not exist in type 'JobApplicationWhereInput'.
src/app/admin/moderation/jobs/[id]/page.tsx(33,7): error TS2353: Object literal may only specify known properties, and 'company' does not exist in type 'JobInclude<DefaultArgs>'.
src/app/admin/moderation/jobs/page.tsx(73,9): error TS2353: Object literal may only specify known properties, and 'company' does not exist in type 'JobInclude<DefaultArgs>'.
src/app/admin/moderation/jobs/page.tsx(144,9): error TS2322: Type '{ id: string; createdAt: Date; updatedAt: Date; location: string; companyId: string | null; company: string; categories: string[]; salaryMax: number | null; salaryMin: number | null; ... 11 more ...; isRemote: boolean; }[]' is not assignable to type 'Job[]'.
  Type '{ id: string; createdAt: Date; updatedAt: Date; location: string; companyId: string | null; company: string; categories: string[]; salaryMax: number | null; salaryMin: number | null; ... 11 more ...; isRemote: boolean; }' is missing the following properties from type 'Job': jobType, _count
src/app/admin/settings/page.tsx(28,19): error TS2353: Object literal may only specify known properties, and 'contains' does not exist in type 'EnumUserRoleFilter<"User">'.
src/app/admin/settings/page.tsx(98,29): error TS2322: Type '{ id: string; email: string; name: string | null; passwordHash: string; createdAt: Date; isEmailVerified: boolean; magicLinkExpires: Date | null; magicLinkToken: string | null; ... 21 more ...; trialEndsAt: Date | null; }[]' is not assignable to type '{ id: string; name: string; email: string; role: string; createdAt: Date; }[]'.
  Type '{ id: string; email: string; name: string | null; passwordHash: string; createdAt: Date; isEmailVerified: boolean; magicLinkExpires: Date | null; magicLinkToken: string | null; ... 21 more ...; trialEndsAt: Date | null; }' is not assignable to type '{ id: string; name: string; email: string; role: string; createdAt: Date; }'.
    Types of property 'name' are incompatible.
      Type 'string | null' is not assignable to type 'string'.
        Type 'null' is not assignable to type 'string'.
src/app/admin/users/page.tsx(9,79): error TS2307: Cannot find module '@/components/ui/table' or its corresponding type declarations.
src/app/api/admin/data-integrity/route.ts(10,29): error TS2307: Cannot find module '@/lib/auth' or its corresponding type declarations.
src/app/api/admin/database-performance/route.ts(11,29): error TS2307: Cannot find module '@/lib/auth' or its corresponding type declarations.
src/app/api/admin/health/route.ts(46,14): error TS2551: Property 'application' does not exist on type 'PrismaClient<PrismaClientOptions, never, DefaultArgs>'. Did you mean 'jobApplication'?
src/app/api/admin/jobs/[id]/moderate/route.ts(46,9): error TS2353: Object literal may only specify known properties, and 'company' does not exist in type 'JobInclude<DefaultArgs>'.
src/app/api/admin/jobs/[id]/moderate/route.ts(108,31): error TS2339: Property 'name' does not exist on type 'string'.
src/app/api/admin/jobs/bulk-moderate/route.ts(51,9): error TS2353: Object literal may only specify known properties, and 'company' does not exist in type 'JobInclude<DefaultArgs>'.
src/app/api/admin/jobs/bulk-moderate/route.ts(109,31): error TS2339: Property 'name' does not exist on type 'string'.
src/app/api/admin/reports/export/route.ts(142,11): error TS2353: Object literal may only specify known properties, and 'lastLoginAt' does not exist in type 'UserSelect<DefaultArgs>'.
src/app/api/admin/reports/export/route.ts(164,11): error TS2353: Object literal may only specify known properties, and 'userId' does not exist in type 'JobSelect<DefaultArgs>'.
src/app/api/admin/reports/export/route.ts(170,27): error TS2551: Property 'application' does not exist on type 'PrismaClient<PrismaClientOptions, never, DefaultArgs>'. Did you mean 'jobApplication'?
src/app/api/admin/reports/export/route.ts(237,11): error TS2353: Object literal may only specify known properties, and 'type' does not exist in type 'AdvertisementSelect<DefaultArgs>'.
src/app/api/ads/[id]/analytics/export/route.ts(8,3): error TS2345: Argument of type '(req: NextRequest, context: APIContext<any, any>) => Promise<Response>' is not assignable to parameter of type '(req: NextRequest, context: APIContext<any, any>) => Promise<NextResponse<unknown>>'.
  Type 'Promise<Response>' is not assignable to type 'Promise<NextResponse<unknown>>'.
    Type 'Response' is missing the following properties from type 'NextResponse<unknown>': cookies, [INTERNALS]
src/app/api/ads/[id]/route.ts(17,3): error TS2345: Argument of type '(req: NextRequest, context: APIContext<any, any>) => Promise<{ performance: { allTime: { impressions: any; clicks: any; conversions: any; ctr: number; conversionRate: number; estimatedSpend: number; costPerClick: number; costPerConversion: number; }; recent: { ...; }; }; ... 15 more ...; zipCodes: string; }>' is not assignable to parameter of type '(req: NextRequest, context: APIContext<any, any>) => Promise<NextResponse<unknown>>'.
  Type 'Promise<{ performance: { allTime: { impressions: any; clicks: any; conversions: any; ctr: number; conversionRate: number; estimatedSpend: number; costPerClick: number; costPerConversion: number; }; recent: { ...; }; }; ... 15 more ...; zipCodes: string; }>' is not assignable to type 'Promise<NextResponse<unknown>>'.
    Type '{ performance: { allTime: { impressions: any; clicks: any; conversions: any; ctr: number; conversionRate: number; estimatedSpend: number; costPerClick: number; costPerConversion: number; }; recent: { ...; }; }; ... 15 more ...; zipCodes: string; }' is missing the following properties from type 'NextResponse<unknown>': cookies, [INTERNALS], headers, ok, and 14 more.
src/app/api/ads/[id]/route.ts(47,13): error TS2353: Object literal may only specify known properties, and 'name' does not exist in type 'AdvertisementSelect<DefaultArgs>'.
src/app/api/ads/[id]/route.ts(84,18): error TS2339: Property 'adImpression' does not exist on type 'PrismaClient<PrismaClientOptions, never, DefaultArgs>'.
src/app/api/ads/[id]/route.ts(90,18): error TS2339: Property 'adClick' does not exist on type 'PrismaClient<PrismaClientOptions, never, DefaultArgs>'.
src/app/api/ads/[id]/route.ts(96,18): error TS2339: Property 'adConversion' does not exist on type 'PrismaClient<PrismaClientOptions, never, DefaultArgs>'.
src/app/api/ads/[id]/route.ts(105,37): error TS2339: Property '_count' does not exist on type '{ id: string; createdAt: Date; updatedAt: Date; isActive: boolean; clickCount: number; startDate: Date; endDate: Date; title: string; businessName: string; imageUrl: string; targetUrl: string; zipCodes: string; }'.
src/app/api/ads/[id]/route.ts(106,32): error TS2339: Property '_count' does not exist on type '{ id: string; createdAt: Date; updatedAt: Date; isActive: boolean; clickCount: number; startDate: Date; endDate: Date; title: string; businessName: string; imageUrl: string; targetUrl: string; zipCodes: string; }'.
src/app/api/ads/[id]/route.ts(107,37): error TS2339: Property '_count' does not exist on type '{ id: string; createdAt: Date; updatedAt: Date; isActive: boolean; clickCount: number; startDate: Date; endDate: Date; title: string; businessName: string; imageUrl: string; targetUrl: string; zipCodes: string; }'.
src/app/api/ads/[id]/route.ts(114,16): error TS2339: Property 'bidding' does not exist on type '{ id: string; createdAt: Date; updatedAt: Date; isActive: boolean; clickCount: number; startDate: Date; endDate: Date; title: string; businessName: string; imageUrl: string; targetUrl: string; zipCodes: string; }'.
src/app/api/ads/[id]/route.ts(115,45): error TS2339: Property 'bidding' does not exist on type '{ id: string; createdAt: Date; updatedAt: Date; isActive: boolean; clickCount: number; startDate: Date; endDate: Date; title: string; businessName: string; imageUrl: string; targetUrl: string; zipCodes: string; }'.
src/app/api/ads/[id]/route.ts(116,23): error TS2339: Property 'bidding' does not exist on type '{ id: string; createdAt: Date; updatedAt: Date; isActive: boolean; clickCount: number; startDate: Date; endDate: Date; title: string; businessName: string; imageUrl: string; targetUrl: string; zipCodes: string; }'.
src/app/api/ads/[id]/route.ts(117,59): error TS2339: Property 'bidding' does not exist on type '{ id: string; createdAt: Date; updatedAt: Date; isActive: boolean; clickCount: number; startDate: Date; endDate: Date; title: string; businessName: string; imageUrl: string; targetUrl: string; zipCodes: string; }'.
src/app/api/ads/[id]/route.ts(118,23): error TS2339: Property 'bidding' does not exist on type '{ id: string; createdAt: Date; updatedAt: Date; isActive: boolean; clickCount: number; startDate: Date; endDate: Date; title: string; businessName: string; imageUrl: string; targetUrl: string; zipCodes: string; }'.
src/app/api/ads/[id]/route.ts(120,41): error TS2339: Property 'schedule' does not exist on type '{ id: string; createdAt: Date; updatedAt: Date; isActive: boolean; clickCount: number; startDate: Date; endDate: Date; title: string; businessName: string; imageUrl: string; targetUrl: string; zipCodes: string; }'.
src/app/api/ads/[id]/route.ts(123,31): error TS2339: Property 'bidding' does not exist on type '{ id: string; createdAt: Date; updatedAt: Date; isActive: boolean; clickCount: number; startDate: Date; endDate: Date; title: string; businessName: string; imageUrl: string; targetUrl: string; zipCodes: string; }'.
src/app/api/ads/[id]/route.ts(127,65): error TS2339: Property 'bidding' does not exist on type '{ id: string; createdAt: Date; updatedAt: Date; isActive: boolean; clickCount: number; startDate: Date; endDate: Date; title: string; businessName: string; imageUrl: string; targetUrl: string; zipCodes: string; }'.
src/app/api/ads/[id]/route.ts(130,75): error TS2339: Property 'targeting' does not exist on type '{ id: string; createdAt: Date; updatedAt: Date; isActive: boolean; clickCount: number; startDate: Date; endDate: Date; title: string; businessName: string; imageUrl: string; targetUrl: string; zipCodes: string; }'.
src/app/api/ads/[id]/route.ts(158,53): error TS2339: Property 'status' does not exist on type '{ id: string; createdAt: Date; updatedAt: Date; isActive: boolean; clickCount: number; startDate: Date; endDate: Date; title: string; businessName: string; imageUrl: string; targetUrl: string; zipCodes: string; }'.
src/app/api/ads/[id]/route.ts(158,64): error TS2339: Property 'schedule' does not exist on type '{ id: string; createdAt: Date; updatedAt: Date; isActive: boolean; clickCount: number; startDate: Date; endDate: Date; title: string; businessName: string; imageUrl: string; targetUrl: string; zipCodes: string; }'.
src/app/api/ads/[id]/route.ts(176,38): error TS2339: Property 'uuid' does not exist on type '{ userId: ZodObject<{ id: ZodString; }, "strip", ZodTypeAny, { id: string; }, { id: string; }>; jobId: ZodObject<{ id: ZodString; }, "strip", ZodTypeAny, { ...; }, { ...; }>; }'.
src/app/api/ads/[id]/route.ts(215,9): error TS2353: Object literal may only specify known properties, and 'status' does not exist in type '(Without<AdvertisementUpdateInput, AdvertisementUncheckedUpdateInput> & AdvertisementUncheckedUpdateInput) | (Without<...> & AdvertisementUpdateInput)'.
src/app/api/ads/[id]/route.ts(220,9): error TS2353: Object literal may only specify known properties, and 'status' does not exist in type 'AdvertisementSelect<DefaultArgs>'.
src/app/api/ads/[id]/route.ts(235,38): error TS2339: Property 'uuid' does not exist on type '{ userId: ZodObject<{ id: ZodString; }, "strip", ZodTypeAny, { id: string; }, { id: string; }>; jobId: ZodObject<{ id: ZodString; }, "strip", ZodTypeAny, { ...; }, { ...; }>; }'.
src/app/api/ads/[id]/route.ts(262,9): error TS18048: 'body' is possibly 'undefined'.
src/app/api/ads/[id]/route.ts(262,60): error TS2339: Property 'status' does not exist on type '{ id: string; createdAt: Date; updatedAt: Date; isActive: boolean; clickCount: number; startDate: Date; endDate: Date; title: string; businessName: string; imageUrl: string; targetUrl: string; zipCodes: string; }'.
src/app/api/ads/[id]/route.ts(262,68): error TS18048: 'body' is possibly 'undefined'.
src/app/api/ads/[id]/route.ts(264,49): error TS2339: Property 'status' does not exist on type '{ id: string; createdAt: Date; updatedAt: Date; isActive: boolean; clickCount: number; startDate: Date; endDate: Date; title: string; businessName: string; imageUrl: string; targetUrl: string; zipCodes: string; }'.
src/app/api/ads/[id]/route.ts(264,62): error TS18048: 'body' is possibly 'undefined'.
src/app/api/ads/[id]/route.ts(269,9): error TS18048: 'body' is possibly 'undefined'.
src/app/api/ads/[id]/route.ts(270,34): error TS18048: 'body' is possibly 'undefined'.
src/app/api/ads/[id]/route.ts(271,23): error TS18048: 'body' is possibly 'undefined'.
src/app/api/ads/[id]/route.ts(271,56): error TS18048: 'body' is possibly 'undefined'.
src/app/api/ads/[id]/route.ts(278,22): error TS2339: Property 'status' does not exist on type '{ id: string; createdAt: Date; updatedAt: Date; isActive: boolean; clickCount: number; startDate: Date; endDate: Date; title: string; businessName: string; imageUrl: string; targetUrl: string; zipCodes: string; }'.
src/app/api/ads/[id]/route.ts(279,9): error TS18048: 'body' is possibly 'undefined'.
src/app/api/ads/[id]/route.ts(279,46): error TS2339: Property 'schedule' does not exist on type '{ id: string; createdAt: Date; updatedAt: Date; isActive: boolean; clickCount: number; startDate: Date; endDate: Date; title: string; businessName: string; imageUrl: string; targetUrl: string; zipCodes: string; }'.
src/app/api/ads/[id]/route.ts(294,9): error TS2353: Object literal may only specify known properties, and 'name' does not exist in type 'AdvertisementSelect<DefaultArgs>'.
src/app/api/ads/[id]/route.ts(318,57): error TS2339: Property 'targeting' does not exist on type '{ id: string; createdAt: Date; updatedAt: Date; isActive: boolean; clickCount: number; startDate: Date; endDate: Date; title: string; businessName: string; imageUrl: string; targetUrl: string; zipCodes: string; }'.
src/app/api/ads/[id]/route.ts(323,38): error TS2339: Property 'uuid' does not exist on type '{ userId: ZodObject<{ id: ZodString; }, "strip", ZodTypeAny, { id: string; }, { id: string; }>; jobId: ZodObject<{ id: ZodString; }, "strip", ZodTypeAny, { ...; }, { ...; }>; }'.
src/app/api/ads/[id]/route.ts(351,20): error TS2339: Property 'status' does not exist on type '{ id: string; createdAt: Date; updatedAt: Date; isActive: boolean; clickCount: number; startDate: Date; endDate: Date; title: string; businessName: string; imageUrl: string; targetUrl: string; zipCodes: string; }'.
src/app/api/ads/[id]/route.ts(353,37): error TS2339: Property 'adClick' does not exist on type 'PrismaClient<PrismaClientOptions, never, DefaultArgs>'.
src/app/api/ads/[id]/route.ts(384,38): error TS2339: Property 'uuid' does not exist on type '{ userId: ZodObject<{ id: ZodString; }, "strip", ZodTypeAny, { id: string; }, { id: string; }>; jobId: ZodObject<{ id: ZodString; }, "strip", ZodTypeAny, { ...; }, { ...; }>; }'.
src/app/api/ads/conversion/route.ts(17,13): error TS18048: 'body' is possibly 'undefined'.
src/app/api/ads/conversion/route.ts(21,9): error TS2353: Object literal may only specify known properties, and 'name' does not exist in type 'AdvertisementSelect<DefaultArgs>'.
src/app/api/ads/conversion/route.ts(39,9): error TS18048: 'body' is possibly 'undefined'.
src/app/api/ads/conversion/route.ts(41,28): error TS2339: Property 'adClick' does not exist on type 'PrismaClient<PrismaClientOptions, never, DefaultArgs>'.
src/app/api/ads/conversion/route.ts(43,15): error TS18048: 'body' is possibly 'undefined'.
src/app/api/ads/conversion/route.ts(44,17): error TS18048: 'body' is possibly 'undefined'.
src/app/api/ads/conversion/route.ts(60,39): error TS18048: 'body' is possibly 'undefined'.
src/app/api/ads/conversion/route.ts(66,9): error TS18048: 'body' is possibly 'undefined'.
src/app/api/ads/conversion/route.ts(74,43): error TS2339: Property 'adConversion' does not exist on type 'PrismaClient<PrismaClientOptions, never, DefaultArgs>'.
src/app/api/ads/conversion/route.ts(76,15): error TS18048: 'body' is possibly 'undefined'.
src/app/api/ads/conversion/route.ts(77,15): error TS18048: 'body' is possibly 'undefined'.
src/app/api/ads/conversion/route.ts(78,13): error TS18048: 'body' is possibly 'undefined'.
src/app/api/ads/conversion/route.ts(78,37): error TS18048: 'body' is possibly 'undefined'.
src/app/api/ads/conversion/route.ts(80,15): error TS18048: 'body' is possibly 'undefined'.
src/app/api/ads/conversion/route.ts(80,41): error TS18048: 'body' is possibly 'undefined'.
src/app/api/ads/conversion/route.ts(100,37): error TS2339: Property 'adConversion' does not exist on type 'PrismaClient<PrismaClientOptions, never, DefaultArgs>'.
src/app/api/ads/conversion/route.ts(102,15): error TS18048: 'body' is possibly 'undefined'.
src/app/api/ads/conversion/route.ts(103,18): error TS18048: 'body' is possibly 'undefined'.
src/app/api/ads/conversion/route.ts(104,17): error TS18048: 'body' is possibly 'undefined'.
src/app/api/ads/conversion/route.ts(105,15): error TS18048: 'body' is possibly 'undefined'.
src/app/api/ads/conversion/route.ts(106,16): error TS18048: 'body' is possibly 'undefined'.
src/app/api/ads/conversion/route.ts(107,22): error TS18048: 'body' is possibly 'undefined'.
src/app/api/ads/conversion/route.ts(108,29): error TS18048: 'body' is possibly 'undefined'.
src/app/api/ads/conversion/route.ts(120,20): error TS18048: 'body' is possibly 'undefined'.
src/app/api/ads/conversion/route.ts(128,14): error TS2339: Property 'adImpression' does not exist on type 'PrismaClient<PrismaClientOptions, never, DefaultArgs>'.
src/app/api/ads/conversion/route.ts(128,50): error TS18048: 'body' is possibly 'undefined'.
src/app/api/ads/conversion/route.ts(129,14): error TS2339: Property 'adClick' does not exist on type 'PrismaClient<PrismaClientOptions, never, DefaultArgs>'.
src/app/api/ads/conversion/route.ts(129,45): error TS18048: 'body' is possibly 'undefined'.
src/app/api/ads/conversion/route.ts(130,14): error TS2339: Property 'adConversion' does not exist on type 'PrismaClient<PrismaClientOptions, never, DefaultArgs>'.
src/app/api/ads/conversion/route.ts(130,50): error TS18048: 'body' is possibly 'undefined'.
src/app/api/ads/conversion/route.ts(138,9): error TS18048: 'body' is possibly 'undefined'.
src/app/api/ads/conversion/route.ts(138,23): error TS18048: 'body' is possibly 'undefined'.
src/app/api/ads/conversion/route.ts(141,14): error TS2339: Property 'bidding' does not exist on type '{ id: string; createdAt: Date; updatedAt: Date; isActive: boolean; clickCount: number; startDate: Date; endDate: Date; title: string; businessName: string; imageUrl: string; targetUrl: string; zipCodes: string; }'.
src/app/api/ads/conversion/route.ts(142,43): error TS2339: Property 'bidding' does not exist on type '{ id: string; createdAt: Date; updatedAt: Date; isActive: boolean; clickCount: number; startDate: Date; endDate: Date; title: string; businessName: string; imageUrl: string; targetUrl: string; zipCodes: string; }'.
src/app/api/ads/conversion/route.ts(143,21): error TS2339: Property 'bidding' does not exist on type '{ id: string; createdAt: Date; updatedAt: Date; isActive: boolean; clickCount: number; startDate: Date; endDate: Date; title: string; businessName: string; imageUrl: string; targetUrl: string; zipCodes: string; }'.
src/app/api/ads/conversion/route.ts(144,57): error TS2339: Property 'bidding' does not exist on type '{ id: string; createdAt: Date; updatedAt: Date; isActive: boolean; clickCount: number; startDate: Date; endDate: Date; title: string; businessName: string; imageUrl: string; targetUrl: string; zipCodes: string; }'.
src/app/api/ads/conversion/route.ts(148,17): error TS18048: 'body' is possibly 'undefined'.
src/app/api/ads/conversion/route.ts(153,56): error TS18048: 'body' is possibly 'undefined'.
src/app/api/ads/conversion/route.ts(162,18): error TS2339: Property 'name' does not exist on type '{ id: string; createdAt: Date; updatedAt: Date; isActive: boolean; clickCount: number; startDate: Date; endDate: Date; title: string; businessName: string; imageUrl: string; targetUrl: string; zipCodes: string; }'.
src/app/api/ads/conversion/route.ts(163,18): error TS2339: Property 'type' does not exist on type '{ id: string; createdAt: Date; updatedAt: Date; isActive: boolean; clickCount: number; startDate: Date; endDate: Date; title: string; businessName: string; imageUrl: string; targetUrl: string; zipCodes: string; }'.
src/app/api/ads/conversion/route.ts(164,24): error TS2339: Property 'advertiser' does not exist on type '{ id: string; createdAt: Date; updatedAt: Date; isActive: boolean; clickCount: number; startDate: Date; endDate: Date; title: string; businessName: string; imageUrl: string; targetUrl: string; zipCodes: string; }'.
src/app/api/ads/conversion/route.ts(182,7): error TS2322: Type '"tracking"' is not assignable to type '"premium" | "search" | "general" | "authenticated" | "auth" | "upload" | undefined'.
src/app/api/ads/conversion/route.ts(186,31): error TS2353: Object literal may only specify known properties, and 'level' does not exist in type '{ enabled?: boolean | undefined; includeBody?: boolean | undefined; includeQuery?: boolean | undefined; }'.
src/app/api/ads/conversion/route.ts(196,42): error TS2339: Property 'adConversion' does not exist on type 'PrismaClient<PrismaClientOptions, never, DefaultArgs>'.
src/app/api/ads/conversion/route.ts(211,42): error TS2339: Property 'adConversion' does not exist on type 'PrismaClient<PrismaClientOptions, never, DefaultArgs>'.
src/app/api/ads/conversion/route.ts(228,35): error TS7006: Parameter 'item' implicitly has an 'any' type.
src/app/api/ads/display/route.ts(57,11): error TS2353: Object literal may only specify known properties, and 'bidding' does not exist in type 'AdvertisementOrderByWithRelationInput'.
src/app/api/ads/display/route.ts(63,11): error TS2353: Object literal may only specify known properties, and 'impressions' does not exist in type 'AdvertisementOrderByWithRelationInput'.
src/app/api/ads/email-click/route.ts(36,9): error TS2322: Type 'string | null' is not assignable to type 'string | undefined'.
  Type 'null' is not assignable to type 'string | undefined'.
src/app/api/ads/email-impression/route.ts(33,9): error TS2322: Type 'string | null' is not assignable to type 'string | undefined'.
  Type 'null' is not assignable to type 'string | undefined'.
src/app/api/ads/route.ts(20,3): error TS2345: Argument of type '(req: import("C:/Users/pbail/100devs/209jobs/node_modules/next/dist/server/web/spec-extension/request").NextRequest, context: import("C:/Users/pbail/100devs/209jobs/src/lib/middleware/api").APIContext<any, { isActive?: "true" | "false" | undefined; ... 8 more ...; advertiserId?: string | undefined; }>) => Promise<...>' is not assignable to parameter of type '(req: import("C:/Users/pbail/100devs/209jobs/node_modules/next/dist/server/web/spec-extension/request").NextRequest, context: import("C:/Users/pbail/100devs/209jobs/src/lib/middleware/api").APIContext<any, { isActive?: "true" | "false" | undefined; ... 8 more ...; advertiserId?: string | undefined; }>) => Promise<...>'.
  Type 'Promise<PaginatedResponse<{ metrics: { impressions: any; clicks: any; conversions: any; ctr: number; conversionRate: number; estimatedSpend: number; costPerClick: number; }; isCurrentlyActive: boolean; id: string; createdAt: Date; ... 9 more ...; zipCodes: string; }>>' is not assignable to type 'Promise<NextResponse<unknown>>'.
    Type 'PaginatedResponse<{ metrics: { impressions: any; clicks: any; conversions: any; ctr: number; conversionRate: number; estimatedSpend: number; costPerClick: number; }; isCurrentlyActive: boolean; id: string; createdAt: Date; ... 9 more ...; zipCodes: string; }>' is missing the following properties from type 'NextResponse<unknown>': cookies, [INTERNALS], headers, ok, and 14 more.
src/app/api/ads/route.ts(114,22): error TS2464: A computed property name must be of type 'string', 'number', 'symbol', or 'any'.
src/app/api/ads/route.ts(115,18): error TS18048: 'page' is possibly 'undefined'.
src/app/api/ads/route.ts(115,30): error TS18048: 'limit' is possibly 'undefined'.
src/app/api/ads/route.ts(119,13): error TS2353: Object literal may only specify known properties, and 'name' does not exist in type 'AdvertisementSelect<DefaultArgs>'.
src/app/api/ads/route.ts(149,36): error TS2339: Property '_count' does not exist on type '{ id: string; createdAt: Date; updatedAt: Date; isActive: boolean; clickCount: number; startDate: Date; endDate: Date; title: string; businessName: string; imageUrl: string; targetUrl: string; zipCodes: string; }'.
src/app/api/ads/route.ts(150,31): error TS2339: Property '_count' does not exist on type '{ id: string; createdAt: Date; updatedAt: Date; isActive: boolean; clickCount: number; startDate: Date; endDate: Date; title: string; businessName: string; imageUrl: string; targetUrl: string; zipCodes: string; }'.
src/app/api/ads/route.ts(151,36): error TS2339: Property '_count' does not exist on type '{ id: string; createdAt: Date; updatedAt: Date; isActive: boolean; clickCount: number; startDate: Date; endDate: Date; title: string; businessName: string; imageUrl: string; targetUrl: string; zipCodes: string; }'.
src/app/api/ads/route.ts(158,20): error TS2339: Property 'bidding' does not exist on type '{ id: string; createdAt: Date; updatedAt: Date; isActive: boolean; clickCount: number; startDate: Date; endDate: Date; title: string; businessName: string; imageUrl: string; targetUrl: string; zipCodes: string; }'.
src/app/api/ads/route.ts(159,44): error TS2339: Property 'bidding' does not exist on type '{ id: string; createdAt: Date; updatedAt: Date; isActive: boolean; clickCount: number; startDate: Date; endDate: Date; title: string; businessName: string; imageUrl: string; targetUrl: string; zipCodes: string; }'.
src/app/api/ads/route.ts(160,27): error TS2339: Property 'bidding' does not exist on type '{ id: string; createdAt: Date; updatedAt: Date; isActive: boolean; clickCount: number; startDate: Date; endDate: Date; title: string; businessName: string; imageUrl: string; targetUrl: string; zipCodes: string; }'.
src/app/api/ads/route.ts(161,58): error TS2339: Property 'bidding' does not exist on type '{ id: string; createdAt: Date; updatedAt: Date; isActive: boolean; clickCount: number; startDate: Date; endDate: Date; title: string; businessName: string; imageUrl: string; targetUrl: string; zipCodes: string; }'.
src/app/api/ads/route.ts(175,57): error TS2339: Property 'status' does not exist on type '{ id: string; createdAt: Date; updatedAt: Date; isActive: boolean; clickCount: number; startDate: Date; endDate: Date; title: string; businessName: string; imageUrl: string; targetUrl: string; zipCodes: string; }'.
src/app/api/ads/route.ts(175,68): error TS2339: Property 'schedule' does not exist on type '{ id: string; createdAt: Date; updatedAt: Date; isActive: boolean; clickCount: number; startDate: Date; endDate: Date; title: string; businessName: string; imageUrl: string; targetUrl: string; zipCodes: string; }'.
src/app/api/ads/route.ts(180,52): error TS2345: Argument of type 'number | undefined' is not assignable to parameter of type 'number'.
  Type 'undefined' is not assignable to type 'number'.
src/app/api/ads/route.ts(215,16): error TS2353: Object literal may only specify known properties, and 'advertiserId' does not exist in type 'AdvertisementWhereInput'.
src/app/api/ads/route.ts(226,32): error TS18048: 'body' is possibly 'undefined'.
src/app/api/ads/route.ts(227,21): error TS18048: 'body' is possibly 'undefined'.
src/app/api/ads/route.ts(227,54): error TS18048: 'body' is possibly 'undefined'.
src/app/api/ads/route.ts(241,9): error TS2353: Object literal may only specify known properties, and 'advertiserId' does not exist in type '(Without<AdvertisementCreateInput, AdvertisementUncheckedCreateInput> & AdvertisementUncheckedCreateInput) | (Without<...> & AdvertisementCreateInput)'.
src/app/api/ads/route.ts(248,9): error TS2353: Object literal may only specify known properties, and 'name' does not exist in type 'AdvertisementSelect<DefaultArgs>'.
src/app/api/ads/route.ts(265,52): error TS18048: 'body' is possibly 'undefined'.
src/app/api/ads/stats/route.ts(15,3): error TS2345: Argument of type '(req: import("C:/Users/pbail/100devs/209jobs/node_modules/next/dist/server/web/spec-extension/request").NextRequest, context: import("C:/Users/pbail/100devs/209jobs/src/lib/middleware/api").APIContext<any, { dateFrom: string; dateTo: string; metrics?: ("cpc" | ... 8 more ... | "roas")[] | undefined; groupBy?: "type"...' is not assignable to parameter of type '(req: import("C:/Users/pbail/100devs/209jobs/node_modules/next/dist/server/web/spec-extension/request").NextRequest, context: import("C:/Users/pbail/100devs/209jobs/src/lib/middleware/api").APIContext<any, { dateFrom: string; dateTo: string; metrics?: ("cpc" | ... 8 more ... | "roas")[] | undefined; groupBy?: "type"...'.
  Type 'Promise<{ summary: {}; breakdown: never[]; insights: never[]; message: string; trends?: undefined; period?: undefined; queryTime?: undefined; } | { summary: { totalAds: number; totalImpressions: any; totalClicks: any; ... 7 more ...; estimatedReach: number; }; ... 5 more ...; message?: undefined; }>' is not assignable to type 'Promise<NextResponse<unknown>>'.
    Type '{ summary: {}; breakdown: never[]; insights: never[]; message: string; trends?: undefined; period?: undefined; queryTime?: undefined; } | { summary: { totalAds: number; totalImpressions: any; totalClicks: any; ... 7 more ...; estimatedReach: number; }; ... 5 more ...; message?: undefined; }' is not assignable to type 'NextResponse<unknown>'.
      Type '{ summary: {}; breakdown: never[]; insights: never[]; message: string; trends?: undefined; period?: undefined; queryTime?: undefined; }' is missing the following properties from type 'NextResponse<unknown>': cookies, [INTERNALS], headers, ok, and 14 more.
src/app/api/ads/stats/route.ts(63,7): error TS2345: Argument of type 'string | undefined' is not assignable to parameter of type 'string | number'.
  Type 'undefined' is not assignable to type 'string | number'.
src/app/api/ads/stats/route.ts(64,7): error TS18048: 'metrics' is possibly 'undefined'.
src/app/api/ads/stats/route.ts(76,13): error TS2353: Object literal may only specify known properties, and 'name' does not exist in type 'AdvertisementSelect<DefaultArgs>'.
src/app/api/ads/stats/route.ts(104,11): error TS2345: Argument of type 'string | undefined' is not assignable to parameter of type 'string'.
  Type 'undefined' is not assignable to type 'string'.
src/app/api/ads/stats/route.ts(159,12): error TS2339: Property 'adImpression' does not exist on type 'PrismaClient<PrismaClientOptions, never, DefaultArgs>'.
src/app/api/ads/stats/route.ts(169,12): error TS2339: Property 'adClick' does not exist on type 'PrismaClient<PrismaClientOptions, never, DefaultArgs>'.
src/app/api/ads/stats/route.ts(179,12): error TS2339: Property 'adConversion' does not exist on type 'PrismaClient<PrismaClientOptions, never, DefaultArgs>'.
src/app/api/alerts/[id]/route.ts(33,36): error TS2339: Property 'jobAlert' does not exist on type 'PrismaClient<PrismaClientOptions, never, DefaultArgs>'.
src/app/api/alerts/[id]/route.ts(94,5): error TS2353: Object literal may only specify known properties, and 'requiredAuth' does not exist in type 'APIMiddlewareConfig<any, any>'.
src/app/api/alerts/[id]/route.ts(95,38): error TS2339: Property 'uuid' does not exist on type '{ userId: ZodObject<{ id: ZodString; }, "strip", ZodTypeAny, { id: string; }, { id: string; }>; jobId: ZodObject<{ id: ZodString; }, "strip", ZodTypeAny, { ...; }, { ...; }>; }'.
src/app/api/alerts/[id]/route.ts(110,40): error TS2339: Property 'jobAlert' does not exist on type 'PrismaClient<PrismaClientOptions, never, DefaultArgs>'.
src/app/api/alerts/[id]/route.ts(123,39): error TS2339: Property 'jobAlert' does not exist on type 'PrismaClient<PrismaClientOptions, never, DefaultArgs>'.
src/app/api/alerts/[id]/route.ts(161,5): error TS2353: Object literal may only specify known properties, and 'requiredAuth' does not exist in type 'APIMiddlewareConfig<{ id: string; name?: string | undefined; isActive?: boolean | undefined; frequency?: "immediate" | "daily" | "weekly" | "monthly" | undefined; description?: string | undefined; criteria?: { ...; } | undefined; maxResults?: number | undefined; }, any>'.
src/app/api/alerts/[id]/route.ts(162,38): error TS2339: Property 'uuid' does not exist on type '{ userId: ZodObject<{ id: ZodString; }, "strip", ZodTypeAny, { id: string; }, { id: string; }>; jobId: ZodObject<{ id: ZodString; }, "strip", ZodTypeAny, { ...; }, { ...; }>; }'.
src/app/api/alerts/[id]/route.ts(178,40): error TS2339: Property 'jobAlert' does not exist on type 'PrismaClient<PrismaClientOptions, never, DefaultArgs>'.
src/app/api/alerts/[id]/route.ts(191,18): error TS2339: Property 'jobAlert' does not exist on type 'PrismaClient<PrismaClientOptions, never, DefaultArgs>'.
src/app/api/alerts/[id]/route.ts(208,5): error TS2353: Object literal may only specify known properties, and 'requiredAuth' does not exist in type 'APIMiddlewareConfig<any, any>'.
src/app/api/alerts/[id]/route.ts(209,38): error TS2339: Property 'uuid' does not exist on type '{ userId: ZodObject<{ id: ZodString; }, "strip", ZodTypeAny, { id: string; }, { id: string; }>; jobId: ZodObject<{ id: ZodString; }, "strip", ZodTypeAny, { ...; }, { ...; }>; }'.
src/app/api/alerts/[id]/test/route.ts(23,3): error TS2345: Argument of type '(req: NextRequest, context: APIContext<{ alertId: string; dryRun?: boolean | undefined; }, any>) => Promise<{ alert: { id: any; name: any; frequency: any; }; testResults: { ...; }; notificationPreview: any; dryRun: any; }>' is not assignable to parameter of type '(req: NextRequest, context: APIContext<{ alertId: string; dryRun?: boolean | undefined; }, any>) => Promise<NextResponse<unknown>>'.
  Type 'Promise<{ alert: { id: any; name: any; frequency: any; }; testResults: { totalMatches: number; matchingJobs: JobMatchResult[]; matchQuality: MatchQuality; recommendations: string[]; }; notificationPreview: any; dryRun: any; }>' is not assignable to type 'Promise<NextResponse<unknown>>'.
    Type '{ alert: { id: any; name: any; frequency: any; }; testResults: { totalMatches: number; matchingJobs: JobMatchResult[]; matchQuality: MatchQuality; recommendations: string[]; }; notificationPreview: any; dryRun: any; }' is missing the following properties from type 'NextResponse<unknown>': cookies, [INTERNALS], headers, ok, and 14 more.
src/app/api/alerts/[id]/test/route.ts(26,13): error TS2339: Property 'dryRun' does not exist on type '{ alertId: string; dryRun?: boolean | undefined; } | undefined'.
src/app/api/alerts/[id]/test/route.ts(30,32): error TS2339: Property 'jobAlert' does not exist on type 'PrismaClient<PrismaClientOptions, never, DefaultArgs>'.
src/app/api/alerts/[id]/test/route.ts(100,38): error TS2339: Property 'uuid' does not exist on type '{ userId: ZodObject<{ id: ZodString; }, "strip", ZodTypeAny, { id: string; }, { id: string; }>; jobId: ZodObject<{ id: ZodString; }, "strip", ZodTypeAny, { ...; }, { ...; }>; }'.
src/app/api/alerts/analytics/route.ts(3,10): error TS2459: Module '"../../auth/[...nextauth]/route"' declares 'authOptions' locally, but it is not exported.
src/app/api/alerts/route.ts(3,10): error TS2459: Module '"@/app/api/auth/[...nextauth]/route"' declares 'authOptions' locally, but it is not exported.
src/app/api/alerts/route.ts(7,28): error TS2440: Import declaration conflicts with local declaration of 'createAlertSchema'.
src/app/api/alerts/route.ts(131,3): error TS2345: Argument of type '(req: import("C:/Users/pbail/100devs/209jobs/node_modules/next/dist/server/web/spec-extension/request").NextRequest, context: import("C:/Users/pbail/100devs/209jobs/src/lib/middleware/api").APIContext<any, { userId?: string | undefined; isActive?: "true" | "false" | undefined; ... 4 more ...; page?: number | undefin...' is not assignable to parameter of type '(req: import("C:/Users/pbail/100devs/209jobs/node_modules/next/dist/server/web/spec-extension/request").NextRequest, context: import("C:/Users/pbail/100devs/209jobs/src/lib/middleware/api").APIContext<any, { userId?: string | undefined; isActive?: "true" | "false" | undefined; ... 4 more ...; page?: number | undefin...'.
  Type 'Promise<PaginatedResponse<unknown>>' is not assignable to type 'Promise<NextResponse<unknown>>'.
    Type 'PaginatedResponse<unknown>' is missing the following properties from type 'NextResponse<unknown>': cookies, [INTERNALS], headers, ok, and 14 more.
src/app/api/alerts/route.ts(160,22): error TS2551: Property 'user' does not exist on type '{ readonly jobs: "jobs"; readonly users: "users"; readonly search: "search"; readonly stats: "stats"; readonly session: "session"; readonly alerts: "alerts"; readonly ads: "ads"; readonly analytics: "analytics"; }'. Did you mean 'users'?
src/app/api/alerts/route.ts(172,41): error TS2339: Property 'jobAlert' does not exist on type 'PrismaClient<PrismaClientOptions, never, DefaultArgs>'.
src/app/api/alerts/route.ts(178,37): error TS2339: Property 'jobAlert' does not exist on type 'PrismaClient<PrismaClientOptions, never, DefaultArgs>'.
src/app/api/alerts/route.ts(180,22): error TS2464: A computed property name must be of type 'string', 'number', 'symbol', or 'any'.
src/app/api/alerts/route.ts(181,18): error TS18048: 'page' is possibly 'undefined'.
src/app/api/alerts/route.ts(181,30): error TS18048: 'limit' is possibly 'undefined'.
src/app/api/alerts/route.ts(203,37): error TS7006: Parameter 'alert' implicitly has an 'any' type.
src/app/api/alerts/route.ts(207,48): error TS2339: Property 'jobAlertMatch' does not exist on type 'PrismaClient<PrismaClientOptions, never, DefaultArgs>'.
src/app/api/alerts/route.ts(222,33): error TS7006: Parameter 'item' implicitly has an 'any' type.
src/app/api/alerts/route.ts(226,45): error TS7006: Parameter 'alert' implicitly has an 'any' type.
src/app/api/alerts/route.ts(235,52): error TS2345: Argument of type 'number | undefined' is not assignable to parameter of type 'number'.
  Type 'undefined' is not assignable to type 'number'.
src/app/api/alerts/route.ts(264,46): error TS2339: Property 'jobAlert' does not exist on type 'PrismaClient<PrismaClientOptions, never, DefaultArgs>'.
src/app/api/alerts/route.ts(277,32): error TS2339: Property 'jobAlert' does not exist on type 'PrismaClient<PrismaClientOptions, never, DefaultArgs>'.
src/app/api/alerts/route.ts(310,5): error TS2353: Object literal may only specify known properties, and 'requiredAuth' does not exist in type 'APIMiddlewareConfig<{ type: "job_title_alert" | "weekly_digest" | "job_category_alert" | "location_alert" | "company_alert"; location?: string | undefined; jobTitle?: string | undefined; categories?: string[] | undefined; ... 6 more ...; frequency?: "immediate" | ... 3 more ... | undefined; }, any>'.
src/app/api/analytics/web-vitals/route.ts(64,34): error TS2339: Property 'timestamp' does not exist on type 'PerformanceMetrics'.
src/app/api/analytics/web-vitals/route.ts(64,73): error TS2339: Property 'timestamp' does not exist on type 'PerformanceMetrics'.
src/app/api/cron/send-email-alerts/route.ts(254,44): error TS2576: Property 'findMatchingJobs' does not exist on type 'EnhancedJobMatchingService'. Did you mean to access the static member 'EnhancedJobMatchingService.findMatchingJobs' instead?
src/app/api/cron/send-email-alerts/route.ts(259,30): error TS7006: Parameter 'job' implicitly has an 'any' type.
src/app/api/cron/send-weekly-digests/route.ts(173,68): error TS1016: A required parameter cannot follow an optional parameter.
src/app/api/cron/update-job-rankings/route.ts(297,9): error TS2353: Object literal may only specify known properties, and 'searchTerm' does not exist in type 'SearchAnalyticsSelect<DefaultArgs>'.
src/app/api/cron/update-job-rankings/route.ts(307,30): error TS2339: Property 'searchTerm' does not exist on type '{ query: string | null; id: string; createdAt: Date; location: string | null; userId: string | null; category: string | null; datePosted: string | null; sortBy: string | null; sortOrder: string | null; resultCount: number; jobType: JobType | null; }'.
src/app/api/cron/update-job-rankings/route.ts(319,37): error TS2339: Property 'clickThroughRate' does not exist on type '{ query: string | null; id: string; createdAt: Date; location: string | null; userId: string | null; category: string | null; datePosted: string | null; sortBy: string | null; sortOrder: string | null; resultCount: number; jobType: JobType | null; }'.
src/app/api/dashboard/stats/route.ts(10,25): error TS2339: Property 'id' does not exist on type '{ name?: string | null | undefined; email?: string | null | undefined; image?: string | null | undefined; }'.
src/app/api/dashboard/stats/route.ts(14,33): error TS2339: Property 'id' does not exist on type '{ name?: string | null | undefined; email?: string | null | undefined; image?: string | null | undefined; }'.
src/app/api/email-alerts/[id]/route.ts(3,10): error TS2459: Module '"@/app/api/auth/[...nextauth]/route"' declares 'authOptions' locally, but it is not exported.
src/app/api/email-alerts/route.ts(3,10): error TS2459: Module '"@/app/api/auth/[...nextauth]/route"' declares 'authOptions' locally, but it is not exported.
src/app/api/email-alerts/unsubscribe/route.ts(46,7): error TS2322: Type '{ id: string; email: string; createdAt: Date; userId: string | null; unsubscribeFrom: string[]; unsubscribeAll: boolean; unsubscribeToken: string; unsubscribedAt: Date; reason: string | null; }' is not assignable to type '{ user: { id: string; email: string; name: string | null; passwordHash: string; createdAt: Date; isEmailVerified: boolean; magicLinkExpires: Date | null; magicLinkToken: string | null; ... 21 more ...; trialEndsAt: Date | null; } | null; } & { ...; }'.
  Property 'user' is missing in type '{ id: string; email: string; createdAt: Date; userId: string | null; unsubscribeFrom: string[]; unsubscribeAll: boolean; unsubscribeToken: string; unsubscribedAt: Date; reason: string | null; }' but required in type '{ user: { id: string; email: string; name: string | null; passwordHash: string; createdAt: Date; isEmailVerified: boolean; magicLinkExpires: Date | null; magicLinkToken: string | null; ... 21 more ...; trialEndsAt: Date | null; } | null; }'.
src/app/api/email-alerts/unsubscribe/route.ts(57,43): error TS18047: 'unsubscribeRecord' is possibly 'null'.
src/app/api/email-alerts/unsubscribe/route.ts(59,28): error TS18047: 'unsubscribeRecord' is possibly 'null'.
src/app/api/email-alerts/unsubscribe/route.ts(385,108): error TS18048: 'type' is possibly 'undefined'.
src/app/api/employers/knowledge/route.ts(11,25): error TS2339: Property 'id' does not exist on type '{ name?: string | null | undefined; email?: string | null | undefined; image?: string | null | undefined; }'.
src/app/api/employers/knowledge/route.ts(17,33): error TS2339: Property 'id' does not exist on type '{ name?: string | null | undefined; email?: string | null | undefined; image?: string | null | undefined; }'.
src/app/api/employers/knowledge/route.ts(89,25): error TS2339: Property 'id' does not exist on type '{ name?: string | null | undefined; email?: string | null | undefined; image?: string | null | undefined; }'.
src/app/api/employers/knowledge/route.ts(95,33): error TS2339: Property 'id' does not exist on type '{ name?: string | null | undefined; email?: string | null | undefined; image?: string | null | undefined; }'.
src/app/api/employers/knowledge/route.ts(149,25): error TS2339: Property 'id' does not exist on type '{ name?: string | null | undefined; email?: string | null | undefined; image?: string | null | undefined; }'.
src/app/api/employers/knowledge/route.ts(155,33): error TS2339: Property 'id' does not exist on type '{ name?: string | null | undefined; email?: string | null | undefined; image?: string | null | undefined; }'.
src/app/api/employers/knowledge/route.ts(220,25): error TS2339: Property 'id' does not exist on type '{ name?: string | null | undefined; email?: string | null | undefined; image?: string | null | undefined; }'.
src/app/api/employers/knowledge/route.ts(226,33): error TS2339: Property 'id' does not exist on type '{ name?: string | null | undefined; email?: string | null | undefined; image?: string | null | undefined; }'.
src/app/api/instagram/generate-image/route.ts(3,29): error TS2307: Cannot find module '@/lib/auth' or its corresponding type declarations.
src/app/api/instagram/posts/[id]/route.ts(3,29): error TS2307: Cannot find module '@/lib/auth' or its corresponding type declarations.
src/app/api/instagram/posts/[id]/route.ts(4,32): error TS2306: File 'C:/Users/pbail/100devs/209jobs/src/lib/services/instagram-scheduler.ts' is not a module.
src/app/api/instagram/posts/route.ts(3,29): error TS2307: Cannot find module '@/lib/auth' or its corresponding type declarations.
src/app/api/instagram/posts/route.ts(4,32): error TS2306: File 'C:/Users/pbail/100devs/209jobs/src/lib/services/instagram-scheduler.ts' is not a module.
src/app/api/jobbot/route.ts(368,25): error TS2339: Property 'ip' does not exist on type 'NextRequest'.
src/app/api/jobbot/route.ts(488,30): error TS2339: Property 'ip' does not exist on type 'NextRequest'.
src/app/api/jobbot/route.ts(498,28): error TS2304: Cannot find name 'clientIP'.
src/app/api/jobbot/route.ts(508,24): error TS2304: Cannot find name 'clientIP'.
src/app/api/jobs/[id]/route.ts(63,7): error TS18048: 'session.user' is possibly 'undefined'.
src/app/api/jobs/[id]/route.ts(63,20): error TS2339: Property 'id' does not exist on type '{ name?: string | null | undefined; email?: string | null | undefined; image?: string | null | undefined; }'.
src/app/api/jobs/chatbot/route.ts(20,48): error TS2339: Property 'id' does not exist on type '{ name?: string | null | undefined; email?: string | null | undefined; image?: string | null | undefined; }'.
src/app/api/jobs/chatbot/route.ts(55,35): error TS2339: Property 'id' does not exist on type '{ name?: string | null | undefined; email?: string | null | undefined; image?: string | null | undefined; }'.
src/app/api/jobs/post/route.ts(13,46): error TS2345: Argument of type '{ location: string; company: string; type: "other" | "full_time" | "part_time" | "contract" | "internship" | "temporary" | "volunteer"; title: string; description: string; categories?: string[] | undefined; ... 4 more ...; postedAt?: string | undefined; } | undefined' is not assignable to parameter of type 'Record<string, any>'.
  Type 'undefined' is not assignable to type 'Record<string, any>'.
src/app/api/jobs/post/route.ts(59,36): error TS2339: Property 'create' does not exist on type 'JobDelegate<DefaultArgs, PrismaClientOptions>'.
src/app/api/jobs/post/route.ts(132,9): error TS2353: Object literal may only specify known properties, and 'headers' does not exist in type 'Partial<CORSConfig>'.
src/app/api/jobs/report/route.ts(51,56): error TS2339: Property 'id' does not exist on type '{ name?: string | null | undefined; email?: string | null | undefined; image?: string | null | undefined; }'.
src/app/api/jobs/report/route.ts(52,7): error TS2322: Type 'string | null | undefined' is not assignable to type 'string | undefined'.
  Type 'null' is not assignable to type 'string | undefined'.
src/app/api/jobs/route.ts(51,34): error TS2339: Property 'create' does not exist on type 'JobDelegate<DefaultArgs, PrismaClientOptions>'.
src/app/api/jobs/save/route.ts(11,25): error TS2339: Property 'id' does not exist on type '{ name?: string | null | undefined; email?: string | null | undefined; image?: string | null | undefined; }'.
src/app/api/jobs/save/route.ts(18,30): error TS2339: Property 'id' does not exist on type '{ name?: string | null | undefined; email?: string | null | undefined; image?: string | null | undefined; }'.
src/app/api/jobs/save/route.ts(63,25): error TS2339: Property 'id' does not exist on type '{ name?: string | null | undefined; email?: string | null | undefined; image?: string | null | undefined; }'.
src/app/api/jobs/save/route.ts(86,32): error TS2339: Property 'id' does not exist on type '{ name?: string | null | undefined; email?: string | null | undefined; image?: string | null | undefined; }'.
src/app/api/jobs/save/route.ts(97,34): error TS2339: Property 'id' does not exist on type '{ name?: string | null | undefined; email?: string | null | undefined; image?: string | null | undefined; }'.
src/app/api/jobs/save/route.ts(111,32): error TS2339: Property 'id' does not exist on type '{ name?: string | null | undefined; email?: string | null | undefined; image?: string | null | undefined; }'.
src/app/api/jobs/search/route.ts(41,28): error TS2339: Property 'cursor' does not exist on type '{ cursor?: string | undefined; limit?: number | undefined; direction?: "forward" | "backward" | undefined; location?: string | undefined; workAuthorization?: "citizen" | "permanent-resident" | "visa-required" | undefined; ... 10 more ...; lng?: number | undefined; } | { ...; }'.
  Property 'cursor' does not exist on type '{ limit?: number | undefined; page?: number | undefined; location?: string | undefined; workAuthorization?: "citizen" | "permanent-resident" | "visa-required" | undefined; company?: string | undefined; ... 9 more ...; lng?: number | undefined; }'.
src/app/api/jobs/search/route.ts(42,26): error TS2339: Property 'page' does not exist on type '{ cursor?: string | undefined; limit?: number | undefined; direction?: "forward" | "backward" | undefined; location?: string | undefined; workAuthorization?: "citizen" | "permanent-resident" | "visa-required" | undefined; ... 10 more ...; lng?: number | undefined; } | { ...; }'.
  Property 'page' does not exist on type '{ cursor?: string | undefined; limit?: number | undefined; direction?: "forward" | "backward" | undefined; location?: string | undefined; workAuthorization?: "citizen" | "permanent-resident" | "visa-required" | undefined; ... 10 more ...; lng?: number | undefined; }'.
src/app/api/jobs/search/route.ts(44,31): error TS2339: Property 'direction' does not exist on type '{ cursor?: string | undefined; limit?: number | undefined; direction?: "forward" | "backward" | undefined; location?: string | undefined; workAuthorization?: "citizen" | "permanent-resident" | "visa-required" | undefined; ... 10 more ...; lng?: number | undefined; } | { ...; }'.
  Property 'direction' does not exist on type '{ limit?: number | undefined; page?: number | undefined; location?: string | undefined; workAuthorization?: "citizen" | "permanent-resident" | "visa-required" | undefined; company?: string | undefined; ... 9 more ...; lng?: number | undefined; }'.
src/app/api/jobs/semantic-search/route.ts(111,34): error TS7006: Parameter 'k' implicitly has an 'any' type.
src/app/api/jobs/semantic-search/route.ts(262,52): error TS2339: Property 'bind' does not exist on type 'PrismaPromise<unknown>'.
src/app/api/jobs/semantic-search/route.ts(345,11): error TS2353: Object literal may only specify known properties, and 'embedding' does not exist in type 'JobWhereInput'.
src/app/api/profile/update/route.ts(10,25): error TS2339: Property 'id' does not exist on type '{ name?: string | null | undefined; email?: string | null | undefined; image?: string | null | undefined; }'.
src/app/api/profile/update/route.ts(27,60): error TS2339: Property 'id' does not exist on type '{ name?: string | null | undefined; email?: string | null | undefined; image?: string | null | undefined; }'.
src/app/api/profile/update/route.ts(34,33): error TS2339: Property 'id' does not exist on type '{ name?: string | null | undefined; email?: string | null | undefined; image?: string | null | undefined; }'.
src/app/api/profile/update/route.ts(38,9): error TS2353: Object literal may only specify known properties, and 'bio' does not exist in type '(Without<UserUpdateInput, UserUncheckedUpdateInput> & UserUncheckedUpdateInput) | (Without<...> & UserUpdateInput)'.
src/app/api/profile/update/route.ts(48,9): error TS2353: Object literal may only specify known properties, and 'bio' does not exist in type 'UserSelect<DefaultArgs>'.
src/app/api/profile/upload/route.ts(12,25): error TS2339: Property 'id' does not exist on type '{ name?: string | null | undefined; email?: string | null | undefined; image?: string | null | undefined; }'.
src/app/api/profile/upload/route.ts(58,38): error TS2339: Property 'id' does not exist on type '{ name?: string | null | undefined; email?: string | null | undefined; image?: string | null | undefined; }'.
src/app/api/profile/upload/route.ts(75,33): error TS2339: Property 'id' does not exist on type '{ name?: string | null | undefined; email?: string | null | undefined; image?: string | null | undefined; }'.
src/app/api/search/autocomplete/route.ts(25,7): error TS2345: Argument of type 'string | undefined' is not assignable to parameter of type 'string | number'.
  Type 'undefined' is not assignable to type 'string | number'.
src/app/api/search/autocomplete/route.ts(27,7): error TS18048: 'limit' is possibly 'undefined'.
src/app/api/search/autocomplete/route.ts(47,55): error TS2345: Argument of type 'number | undefined' is not assignable to parameter of type 'number'.
  Type 'undefined' is not assignable to type 'number'.
src/app/api/search/autocomplete/route.ts(50,59): error TS2345: Argument of type 'number | undefined' is not assignable to parameter of type 'number'.
  Type 'undefined' is not assignable to type 'number'.
src/app/api/search/autocomplete/route.ts(53,60): error TS2345: Argument of type 'number | undefined' is not assignable to parameter of type 'number'.
  Type 'undefined' is not assignable to type 'number'.
src/app/api/search/autocomplete/route.ts(56,57): error TS2345: Argument of type 'number | undefined' is not assignable to parameter of type 'number'.
  Type 'undefined' is not assignable to type 'number'.
src/app/api/search/location/route.ts(30,7): error TS18048: 'radius' is possibly 'undefined'.
src/app/api/search/location/route.ts(47,67): error TS2345: Argument of type 'number | undefined' is not assignable to parameter of type 'number'.
  Type 'undefined' is not assignable to type 'number'.
src/app/api/search/location/route.ts(82,9): error TS2353: Object literal may only specify known properties, and 'jobType' does not exist in type 'JobSelect<DefaultArgs>'.
src/app/api/search/location/route.ts(109,38): error TS18048: 'radius' is possibly 'undefined'.
src/app/api/search/location/route.ts(150,71): error TS2345: Argument of type 'number | undefined' is not assignable to parameter of type 'number'.
  Type 'undefined' is not assignable to type 'number'.
src/app/api/search/suggestions/route.ts(31,7): error TS2345: Argument of type 'string | undefined' is not assignable to parameter of type 'string | number'.
  Type 'undefined' is not assignable to type 'string | number'.
src/app/api/search/suggestions/route.ts(33,7): error TS18048: 'limit' is possibly 'undefined'.
src/app/api/search/suggestions/route.ts(53,57): error TS2345: Argument of type 'string | undefined' is not assignable to parameter of type 'string'.
  Type 'undefined' is not assignable to type 'string'.
src/app/api/search/suggestions/route.ts(56,56): error TS2345: Argument of type 'string | undefined' is not assignable to parameter of type 'string'.
  Type 'undefined' is not assignable to type 'string'.
src/app/api/search/suggestions/route.ts(59,55): error TS2345: Argument of type 'string | undefined' is not assignable to parameter of type 'string'.
  Type 'undefined' is not assignable to type 'string'.
src/app/api/search/suggestions/route.ts(105,9): error TS2353: Object literal may only specify known properties, and 'jobType' does not exist in type 'JobSelect<DefaultArgs>'.
src/app/api/should-i-apply/route.ts(10,25): error TS2339: Property 'id' does not exist on type '{ name?: string | null | undefined; email?: string | null | undefined; image?: string | null | undefined; }'.
src/app/api/should-i-apply/route.ts(43,33): error TS2339: Property 'id' does not exist on type '{ name?: string | null | undefined; email?: string | null | undefined; image?: string | null | undefined; }'.
src/app/api/should-i-apply/route.ts(49,9): error TS2353: Object literal may only specify known properties, and 'experienceLevel' does not exist in type 'UserSelect<DefaultArgs>'.
src/app/api/stripe/create-checkout-session/route.ts(34,29): error TS7053: Element implicitly has an 'any' type because expression of type 'PricingTier' can't be used to index type '{ starter: { monthly: string | undefined; yearly: string | undefined; }; professional: { monthly: string | undefined; yearly: string | undefined; }; enterprise: { monthly: string | undefined; yearly: string | undefined; }; premium: { ...; }; }'.
  Property 'basic' does not exist on type '{ starter: { monthly: string | undefined; yearly: string | undefined; }; professional: { monthly: string | undefined; yearly: string | undefined; }; enterprise: { monthly: string | undefined; yearly: string | undefined; }; premium: { ...; }; }'.
src/app/api/stripe/create-checkout-session/route.ts(34,54): error TS2367: This comparison appears to be unintentional because the types 'BillingInterval' and '"YEARLY"' have no overlap.
src/app/api/stripe/create-checkout-session/route.ts(46,27): error TS2353: Object literal may only specify known properties, and 'stripeCustomerId' does not exist in type 'UserSelect<DefaultArgs>'.
src/app/api/stripe/create-checkout-session/route.ts(56,14): error TS2339: Property 'stripeCustomerId' does not exist on type '{ id: string; email: string; name: string | null; passwordHash: string; createdAt: Date; isEmailVerified: boolean; magicLinkExpires: Date | null; magicLinkToken: string | null; ... 21 more ...; trialEndsAt: Date | null; }'.
src/app/api/stripe/create-checkout-session/route.ts(58,55): error TS2339: Property 'stripeCustomerId' does not exist on type '{ id: string; email: string; name: string | null; passwordHash: string; createdAt: Date; isEmailVerified: boolean; magicLinkExpires: Date | null; magicLinkToken: string | null; ... 21 more ...; trialEndsAt: Date | null; }'.
src/app/api/stripe/create-checkout-session/route.ts(72,17): error TS2353: Object literal may only specify known properties, and 'stripeCustomerId' does not exist in type '(Without<UserUpdateInput, UserUncheckedUpdateInput> & UserUncheckedUpdateInput) | (Without<...> & UserUpdateInput)'.
src/app/api/stripe/create-checkout-session/route.ts(77,60): error TS2769: No overload matches this call.
  Overload 1 of 2, '(params?: SessionCreateParams | undefined, options?: RequestOptions | undefined): Promise<Response<Session>>', gave the following error.
    Type 'string[]' is not assignable to type 'PaymentMethodType[]'.
      Type 'string' is not assignable to type 'PaymentMethodType'.
  Overload 2 of 2, '(options?: RequestOptions | undefined): Promise<Response<Session>>', gave the following error.
    Object literal may only specify known properties, and 'customer' does not exist in type 'RequestOptions'.
src/app/api/stripe/create-portal-session/route.ts(23,17): error TS2353: Object literal may only specify known properties, and 'stripeCustomerId' does not exist in type 'UserSelect<DefaultArgs>'.
src/app/api/stripe/create-portal-session/route.ts(26,16): error TS2339: Property 'stripeCustomerId' does not exist on type '{ id: string; email: string; name: string | null; passwordHash: string; createdAt: Date; isEmailVerified: boolean; magicLinkExpires: Date | null; magicLinkToken: string | null; ... 21 more ...; trialEndsAt: Date | null; }'.
src/app/api/stripe/create-portal-session/route.ts(35,22): error TS2339: Property 'stripeCustomerId' does not exist on type '{ id: string; email: string; name: string | null; passwordHash: string; createdAt: Date; isEmailVerified: boolean; magicLinkExpires: Date | null; magicLinkToken: string | null; ... 21 more ...; trialEndsAt: Date | null; }'.
src/app/api/stripe/webhook/route.ts(14,35): error TS2339: Property 'get' does not exist on type 'Promise<ReadonlyHeaders>'.
src/app/api/stripe/webhook/route.ts(91,17): error TS2353: Object literal may only specify known properties, and 'stripeCustomerId' does not exist in type '(Without<UserUpdateInput, UserUncheckedUpdateInput> & UserUncheckedUpdateInput) | (Without<...> & UserUpdateInput)'.
src/app/api/stripe/webhook/route.ts(100,9): error TS2322: Type '{ userId: string; }' is not assignable to type 'SubscriptionWhereUniqueInput'.
  Type '{ userId: string; }' is not assignable to type '{ id: string; } & { id?: string | undefined; AND?: SubscriptionWhereInput | SubscriptionWhereInput[] | undefined; OR?: SubscriptionWhereInput[] | undefined; ... 13 more ...; user?: (Without<...> & UserWhereInput) | ... 1 more ... | undefined; }'.
    Property 'id' is missing in type '{ userId: string; }' but required in type '{ id: string; }'.
src/app/api/stripe/webhook/route.ts(102,11): error TS2353: Object literal may only specify known properties, and 'stripeSubscriptionId' does not exist in type '(Without<SubscriptionUpdateInput, SubscriptionUncheckedUpdateInput> & SubscriptionUncheckedUpdateInput) | (Without<...> & SubscriptionUpdateInput)'.
src/app/api/stripe/webhook/route.ts(106,50): error TS2339: Property 'current_period_start' does not exist on type 'Response<Subscription>'.
src/app/api/stripe/webhook/route.ts(107,48): error TS2339: Property 'current_period_end' does not exist on type 'Response<Subscription>'.
src/app/api/stripe/webhook/route.ts(112,11): error TS2353: Object literal may only specify known properties, and 'stripeSubscriptionId' does not exist in type 'Without<SubscriptionCreateInput, SubscriptionUncheckedCreateInput> & SubscriptionUncheckedCreateInput'.
src/app/api/stripe/webhook/route.ts(116,50): error TS2339: Property 'current_period_start' does not exist on type 'Response<Subscription>'.
src/app/api/stripe/webhook/route.ts(117,48): error TS2339: Property 'current_period_end' does not exist on type 'Response<Subscription>'.
src/app/api/stripe/webhook/route.ts(139,7): error TS2322: Type '{ userId: string; }' is not assignable to type 'SubscriptionWhereUniqueInput'.
  Type '{ userId: string; }' is not assignable to type '{ id: string; } & { id?: string | undefined; AND?: SubscriptionWhereInput | SubscriptionWhereInput[] | undefined; OR?: SubscriptionWhereInput[] | undefined; ... 13 more ...; user?: (Without<...> & UserWhereInput) | ... 1 more ... | undefined; }'.
    Property 'id' is missing in type '{ userId: string; }' but required in type '{ id: string; }'.
src/app/api/stripe/webhook/route.ts(141,9): error TS2353: Object literal may only specify known properties, and 'stripeSubscriptionId' does not exist in type '(Without<SubscriptionUpdateInput, SubscriptionUncheckedUpdateInput> & SubscriptionUncheckedUpdateInput) | (Without<...> & SubscriptionUpdateInput)'.
src/app/api/stripe/webhook/route.ts(143,42): error TS2339: Property 'current_period_start' does not exist on type 'Subscription'.
src/app/api/stripe/webhook/route.ts(144,40): error TS2339: Property 'current_period_end' does not exist on type 'Subscription'.
src/app/api/stripe/webhook/route.ts(150,9): error TS2820: Type '"MONTHLY"' is not assignable to type 'BillingInterval | undefined'. Did you mean '"monthly"'?
src/app/api/stripe/webhook/route.ts(152,42): error TS2339: Property 'current_period_start' does not exist on type 'Subscription'.
src/app/api/stripe/webhook/route.ts(153,40): error TS2339: Property 'current_period_end' does not exist on type 'Subscription'.
src/app/api/stripe/webhook/route.ts(174,16): error TS2353: Object literal may only specify known properties, and 'stripeSubscriptionId' does not exist in type 'SubscriptionWhereUniqueInput'.
src/app/api/stripe/webhook/route.ts(177,42): error TS2339: Property 'current_period_start' does not exist on type 'Subscription'.
src/app/api/stripe/webhook/route.ts(178,40): error TS2339: Property 'current_period_end' does not exist on type 'Subscription'.
src/app/api/stripe/webhook/route.ts(192,16): error TS2353: Object literal may only specify known properties, and 'stripeSubscriptionId' does not exist in type 'SubscriptionWhereUniqueInput'.
src/app/api/stripe/webhook/route.ts(206,15): error TS2339: Property 'subscription' does not exist on type 'Invoice'.
src/app/api/stripe/webhook/route.ts(206,46): error TS2339: Property 'subscription' does not exist on type 'Invoice'.
src/app/api/stripe/webhook/route.ts(209,18): error TS2353: Object literal may only specify known properties, and 'stripeSubscriptionId' does not exist in type 'SubscriptionWhereUniqueInput'.
src/app/api/stripe/webhook/route.ts(209,48): error TS2339: Property 'subscription' does not exist on type 'Invoice'.
src/app/api/stripe/webhook/route.ts(215,74): error TS2339: Property 'subscription' does not exist on type 'Invoice'.
src/app/api/stripe/webhook/route.ts(223,15): error TS2339: Property 'subscription' does not exist on type 'Invoice'.
src/app/api/stripe/webhook/route.ts(223,46): error TS2339: Property 'subscription' does not exist on type 'Invoice'.
src/app/api/stripe/webhook/route.ts(226,18): error TS2353: Object literal may only specify known properties, and 'stripeSubscriptionId' does not exist in type 'SubscriptionWhereUniqueInput'.
src/app/api/stripe/webhook/route.ts(226,48): error TS2339: Property 'subscription' does not exist on type 'Invoice'.
src/app/api/stripe/webhook/route.ts(232,71): error TS2339: Property 'subscription' does not exist on type 'Invoice'.
src/app/api/test/email-alerts/route.ts(40,31): error TS2339: Property 'id' does not exist on type 'CreateEmailResponse'.
src/app/api/test/email-alerts/route.ts(94,31): error TS2339: Property 'id' does not exist on type 'CreateEmailResponse'.
src/app/api/test/email/route.ts(39,31): error TS2339: Property 'id' does not exist on type 'CreateEmailResponse'.
src/app/api/users/[id]/applications/route.ts(28,7): error TS2345: Argument of type '({ cursor?: string | undefined; limit?: number | undefined; direction?: "forward" | "backward" | undefined; } | { limit?: number | undefined; page?: number | undefined; }) & { sortBy?: string | undefined; sortOrder?: "asc" | ... 1 more ... | undefined; }' is not assignable to parameter of type '{ limit: number; direction: "forward" | "backward"; cursor?: string | undefined; } | { limit: number; page: number; }'.
  Type '{ cursor?: string | undefined; limit?: number | undefined; direction?: "forward" | "backward" | undefined; } & { sortBy?: string | undefined; sortOrder?: "asc" | "desc" | undefined; }' is not assignable to type '{ limit: number; direction: "forward" | "backward"; cursor?: string | undefined; } | { limit: number; page: number; }'.
    Type '{ cursor?: string | undefined; limit?: number | undefined; direction?: "forward" | "backward" | undefined; } & { sortBy?: string | undefined; sortOrder?: "asc" | "desc" | undefined; }' is not assignable to type '{ limit: number; direction: "forward" | "backward"; cursor?: string | undefined; }'.
      Types of property 'limit' are incompatible.
        Type 'number | undefined' is not assignable to type 'number'.
          Type 'undefined' is not assignable to type 'number'.
src/app/api/users/search/route.ts(31,28): error TS2339: Property 'cursor' does not exist on type '{ cursor?: string | undefined; limit?: number | undefined; direction?: "forward" | "backward" | undefined; sortBy?: string | undefined; sortOrder?: "asc" | "desc" | undefined; location?: string | undefined; workAuthorization?: "citizen" | ... 2 more ... | undefined; experience?: "entry" | ... 3 more ... | undefined;...'.
  Property 'cursor' does not exist on type '{ limit?: number | undefined; page?: number | undefined; sortBy?: string | undefined; sortOrder?: "asc" | "desc" | undefined; location?: string | undefined; workAuthorization?: "citizen" | "permanent-resident" | "visa-required" | undefined; experience?: "entry" | ... 3 more ... | undefined; remote?: "true" | ... 1 m...'.
src/app/api/users/search/route.ts(32,26): error TS2339: Property 'page' does not exist on type '{ cursor?: string | undefined; limit?: number | undefined; direction?: "forward" | "backward" | undefined; sortBy?: string | undefined; sortOrder?: "asc" | "desc" | undefined; location?: string | undefined; workAuthorization?: "citizen" | ... 2 more ... | undefined; experience?: "entry" | ... 3 more ... | undefined;...'.
  Property 'page' does not exist on type '{ cursor?: string | undefined; limit?: number | undefined; direction?: "forward" | "backward" | undefined; sortBy?: string | undefined; sortOrder?: "asc" | "desc" | undefined; location?: string | undefined; workAuthorization?: "citizen" | ... 2 more ... | undefined; experience?: "entry" | ... 3 more ... | undefined;...'.
src/app/api/users/search/route.ts(34,31): error TS2339: Property 'direction' does not exist on type '{ cursor?: string | undefined; limit?: number | undefined; direction?: "forward" | "backward" | undefined; sortBy?: string | undefined; sortOrder?: "asc" | "desc" | undefined; location?: string | undefined; workAuthorization?: "citizen" | ... 2 more ... | undefined; experience?: "entry" | ... 3 more ... | undefined;...'.
  Property 'direction' does not exist on type '{ limit?: number | undefined; page?: number | undefined; sortBy?: string | undefined; sortOrder?: "asc" | "desc" | undefined; location?: string | undefined; workAuthorization?: "citizen" | "permanent-resident" | "visa-required" | undefined; experience?: "entry" | ... 3 more ... | undefined; remote?: "true" | ... 1 m...'.
src/app/dashboard/page.tsx(137,48): error TS18048: 'session.user' is possibly 'undefined'.
src/app/dashboard/page.tsx(137,61): error TS2339: Property 'id' does not exist on type '{ name?: string | null | undefined; email?: string | null | undefined; image?: string | null | undefined; }'.
src/app/dashboard/page.tsx(223,11): error TS2322: Type '{ savedAt: Date; id: string; location: string; company: string; salaryMax: number | null; salaryMin: number | null; type: JobType; title: string; postedAt: Date; }[]' is not assignable to type 'Job[]'.
  Type '{ savedAt: Date; id: string; location: string; company: string; salaryMax: number | null; salaryMin: number | null; type: $Enums.JobType; title: string; postedAt: Date; }' is not assignable to type 'Job'.
    Types of property 'salaryMin' are incompatible.
      Type 'number | null' is not assignable to type 'number | undefined'.
        Type 'null' is not assignable to type 'number | undefined'.
src/app/dashboard/page.tsx(225,11): error TS2322: Type '{ id: string; createdAt: Date; location: string | null; jobTitle: string | null; isActive: boolean; lastTriggered: Date | null; type: AlertType; }[]' is not assignable to type 'Alert[]'.
  Type '{ id: string; createdAt: Date; location: string | null; jobTitle: string | null; isActive: boolean; lastTriggered: Date | null; type: AlertType; }' is not assignable to type 'Alert'.
    Types of property 'jobTitle' are incompatible.
      Type 'string | null' is not assignable to type 'string'.
        Type 'null' is not assignable to type 'string'.
src/app/demo/enhanced-job-modal/page.tsx(232,11): error TS2322: Type '() => void' is not assignable to type '() => Promise<void>'.
  Type 'void' is not assignable to type 'Promise<void>'.
src/app/employers/post-job/page.tsx(77,24): error TS2339: Property 'id' does not exist on type '{ name?: string | null | undefined; email?: string | null | undefined; image?: string | null | undefined; }'.
src/app/employers/post-job/page.tsx(78,56): error TS2339: Property 'id' does not exist on type '{ name?: string | null | undefined; email?: string | null | undefined; image?: string | null | undefined; }'.
src/app/employers/post-job/page.tsx(79,66): error TS2339: Property 'id' does not exist on type '{ name?: string | null | undefined; email?: string | null | undefined; image?: string | null | undefined; }'.
src/app/employers/post-job/page.tsx(120,23): error TS2339: Property 'role' does not exist on type '{ name?: string | null | undefined; email?: string | null | undefined; image?: string | null | undefined; }'.
src/app/employers/post-job/page.tsx(128,24): error TS2339: Property 'id' does not exist on type '{ name?: string | null | undefined; email?: string | null | undefined; image?: string | null | undefined; }'.
src/app/employers/post-job/page.tsx(129,71): error TS2339: Property 'id' does not exist on type '{ name?: string | null | undefined; email?: string | null | undefined; image?: string | null | undefined; }'.
src/app/employers/post-job/page.tsx(130,86): error TS2339: Property 'id' does not exist on type '{ name?: string | null | undefined; email?: string | null | undefined; image?: string | null | undefined; }'.
src/app/employers/post-job/page.tsx(146,22): error TS2339: Property 'id' does not exist on type '{ name?: string | null | undefined; email?: string | null | undefined; image?: string | null | undefined; }'.
src/app/employers/post-job/page.tsx(150,25): error TS2339: Property 'id' does not exist on type '{ name?: string | null | undefined; email?: string | null | undefined; image?: string | null | undefined; }'.
src/app/employers/post-job/page.tsx(156,42): error TS18048: 'session.user' is possibly 'undefined'.
src/app/employers/post-job/page.tsx(156,55): error TS2339: Property 'id' does not exist on type '{ name?: string | null | undefined; email?: string | null | undefined; image?: string | null | undefined; }'.
src/app/employers/post-job/page.tsx(157,52): error TS18048: 'session.user' is possibly 'undefined'.
src/app/employers/post-job/page.tsx(157,65): error TS2339: Property 'id' does not exist on type '{ name?: string | null | undefined; email?: string | null | undefined; image?: string | null | undefined; }'.
src/app/employers/post-job/page.tsx(165,28): error TS2339: Property 'id' does not exist on type '{ name?: string | null | undefined; email?: string | null | undefined; image?: string | null | undefined; }'.
src/app/employers/post-job/page.tsx(277,28): error TS2339: Property 'id' does not exist on type '{ name?: string | null | undefined; email?: string | null | undefined; image?: string | null | undefined; }'.
src/app/employers/post-job/page.tsx(278,60): error TS2339: Property 'id' does not exist on type '{ name?: string | null | undefined; email?: string | null | undefined; image?: string | null | undefined; }'.
src/app/employers/post-job/page.tsx(279,70): error TS2339: Property 'id' does not exist on type '{ name?: string | null | undefined; email?: string | null | undefined; image?: string | null | undefined; }'.
src/app/employers/post-job/page.tsx(379,33): error TS2339: Property 'role' does not exist on type '{ name?: string | null | undefined; email?: string | null | undefined; image?: string | null | undefined; }'.
src/app/employers/pricing/page.tsx(131,17): error TS2820: Type '"MONTHLY"' is not assignable to type 'BillingInterval'. Did you mean '"monthly"'?
src/app/employers/pricing/page.tsx(255,14): error TS2304: Cannot find name 'Link'.
src/app/employers/pricing/page.tsx(260,15): error TS2304: Cannot find name 'Link'.
src/app/employers/pricing/page.tsx(261,14): error TS2304: Cannot find name 'Link'.
src/app/employers/pricing/page.tsx(266,15): error TS2304: Cannot find name 'Link'.
src/app/jobs/[id]/page.tsx(210,24): error TS18048: 'session.user' is possibly 'undefined'.
src/app/jobs/[id]/page.tsx(210,37): error TS2339: Property 'id' does not exist on type '{ name?: string | null | undefined; email?: string | null | undefined; image?: string | null | undefined; }'.
src/app/jobs/[id]/page.tsx(211,28): error TS18048: 'session.user' is possibly 'undefined'.
src/app/jobs/[id]/page.tsx(211,41): error TS2339: Property 'id' does not exist on type '{ name?: string | null | undefined; email?: string | null | undefined; image?: string | null | undefined; }'.
src/app/jobs/[id]/page.tsx(283,32): error TS2339: Property 'id' does not exist on type '{ name?: string | null | undefined; email?: string | null | undefined; image?: string | null | undefined; }'.
src/app/jobs/page.tsx(565,40): error TS2322: Type '"secondary"' is not assignable to type '"error" | "default" | "warning" | "info" | "success" | undefined'.
src/app/pricing/page.tsx(103,17): error TS2820: Type '"MONTHLY"' is not assignable to type 'BillingInterval'. Did you mean '"monthly"'?
src/app/profile/settings/page.tsx(18,9): error TS2353: Object literal may only specify known properties, and 'bio' does not exist in type 'UserSelect<DefaultArgs>'.
src/app/profile/settings/page.tsx(48,46): error TS18048: 'session.user' is possibly 'undefined'.
src/app/profile/settings/page.tsx(48,59): error TS2339: Property 'id' does not exist on type '{ name?: string | null | undefined; email?: string | null | undefined; image?: string | null | undefined; }'.
src/app/profile/settings/page.tsx(68,38): error TS2739: Type '{ id: string; email: string; name: string | null; passwordHash: string; createdAt: Date; isEmailVerified: boolean; magicLinkExpires: Date | null; magicLinkToken: string | null; ... 21 more ...; trialEndsAt: Date | null; }' is missing the following properties from type 'UserSettings': bio, phone, website, emailVerified
src/app/profile/settings/page.tsx(114,39): error TS2551: Property 'emailVerified' does not exist on type '{ id: string; email: string; name: string | null; passwordHash: string; createdAt: Date; isEmailVerified: boolean; magicLinkExpires: Date | null; magicLinkToken: string | null; ... 21 more ...; trialEndsAt: Date | null; }'. Did you mean 'isEmailVerified'?
src/app/profile/settings/page.tsx(120,36): error TS2551: Property 'emailVerified' does not exist on type '{ id: string; email: string; name: string | null; passwordHash: string; createdAt: Date; isEmailVerified: boolean; magicLinkExpires: Date | null; magicLinkToken: string | null; ... 21 more ...; trialEndsAt: Date | null; }'. Did you mean 'isEmailVerified'?
src/app/services/adzunaToDb.ts(35,24): error TS2339: Property 'upsert' does not exist on type 'JobDelegate<DefaultArgs, PrismaClientOptions>'.
src/app/sitemap.ts(71,9): error TS2353: Object literal may only specify known properties, and 'isActive' does not exist in type 'JobWhereInput'.
src/components/__tests__/Button.test.tsx(14,9): error TS2698: Spread types may only be created from object types.
src/components/__tests__/Button.test.tsx(15,32): error TS18046: 'children.props' is of type 'unknown'.
src/components/admin/AdCreationForm.tsx(85,7): error TS2322: Type 'string' is not assignable to type 'Date'.
src/components/admin/AdCreationForm.tsx(89,7): error TS2322: Type 'string' is not assignable to type 'Date'.
src/components/admin/AdCreationForm.tsx(93,7): error TS2322: Type 'string' is not assignable to type 'Date'.
src/components/admin/AdCreationForm.tsx(285,68): error TS2322: Type 'Date' is not assignable to type 'ReactNode'.
src/components/admin/AdCreationForm.tsx(309,17): error TS2322: Type '(date: Date) => boolean | null' is not assignable to type 'Matcher | Matcher[] | undefined'.
  Type '(date: Date) => boolean | null' is not assignable to type '(date: Date) => boolean'.
    Type 'boolean | null' is not assignable to type 'boolean'.
      Type 'null' is not assignable to type 'boolean'.
src/components/admin/AdCreationForm.tsx(314,66): error TS2322: Type 'Date' is not assignable to type 'ReactNode'.
src/components/admin/MemoryLeakMonitoringDashboard.tsx(23,10): error TS2614: Module '"@/lib/monitoring/memory-leak-detector"' has no exported member 'memoryLeakDetector'. Did you mean to use 'import memoryLeakDetector from "@/lib/monitoring/memory-leak-detector"' instead?
src/components/admin/MemoryLeakMonitoringDashboard.tsx(51,23): error TS2554: Expected 1 arguments, but got 0.
src/components/admin/MemoryLeakMonitoringDashboard.tsx(124,28): error TS18046: 'data' is of type 'unknown'.
src/components/admin/MemoryLeakMonitoringDashboard.tsx(125,31): error TS18046: 'data' is of type 'unknown'.
src/components/admin/MemoryLeakMonitoringDashboard.tsx(126,27): error TS18046: 'data' is of type 'unknown'.
src/components/admin/MemoryLeakMonitoringDashboard.tsx(137,21): error TS18046: 'data' is of type 'unknown'.
src/components/admin/MemoryLeakMonitoringDashboard.tsx(138,23): error TS18046: 'data' is of type 'unknown'.
src/components/admin/MemoryLeakMonitoringDashboard.tsx(142,23): error TS18046: 'data' is of type 'unknown'.
src/components/admin/MemoryLeakMonitoringDashboard.tsx(169,7): error TS2322: Type 'undefined' is not assignable to type 'number'.
src/components/admin/MemoryLeakMonitoringDashboard.tsx(214,7): error TS2322: Type 'undefined' is not assignable to type 'number'.
src/components/admin/RoleManagement.tsx(8,79): error TS2307: Cannot find module '@/components/ui/table' or its corresponding type declarations.
src/components/chat/ChatWindow.tsx(9,23): error TS2306: File 'C:/Users/pbail/100devs/209jobs/src/components/chat/ChatInput.tsx' is not a module.
src/components/EnhancedJobModal.tsx(57,20): error TS2304: Cannot find name 'useRef'.
src/components/EnhancedJobModal.tsx(58,28): error TS2304: Cannot find name 'useRef'.
src/components/EnhancedJobModal.tsx(403,56): error TS2552: Cannot find name 'formatSalary'. Did you mean 'safeFormatSalary'?
src/components/EnhancedJobModal.tsx(404,24): error TS2552: Cannot find name 'formatSalary'. Did you mean 'safeFormatSalary'?
src/components/FeaturedJobsSection.tsx(95,18): error TS2741: Property 'applyUrl' is missing in type '{ id: string; title: string; company: string; location: string; salaryMin?: number | undefined; salaryMax?: number | undefined; type: string; isRemote: boolean; postedAt: string; description: string; key: string; }' but required in type 'JobCardProps'.
src/components/forms/__tests__/ExampleRegistrationForm.test.tsx(8,46): error TS7006: Parameter 'e' implicitly has an 'any' type.
src/components/forms/ExampleRegistrationForm.tsx(334,20): error TS2322: Type '{ onBlur: Noop; value: File | undefined; disabled?: boolean | undefined; name: "resume"; ref: RefCallBack; label: string; description: string; acceptedFileTypes: string[]; maxFileSize: number; error: string | undefined; onChange: (e: ChangeEvent<...>) => void; }' is not assignable to type 'FileInputProps'.
  Types of property 'value' are incompatible.
    Type 'File | undefined' is not assignable to type 'string | number | readonly string[] | undefined'.
      Type 'File' is not assignable to type 'string | number | readonly string[] | undefined'.
        Type 'File' is missing the following properties from type 'readonly string[]': length, concat, join, indexOf, and 25 more.
src/components/JobGenie.tsx(247,70): error TS2304: Cannot find name 'prev'.
src/components/JobGenie.tsx(247,90): error TS2304: Cannot find name 'prev'.
src/components/JobList.tsx(3,30): error TS2307: Cannot find module './job-modal/EnhancedJobModal' or its corresponding type declarations.
src/components/JobList.tsx(406,20): error TS2322: Type '{ onClick: () => void; isSelected: boolean; onViewDetails: () => void; onSave: () => Promise<void>; saved: boolean; "aria-label": string; isFeatured?: boolean | undefined; salary?: string | undefined; ... 20 more ...; applyUrl?: string | undefined; }' is not assignable to type 'JobCardProps'.
  Types of property 'applyUrl' are incompatible.
    Type 'string | undefined' is not assignable to type 'string'.
      Type 'undefined' is not assignable to type 'string'.
src/components/JobList.tsx(477,50): error TS2345: Argument of type 'JobWithOptionalFields | null' is not assignable to parameter of type 'JobWithOptionalFields'.
  Type 'null' is not assignable to type 'JobWithOptionalFields'.
src/components/PerformanceProvider.tsx(15,43): error TS2339: Property 'onFID' does not exist on type 'typeof import("C:/Users/pbail/100devs/209jobs/node_modules/web-vitals/dist/modules/index")'.
src/components/PlaceholderPage.tsx(4,3): error TS2865: Import 'WireframeSection' conflicts with local value, so must be declared with a type-only import when 'isolatedModules' is enabled.
src/components/pricing/PricingCard.tsx(11,23): error TS2307: Cannot find module '@/components/ui/use-toast' or its corresponding type declarations.
src/components/ui/calendar.tsx(63,9): error TS2353: Object literal may only specify known properties, and 'IconLeft' does not exist in type 'Partial<CustomComponents>'.
src/components/ui/command.tsx(6,45): error TS2307: Cannot find module 'cmdk' or its corresponding type declarations.
src/components/ui/comprehensive-ui-provider.tsx(280,8): error TS2322: Type 'PropsWithoutRef<P> & { ref: ForwardedRef<any>; }' is not assignable to type 'IntrinsicAttributes & P'.
  Type 'PropsWithoutRef<P> & { ref: ForwardedRef<any>; }' is not assignable to type 'P'.
    'PropsWithoutRef<P> & { ref: ForwardedRef<any>; }' is assignable to the constraint of type 'P', but 'P' could be instantiated with a different subtype of constraint 'object'.
src/components/ui/context-menu.tsx(4,39): error TS2307: Cannot find module '@radix-ui/react-context-menu' or its corresponding type declarations.
src/components/ui/hover-card.tsx(4,37): error TS2307: Cannot find module '@radix-ui/react-hover-card' or its corresponding type declarations.
src/components/ui/lazy-component.tsx(23,10): error TS2322: Type 'Omit<ComponentProps<T> & LazyComponentProps, "className" | "fallback">' is not assignable to type 'IntrinsicAttributes & (T extends MemoExoticComponent<infer U extends ComponentType<any>> | LazyExoticComponent<infer U extends ComponentType<...>> ? ReactManagedAttributes<...> : ReactManagedAttributes<...>)'.
  Type 'Omit<ComponentProps<T> & LazyComponentProps, "className" | "fallback">' is not assignable to type 'T extends MemoExoticComponent<infer U extends ComponentType<any>> | LazyExoticComponent<infer U extends ComponentType<any>> ? ReactManagedAttributes<...> : ReactManagedAttributes<...>'.
src/components/ui/menubar.tsx(9,35): error TS2307: Cannot find module '@radix-ui/react-menubar' or its corresponding type declarations.
src/components/ui/navigation-menu.tsx(3,42): error TS2307: Cannot find module '@radix-ui/react-navigation-menu' or its corresponding type declarations.
src/components/ui/popover.tsx(4,35): error TS2307: Cannot find module '@radix-ui/react-popover' or its corresponding type declarations.
src/lib/cache/cache-migration-utility.ts(161,40): error TS7006: Parameter 'key' implicitly has an 'any' type.
src/lib/cache/cache-migration-utility.ts(191,40): error TS7006: Parameter 'key' implicitly has an 'any' type.
src/lib/cache/cache-migration-utility.ts(425,42): error TS7006: Parameter 'key' implicitly has an 'any' type.
src/lib/cache/cache-migration-utility.ts(525,41): error TS7006: Parameter 'key' implicitly has an 'any' type.
src/lib/cache/enhanced-cache-services.ts(183,19): error TS2339: Property 'page' does not exist on type '({ limit: number; direction: "forward" | "backward"; cursor?: string | undefined; } | { limit: number; page: number; }) & { sortBy?: string | undefined; sortOrder?: "asc" | "desc" | undefined; filters?: { ...; } | undefined; }'.
src/lib/cache/enhanced-cache-services.ts(362,19): error TS2339: Property 'page' does not exist on type '{ limit: number; direction: "forward" | "backward"; cursor?: string | undefined; } | { limit: number; page: number; }'.
src/lib/cache/enhanced-cache-services.ts(470,39): error TS2339: Property 'create' does not exist on type 'JobDelegate<DefaultArgs, PrismaClientOptions>'.
src/lib/cache/enhanced-cache-services.ts(694,19): error TS2353: Object literal may only specify known properties, and 'jobType' does not exist in type 'JobSelect<DefaultArgs>'.
src/lib/cache/enhanced-cache-services.ts(716,19): error TS2339: Property 'page' does not exist on type '{ limit: number; direction: "forward" | "backward"; cursor?: string | undefined; } | { limit: number; page: number; }'.
src/lib/cache/enhanced-cache-services.ts(734,21): error TS2353: Object literal may only specify known properties, and 'jobType' does not exist in type 'JobSelect<DefaultArgs>'.
src/lib/cache/redis.ts(56,32): error TS2769: No overload matches this call.
  Overload 1 of 8, '(options: RedisOptions): Redis', gave the following error.
    Argument of type '{ host: string; port: number; password: string | undefined; tls?: {} | undefined; db: number; retryDelayOnFailover: number; maxRetriesPerRequest: number; lazyConnect: boolean; family: number; ... 4 more ...; enableOfflineQueue: boolean; }' is not assignable to parameter of type 'RedisOptions'.
      Type '{ host: string; port: number; password: string | undefined; tls?: {} | undefined; db: number; retryDelayOnFailover: number; maxRetriesPerRequest: number; lazyConnect: boolean; family: number; ... 4 more ...; enableOfflineQueue: boolean; }' is not assignable to type 'CommonRedisOptions'.
        Types of property 'keepAlive' are incompatible.
          Type 'boolean' is not assignable to type 'number'.
  Overload 2 of 8, '(port: number): Redis', gave the following error.
    Argument of type '{ host: string; port: number; password: string | undefined; tls?: {} | undefined; db: number; retryDelayOnFailover: number; maxRetriesPerRequest: number; lazyConnect: boolean; family: number; ... 4 more ...; enableOfflineQueue: boolean; }' is not assignable to parameter of type 'number'.
  Overload 3 of 8, '(path: string): Redis', gave the following error.
    Argument of type '{ host: string; port: number; password: string | undefined; tls?: {} | undefined; db: number; retryDelayOnFailover: number; maxRetriesPerRequest: number; lazyConnect: boolean; family: number; ... 4 more ...; enableOfflineQueue: boolean; }' is not assignable to parameter of type 'string'.
src/lib/cache/services.ts(146,15): error TS2339: Property 'page' does not exist on type '({ limit: number; direction: "forward" | "backward"; cursor?: string | undefined; } | { limit: number; page: number; }) & { sortBy?: string | undefined; sortOrder?: "asc" | "desc" | undefined; filters?: { ...; } | undefined; }'.
src/lib/cache/services.ts(222,13): error TS2353: Object literal may only specify known properties, and 'employer' does not exist in type 'JobInclude<DefaultArgs>'.
src/lib/cache/services.ts(280,13): error TS2559: Type '{ employerId: string; }' has no properties in common with type 'JobWhereInput'.
src/lib/cache/services.ts(299,19): error TS2339: Property 'page' does not exist on type '{ limit: number; direction: "forward" | "backward"; cursor?: string | undefined; } | { limit: number; page: number; }'.
src/lib/cache/services.ts(300,55): error TS2559: Type '{ employerId: string; }' has no properties in common with type 'JobWhereInput'.
src/lib/cache/services.ts(304,13): error TS2559: Type '{ employerId: string; }' has no properties in common with type 'JobWhereInput'.
src/lib/cache/services.ts(493,19): error TS2353: Object literal may only specify known properties, and 'jobType' does not exist in type 'JobSelect<DefaultArgs>'.
src/lib/cache/services.ts(513,19): error TS2339: Property 'page' does not exist on type '{ limit: number; direction: "forward" | "backward"; cursor?: string | undefined; } | { limit: number; page: number; }'.
src/lib/cache/services.ts(529,19): error TS2353: Object literal may only specify known properties, and 'jobType' does not exist in type 'JobSelect<DefaultArgs>'.
src/lib/conversation/chatbot-service.ts(422,17): error TS2339: Property 'searchHistory' does not exist on type 'ConversationContext'.
src/lib/conversation/chatbot-service.ts(422,42): error TS2339: Property 'searchHistory' does not exist on type 'ConversationContext'.
src/lib/conversation/chatbot-service.ts(423,34): error TS2339: Property 'searchHistory' does not exist on type 'ConversationContext'.
src/lib/conversation/chatbot-service.ts(423,56): error TS2339: Property 'searchHistory' does not exist on type 'ConversationContext'.
src/lib/conversation/prompts.ts(202,83): error TS2304: Cannot find name 'Message'.
src/lib/database/data-integrity.ts(10,30): error TS2305: Module '"@/lib/cache/redis"' has no exported member 'invalidateCache'.
src/lib/database/data-integrity.ts(11,29): error TS2307: Cannot find module '@/lib/cache/config' or its corresponding type declarations.
src/lib/database/data-integrity.ts(174,11): error TS2353: Object literal may only specify known properties, and 'deletedAt' does not exist in type 'JobWhereInput'.
src/lib/database/data-integrity.ts(178,22): error TS2353: Object literal may only specify known properties, and 'deletedAt' does not exist in type 'JobApplicationWhereInput'.
src/lib/database/data-integrity.ts(190,30): error TS2339: Property 'jobApplications' does not exist on type '{ id: string; createdAt: Date; updatedAt: Date; location: string; companyId: string | null; company: string; categories: string[]; salaryMax: number | null; salaryMin: number | null; ... 11 more ...; isRemote: boolean; }'.
src/lib/database/data-integrity.ts(197,27): error TS2353: Object literal may only specify known properties, and 'deletedAt' does not exist in type 'JobApplicationWhereInput'.
src/lib/database/data-integrity.ts(198,19): error TS2353: Object literal may only specify known properties, and 'deletedAt' does not exist in type '(Without<JobApplicationUpdateManyMutationInput, JobApplicationUncheckedUpdateManyInput> & JobApplicationUncheckedUpdateManyInput) | (Without<...> & JobApplicationUpdateManyMutationInput)'.
src/lib/database/data-integrity.ts(204,19): error TS2353: Object literal may only specify known properties, and 'deletedAt' does not exist in type '(Without<JobUpdateInput, JobUncheckedUpdateInput> & JobUncheckedUpdateInput) | (Without<JobUncheckedUpdateInput, JobUpdateInput> & JobUpdateInput)'.
src/lib/database/data-integrity.ts(245,19): error TS2739: Type '{}' is missing the following properties from type 'IntegrityIssues': timestamp, totalIssues, issues, status
src/lib/database/data-integrity.ts(467,11): error TS2353: Object literal may only specify known properties, and 'deletedAt' does not exist in type 'UserWhereInput'.
src/lib/database/data-integrity.ts(483,19): error TS2353: Object literal may only specify known properties, and 'deletedAt' does not exist in type '(Without<UserUpdateInput, UserUncheckedUpdateInput> & UserUncheckedUpdateInput) | (Without<...> & UserUpdateInput)'.
src/lib/database/data-integrity.ts(488,28): error TS2353: Object literal may only specify known properties, and 'deletedAt' does not exist in type 'UserAddOnWhereInput'.
src/lib/database/data-integrity.ts(489,19): error TS2353: Object literal may only specify known properties, and 'deletedAt' does not exist in type '(Without<UserAddOnUpdateManyMutationInput, UserAddOnUncheckedUpdateManyInput> & UserAddOnUncheckedUpdateManyInput) | (Without<...> & UserAddOnUpdateManyMutationInput)'.
src/lib/database/data-integrity.ts(493,28): error TS2353: Object literal may only specify known properties, and 'deletedAt' does not exist in type 'AlertWhereInput'.
src/lib/database/data-integrity.ts(494,19): error TS2353: Object literal may only specify known properties, and 'deletedAt' does not exist in type '(Without<AlertUpdateManyMutationInput, AlertUncheckedUpdateManyInput> & AlertUncheckedUpdateManyInput) | (Without<...> & AlertUpdateManyMutationInput)'.
src/lib/database/data-integrity.ts(498,28): error TS2353: Object literal may only specify known properties, and 'deletedAt' does not exist in type 'JobApplicationWhereInput'.
src/lib/database/data-integrity.ts(499,19): error TS2353: Object literal may only specify known properties, and 'deletedAt' does not exist in type '(Without<JobApplicationUpdateManyMutationInput, JobApplicationUncheckedUpdateManyInput> & JobApplicationUncheckedUpdateManyInput) | (Without<...> & JobApplicationUpdateManyMutationInput)'.
src/lib/database/optimized-queries.ts(15,30): error TS2305: Module '"@/lib/cache/redis"' has no exported member 'invalidateCache'.
src/lib/database/optimized-queries.ts(16,29): error TS2307: Cannot find module '@/lib/cache/config' or its corresponding type declarations.
src/lib/database/optimized-queries.ts(94,7): error TS2739: Type '{ cacheHit: true; queryTime: number; }' is missing the following properties from type '{ jobs: JobWithCompanyStats[]; totalCount: number; queryTime: number; cacheHit: boolean; }': jobs, totalCount
src/lib/database/optimized-queries.ts(140,13): error TS2322: Type '{ companyStats: { totalJobs: number; recentJobs: number; avgSalaryMin?: number | undefined; avgSalaryMax?: number | undefined; }; id: string; createdAt: Date; location: string; companyId: string | null; ... 7 more ...; postedAt: Date; }[]' is not assignable to type 'JobWithCompanyStats[]'.
  Type '{ companyStats: { totalJobs: number; recentJobs: number; avgSalaryMin?: number; avgSalaryMax?: number; }; id: string; createdAt: Date; location: string; companyId: string | null; company: string; ... 6 more ...; postedAt: Date; }' is not assignable to type 'JobWithCompanyStats'.
    Types of property 'companyId' are incompatible.
      Type 'string | null' is not assignable to type 'string | undefined'.
        Type 'null' is not assignable to type 'string | undefined'.
src/lib/database/optimized-queries.ts(176,17): error TS2740: Type '{}' is missing the following properties from type 'JobWithCompanyStats[]': length, pop, push, concat, and 35 more.
src/lib/database/optimized-queries.ts(234,17): error TS2740: Type '{}' is missing the following properties from type 'JobWithCompanyStats[]': length, pop, push, concat, and 35 more.
src/lib/database/optimized-queries.ts(287,17): error TS2322: Type '{}' is not assignable to type 'BatchCompanyStats'.
  Index signature for type 'string' is missing in type '{}'.
src/lib/database/optimized-queries.ts(324,17): error TS2740: Type '{}' is missing the following properties from type 'JobWithCompanyStats[]': length, pop, push, concat, and 35 more.
src/lib/database/optimized-queries.ts(360,13): error TS2322: Type '{ companyStats: { totalJobs: number; recentJobs: number; avgSalaryMin?: number | undefined; avgSalaryMax?: number | undefined; }; id: string; createdAt: Date; location: string; companyId: string | null; ... 7 more ...; postedAt: Date; }[]' is not assignable to type 'JobWithCompanyStats[]'.
  Type '{ companyStats: { totalJobs: number; recentJobs: number; avgSalaryMin?: number; avgSalaryMax?: number; }; id: string; createdAt: Date; location: string; companyId: string | null; company: string; ... 6 more ...; postedAt: Date; }' is not assignable to type 'JobWithCompanyStats'.
    Types of property 'companyId' are incompatible.
      Type 'string | null' is not assignable to type 'string | undefined'.
        Type 'null' is not assignable to type 'string | undefined'.
src/lib/database/optimized-queries.ts(406,19): error TS2339: Property 'push' does not exist on type 'JobWhereInput | JobWhereInput[]'.
  Property 'push' does not exist on type 'JobWhereInput'.
src/lib/database/optimized-queries.ts(409,19): error TS2339: Property 'push' does not exist on type 'JobWhereInput | JobWhereInput[]'.
  Property 'push' does not exist on type 'JobWhereInput'.
src/lib/database/optimized-queries.ts(626,17): error TS2740: Type '{}' is missing the following properties from type 'any[]': length, pop, push, concat, and 35 more.
src/lib/database/transactions.ts(125,9): error TS2353: Object literal may only specify known properties, and 'employerId' does not exist in type 'JobSelect<DefaultArgs>'.
src/lib/database/transactions.ts(156,11): error TS2353: Object literal may only specify known properties, and 'applicantId' does not exist in type 'Without<JobApplicationCreateInput, JobApplicationUncheckedCreateInput> & JobApplicationUncheckedCreateInput'.
src/lib/database/transactions.ts(321,35): error TS2339: Property 'savedJob' does not exist on type 'TransactionClient'.
src/lib/database/transactions.ts(330,16): error TS2339: Property 'savedJob' does not exist on type 'TransactionClient'.
src/lib/database/transactions.ts(341,16): error TS2339: Property 'savedJob' does not exist on type 'TransactionClient'.
src/lib/database/transactions.ts(419,30): error TS2339: Property 'create' does not exist on type 'JobDelegate<DefaultArgs, PrismaClientOptions>'.
src/lib/database/transactions.ts(525,33): error TS2339: Property 'createMany' does not exist on type 'JobDelegate<DefaultArgs, PrismaClientOptions>'.
src/lib/database/type-safety.ts(36,48): error TS2339: Property 'partial' does not exist on type 'ZodEffects<ZodObject<{ title: ZodString; company: ZodString; companyId: ZodOptional<ZodString>; description: ZodString; location: ZodString; ... 6 more ...; postedAt: ZodDate; }, "strip", ZodTypeAny, { ...; }, { ...; }>, { ...; }, { ...; }>'.
src/lib/database/type-safety.ts(100,52): error TS2339: Property 'partial' does not exist on type 'ZodEffects<ZodObject<{ userId: ZodString; type: ZodEnum<["job_title_alert", "weekly_digest", "job_category_alert", "location_alert", "company_alert"]>; frequency: ZodDefault<ZodEnum<[...]>>; ... 7 more ...; salaryMax: ZodOptional<...>; }, "strip", ZodTypeAny, { ...; }, { ...; }>, { ...; }, { ...; }>'.
src/lib/database/type-safety.ts(123,28): error TS2339: Property 'create' does not exist on type 'JobDelegate<DefaultArgs, PrismaClientOptions>'.
src/lib/database/type-safety.ts(410,28): error TS2339: Property 'createMany' does not exist on type 'JobDelegate<DefaultArgs, PrismaClientOptions>'.
src/lib/email.ts(138,25): error TS2339: Property 'id' does not exist on type 'CreateEmailResponse'.
src/lib/email/security.ts(175,9): error TS2769: No overload matches this call.
  The last overload gave the following error.
    Type '{ a: string[]; img: string[]; '*': string[]; }' is missing the following properties from type 'string[]': length, pop, push, concat, and 35 more.
src/lib/errors/api-errors.ts(119,20): error TS2339: Property 'input' does not exist on type 'ZodIssue'.
  Property 'input' does not exist on type 'ZodCustomIssue & { fatal?: boolean | undefined; message: string; }'.
src/lib/knowledge/company-knowledge.ts(279,17): error TS2353: Object literal may only specify known properties, and 'deletedAt' does not exist in type '(Without<CompanyKnowledgeUpdateInput, CompanyKnowledgeUncheckedUpdateInput> & CompanyKnowledgeUncheckedUpdateInput) | (Without<...> & CompanyKnowledgeUpdateInput)'.
src/lib/middleware/api.ts(162,28): error TS2345: Argument of type 'unknown' is not assignable to parameter of type 'string | Error'.
src/lib/middleware/api.ts(254,34): error TS2345: Argument of type 'unknown' is not assignable to parameter of type 'string | Error'.
src/lib/middleware/api.ts(284,20): error TS18046: 'handlerError' is of type 'unknown'.
src/lib/middleware/api.ts(288,28): error TS2345: Argument of type 'unknown' is not assignable to parameter of type 'string | Error'.
src/lib/middleware/api.ts(398,13): error TS2353: Object literal may only specify known properties, and 'endpoint' does not exist in type 'PerformanceMetrics'.
src/lib/middleware/enhanced-security.ts(7,10): error TS2305: Module '"../middleware/ratelimit"' has no exported member 'rateLimit'.
src/lib/middleware/enhanced-security.ts(163,18): error TS2339: Property 'userSession' does not exist on type 'PrismaClient<PrismaClientOptions, never, DefaultArgs>'.
src/lib/middleware/enhanced-security.ts(178,34): error TS2339: Property 'userSession' does not exist on type 'PrismaClient<PrismaClientOptions, never, DefaultArgs>'.
src/lib/middleware/enhanced-security.ts(202,18): error TS2339: Property 'userSession' does not exist on type 'PrismaClient<PrismaClientOptions, never, DefaultArgs>'.
src/lib/middleware/enhanced-security.ts(211,18): error TS2339: Property 'userSession' does not exist on type 'PrismaClient<PrismaClientOptions, never, DefaultArgs>'.
src/lib/middleware/enhanced-security.ts(217,18): error TS2339: Property 'userSession' does not exist on type 'PrismaClient<PrismaClientOptions, never, DefaultArgs>'.
src/lib/middleware/enhanced-security.ts(223,18): error TS2339: Property 'userSession' does not exist on type 'PrismaClient<PrismaClientOptions, never, DefaultArgs>'.
src/lib/middleware/enhanced-security.ts(264,33): error TS2339: Property 'id' does not exist on type '{ name?: string | null | undefined; email?: string | null | undefined; image?: string | null | undefined; }'.
src/lib/middleware/enhanced-security.ts(271,9): error TS2353: Object literal may only specify known properties, and 'lastLoginAt' does not exist in type 'UserSelect<DefaultArgs>'.
src/lib/middleware/enhanced-security.ts(280,14): error TS2339: Property 'lockedUntil' does not exist on type '{ id: string; email: string; name: string | null; passwordHash: string; createdAt: Date; isEmailVerified: boolean; magicLinkExpires: Date | null; magicLinkToken: string | null; ... 21 more ...; trialEndsAt: Date | null; }'.
src/lib/middleware/enhanced-security.ts(280,34): error TS2339: Property 'lockedUntil' does not exist on type '{ id: string; email: string; name: string | null; passwordHash: string; createdAt: Date; isEmailVerified: boolean; magicLinkExpires: Date | null; magicLinkToken: string | null; ... 21 more ...; trialEndsAt: Date | null; }'.
src/lib/middleware/enhanced-security.ts(302,31): error TS2339: Property 'id' does not exist on type '{ name?: string | null | undefined; email?: string | null | undefined; image?: string | null | undefined; }'.
src/lib/middleware/enhanced-security.ts(305,59): error TS2339: Property 'mfaVerified' does not exist on type '{ name?: string | null | undefined; email?: string | null | undefined; image?: string | null | undefined; }'.
src/lib/middleware/enhanced-security.ts(420,20): error TS2339: Property 'auditLog' does not exist on type 'PrismaClient<PrismaClientOptions, never, DefaultArgs>'.
src/lib/middleware/enhanced-security.ts(640,39): error TS18046: 'error' is of type 'unknown'.
src/lib/middleware/enhanced-security.ts(644,18): error TS18046: 'error' is of type 'unknown'.
src/lib/middleware/enhanced-security.ts(656,20): error TS18046: 'error' is of type 'unknown'.
src/lib/middleware/logging.ts(145,74): error TS2339: Property 'ip' does not exist on type 'NextRequest'.
src/lib/middleware/ratelimit.ts(68,74): error TS2339: Property 'ip' does not exist on type 'NextRequest'.
src/lib/mockJobData.ts(143,13): error TS7053: Element implicitly has an 'any' type because expression of type 'string' can't be used to index type '{ 'Software Engineer': ({ name: string; importance: "required"; } | { name: string; importance: "preferred"; } | { name: string; importance: "nice-to-have"; })[]; 'Data Analyst': ({ name: string; importance: "required"; } | { ...; } | { ...; })[]; 'Marketing Manager': ({ ...; } | ... 1 more ... | { ...; })[]; defaul...'.
  No index signature with a parameter of type 'string' was found on type '{ 'Software Engineer': ({ name: string; importance: "required"; } | { name: string; importance: "preferred"; } | { name: string; importance: "nice-to-have"; })[]; 'Data Analyst': ({ name: string; importance: "required"; } | { ...; } | { ...; })[]; 'Marketing Manager': ({ ...; } | ... 1 more ... | { ...; })[]; defaul...'.
src/lib/monitoring/database-monitor.ts(219,11): error TS2353: Object literal may only specify known properties, and 'category' does not exist in type 'ErrorContext'.
src/lib/monitoring/database-monitor.ts(234,11): error TS2353: Object literal may only specify known properties, and 'category' does not exist in type 'ErrorContext'.
src/lib/monitoring/database-monitor.ts(299,9): error TS2353: Object literal may only specify known properties, and 'operation' does not exist in type 'ErrorContext'.
src/lib/monitoring/database-monitor.ts(341,7): error TS2353: Object literal may only specify known properties, and 'category' does not exist in type 'ErrorContext'.
src/lib/monitoring/error-monitor.ts(95,12): error TS2339: Property 'configureScope' does not exist on type 'typeof import("C:/Users/pbail/100devs/209jobs/node_modules/@sentry/nextjs/build/types/index.types")'.
src/lib/monitoring/error-monitor.ts(95,28): error TS7006: Parameter 'scope' implicitly has an 'any' type.
src/lib/monitoring/error-monitor.ts(524,20): error TS2339: Property 'ip' does not exist on type 'NextRequest'.
src/lib/monitoring/memory-leak-detector.tsx(91,5): error TS2322: Type '(callback: Function, delay?: number, ...args: any[]) => NodeJS.Timeout' is not assignable to type '((handler: TimerHandler, timeout?: number | undefined, ...arguments: any[]) => number) & typeof setTimeout'.
  Type '(callback: Function, delay?: number, ...args: any[]) => NodeJS.Timeout' is not assignable to type '(handler: TimerHandler, timeout?: number | undefined, ...arguments: any[]) => number'.
    Type 'Timeout' is not assignable to type 'number'.
src/lib/monitoring/memory-leak-detector.tsx(93,28): error TS2345: Argument of type 'Timeout' is not assignable to parameter of type 'number'.
src/lib/monitoring/memory-leak-detector.tsx(95,17): error TS2556: A spread argument must either have a tuple type or be passed to a rest parameter.
src/lib/monitoring/memory-leak-detector.tsx(97,23): error TS2345: Argument of type 'Timeout' is not assignable to parameter of type 'number'.
src/lib/monitoring/memory-leak-detector.tsx(110,5): error TS2322: Type '(callback: Function, delay?: number, ...args: any[]) => NodeJS.Timeout' is not assignable to type '((handler: TimerHandler, timeout?: number | undefined, ...arguments: any[]) => number) & { (handler: TimerHandler, timeout?: number | undefined, ...arguments: any[]): number; <TArgs extends any[]>(callback: (...args: TArgs) => void, delay?: number | undefined, ...args: TArgs): Timeout; (callback: (_: void) => void, ...'.
  Type '(callback: Function, delay?: number, ...args: any[]) => NodeJS.Timeout' is not assignable to type '(handler: TimerHandler, timeout?: number | undefined, ...arguments: any[]) => number'.
    Type 'Timeout' is not assignable to type 'number'.
src/lib/monitoring/memory-leak-detector.tsx(111,68): error TS2556: A spread argument must either have a tuple type or be passed to a rest parameter.
src/lib/monitoring/memory-leak-detector.tsx(113,23): error TS2345: Argument of type 'Timeout' is not assignable to parameter of type 'number'.
src/lib/monitoring/memory-leak-detector.tsx(126,5): error TS2322: Type '(id?: number) => void' is not assignable to type '((id: number | undefined) => void) & { (id: number | undefined): void; (timeout: string | number | Timeout | undefined): void; }'.
  Type '(id?: number) => void' is not assignable to type '{ (id: number | undefined): void; (timeout: string | number | Timeout | undefined): void; }'.
    Types of parameters 'id' and 'timeout' are incompatible.
      Type 'string | number | Timeout | undefined' is not assignable to type 'number | undefined'.
        Type 'string' is not assignable to type 'number'.
src/lib/monitoring/memory-leak-detector.tsx(133,5): error TS2322: Type '(id?: number) => void' is not assignable to type '((id: number | undefined) => void) & { (id: number | undefined): void; (timeout: string | number | Timeout | undefined): void; }'.
  Type '(id?: number) => void' is not assignable to type '{ (id: number | undefined): void; (timeout: string | number | Timeout | undefined): void; }'.
    Types of parameters 'id' and 'timeout' are incompatible.
      Type 'string | number | Timeout | undefined' is not assignable to type 'number | undefined'.
        Type 'string' is not assignable to type 'number'.
src/lib/monitoring/memory-leak-detector.tsx(339,23): error TS2554: Expected 1 arguments, but got 0.
src/lib/monitoring/memory-leak-detector.tsx(369,24): error TS2345: Argument of type 'number' is not assignable to parameter of type 'Timeout'.
src/lib/monitoring/memory-leak-detector.tsx(437,7): error TS2322: Type 'number' is not assignable to type 'Timeout'.
src/lib/monitoring/memory-leak-test-utils.tsx(65,5): error TS2741: Property '__promisify__' is missing in type '(callback: Function, delay?: number, ...args: any[]) => NodeJS.Timeout' but required in type 'typeof setTimeout'.
src/lib/monitoring/memory-leak-test-utils.tsx(66,72): error TS2556: A spread argument must either have a tuple type or be passed to a rest parameter.
src/lib/monitoring/memory-leak-test-utils.tsx(71,5): error TS2322: Type '(callback: Function, delay?: number, ...args: any[]) => NodeJS.Timeout' is not assignable to type '{ (handler: TimerHandler, timeout?: number | undefined, ...arguments: any[]): number; <TArgs extends any[]>(callback: (...args: TArgs) => void, delay?: number | undefined, ...args: TArgs): Timeout; (callback: (_: void) => void, delay?: number | undefined): Timeout; }'.
  Types of parameters 'callback' and 'handler' are incompatible.
    Type 'TimerHandler' is not assignable to type 'Function'.
      Type 'string' is not assignable to type 'Function'.
src/lib/monitoring/memory-leak-test-utils.tsx(72,73): error TS2556: A spread argument must either have a tuple type or be passed to a rest parameter.
src/lib/monitoring/memory-leak-test-utils.tsx(77,5): error TS2322: Type '(id?: number) => void' is not assignable to type '{ (id: number | undefined): void; (timeout: string | number | Timeout | undefined): void; }'.
  Types of parameters 'id' and 'timeout' are incompatible.
    Type 'string | number | Timeout | undefined' is not assignable to type 'number | undefined'.
      Type 'string' is not assignable to type 'number'.
src/lib/monitoring/memory-leak-test-utils.tsx(79,34): error TS2345: Argument of type 'number' is not assignable to parameter of type 'Timeout'.
src/lib/monitoring/memory-leak-test-utils.tsx(84,5): error TS2322: Type '(id?: number) => void' is not assignable to type '{ (id: number | undefined): void; (timeout: string | number | Timeout | undefined): void; }'.
  Types of parameters 'id' and 'timeout' are incompatible.
    Type 'string | number | Timeout | undefined' is not assignable to type 'number | undefined'.
      Type 'string' is not assignable to type 'number'.
src/lib/monitoring/memory-leak-test-utils.tsx(86,34): error TS2345: Argument of type 'number' is not assignable to parameter of type 'Timeout'.
src/lib/monitoring/memory-leak-test-utils.tsx(313,5): error TS2741: Property '__promisify__' is missing in type '(callback: Function, delay?: number, ...args: any[]) => NodeJS.Timeout' but required in type 'typeof setTimeout'.
src/lib/monitoring/memory-leak-test-utils.tsx(314,67): error TS2556: A spread argument must either have a tuple type or be passed to a rest parameter.
src/lib/monitoring/memory-leak-test-utils.tsx(319,5): error TS2322: Type '(callback: Function, delay?: number, ...args: any[]) => NodeJS.Timeout' is not assignable to type '{ (handler: TimerHandler, timeout?: number | undefined, ...arguments: any[]): number; <TArgs extends any[]>(callback: (...args: TArgs) => void, delay?: number | undefined, ...args: TArgs): Timeout; (callback: (_: void) => void, delay?: number | undefined): Timeout; }'.
  Types of parameters 'callback' and 'handler' are incompatible.
    Type 'TimerHandler' is not assignable to type 'Function'.
      Type 'string' is not assignable to type 'Function'.
src/lib/monitoring/memory-leak-test-utils.tsx(320,68): error TS2556: A spread argument must either have a tuple type or be passed to a rest parameter.
src/lib/monitoring/memory-leak-test-utils.tsx(325,5): error TS2322: Type '(id?: number) => void' is not assignable to type '{ (id: number | undefined): void; (timeout: string | number | Timeout | undefined): void; }'.
  Types of parameters 'id' and 'timeout' are incompatible.
    Type 'string | number | Timeout | undefined' is not assignable to type 'number | undefined'.
      Type 'string' is not assignable to type 'number'.
src/lib/monitoring/memory-leak-test-utils.tsx(327,29): error TS2345: Argument of type 'number' is not assignable to parameter of type 'Timeout'.
src/lib/monitoring/memory-leak-test-utils.tsx(332,5): error TS2322: Type '(id?: number) => void' is not assignable to type '{ (id: number | undefined): void; (timeout: string | number | Timeout | undefined): void; }'.
  Types of parameters 'id' and 'timeout' are incompatible.
    Type 'string | number | Timeout | undefined' is not assignable to type 'number | undefined'.
      Type 'string' is not assignable to type 'number'.
src/lib/monitoring/memory-leak-test-utils.tsx(334,29): error TS2345: Argument of type 'number' is not assignable to parameter of type 'Timeout'.
src/lib/performance/db-optimization.ts(52,11): error TS2353: Object literal may only specify known properties, and 'benefits' does not exist in type 'JobSelect<DefaultArgs>'.
src/lib/performance/db-optimization.ts(88,9): error TS2353: Object literal may only specify known properties, and 'frequency' does not exist in type 'EmailAlertSelect<DefaultArgs>'.
src/lib/performance/db-optimization.ts(110,9): error TS2353: Object literal may only specify known properties, and 'placement' does not exist in type 'AdvertisementWhereInput'.
src/lib/performance/db-optimization.ts(115,9): error TS2353: Object literal may only specify known properties, and 'content' does not exist in type 'AdvertisementSelect<DefaultArgs>'.
src/lib/performance/db-optimization.ts(122,11): error TS2353: Object literal may only specify known properties, and 'priority' does not exist in type 'AdvertisementOrderByWithRelationInput'.
src/lib/performance/db-optimization.ts(138,14): error TS2345: Argument of type '"query"' is not assignable to parameter of type 'never'.
src/lib/performance/db-optimization.ts(141,13): error TS2339: Property 'duration' does not exist on type 'never'.
src/lib/performance/db-optimization.ts(142,48): error TS2339: Property 'duration' does not exist on type 'never'.
src/lib/performance/db-optimization.ts(142,64): error TS2339: Property 'query' does not exist on type 'never'.
src/lib/search/algorithms.ts(136,54): error TS2345: Argument of type 'string' is not assignable to parameter of type '"at" | "with" | "in" | "by" | "to" | "on" | "a" | "the" | "an" | "and" | "or" | "but" | "for" | "of"'.
src/lib/search/job-matching.ts(288,22): error TS7006: Parameter 'jobSkill' implicitly has an 'any' type.
src/lib/security/dependency-scanner.ts(239,7): error TS7053: Element implicitly has an 'any' type because expression of type 'string' can't be used to index type '{ critical: number; high: number; moderate: number; low: number; info: number; }'.
  No index signature with a parameter of type 'string' was found on type '{ critical: number; high: number; moderate: number; low: number; info: number; }'.
src/lib/security/security-monitor.ts(440,34): error TS18046: 'error' is of type 'unknown'.
src/lib/services/adRotationService.ts(76,13): error TS2353: Object literal may only specify known properties, and 'bidding' does not exist in type 'AdvertisementOrderByWithRelationInput'.
src/lib/services/adRotationService.ts(82,13): error TS2353: Object literal may only specify known properties, and 'impressions' does not exist in type 'AdvertisementOrderByWithRelationInput'.
src/lib/services/adRotationService.ts(259,20): error TS2339: Property 'adImpression' does not exist on type 'PrismaClient<PrismaClientOptions, never, DefaultArgs>'.
src/lib/services/adRotationService.ts(276,11): error TS2353: Object literal may only specify known properties, and 'impressions' does not exist in type '(Without<AdvertisementUpdateInput, AdvertisementUncheckedUpdateInput> & AdvertisementUncheckedUpdateInput) | (Without<...> & AdvertisementUpdateInput)'.
src/lib/services/adRotationService.ts(301,20): error TS2339: Property 'adClick' does not exist on type 'PrismaClient<PrismaClientOptions, never, DefaultArgs>'.
src/lib/services/adRotationService.ts(317,11): error TS2353: Object literal may only specify known properties, and 'clicks' does not exist in type '(Without<AdvertisementUpdateInput, AdvertisementUncheckedUpdateInput> & AdvertisementUncheckedUpdateInput) | (Without<...> & AdvertisementUpdateInput)'.
src/lib/services/adRotationService.ts(345,16): error TS2339: Property 'adImpression' does not exist on type 'PrismaClient<PrismaClientOptions, never, DefaultArgs>'.
src/lib/services/adRotationService.ts(346,16): error TS2339: Property 'adClick' does not exist on type 'PrismaClient<PrismaClientOptions, never, DefaultArgs>'.
src/lib/services/adRotationService.ts(347,16): error TS2339: Property 'adConversion' does not exist on type 'PrismaClient<PrismaClientOptions, never, DefaultArgs>'.
src/lib/services/billing.ts(38,20): error TS7053: Element implicitly has an 'any' type because expression of type 'PricingTier' can't be used to index type '{ readonly starter: { readonly name: "Starter"; readonly price: 49; readonly yearlyPrice: number; readonly features: { readonly jobListings: 5; readonly listingDuration: 30; readonly aiMatching: false; readonly prioritySupport: false; readonly analytics: "basic"; readonly teamMembers: 1; readonly apiAccess: false; }...'.
  Property 'basic' does not exist on type '{ readonly starter: { readonly name: "Starter"; readonly price: 49; readonly yearlyPrice: number; readonly features: { readonly jobListings: 5; readonly listingDuration: 30; readonly aiMatching: false; readonly prioritySupport: false; readonly analytics: "basic"; readonly teamMembers: 1; readonly apiAccess: false; }...'.
src/lib/services/billing.ts(86,9): error TS2322: Type '{ userId: string; tier: $Enums.PricingTier; price: number; billingCycle: $Enums.BillingInterval; status: "trial"; startDate: Date; endDate: null; }' is not assignable to type '(Without<SubscriptionCreateInput, SubscriptionUncheckedCreateInput> & SubscriptionUncheckedCreateInput) | (Without<...> & SubscriptionCreateInput)'.
  Type '{ userId: string; tier: $Enums.PricingTier; price: number; billingCycle: $Enums.BillingInterval; status: "trial"; startDate: Date; endDate: null; }' is not assignable to type 'Without<SubscriptionCreateInput, SubscriptionUncheckedCreateInput> & SubscriptionUncheckedCreateInput'.
    Property 'email' is missing in type '{ userId: string; tier: $Enums.PricingTier; price: number; billingCycle: $Enums.BillingInterval; status: "trial"; startDate: Date; endDate: null; }' but required in type 'SubscriptionUncheckedCreateInput'.
src/lib/services/billing.ts(136,38): error TS2769: No overload matches this call.
  Overload 1 of 4, '(value: string | number | Date): Date', gave the following error.
    Argument of type 'Date | null' is not assignable to parameter of type 'string | number | Date'.
      Type 'null' is not assignable to type 'string | number | Date'.
  Overload 2 of 4, '(value: string | number): Date', gave the following error.
    Argument of type 'Date | null' is not assignable to parameter of type 'string | number'.
      Type 'null' is not assignable to type 'string | number'.
src/lib/services/billing.ts(265,27): error TS7053: Element implicitly has an 'any' type because expression of type 'PricingTier' can't be used to index type '{ readonly starter: { readonly name: "Starter"; readonly price: 49; readonly yearlyPrice: number; readonly features: { readonly jobListings: 5; readonly listingDuration: 30; readonly aiMatching: false; readonly prioritySupport: false; readonly analytics: "basic"; readonly teamMembers: 1; readonly apiAccess: false; }...'.
  Property 'basic' does not exist on type '{ readonly starter: { readonly name: "Starter"; readonly price: 49; readonly yearlyPrice: number; readonly features: { readonly jobListings: 5; readonly listingDuration: 30; readonly aiMatching: false; readonly prioritySupport: false; readonly analytics: "basic"; readonly teamMembers: 1; readonly apiAccess: false; }...'.
src/lib/services/billing.ts(272,12): error TS2362: The left-hand side of an arithmetic operation must be of type 'any', 'number', 'bigint' or an enum type.
src/lib/services/billing.ts(273,14): error TS2362: The left-hand side of an arithmetic operation must be of type 'any', 'number', 'bigint' or an enum type.
src/lib/services/customer-migration.ts(65,11): error TS2739: Type '{ starter: number; professional: number; enterprise: number; premium: number; }' is missing the following properties from type 'Record<PricingTier, number>': basic, essential
src/lib/services/customer-migration.ts(113,22): error TS7053: Element implicitly has an 'any' type because expression of type 'PricingTier' can't be used to index type '{ readonly starter: { readonly name: "Starter"; readonly price: 49; readonly yearlyPrice: number; readonly features: { readonly jobListings: 5; readonly listingDuration: 30; readonly aiMatching: false; readonly prioritySupport: false; readonly analytics: "basic"; readonly teamMembers: 1; readonly apiAccess: false; }...'.
  Property 'basic' does not exist on type '{ readonly starter: { readonly name: "Starter"; readonly price: 49; readonly yearlyPrice: number; readonly features: { readonly jobListings: 5; readonly listingDuration: 30; readonly aiMatching: false; readonly prioritySupport: false; readonly analytics: "basic"; readonly teamMembers: 1; readonly apiAccess: false; }...'.
src/lib/services/customer-migration.ts(179,11): error TS2322: Type '{ userId: string; tier: $Enums.PricingTier; price: number; billingCycle: "monthly"; status: "active"; startDate: Date; }' is not assignable to type '(Without<SubscriptionCreateInput, SubscriptionUncheckedCreateInput> & SubscriptionUncheckedCreateInput) | (Without<...> & SubscriptionCreateInput)'.
  Type '{ userId: string; tier: $Enums.PricingTier; price: number; billingCycle: "monthly"; status: "active"; startDate: Date; }' is not assignable to type 'Without<SubscriptionCreateInput, SubscriptionUncheckedCreateInput> & SubscriptionUncheckedCreateInput'.
    Property 'email' is missing in type '{ userId: string; tier: $Enums.PricingTier; price: number; billingCycle: "monthly"; status: "active"; startDate: Date; }' but required in type 'SubscriptionUncheckedCreateInput'.
src/lib/services/email-queue.ts(289,33): error TS2345: Argument of type '{ success: boolean; data: CreateEmailResponse; processingTime: number; recipients: number; messageId: any; error?: undefined; code?: undefined; } | { success: boolean; ... 5 more ...; messageId?: undefined; }' is not assignable to parameter of type '{ error?: Error | undefined; data?: any; }'.
  Type '{ success: boolean; error: string; processingTime: number; code: string; data?: undefined; recipients?: undefined; messageId?: undefined; }' is not assignable to type '{ error?: Error | undefined; data?: any; }'.
    Types of property 'error' are incompatible.
      Type 'string' is not assignable to type 'Error'.
src/lib/services/email-queue.ts(292,63): error TS2339: Property 'message' does not exist on type 'string'.
src/lib/services/email-queue.ts(313,30): error TS2345: Argument of type 'Record<string, any>' is not assignable to parameter of type 'JobAlertEmailProps'.
  Type 'Record<string, any>' is missing the following properties from type 'JobAlertEmailProps': userName, jobTitle, companyName, location, and 4 more.
src/lib/services/email-queue.ts(316,34): error TS2345: Argument of type 'Record<string, any>' is not assignable to parameter of type 'WeeklyDigestEmailProps'.
  Type 'Record<string, any>' is missing the following properties from type 'WeeklyDigestEmailProps': userName, jobs, location, unsubscribeUrl, manageAlertsUrl
src/lib/services/email-queue.ts(450,18): error TS2339: Property 'getPaused' does not exist on type 'Queue<any, any, string, any, any, string>'.
src/lib/services/instagram-api.ts(126,57): error TS18046: 'error' is of type 'unknown'.
src/lib/services/instagram-api.ts(149,51): error TS18046: 'error' is of type 'unknown'.
src/lib/services/instagram-api.ts(223,50): error TS18046: 'error' is of type 'unknown'.
src/lib/services/instagram-api.ts(248,58): error TS18046: 'error' is of type 'unknown'.
src/lib/services/instagram-api.ts(272,54): error TS18046: 'error' is of type 'unknown'.
src/lib/services/instagram-api.ts(303,54): error TS18046: 'error' is of type 'unknown'.
src/lib/services/instagram-api.ts(338,14): error TS18046: 'error' is of type 'unknown'.
src/lib/services/instagram-api.ts(338,48): error TS18046: 'error' is of type 'unknown'.
src/lib/services/instagram-image-generator.ts(28,11): error TS2741: Property 'domainConfig' is missing in type '{ width: number; height: number; backgroundColor: string; textColor: string; fontFamily: string; fontSize: number; template: "modern"; brandColor: string; }' but required in type 'Required<InstagramImageOptions>'.
src/lib/services/instagram-image-generator.ts(60,35): error TS2345: Argument of type 'number | undefined' is not assignable to parameter of type 'number'.
  Type 'undefined' is not assignable to type 'number'.
src/lib/services/instagram-image-generator.ts(64,32): error TS2345: Argument of type 'import("C:/Users/pbail/100devs/209jobs/node_modules/canvas/index").CanvasRenderingContext2D' is not assignable to parameter of type 'CanvasRenderingContext2D'.
  Type 'CanvasRenderingContext2D' is missing the following properties from type 'CanvasRenderingContext2D': isPointInStroke, createConicGradient, filter, imageSmoothingQuality, and 10 more.
src/lib/services/instagram-image-generator.ts(75,62): error TS18046: 'error' is of type 'unknown'.
src/lib/services/subscription.ts(106,12): error TS7053: Element implicitly has an 'any' type because expression of type 'PricingTier' can't be used to index type '{ readonly starter: { readonly name: "Starter"; readonly price: 49; readonly yearlyPrice: number; readonly features: { readonly jobListings: 5; readonly listingDuration: 30; readonly aiMatching: false; readonly prioritySupport: false; readonly analytics: "basic"; readonly teamMembers: 1; readonly apiAccess: false; }...'.
  Property 'basic' does not exist on type '{ readonly starter: { readonly name: "Starter"; readonly price: 49; readonly yearlyPrice: number; readonly features: { readonly jobListings: 5; readonly listingDuration: 30; readonly aiMatching: false; readonly prioritySupport: false; readonly analytics: "basic"; readonly teamMembers: 1; readonly apiAccess: false; }...'.
src/lib/services/subscription.ts(178,20): error TS7053: Element implicitly has an 'any' type because expression of type 'PricingTier' can't be used to index type '{ readonly starter: { readonly name: "Starter"; readonly price: 49; readonly yearlyPrice: number; readonly features: { readonly jobListings: 5; readonly listingDuration: 30; readonly aiMatching: false; readonly prioritySupport: false; readonly analytics: "basic"; readonly teamMembers: 1; readonly apiAccess: false; }...'.
  Property 'basic' does not exist on type '{ readonly starter: { readonly name: "Starter"; readonly price: 49; readonly yearlyPrice: number; readonly features: { readonly jobListings: 5; readonly listingDuration: 30; readonly aiMatching: false; readonly prioritySupport: false; readonly analytics: "basic"; readonly teamMembers: 1; readonly apiAccess: false; }...'.
src/lib/services/subscription.ts(182,7): error TS2322: Type '{ userId: string; tier: $Enums.PricingTier; price: any; billingCycle: $Enums.BillingInterval; status: "trial"; startDate: Date; endDate: null; }' is not assignable to type '(Without<SubscriptionCreateInput, SubscriptionUncheckedCreateInput> & SubscriptionUncheckedCreateInput) | (Without<...> & SubscriptionCreateInput)'.
  Type '{ userId: string; tier: $Enums.PricingTier; price: any; billingCycle: $Enums.BillingInterval; status: "trial"; startDate: Date; endDate: null; }' is not assignable to type 'Without<SubscriptionCreateInput, SubscriptionUncheckedCreateInput> & SubscriptionUncheckedCreateInput'.
    Property 'email' is missing in type '{ userId: string; tier: $Enums.PricingTier; price: any; billingCycle: $Enums.BillingInterval; status: "trial"; startDate: Date; endDate: null; }' but required in type 'SubscriptionUncheckedCreateInput'.
src/lib/services/subscription.ts(234,11): error TS2353: Object literal may only specify known properties, and 'users' does not exist in type 'StringFilter<"Job">'.
src/lib/stripe.ts(15,5): error TS2322: Type 'Promise<import("C:/Users/pbail/100devs/209jobs/node_modules/@stripe/stripe-js/dist/stripe-js/stripe").Stripe | null>' is not assignable to type 'Promise<import("stripe").Stripe | null>'.
  Type 'import("C:/Users/pbail/100devs/209jobs/node_modules/@stripe/stripe-js/dist/stripe-js/stripe").Stripe | null' is not assignable to type 'import("stripe").Stripe | null'.
    Type 'Stripe' is missing the following properties from type 'Stripe': StripeResource, accountLinks, accountSessions, accounts, and 75 more.
src/lib/task-management/config.ts(13,36): error TS2694: Namespace '"fs/promises"' has no exported member 'FSWatcher'.
src/lib/task-management/config.ts(206,49): error TS2769: No overload matches this call.
  Overload 1 of 3, '(filename: PathLike, options: "buffer" | (WatchOptions & { encoding: "buffer"; })): AsyncIterable<FileChangeInfo<Buffer<ArrayBufferLike>>>', gave the following error.
    Argument of type '(eventType: any) => Promise<void>' is not assignable to parameter of type '"buffer" | (WatchOptions & { encoding: "buffer"; })'.
  Overload 2 of 3, '(filename: PathLike, options?: BufferEncoding | WatchOptions | undefined): AsyncIterable<FileChangeInfo<string>>', gave the following error.
    Argument of type '(eventType: any) => Promise<void>' is not assignable to parameter of type 'BufferEncoding | WatchOptions | undefined'.
  Overload 3 of 3, '(filename: PathLike, options: string | WatchOptions): AsyncIterable<FileChangeInfo<Buffer<ArrayBufferLike>>> | AsyncIterable<...>', gave the following error.
    Argument of type '(eventType: any) => Promise<void>' is not assignable to parameter of type 'string | WatchOptions'.
src/lib/task-management/config.ts(206,56): error TS7006: Parameter 'eventType' implicitly has an 'any' type.
src/lib/task-management/config.ts(340,9): error TS2783: 'maxTasksPerFile' is specified more than once, so this usage will be overwritten.
src/lib/task-management/config.ts(341,9): error TS2783: 'enableBackups' is specified more than once, so this usage will be overwritten.
src/lib/task-management/config.ts(342,9): error TS2783: 'backupRetentionDays' is specified more than once, so this usage will be overwritten.
src/lib/task-management/config.ts(343,9): error TS2783: 'enableIntegrityChecks' is specified more than once, so this usage will be overwritten.
src/lib/task-management/config.ts(344,9): error TS2783: 'enablePerformanceOptimization' is specified more than once, so this usage will be overwritten.
src/lib/task-management/config.ts(493,9): error TS2740: Type '{ logLevel: "debug"; debug: true; enablePerformanceOptimization: false; }' is missing the following properties from type '{ userId: string; debug: boolean; projectName: string; logLevel: "error" | "info" | "warn" | "debug"; defaultSubtasks: number; defaultPriority: "low" | "medium" | "high" | "critical"; ... 5 more ...; ollamaBaseUrl?: string | undefined; }': userId, projectName, defaultSubtasks, defaultPriority, and 4 more.
src/lib/task-management/config.ts(500,9): error TS2740: Type '{ logLevel: "warn"; debug: false; enablePerformanceOptimization: true; enableBackups: true; }' is missing the following properties from type '{ userId: string; debug: boolean; projectName: string; logLevel: "error" | "info" | "warn" | "debug"; defaultSubtasks: number; defaultPriority: "low" | "medium" | "high" | "critical"; ... 5 more ...; ollamaBaseUrl?: string | undefined; }': userId, projectName, defaultSubtasks, defaultPriority, and 3 more.
src/lib/task-management/config.ts(508,9): error TS2740: Type '{ logLevel: "error"; debug: false; enableBackups: false; enableIntegrityChecks: false; }' is missing the following properties from type '{ userId: string; debug: boolean; projectName: string; logLevel: "error" | "info" | "warn" | "debug"; defaultSubtasks: number; defaultPriority: "low" | "medium" | "high" | "critical"; ... 5 more ...; ollamaBaseUrl?: string | undefined; }': userId, projectName, defaultSubtasks, defaultPriority, and 3 more.
src/lib/task-management/performance.ts(199,13): error TS2739: Type '{ id: number; title: string; description: string; status: "cancelled" | "pending" | "done" | "in-progress" | "review" | "deferred"; priority: "low" | "medium" | "high" | "critical"; dependencies: number[]; }' is missing the following properties from type '{ status: "cancelled" | "pending" | "done" | "in-progress" | "review" | "deferred"; id: number; priority: "low" | "medium" | "high" | "critical"; description: string; title: string; ... 9 more ...; assignee?: string | undefined; }': tags, subtasks
src/lib/task-management/performance.ts(339,25): error TS2345: Argument of type 'string | undefined' is not assignable to parameter of type 'string'.
  Type 'undefined' is not assignable to type 'string'.
src/lib/types/component-props.ts(76,18): error TS2430: Interface 'EnhancedJobData' incorrectly extends interface 'JobWithOptionalFields'.
  Types of property 'requirements' are incompatible.
    Type 'string[]' is not assignable to type 'string'.
src/lib/ui/component-registry.tsx(281,43): error TS2769: No overload matches this call.
  The last overload gave the following error.
    Argument of type 'PropsWithoutRef<P> & { ref: ForwardedRef<any>; }' is not assignable to parameter of type '(Attributes & P) | null | undefined'.
      Type 'PropsWithoutRef<P> & { ref: ForwardedRef<any>; }' is not assignable to type 'Attributes & P'.
        Type 'PropsWithoutRef<P> & { ref: ForwardedRef<any>; }' is not assignable to type 'P'.
          'PropsWithoutRef<P> & { ref: ForwardedRef<any>; }' is assignable to the constraint of type 'P', but 'P' could be instantiated with a different subtype of constraint 'object'.
src/lib/ui/component-registry.tsx(286,3): error TS2322: Type 'ForwardRefExoticComponent<PropsWithoutRef<P> & RefAttributes<any>>' is not assignable to type 'ComponentType<P>'.
  Type 'ForwardRefExoticComponent<PropsWithoutRef<P> & RefAttributes<any>>' is not assignable to type 'FunctionComponent<P>'.
    Types of parameters 'props' and 'props' are incompatible.
      Type 'P' is not assignable to type 'PropsWithoutRef<P> & RefAttributes<any>'.
        Type 'object' is not assignable to type 'PropsWithoutRef<P> & RefAttributes<any>'.
          Type 'object' is not assignable to type 'PropsWithoutRef<P>'.
            Type 'P' is not assignable to type 'PropsWithoutRef<P>'.
              Type 'object' is not assignable to type 'PropsWithoutRef<P>'.
src/lib/ui/component-registry.tsx(306,3): error TS2322: Type 'ForwardRefExoticComponent<PropsWithoutRef<P> & RefAttributes<any>>' is not assignable to type 'ComponentType<P>'.
  Type 'ForwardRefExoticComponent<PropsWithoutRef<P> & RefAttributes<any>>' is not assignable to type 'FunctionComponent<P>'.
    Types of parameters 'props' and 'props' are incompatible.
      Type 'P' is not assignable to type 'PropsWithoutRef<P> & RefAttributes<any>'.
        Type 'object' is not assignable to type 'PropsWithoutRef<P> & RefAttributes<any>'.
          Type 'object' is not assignable to type 'PropsWithoutRef<P>'.
            Type 'P' is not assignable to type 'PropsWithoutRef<P>'.
              Type 'object' is not assignable to type 'PropsWithoutRef<P>'.
src/lib/ui/component-state-manager.tsx(356,56): error TS2353: Object literal may only specify known properties, and 'id' does not exist in type 'Omit<ModalState, "id" | "timestamp">'.
src/lib/validations/form-utils.ts(220,14): error TS2345: Argument of type 'Partial<T>' is not assignable to parameter of type 'T | DefaultValues<T> | ResetAction<T> | undefined'.
  Type 'Partial<T>' is not assignable to type 'T'.
    'Partial<T>' is assignable to the constraint of type 'T', but 'T' could be instantiated with a different subtype of constraint 'FieldValues'.
src/scripts/backfillJobEmbeddings.ts(373,9): error TS2353: Object literal may only specify known properties, and 'embedding' does not exist in type '(Without<JobUpdateInput, JobUncheckedUpdateInput> & JobUncheckedUpdateInput) | (Without<JobUncheckedUpdateInput, JobUpdateInput> & JobUpdateInput)'.
src/scripts/finalizeCacheSystemMigration.ts(534,32): error TS1205: Re-exporting a type when 'isolatedModules' is enabled requires using 'export type'.
src/scripts/optimizeTasksFile.ts(591,29): error TS1205: Re-exporting a type when 'isolatedModules' is enabled requires using 'export type'.
src/scripts/test-instagram-automation.ts(3,32): error TS2306: File 'C:/Users/pbail/100devs/209jobs/src/lib/services/instagram-scheduler.ts' is not a module.
src/scripts/test-instagram-automation.ts(71,38): error TS2339: Property 'create' does not exist on type 'JobDelegate<DefaultArgs, PrismaClientOptions>'.
src/scripts/test-instagram-automation.ts(87,35): error TS2339: Property 'instagramPost' does not exist on type 'PrismaClient<PrismaClientOptions, never, DefaultArgs>'.
src/scripts/test-instagram-automation.ts(102,39): error TS2339: Property 'instagramTemplate' does not exist on type 'PrismaClient<PrismaClientOptions, never, DefaultArgs>'.
src/scripts/test-instagram-automation.ts(117,39): error TS2339: Property 'instagramSchedule' does not exist on type 'PrismaClient<PrismaClientOptions, never, DefaultArgs>'.
src/scripts/test-instagram-automation.ts(137,18): error TS2339: Property 'instagramPost' does not exist on type 'PrismaClient<PrismaClientOptions, never, DefaultArgs>'.
src/scripts/test-instagram-automation.ts(138,18): error TS2339: Property 'instagramSchedule' does not exist on type 'PrismaClient<PrismaClientOptions, never, DefaultArgs>'.
src/scripts/test-instagram-automation.ts(139,18): error TS2339: Property 'instagramTemplate' does not exist on type 'PrismaClient<PrismaClientOptions, never, DefaultArgs>'.
