<testsuites id="" name="" tests="4" failures="2" skipped="0" errors="0" time="10.105789000000001">
<testsuite name="homepage.spec.ts" timestamp="2025-06-20T22:31:14.665Z" hostname="chromium" tests="4" failures="2" skipped="0" time="20.03" errors="0">
<testcase name="Homepage › should load the homepage successfully" classname="homepage.spec.ts" time="8.1">
<failure message="homepage.spec.ts:4:7 should load the homepage successfully" type="FAILURE">
<![CDATA[  [chromium] › homepage.spec.ts:4:7 › Homepage › should load the homepage successfully ─────────────

    Error: Timed out 5000ms waiting for expect(page).toHaveTitle(expected)

    Locator: locator(':root')
    Expected pattern: /209jobs/i
    Received string:  "209 Works - Local Jobs in the Central Valley | Stockton, Modesto, Tracy"
    Call log:
      - Expect "toHaveTitle" with timeout 5000ms
      - waiting for locator(':root')
        8 × locator resolved to <html lang="en">…</html>
          - unexpected value "209 Works - Local Jobs in the Central Valley | Stockton, Modesto, Tracy"


       6 |
       7 |     // Check that the page loads
    >  8 |     await expect(page).toHaveTitle(/209jobs/i);
         |                        ^
       9 |
      10 |     // Check for main navigation elements
      11 |     await expect(page.locator('nav')).toBeVisible();
        at C:\Users\pbail\100devs\209jobs\e2e\homepage.spec.ts:8:24

    attachment #1: screenshot (image/png) ──────────────────────────────────────────────────────────
    test-results\homepage-Homepage-should-load-the-homepage-successfully-chromium\test-failed-1.png
    ────────────────────────────────────────────────────────────────────────────────────────────────

    attachment #2: video (video/webm) ──────────────────────────────────────────────────────────────
    test-results\homepage-Homepage-should-load-the-homepage-successfully-chromium\video.webm
    ────────────────────────────────────────────────────────────────────────────────────────────────

    Error Context: ..\test-results\homepage-Homepage-should-load-the-homepage-successfully-chromium\error-context.md
]]>
</failure>
<system-out>
<![CDATA[
[[ATTACHMENT|..\test-results\homepage-Homepage-should-load-the-homepage-successfully-chromium\test-failed-1.png]]

[[ATTACHMENT|..\test-results\homepage-Homepage-should-load-the-homepage-successfully-chromium\video.webm]]

[[ATTACHMENT|..\test-results\homepage-Homepage-should-load-the-homepage-successfully-chromium\error-context.md]]
]]>
</system-out>
</testcase>
<testcase name="Homepage › should display job search functionality" classname="homepage.spec.ts" time="3.734">
</testcase>
<testcase name="Homepage › should be responsive on mobile" classname="homepage.spec.ts" time="4.286">
</testcase>
<testcase name="Homepage › should have proper accessibility landmarks" classname="homepage.spec.ts" time="3.91">
<failure message="homepage.spec.ts:48:7 should have proper accessibility landmarks" type="FAILURE">
<![CDATA[  [chromium] › homepage.spec.ts:48:7 › Homepage › should have proper accessibility landmarks ───────

    Error: expect.toBeVisible: Error: strict mode violation: locator('nav') resolved to 2 elements:
        1) <nav class="hidden md:flex items-center space-x-8">…</nav> aka getByText('JobsEmployers')
        2) <nav class="fixed bottom-0 left-0 right-0 z-40 bg-white border-t border-gray-200 md:hidden ">…</nav> aka locator('nav').filter({ hasText: 'HomeJobsSearchJobsGPTSign In' })

    Call log:
      - Expect "toBeVisible" with timeout 5000ms
      - waiting for locator('nav')


      51 |     // Check for semantic HTML landmarks
      52 |     await expect(page.locator('main')).toBeVisible();
    > 53 |     await expect(page.locator('nav')).toBeVisible();
         |                                       ^
      54 |
      55 |     // Check for proper heading structure
      56 |     const h1 = page.locator('h1').first();
        at C:\Users\pbail\100devs\209jobs\e2e\homepage.spec.ts:53:39

    attachment #1: screenshot (image/png) ──────────────────────────────────────────────────────────
    test-results\homepage-Homepage-should-have-proper-accessibility-landmarks-chromium\test-failed-1.png
    ────────────────────────────────────────────────────────────────────────────────────────────────

    attachment #2: video (video/webm) ──────────────────────────────────────────────────────────────
    test-results\homepage-Homepage-should-have-proper-accessibility-landmarks-chromium\video.webm
    ────────────────────────────────────────────────────────────────────────────────────────────────

    Error Context: ..\test-results\homepage-Homepage-should-have-proper-accessibility-landmarks-chromium\error-context.md
]]>
</failure>
<system-out>
<![CDATA[
[[ATTACHMENT|..\test-results\homepage-Homepage-should-have-proper-accessibility-landmarks-chromium\test-failed-1.png]]

[[ATTACHMENT|..\test-results\homepage-Homepage-should-have-proper-accessibility-landmarks-chromium\video.webm]]

[[ATTACHMENT|..\test-results\homepage-Homepage-should-have-proper-accessibility-landmarks-chromium\error-context.md]]
]]>
</system-out>
</testcase>
</testsuite>
</testsuites>